2022-06-20 16:16:18-log: [Package] menu@1.0.0 enable
2022-06-20 16:16:18-log: [Package] profile@1.0.0 enable
2022-06-20 16:16:18-log: [Package] messages@1.0.0 enable
2022-06-20 16:16:18-log: [Package] program@1.0.0 enable
2022-06-20 16:16:18-log: [Package] device@1.0.1 enable
2022-06-20 16:16:18-log: [Package] ui-kit@1.0.1 enable
2022-06-20 16:16:18-log: [Package] tester@1.0.0 enable
2022-06-20 16:16:18-log: [Package] preferences@1.0.0 enable
2022-06-20 16:16:19-log: Setup mods mgr.: 289.471ms
2022-06-20 16:16:19-log: [Package] engine@1.0.5 enable
2022-06-20 16:16:22-log: [Package] programming@1.0.0 enable
2022-06-20 16:16:22-log: [Package] asset-db@1.0.0 enable
2022-06-20 16:16:22-log: [Package] console@1.0.0 enable
2022-06-20 16:16:22-log: [Package] scene@1.0.0 enable
2022-06-20 16:16:22-log: [Package] project@1.0.1 enable
2022-06-20 16:16:22-log: [Package] about@1.0.0 enable
2022-06-20 16:16:22-log: [Package] server@1.0.0 enable
2022-06-20 16:16:22-log: [Package] utils@1.0.0 enable
2022-06-20 16:16:22-log: [Package] assets@1.0.0 enable
2022-06-20 16:16:22-log: [Package] inspector@1.0.0 enable
2022-06-20 16:16:23-log: [Package] hierarchy@1.0.0 enable
2022-06-20 16:16:24-log: [Package] preview@1.0.1 enable
2022-06-20 16:16:24-log: [Package] animator@1.0.0 enable
2022-06-20 16:16:25-log: 设置的 ip 地址不存在，将使用默认 ip
2022-06-20 16:16:25-log: [Package] builder@1.2.9 enable
2022-06-20 16:16:25-log: [Package] node-library@1.0.0 enable
2022-06-20 16:16:25-log: [Package] shortcuts@1.0.1 enable
2022-06-20 16:16:25-log: [Package] package-asset@1.0.0 enable
2022-06-20 16:16:25-log: [Package] reference-image@1.0.0 enable
2022-06-20 16:16:25-log: [Package] channel-upload-tools@1.0.0 enable
2022-06-20 16:16:25-log: [Package] runtime-dev-tools@1.0.0 enable
2022-06-20 16:16:25-log: [Package] alipay-mini-game@1.0.0 enable
2022-06-20 16:16:26-log: [Package] android@1.0.0 enable
2022-06-20 16:16:26-log: [Package] baidu-mini-game@1.0.0 enable
2022-06-20 16:16:26-log: [Package] bytedance-mini-game@1.0.1 enable
2022-06-20 16:16:26-log: [Package] huawei-agc@1.0.0 enable
2022-06-20 16:16:27-log: [Package] ios@1.0.0 enable
2022-06-20 16:16:27-log: [Package] ios-app-clip@1.0.0 enable
2022-06-20 16:16:27-log: [Package] mac@1.0.0 enable
2022-06-20 16:16:27-log: [Package] native@1.0.0 enable
2022-06-20 16:16:27-log: [Package] ohos@1.0.0 enable
2022-06-20 16:16:27-log: [Package] web-desktop@1.0.0 enable
2022-06-20 16:16:27-log: [Package] web-mobile@1.0.0 enable
2022-06-20 16:16:27-log: [Package] wechatgame@1.0.1 enable
2022-06-20 16:16:28-log: [Package] windows@1.0.0 enable
2022-06-20 16:16:28-log: [Package] xiaomi-quick-game@1.0.0 enable
2022-06-20 16:16:28-log: [Package] cocos-play@1.0.0 enable
2022-06-20 16:16:28-log: [Package] huawei-quick-game@1.0.0 enable
2022-06-20 16:16:28-log: [Package] link-sure@1.0.0 enable
2022-06-20 16:16:28-log: [Package] oppo-mini-game@1.0.0 enable
2022-06-20 16:16:28-log: [Package] qtt@1.0.0 enable
2022-06-20 16:16:28-log: [Package] vivo-mini-game@1.0.0 enable
2022-06-20 16:16:28-log: [Package] cocos-service@3.0.1 enable
2022-06-20 16:16:28-log: [Package] importer@1.0.0 enable
2022-06-20 16:16:29-log: [Package] extension@3.0.10 enable
2022-06-20 16:16:29-log: [Im-plugin] Check im-plugin version.
2022-06-20 16:16:29-log: [Package] im-plugin@3.0.7 enable
2022-06-20 16:16:29-log: [Package] lightmap@1.0.3 enable
2022-06-20 16:16:29-log: 设置的 ip 地址不存在，将使用默认 ip
2022-06-20 16:16:30-log: [Im-plugin] No online info of im-plugin.
2022-06-20 16:16:35-warn: Browserslist: caniuse-lite is outdated. Please run:
npx browserslist@latest --update-db

Why you should do it regularly:
https://github.com/browserslist/browserslist#browsers-data-updating
2022-06-20 16:16:36-error: 无法从 file:///Users/mu/Desktop/Creator3.3.2_3D_RainDrop/assets/script/PPRaindropStage.ts 解析出模块 ../postprocess/PPBaseStage，已将其视为外部模块。
这是因为：Error: 以 file:///Users/mu/Desktop/Creator3.3.2_3D_RainDrop/assets/script/PPRaindropStage.ts 为起点找不到模块 "../postprocess/PPBaseStage"
2022-06-20 16:16:36-warn: 你是否遗漏了扩展名？请注意你不能在模块说明符中省略扩展名。
2022-06-20 16:16:36-error: 无法从 file:///Users/mu/Desktop/Creator3.3.2_3D_RainDrop/assets/script/raindrop.ts 解析出模块 ../postprocess/PPMgr，已将其视为外部模块。
这是因为：Error: 以 file:///Users/mu/Desktop/Creator3.3.2_3D_RainDrop/assets/script/raindrop.ts 为起点找不到模块 "../postprocess/PPMgr"
2022-06-20 16:16:36-warn: 你是否遗漏了扩展名？请注意你不能在模块说明符中省略扩展名。
2022-06-20 16:16:36-log: [Scene] begin init
2022-06-20 16:16:36-log: [Scene] require engine end
2022-06-20 16:16:36-log: [Scene] Serialize end
2022-06-20 16:16:36-log: [Scene] configureStartup end
2022-06-20 16:16:36-info: [Scene] WebGL2 device initialized.
2022-06-20 16:16:36-log: [Scene] Cocos Creator v3.3.2
2022-06-20 16:16:37-error: [Scene] 无法从 pack:///mods/fs/0/assets/script/PPRaindropStage.js 解析出模块 __unresolved_1。
2022-06-20 16:16:37-error: [Scene] 无法从 pack:///mods/fs/0/assets/script/raindrop.js 解析出模块 __unresolved_1。
2022-06-20 16:16:37-error: 无法从 file:///Users/mu/Desktop/Creator3.3.2_3D_RainDrop/assets/script/PPRaindropStage.ts 解析出模块 ../postprocess/PPBaseStage，已将其视为外部模块。
这是因为：Error: 以 file:///Users/mu/Desktop/Creator3.3.2_3D_RainDrop/assets/script/PPRaindropStage.ts 为起点找不到模块 "../postprocess/PPBaseStage"
2022-06-20 16:16:37-warn: 你是否遗漏了扩展名？请注意你不能在模块说明符中省略扩展名。
2022-06-20 16:16:37-error: 无法从 file:///Users/mu/Desktop/Creator3.3.2_3D_RainDrop/assets/script/raindrop.ts 解析出模块 ../postprocess/PPMgr，已将其视为外部模块。
这是因为：Error: 以 file:///Users/mu/Desktop/Creator3.3.2_3D_RainDrop/assets/script/raindrop.ts 为起点找不到模块 "../postprocess/PPMgr"
2022-06-20 16:16:37-warn: 你是否遗漏了扩展名？请注意你不能在模块说明符中省略扩展名。
2022-06-20 16:16:37-info: [Scene] Forward render pipeline initialized.
2022-06-20 16:16:37-log: [Scene] openEngine end
2022-06-20 16:16:37-log: [Scene] configureEngine end
2022-06-20 16:16:38-error: [Scene] 无法从 pack:///mods/fs/0/assets/script/PPRaindropStage.js 解析出模块 __unresolved_1。
2022-06-20 16:16:38-error: [Scene] 无法从 pack:///mods/fs/0/assets/script/raindrop.js 解析出模块 __unresolved_1。
2022-06-20 16:17:58-error: [Scene] 无法从 pack:///mods/fs/0/assets/script/raindrop.js 解析出模块 __unresolved_1。
2022-06-20 16:18:05-warn: [Scene] Missing class: 66ec8iWATVAJ7KQad7hn5XQ
2022-06-20 16:18:05-error: [Scene] Script "66ec8iWATVAJ7KQad7hn5XQ" attached to "Main Camera" in scene "raindrop" is missing or invalid. Detailed information:
Asset url: "db://assets/raindrop"
Script UUID: "66ec8896-0135-4027-b290-69dee19f95d0"
Class ID: "66ec8iWATVAJ7KQad7hn5XQ"

2022-06-20 16:18:05-error: [Scene] Script "66ec8iWATVAJ7KQad7hn5XQ" attached to "Main Camera" in scene "raindrop" is missing or invalid. Detailed information:
Asset url: "db://assets/raindrop"
Script UUID: "66ec8896-0135-4027-b290-69dee19f95d0"
Class ID: "66ec8iWATVAJ7KQad7hn5XQ"

2022-06-20T08:20:54.502Z - log: [Package] menu@1.0.0 enable
2022-06-20T08:20:54.504Z - log: [Package] profile@1.0.0 enable
2022-06-20T08:20:54.519Z - log: [Package] project@1.0.2 enable
2022-06-20T08:20:54.524Z - log: [Package] messages@1.0.0 enable
2022-06-20T08:20:54.527Z - log: [Package] program@1.0.0 enable
2022-06-20T08:20:54.534Z - log: [Package] tester@1.0.0 enable
2022-06-20T08:20:54.539Z - log: [Package] preferences@1.0.0 enable
2022-06-20T08:20:55.419Z - log: Setup mods mgr.: 326.965ms
2022-06-20T08:20:55.431Z - verbose: [Engine] QuickCompile engine (816ms)
2022-06-20T08:20:55.434Z - log: [Package] engine@1.0.6 enable
2022-06-20T08:20:56.266Z - log: [Package] programming@1.0.0 enable
2022-06-20T08:20:56.585Z - log: [Package] device@1.0.1 enable
2022-06-20T08:20:56.615Z - log: [Package] ui-kit@1.0.1 enable
2022-06-20T08:20:56.640Z - log: [Package] engine-extends@1.0.0 enable
2022-06-20T08:20:56.712Z - log: [Package] asset-db@1.0.0 enable
2022-06-20T08:20:56.754Z - log: [Package] scene@1.0.0 enable
2022-06-20T08:20:56.980Z - log: [Package] server@1.0.0 enable
2022-06-20T08:20:57.015Z - log: [Package] utils@1.0.0 enable
2022-06-20T08:21:02.048Z - log: [Package] preview@1.0.1 enable
2022-06-20T08:21:02.089Z - log: [Package] animator@1.0.0 enable
2022-06-20T08:21:02.325Z - log: 设置的 IP 地址不存在，将使用默认 IP
2022-06-20T08:21:03.162Z - log: [Package] builder@1.3.2 enable
2022-06-20T08:21:03.196Z - log: [Package] shortcuts@1.0.1 enable
2022-06-20T08:21:03.230Z - log: [Package] animation-graph@1.0.0 enable
2022-06-20T08:21:03.254Z - log: [Package] runtime-dev-tools@1.0.0 enable
2022-06-20T08:21:03.280Z - log: [Package] channel-upload-tools@1.0.0 enable
2022-06-20T08:21:03.318Z - log: [Package] about@1.0.0 enable
2022-06-20T08:21:03.365Z - log: [Package] assets@1.0.0 enable
2022-06-20T08:21:03.397Z - log: [Package] console@1.0.0 enable
2022-06-20T08:21:03.635Z - log: [Package] extension@3.0.16 enable
2022-06-20T08:21:03.679Z - log: [Package] hierarchy@1.0.0 enable
2022-06-20T08:21:03.746Z - log: [Package] inspector@1.0.0 enable
2022-06-20T08:21:03.799Z - log: [Package] lightmap@1.0.4 enable
2022-06-20T08:21:03.839Z - log: [Package] node-library@1.0.1 enable
2022-06-20T08:21:03.877Z - log: [Package] package-asset@1.0.0 enable
2022-06-20T08:21:03.949Z - log: [Package] process@1.0.0 enable
2022-06-20T08:21:04.000Z - log: [Package] reference-image@1.0.0 enable
2022-06-20T08:21:04.023Z - log: [Package] alipay-mini-game@1.0.0 enable
2022-06-20T08:21:04.050Z - log: [Package] android@1.0.0 enable
2022-06-20T08:21:04.077Z - log: [Package] baidu-mini-game@1.0.0 enable
2022-06-20T08:21:04.102Z - log: [Package] bytedance-mini-game@1.0.1 enable
2022-06-20T08:21:04.126Z - log: [Package] cocos-play@1.0.0 enable
2022-06-20T08:21:04.156Z - log: [Package] huawei-agc@1.0.0 enable
2022-06-20T08:21:04.181Z - log: [Package] huawei-quick-game@1.0.0 enable
2022-06-20T08:21:05.691Z - log: [Package] ios@1.0.0 enable
2022-06-20T08:21:05.723Z - log: [Package] ios-app-clip@1.0.0 enable
2022-06-20T08:21:05.747Z - log: [Package] link-sure@1.0.0 enable
2022-06-20T08:21:05.773Z - log: [Package] linux@1.0.0 enable
2022-06-20T08:21:05.798Z - log: [Package] mac@1.0.0 enable
2022-06-20T08:21:06.020Z - log: [Package] native@1.0.0 enable
2022-06-20T08:21:06.023Z - verbose: [AssetDB] Require engine code (2932ms)
2022-06-20T08:21:06.048Z - log: [Package] ohos@1.0.0 enable
2022-06-20T08:21:06.072Z - log: [Package] open-harmonyos@1.0.0 enable
2022-06-20T08:21:06.101Z - log: [Package] oppo-mini-game@1.0.0 enable
2022-06-20T08:21:06.132Z - log: [Package] qtt@1.0.0 enable
2022-06-20T08:21:06.168Z - log: [Package] vivo-mini-game@1.0.0 enable
2022-06-20T08:21:06.215Z - log: [Package] web-desktop@1.0.0 enable
2022-06-20T08:21:06.255Z - log: [Package] web-mobile@1.0.0 enable
2022-06-20T08:21:06.295Z - log: [Package] wechatgame@1.0.1 enable
2022-06-20T08:21:06.324Z - log: [Package] windows@1.0.0 enable
2022-06-20T08:21:06.350Z - log: [Package] xiaomi-quick-game@1.0.0 enable
2022-06-20T08:21:06.733Z - log: [Package] cocos-service@3.0.3 enable
2022-06-20T08:21:06.772Z - log: [Package] importer@1.0.0 enable
2022-06-20T08:21:07.222Z - log: [Im-plugin] Check im-plugin version.
2022-06-20T08:21:07.235Z - log: [Package] im-plugin@3.0.8 enable
2022-06-20T08:21:08.131Z - log: [Im-plugin] No online info of im-plugin.
2022-06-20T08:21:08.563Z - log: 设置的 IP 地址不存在，将使用默认 IP
2022-06-20T08:21:21.737Z - verbose: [Scene] Require engine code (0ms)
2022-06-20T08:21:21.739Z - verbose: [Scene] Startup engine (2ms)
2022-06-20T08:21:21.783Z - log: [Scene] Cocos Creator v3.5.1
2022-06-20T08:21:22.110Z - error: [Scene] {hidden(::SceneExecutorImportExceptionHandler::)} TypeError: renderer.genSamplerHash is not a function
    at Object.execute (file:///Users/mu/work/gitee/CocosCreatorDemos/demo/3d/Creator3.3.2_3D_RainDrop/temp/programming/packer-driver/targets/editor/chunks/52/521e6a145d6408cd1b9cbb81f761d8ac725298da.js:74:30)
    at doExec (/Applications/CocosCreator/Creator/3.5.1/CocosCreator.app/Contents/Resources/app.asar/node_modules/@editor/lib-programming/static/executor/systemjs-bridge/out/index.js:487:32)
    at postOrderExec (/Applications/CocosCreator/Creator/3.5.1/CocosCreator.app/Contents/Resources/app.asar/node_modules/@editor/lib-programming/static/executor/systemjs-bridge/out/index.js:483:10)
    at /Applications/CocosCreator/Creator/3.5.1/CocosCreator.app/Contents/Resources/app.asar/node_modules/@editor/lib-programming/static/executor/systemjs-bridge/out/index.js:440:12
    at async file:///Users/mu/work/gitee/CocosCreatorDemos/demo/3d/Creator3.3.2_3D_RainDrop/temp/programming/packer-driver/targets/editor/chunks/52/52c5783aa6cb269f6547b0da83ec062fe79b746b.js:13:13
    at async Object.execute (file:///Users/mu/work/gitee/CocosCreatorDemos/demo/3d/Creator3.3.2_3D_RainDrop/temp/programming/packer-driver/targets/editor/chunks/52/52c5783aa6cb269f6547b0da83ec062fe79b746b.js:8:7)
    at async Executor._importPrerequisiteModules (/Applications/CocosCreator/Creator/3.5.1/CocosCreator.app/Contents/Resources/app.asar/node_modules/@editor/lib-programming/dist/executor/index.js:208:13)
    at async Executor.reload (/Applications/CocosCreator/Creator/3.5.1/CocosCreator.app/Contents/Resources/app.asar/node_modules/@editor/lib-programming/dist/executor/index.js:130:9)
    at async ScriptManager.init (/Applications/CocosCreator/Creator/3.5.1/CocosCreator.app/Contents/Resources/app.asar/builtin/scene/dist/script/3d/manager/scripts.ccc:1:3265)
    at async EngineStartup.openEngine (/Applications/CocosCreator/Creator/3.5.1/CocosCreator.app/Contents/Resources/app.asar/builtin/scene/dist/script/3d/manager/startup/engine.ccc:1:2025)Error: [Scene] {hidden(::SceneExecutorImportExceptionHandler::)} TypeError: renderer.genSamplerHash is not a function
    at /Applications/CocosCreator/Creator/3.5.1/CocosCreator.app/Contents/Resources/app.asar/node_modules/@editor/lib-programming/static/executor/systemjs-bridge/out/index.js:440:12
    at async file:///Users/mu/work/gitee/CocosCreatorDemos/demo/3d/Creator3.3.2_3D_RainDrop/temp/programming/packer-driver/targets/editor/chunks/52/52c5783aa6cb269f6547b0da83ec062fe79b746b.js:13:13
    at async Object.execute (file:///Users/mu/work/gitee/CocosCreatorDemos/demo/3d/Creator3.3.2_3D_RainDrop/temp/programming/packer-driver/targets/editor/chunks/52/52c5783aa6cb269f6547b0da83ec062fe79b746b.js:8:7)
    at async Executor._importPrerequisiteModules (/Applications/CocosCreator/Creator/3.5.1/CocosCreator.app/Contents/Resources/app.asar/node_modules/@editor/lib-programming/dist/executor/index.js:208:13)
    at async Executor.reload (/Applications/CocosCreator/Creator/3.5.1/CocosCreator.app/Contents/Resources/app.asar/node_modules/@editor/lib-programming/dist/executor/index.js:130:9)
    at async ScriptManager.init (/Applications/CocosCreator/Creator/3.5.1/CocosCreator.app/Contents/Resources/app.asar/builtin/scene/dist/script/3d/manager/scripts.ccc:1:3265)
    at async EngineStartup.openEngine (/Applications/CocosCreator/Creator/3.5.1/CocosCreator.app/Contents/Resources/app.asar/builtin/scene/dist/script/3d/manager/startup/engine.ccc:1:2025)
    at Logger._logHandler (/Applications/CocosCreator/Creator/3.5.1/CocosCreator.app/Contents/Resources/app.asar/builtin/scene/dist/script/3d/manager/startup/log.ccc:1:289)
    at Logger.record (/Applications/CocosCreator/Creator/3.5.1/CocosCreator.app/Contents/Resources/app.asar/node_modules/@base/electron-logger/lib/renderer.ccc:1:458)
    at console.error (/Applications/CocosCreator/Creator/3.5.1/CocosCreator.app/Contents/Resources/app.asar/node_modules/@base/electron-logger/lib/renderer.ccc:1:1414)
    at ScriptManager._handleImportException (/Applications/CocosCreator/Creator/3.5.1/CocosCreator.app/Contents/Resources/app.asar/builtin/scene/dist/script/3d/manager/scripts.ccc:1:5116)
    at Executor.importExceptionHandler [as _importExceptionHandler] (/Applications/CocosCreator/Creator/3.5.1/CocosCreator.app/Contents/Resources/app.asar/builtin/scene/dist/script/3d/manager/scripts.ccc:1:3104)
    at Executor._onModuleLoaded (/Applications/CocosCreator/Creator/3.5.1/CocosCreator.app/Contents/Resources/app.asar/node_modules/@editor/lib-programming/dist/executor/index.js:253:22)
    at SystemJS.onload (/Applications/CocosCreator/Creator/3.5.1/CocosCreator.app/Contents/Resources/app.asar/node_modules/@editor/lib-programming/dist/executor/index.js:62:18)
    at triggerOnload (/Applications/CocosCreator/Creator/3.5.1/CocosCreator.app/Contents/Resources/app.asar/node_modules/@editor/lib-programming/static/executor/systemjs-bridge/out/index.js:270:10)
    at doExec (/Applications/CocosCreator/Creator/3.5.1/CocosCreator.app/Contents/Resources/app.asar/node_modules/@editor/lib-programming/static/executor/systemjs-bridge/out/index.js:511:7)
    at postOrderExec (/Applications/CocosCreator/Creator/3.5.1/CocosCreator.app/Contents/Resources/app.asar/node_modules/@editor/lib-programming/static/executor/systemjs-bridge/out/index.js:483:10)
2022-06-20T08:21:22.373Z - verbose: [Scene] Open engine (634ms)
2022-06-20T08:21:22.373Z - verbose: [Scene] Configure engine (0ms)
2022-06-20T08:21:22.138Z - info: [Scene] Forward render pipeline initialized.
2022-06-20T08:21:23.126Z - error: [Scene] {hidden(::SceneExecutorImportExceptionHandler::)} TypeError: renderer.genSamplerHash is not a function
    at Object.execute (file:///Users/mu/work/gitee/CocosCreatorDemos/demo/3d/Creator3.3.2_3D_RainDrop/temp/programming/packer-driver/targets/editor/chunks/52/521e6a145d6408cd1b9cbb81f761d8ac725298da.js:74:30)
    at doExec (/Applications/CocosCreator/Creator/3.5.1/CocosCreator.app/Contents/Resources/app.asar/node_modules/@editor/lib-programming/static/executor/systemjs-bridge/out/index.js:487:32)
    at postOrderExec (/Applications/CocosCreator/Creator/3.5.1/CocosCreator.app/Contents/Resources/app.asar/node_modules/@editor/lib-programming/static/executor/systemjs-bridge/out/index.js:483:10)
    at /Applications/CocosCreator/Creator/3.5.1/CocosCreator.app/Contents/Resources/app.asar/node_modules/@editor/lib-programming/static/executor/systemjs-bridge/out/index.js:440:12
    at async file:///Users/mu/work/gitee/CocosCreatorDemos/demo/3d/Creator3.3.2_3D_RainDrop/temp/programming/packer-driver/targets/editor/chunks/52/52c5783aa6cb269f6547b0da83ec062fe79b746b.js:13:13
    at async Object.execute (file:///Users/mu/work/gitee/CocosCreatorDemos/demo/3d/Creator3.3.2_3D_RainDrop/temp/programming/packer-driver/targets/editor/chunks/52/52c5783aa6cb269f6547b0da83ec062fe79b746b.js:8:7)
    at async Executor._importPrerequisiteModules (/Applications/CocosCreator/Creator/3.5.1/CocosCreator.app/Contents/Resources/app.asar/node_modules/@editor/lib-programming/dist/executor/index.js:208:13)
    at async Executor.reload (/Applications/CocosCreator/Creator/3.5.1/CocosCreator.app/Contents/Resources/app.asar/node_modules/@editor/lib-programming/dist/executor/index.js:130:9)Error: [Scene] {hidden(::SceneExecutorImportExceptionHandler::)} TypeError: renderer.genSamplerHash is not a function
    at /Applications/CocosCreator/Creator/3.5.1/CocosCreator.app/Contents/Resources/app.asar/node_modules/@editor/lib-programming/static/executor/systemjs-bridge/out/index.js:440:12
    at async file:///Users/mu/work/gitee/CocosCreatorDemos/demo/3d/Creator3.3.2_3D_RainDrop/temp/programming/packer-driver/targets/editor/chunks/52/52c5783aa6cb269f6547b0da83ec062fe79b746b.js:13:13
    at async Object.execute (file:///Users/mu/work/gitee/CocosCreatorDemos/demo/3d/Creator3.3.2_3D_RainDrop/temp/programming/packer-driver/targets/editor/chunks/52/52c5783aa6cb269f6547b0da83ec062fe79b746b.js:8:7)
    at async Executor._importPrerequisiteModules (/Applications/CocosCreator/Creator/3.5.1/CocosCreator.app/Contents/Resources/app.asar/node_modules/@editor/lib-programming/dist/executor/index.js:208:13)
    at async Executor.reload (/Applications/CocosCreator/Creator/3.5.1/CocosCreator.app/Contents/Resources/app.asar/node_modules/@editor/lib-programming/dist/executor/index.js:130:9)
    at Logger._logHandler (/Applications/CocosCreator/Creator/3.5.1/CocosCreator.app/Contents/Resources/app.asar/builtin/scene/dist/script/3d/manager/startup/log.ccc:1:289)
    at Logger.record (/Applications/CocosCreator/Creator/3.5.1/CocosCreator.app/Contents/Resources/app.asar/node_modules/@base/electron-logger/lib/renderer.ccc:1:458)
    at console.error (/Applications/CocosCreator/Creator/3.5.1/CocosCreator.app/Contents/Resources/app.asar/node_modules/@base/electron-logger/lib/renderer.ccc:1:1414)
    at ScriptManager._handleImportException (/Applications/CocosCreator/Creator/3.5.1/CocosCreator.app/Contents/Resources/app.asar/builtin/scene/dist/script/3d/manager/scripts.ccc:1:5116)
    at Executor.importExceptionHandler [as _importExceptionHandler] (/Applications/CocosCreator/Creator/3.5.1/CocosCreator.app/Contents/Resources/app.asar/builtin/scene/dist/script/3d/manager/scripts.ccc:1:3104)
    at Executor._onModuleLoaded (/Applications/CocosCreator/Creator/3.5.1/CocosCreator.app/Contents/Resources/app.asar/node_modules/@editor/lib-programming/dist/executor/index.js:253:22)
    at SystemJS.onload (/Applications/CocosCreator/Creator/3.5.1/CocosCreator.app/Contents/Resources/app.asar/node_modules/@editor/lib-programming/dist/executor/index.js:62:18)
    at triggerOnload (/Applications/CocosCreator/Creator/3.5.1/CocosCreator.app/Contents/Resources/app.asar/node_modules/@editor/lib-programming/static/executor/systemjs-bridge/out/index.js:270:10)
    at doExec (/Applications/CocosCreator/Creator/3.5.1/CocosCreator.app/Contents/Resources/app.asar/node_modules/@editor/lib-programming/static/executor/systemjs-bridge/out/index.js:511:7)
    at postOrderExec (/Applications/CocosCreator/Creator/3.5.1/CocosCreator.app/Contents/Resources/app.asar/node_modules/@editor/lib-programming/static/executor/systemjs-bridge/out/index.js:483:10)
2022-06-20T08:21:23.138Z - warn: [Scene] Missing class: 8a762uO149G2ok+tx9tfALLError: [Scene] Missing class: 8a762uO149G2ok+tx9tfALL
    at Object.classFinder (/Applications/CocosCreator/Creator/3.5.1/CocosCreator.app/Contents/Resources/app.asar/builtin/engine/dist/editor-extends/missing-reporter/missing-class-reporter.ccc:1:2218)
    at _Deserializer.classFinder [as _classFinder] (/Applications/CocosCreator/Creator/3.5.1/CocosCreator.app/Contents/Resources/resources/3d/engine/bin/.cache/dev/editor/bundled/index.js:99671:32)
    at _Deserializer._deserializeTypeTaggedObject (/Applications/CocosCreator/Creator/3.5.1/CocosCreator.app/Contents/Resources/resources/3d/engine/bin/.cache/dev/editor/bundled/index.js:110673:24)
    at _Deserializer._deserializeObject (/Applications/CocosCreator/Creator/3.5.1/CocosCreator.app/Contents/Resources/resources/3d/engine/bin/.cache/dev/editor/bundled/index.js:110614:23)
    at _Deserializer._deserializeAndAssignField (/Applications/CocosCreator/Creator/3.5.1/CocosCreator.app/Contents/Resources/resources/3d/engine/bin/.cache/dev/editor/bundled/index.js:110823:32)
    at _Deserializer._deserializeArray (/Applications/CocosCreator/Creator/3.5.1/CocosCreator.app/Contents/Resources/resources/3d/engine/bin/.cache/dev/editor/bundled/index.js:110648:34)
    at _Deserializer._deserializeObject (/Applications/CocosCreator/Creator/3.5.1/CocosCreator.app/Contents/Resources/resources/3d/engine/bin/.cache/dev/editor/bundled/index.js:110620:23)
2022-06-20T08:21:23.139Z - warn: [Scene] Missing class: 66ec8iWATVAJ7KQad7hn5XQError: [Scene] Missing class: 66ec8iWATVAJ7KQad7hn5XQ
    at Object.classFinder (/Applications/CocosCreator/Creator/3.5.1/CocosCreator.app/Contents/Resources/app.asar/builtin/engine/dist/editor-extends/missing-reporter/missing-class-reporter.ccc:1:2218)
    at _Deserializer.classFinder [as _classFinder] (/Applications/CocosCreator/Creator/3.5.1/CocosCreator.app/Contents/Resources/resources/3d/engine/bin/.cache/dev/editor/bundled/index.js:99671:32)
    at _Deserializer._deserializeTypeTaggedObject (/Applications/CocosCreator/Creator/3.5.1/CocosCreator.app/Contents/Resources/resources/3d/engine/bin/.cache/dev/editor/bundled/index.js:110673:24)
    at _Deserializer._deserializeObject (/Applications/CocosCreator/Creator/3.5.1/CocosCreator.app/Contents/Resources/resources/3d/engine/bin/.cache/dev/editor/bundled/index.js:110614:23)
    at _Deserializer._deserializeAndAssignField (/Applications/CocosCreator/Creator/3.5.1/CocosCreator.app/Contents/Resources/resources/3d/engine/bin/.cache/dev/editor/bundled/index.js:110823:32)
    at _Deserializer._deserializeArray (/Applications/CocosCreator/Creator/3.5.1/CocosCreator.app/Contents/Resources/resources/3d/engine/bin/.cache/dev/editor/bundled/index.js:110648:34)
    at _Deserializer._deserializeObject (/Applications/CocosCreator/Creator/3.5.1/CocosCreator.app/Contents/Resources/resources/3d/engine/bin/.cache/dev/editor/bundled/index.js:110620:23)
2022-06-20T08:21:23.141Z - error: [Scene] Script "8a762uO149G2ok+tx9tfALL" attached to "Main Camera" in scene "raindrop" is missing or invalid. Detailed information:
Node path: "Main Camera"
Asset url: "db://assets/raindrop"
Script UUID: "8a762b8e-d78f-46da-893e-b71f6d7c02cb"
Class ID: "8a762uO149G2ok+tx9tfALL"
Error: [Scene] Script "8a762uO149G2ok+tx9tfALL" attached to "Main Camera" in scene "raindrop" is missing or invalid. Detailed information:
Node path: "Main Camera"
Asset url: "db://assets/raindrop"
Script UUID: "8a762b8e-d78f-46da-893e-b71f6d7c02cb"
Class ID: "8a762uO149G2ok+tx9tfALL"

    at report (/Applications/CocosCreator/Creator/3.5.1/CocosCreator.app/Contents/Resources/app.asar/builtin/engine/dist/editor-extends/missing-reporter/missing-class-reporter.ccc:1:1187)
    at reportByWalker (/Applications/CocosCreator/Creator/3.5.1/CocosCreator.app/Contents/Resources/app.asar/builtin/engine/dist/editor-extends/missing-reporter/missing-class-reporter.ccc:1:1283)
    at /Applications/CocosCreator/Creator/3.5.1/CocosCreator.app/Contents/Resources/app.asar/builtin/engine/dist/editor-extends/missing-reporter/missing-class-reporter.ccc:1:1979
    at ObjectWalkerBehavior.walk (/Applications/CocosCreator/Creator/3.5.1/CocosCreator.app/Contents/Resources/app.asar/builtin/engine/dist/editor-extends/missing-reporter/object-walker.ccc:1:2348)
    at ObjectWalkerBehavior.forEach (/Applications/CocosCreator/Creator/3.5.1/CocosCreator.app/Contents/Resources/app.asar/builtin/engine/dist/editor-extends/missing-reporter/object-walker.ccc:1:812)
    at ObjectWalkerBehavior.parseObject (/Applications/CocosCreator/Creator/3.5.1/CocosCreator.app/Contents/Resources/app.asar/builtin/engine/dist/editor-extends/missing-reporter/object-walker.ccc:1:306)
    at doWalkProperties (/Applications/CocosCreator/Creator/3.5.1/CocosCreator.app/Contents/Resources/app.asar/builtin/engine/dist/editor-extends/missing-reporter/object-walker.ccc:1:2143)
2022-06-20T08:21:23.142Z - error: [Scene] Script "66ec8iWATVAJ7KQad7hn5XQ" attached to "Main Camera" in scene "raindrop" is missing or invalid. Detailed information:
Node path: "Main Camera"
Asset url: "db://assets/raindrop"
Script UUID: "66ec8896-0135-4027-b290-69dee19f95d0"
Class ID: "66ec8iWATVAJ7KQad7hn5XQ"
Error: [Scene] Script "66ec8iWATVAJ7KQad7hn5XQ" attached to "Main Camera" in scene "raindrop" is missing or invalid. Detailed information:
Node path: "Main Camera"
Asset url: "db://assets/raindrop"
Script UUID: "66ec8896-0135-4027-b290-69dee19f95d0"
Class ID: "66ec8iWATVAJ7KQad7hn5XQ"

    at report (/Applications/CocosCreator/Creator/3.5.1/CocosCreator.app/Contents/Resources/app.asar/builtin/engine/dist/editor-extends/missing-reporter/missing-class-reporter.ccc:1:1187)
    at reportByWalker (/Applications/CocosCreator/Creator/3.5.1/CocosCreator.app/Contents/Resources/app.asar/builtin/engine/dist/editor-extends/missing-reporter/missing-class-reporter.ccc:1:1283)
    at /Applications/CocosCreator/Creator/3.5.1/CocosCreator.app/Contents/Resources/app.asar/builtin/engine/dist/editor-extends/missing-reporter/missing-class-reporter.ccc:1:1979
    at ObjectWalkerBehavior.walk (/Applications/CocosCreator/Creator/3.5.1/CocosCreator.app/Contents/Resources/app.asar/builtin/engine/dist/editor-extends/missing-reporter/object-walker.ccc:1:2348)
    at ObjectWalkerBehavior.forEach (/Applications/CocosCreator/Creator/3.5.1/CocosCreator.app/Contents/Resources/app.asar/builtin/engine/dist/editor-extends/missing-reporter/object-walker.ccc:1:812)
    at ObjectWalkerBehavior.parseObject (/Applications/CocosCreator/Creator/3.5.1/CocosCreator.app/Contents/Resources/app.asar/builtin/engine/dist/editor-extends/missing-reporter/object-walker.ccc:1:306)
    at doWalkProperties (/Applications/CocosCreator/Creator/3.5.1/CocosCreator.app/Contents/Resources/app.asar/builtin/engine/dist/editor-extends/missing-reporter/object-walker.ccc:1:2143)
2022-06-20T09:13:18.349Z - error: [Scene] {hidden(::SceneExecutorImportExceptionHandler::)} TypeError: renderer.genSamplerHash is not a function
    at Object.execute (file:///Users/mu/work/gitee/CocosCreatorDemos/demo/3d/Creator3.3.2_3D_RainDrop/temp/programming/packer-driver/targets/editor/chunks/35/351a1c97b0820415add81d87afe8911d6067a282.js:74:30)
    at doExec (/Applications/CocosCreator/Creator/3.5.1/CocosCreator.app/Contents/Resources/app.asar/node_modules/@editor/lib-programming/static/executor/systemjs-bridge/out/index.js:487:32)
    at postOrderExec (/Applications/CocosCreator/Creator/3.5.1/CocosCreator.app/Contents/Resources/app.asar/node_modules/@editor/lib-programming/static/executor/systemjs-bridge/out/index.js:483:10)
    at /Applications/CocosCreator/Creator/3.5.1/CocosCreator.app/Contents/Resources/app.asar/node_modules/@editor/lib-programming/static/executor/systemjs-bridge/out/index.js:440:12
    at async file:///Users/mu/work/gitee/CocosCreatorDemos/demo/3d/Creator3.3.2_3D_RainDrop/temp/programming/packer-driver/targets/editor/chunks/52/52c5783aa6cb269f6547b0da83ec062fe79b746b.js:13:13
    at async Object.execute (file:///Users/mu/work/gitee/CocosCreatorDemos/demo/3d/Creator3.3.2_3D_RainDrop/temp/programming/packer-driver/targets/editor/chunks/52/52c5783aa6cb269f6547b0da83ec062fe79b746b.js:8:7)
    at async Executor._importPrerequisiteModules (/Applications/CocosCreator/Creator/3.5.1/CocosCreator.app/Contents/Resources/app.asar/node_modules/@editor/lib-programming/dist/executor/index.js:208:13)
    at async Executor.reload (/Applications/CocosCreator/Creator/3.5.1/CocosCreator.app/Contents/Resources/app.asar/node_modules/@editor/lib-programming/dist/executor/index.js:130:9)Error: [Scene] {hidden(::SceneExecutorImportExceptionHandler::)} TypeError: renderer.genSamplerHash is not a function
    at /Applications/CocosCreator/Creator/3.5.1/CocosCreator.app/Contents/Resources/app.asar/node_modules/@editor/lib-programming/static/executor/systemjs-bridge/out/index.js:440:12
    at async file:///Users/mu/work/gitee/CocosCreatorDemos/demo/3d/Creator3.3.2_3D_RainDrop/temp/programming/packer-driver/targets/editor/chunks/52/52c5783aa6cb269f6547b0da83ec062fe79b746b.js:13:13
    at async Object.execute (file:///Users/mu/work/gitee/CocosCreatorDemos/demo/3d/Creator3.3.2_3D_RainDrop/temp/programming/packer-driver/targets/editor/chunks/52/52c5783aa6cb269f6547b0da83ec062fe79b746b.js:8:7)
    at async Executor._importPrerequisiteModules (/Applications/CocosCreator/Creator/3.5.1/CocosCreator.app/Contents/Resources/app.asar/node_modules/@editor/lib-programming/dist/executor/index.js:208:13)
    at async Executor.reload (/Applications/CocosCreator/Creator/3.5.1/CocosCreator.app/Contents/Resources/app.asar/node_modules/@editor/lib-programming/dist/executor/index.js:130:9)
    at Logger._logHandler (/Applications/CocosCreator/Creator/3.5.1/CocosCreator.app/Contents/Resources/app.asar/builtin/scene/dist/script/3d/manager/startup/log.ccc:1:289)
    at Logger.record (/Applications/CocosCreator/Creator/3.5.1/CocosCreator.app/Contents/Resources/app.asar/node_modules/@base/electron-logger/lib/renderer.ccc:1:458)
    at console.error (/Applications/CocosCreator/Creator/3.5.1/CocosCreator.app/Contents/Resources/app.asar/node_modules/@base/electron-logger/lib/renderer.ccc:1:1414)
    at ScriptManager._handleImportException (/Applications/CocosCreator/Creator/3.5.1/CocosCreator.app/Contents/Resources/app.asar/builtin/scene/dist/script/3d/manager/scripts.ccc:1:5116)
    at Executor.importExceptionHandler [as _importExceptionHandler] (/Applications/CocosCreator/Creator/3.5.1/CocosCreator.app/Contents/Resources/app.asar/builtin/scene/dist/script/3d/manager/scripts.ccc:1:3104)
    at Executor._onModuleLoaded (/Applications/CocosCreator/Creator/3.5.1/CocosCreator.app/Contents/Resources/app.asar/node_modules/@editor/lib-programming/dist/executor/index.js:253:22)
    at SystemJS.onload (/Applications/CocosCreator/Creator/3.5.1/CocosCreator.app/Contents/Resources/app.asar/node_modules/@editor/lib-programming/dist/executor/index.js:62:18)
    at triggerOnload (/Applications/CocosCreator/Creator/3.5.1/CocosCreator.app/Contents/Resources/app.asar/node_modules/@editor/lib-programming/static/executor/systemjs-bridge/out/index.js:270:10)
    at doExec (/Applications/CocosCreator/Creator/3.5.1/CocosCreator.app/Contents/Resources/app.asar/node_modules/@editor/lib-programming/static/executor/systemjs-bridge/out/index.js:511:7)
    at postOrderExec (/Applications/CocosCreator/Creator/3.5.1/CocosCreator.app/Contents/Resources/app.asar/node_modules/@editor/lib-programming/static/executor/systemjs-bridge/out/index.js:483:10)
2022-06-20T09:13:18.356Z - warn: [Scene] Missing class: 8a762uO149G2ok+tx9tfALLError: [Scene] Missing class: 8a762uO149G2ok+tx9tfALL
    at Object.classFinder (/Applications/CocosCreator/Creator/3.5.1/CocosCreator.app/Contents/Resources/app.asar/builtin/engine/dist/editor-extends/missing-reporter/missing-class-reporter.ccc:1:2218)
    at _Deserializer.classFinder [as _classFinder] (/Applications/CocosCreator/Creator/3.5.1/CocosCreator.app/Contents/Resources/resources/3d/engine/bin/.cache/dev/editor/bundled/index.js:99671:32)
    at _Deserializer._deserializeTypeTaggedObject (/Applications/CocosCreator/Creator/3.5.1/CocosCreator.app/Contents/Resources/resources/3d/engine/bin/.cache/dev/editor/bundled/index.js:110673:24)
    at _Deserializer._deserializeObject (/Applications/CocosCreator/Creator/3.5.1/CocosCreator.app/Contents/Resources/resources/3d/engine/bin/.cache/dev/editor/bundled/index.js:110614:23)
    at _Deserializer._deserializeAndAssignField (/Applications/CocosCreator/Creator/3.5.1/CocosCreator.app/Contents/Resources/resources/3d/engine/bin/.cache/dev/editor/bundled/index.js:110823:32)
    at _Deserializer._deserializeArray (/Applications/CocosCreator/Creator/3.5.1/CocosCreator.app/Contents/Resources/resources/3d/engine/bin/.cache/dev/editor/bundled/index.js:110648:34)
    at _Deserializer._deserializeObject (/Applications/CocosCreator/Creator/3.5.1/CocosCreator.app/Contents/Resources/resources/3d/engine/bin/.cache/dev/editor/bundled/index.js:110620:23)
2022-06-20T09:13:18.356Z - warn: [Scene] Missing class: 66ec8iWATVAJ7KQad7hn5XQError: [Scene] Missing class: 66ec8iWATVAJ7KQad7hn5XQ
    at Object.classFinder (/Applications/CocosCreator/Creator/3.5.1/CocosCreator.app/Contents/Resources/app.asar/builtin/engine/dist/editor-extends/missing-reporter/missing-class-reporter.ccc:1:2218)
    at _Deserializer.classFinder [as _classFinder] (/Applications/CocosCreator/Creator/3.5.1/CocosCreator.app/Contents/Resources/resources/3d/engine/bin/.cache/dev/editor/bundled/index.js:99671:32)
    at _Deserializer._deserializeTypeTaggedObject (/Applications/CocosCreator/Creator/3.5.1/CocosCreator.app/Contents/Resources/resources/3d/engine/bin/.cache/dev/editor/bundled/index.js:110673:24)
    at _Deserializer._deserializeObject (/Applications/CocosCreator/Creator/3.5.1/CocosCreator.app/Contents/Resources/resources/3d/engine/bin/.cache/dev/editor/bundled/index.js:110614:23)
    at _Deserializer._deserializeAndAssignField (/Applications/CocosCreator/Creator/3.5.1/CocosCreator.app/Contents/Resources/resources/3d/engine/bin/.cache/dev/editor/bundled/index.js:110823:32)
    at _Deserializer._deserializeArray (/Applications/CocosCreator/Creator/3.5.1/CocosCreator.app/Contents/Resources/resources/3d/engine/bin/.cache/dev/editor/bundled/index.js:110648:34)
    at _Deserializer._deserializeObject (/Applications/CocosCreator/Creator/3.5.1/CocosCreator.app/Contents/Resources/resources/3d/engine/bin/.cache/dev/editor/bundled/index.js:110620:23)
2022-06-20T09:13:18.363Z - error: [Scene] Script "8a762uO149G2ok+tx9tfALL" attached to "Main Camera" is missing or invalid. Detailed information:
Node path: "Main Camera"
Script UUID: "8a762b8e-d78f-46da-893e-b71f6d7c02cb"
Class ID: "8a762uO149G2ok+tx9tfALL"
Error: [Scene] Script "8a762uO149G2ok+tx9tfALL" attached to "Main Camera" is missing or invalid. Detailed information:
Node path: "Main Camera"
Script UUID: "8a762b8e-d78f-46da-893e-b71f6d7c02cb"
Class ID: "8a762uO149G2ok+tx9tfALL"

    at report (/Applications/CocosCreator/Creator/3.5.1/CocosCreator.app/Contents/Resources/app.asar/builtin/engine/dist/editor-extends/missing-reporter/missing-class-reporter.ccc:1:1187)
    at reportByWalker (/Applications/CocosCreator/Creator/3.5.1/CocosCreator.app/Contents/Resources/app.asar/builtin/engine/dist/editor-extends/missing-reporter/missing-class-reporter.ccc:1:1283)
    at /Applications/CocosCreator/Creator/3.5.1/CocosCreator.app/Contents/Resources/app.asar/builtin/engine/dist/editor-extends/missing-reporter/missing-class-reporter.ccc:1:1979
    at ObjectWalkerBehavior.walk (/Applications/CocosCreator/Creator/3.5.1/CocosCreator.app/Contents/Resources/app.asar/builtin/engine/dist/editor-extends/missing-reporter/object-walker.ccc:1:2348)
    at ObjectWalkerBehavior.forEach (/Applications/CocosCreator/Creator/3.5.1/CocosCreator.app/Contents/Resources/app.asar/builtin/engine/dist/editor-extends/missing-reporter/object-walker.ccc:1:812)
    at ObjectWalkerBehavior.parseObject (/Applications/CocosCreator/Creator/3.5.1/CocosCreator.app/Contents/Resources/app.asar/builtin/engine/dist/editor-extends/missing-reporter/object-walker.ccc:1:306)
    at doWalkProperties (/Applications/CocosCreator/Creator/3.5.1/CocosCreator.app/Contents/Resources/app.asar/builtin/engine/dist/editor-extends/missing-reporter/object-walker.ccc:1:2143)
2022-06-20T09:13:18.363Z - error: [Scene] Script "66ec8iWATVAJ7KQad7hn5XQ" attached to "Main Camera" is missing or invalid. Detailed information:
Node path: "Main Camera"
Script UUID: "66ec8896-0135-4027-b290-69dee19f95d0"
Class ID: "66ec8iWATVAJ7KQad7hn5XQ"
Error: [Scene] Script "66ec8iWATVAJ7KQad7hn5XQ" attached to "Main Camera" is missing or invalid. Detailed information:
Node path: "Main Camera"
Script UUID: "66ec8896-0135-4027-b290-69dee19f95d0"
Class ID: "66ec8iWATVAJ7KQad7hn5XQ"

    at report (/Applications/CocosCreator/Creator/3.5.1/CocosCreator.app/Contents/Resources/app.asar/builtin/engine/dist/editor-extends/missing-reporter/missing-class-reporter.ccc:1:1187)
    at reportByWalker (/Applications/CocosCreator/Creator/3.5.1/CocosCreator.app/Contents/Resources/app.asar/builtin/engine/dist/editor-extends/missing-reporter/missing-class-reporter.ccc:1:1283)
    at /Applications/CocosCreator/Creator/3.5.1/CocosCreator.app/Contents/Resources/app.asar/builtin/engine/dist/editor-extends/missing-reporter/missing-class-reporter.ccc:1:1979
    at ObjectWalkerBehavior.walk (/Applications/CocosCreator/Creator/3.5.1/CocosCreator.app/Contents/Resources/app.asar/builtin/engine/dist/editor-extends/missing-reporter/object-walker.ccc:1:2348)
    at ObjectWalkerBehavior.forEach (/Applications/CocosCreator/Creator/3.5.1/CocosCreator.app/Contents/Resources/app.asar/builtin/engine/dist/editor-extends/missing-reporter/object-walker.ccc:1:812)
    at ObjectWalkerBehavior.parseObject (/Applications/CocosCreator/Creator/3.5.1/CocosCreator.app/Contents/Resources/app.asar/builtin/engine/dist/editor-extends/missing-reporter/object-walker.ccc:1:306)
    at doWalkProperties (/Applications/CocosCreator/Creator/3.5.1/CocosCreator.app/Contents/Resources/app.asar/builtin/engine/dist/editor-extends/missing-reporter/object-walker.ccc:1:2143)
2022-06-20T10:12:32.887Z - log: 设置的 IP 地址不存在，将使用默认 IP
2022-06-20T10:15:26.720Z - log: 设置的 IP 地址不存在，将使用默认 IP
2022-06-20T10:15:26.721Z - log: 设置的 IP 地址不存在，将使用默认 IP
2022-06-20T10:28:52.910Z - warn: Metrics: no valid info
2022-06-20T10:28:52.934Z - error: Error occurred in handler for 'GUEST_VIEW_MANAGER_CALL': Error: Invalid guestInstanceId: 6
    at getGuestForWebContents (electron/js2c/browser_init.js:181:6307)
    at electron/js2c/browser_init.js:181:5372
    at electron/js2c/browser_init.js:181:1637
    at electron/js2c/browser_init.js:197:579
    at Object.<anonymous> (electron/js2c/browser_init.js:161:9782)
    at Object.emit (events.js:315:20)
2022-06-20T10:33:37.832Z - log: [Package] menu@1.0.0 enable
2022-06-20T10:33:37.836Z - log: [Package] profile@1.0.0 enable
2022-06-20T10:33:37.850Z - log: [Package] project@1.0.2 enable
2022-06-20T10:33:37.856Z - log: [Package] messages@1.0.0 enable
2022-06-20T10:33:37.859Z - log: [Package] program@1.0.0 enable
2022-06-20T10:33:37.866Z - log: [Package] tester@1.0.0 enable
2022-06-20T10:33:37.874Z - log: [Package] preferences@1.0.0 enable
2022-06-20T10:33:38.721Z - log: Setup mods mgr.: 341.712ms
2022-06-20T10:33:38.738Z - verbose: [Engine] QuickCompile engine (786ms)
2022-06-20T10:33:38.741Z - log: [Package] engine@1.0.6 enable
2022-06-20T10:33:39.589Z - log: [Package] programming@1.0.0 enable
2022-06-20T10:33:39.905Z - log: [Package] device@1.0.1 enable
2022-06-20T10:33:39.933Z - log: [Package] ui-kit@1.0.1 enable
2022-06-20T10:33:39.963Z - log: [Package] engine-extends@1.0.0 enable
2022-06-20T10:33:40.039Z - log: [Package] asset-db@1.0.0 enable
2022-06-20T10:33:40.093Z - log: [Package] scene@1.0.0 enable
2022-06-20T10:33:40.328Z - log: [Package] server@1.0.0 enable
2022-06-20T10:33:40.449Z - log: [Package] utils@1.0.0 enable
2022-06-20T10:33:45.584Z - log: [Package] preview@1.0.1 enable
2022-06-20T10:33:45.617Z - log: [Package] animator@1.0.0 enable
2022-06-20T10:33:45.762Z - log: 设置的 IP 地址不存在，将使用默认 IP
2022-06-20T10:33:46.686Z - log: [Package] builder@1.3.2 enable
2022-06-20T10:33:46.721Z - log: [Package] shortcuts@1.0.1 enable
2022-06-20T10:33:46.753Z - log: [Package] animation-graph@1.0.0 enable
2022-06-20T10:33:46.775Z - log: [Package] runtime-dev-tools@1.0.0 enable
2022-06-20T10:33:46.800Z - log: [Package] channel-upload-tools@1.0.0 enable
2022-06-20T10:33:46.832Z - log: [Package] about@1.0.0 enable
2022-06-20T10:33:46.871Z - log: [Package] assets@1.0.0 enable
2022-06-20T10:33:46.907Z - log: [Package] console@1.0.0 enable
2022-06-20T10:33:47.135Z - log: [Package] extension@3.0.16 enable
2022-06-20T10:33:47.200Z - log: [Package] hierarchy@1.0.0 enable
2022-06-20T10:33:47.246Z - log: [Package] inspector@1.0.0 enable
2022-06-20T10:33:47.297Z - log: [Package] lightmap@1.0.4 enable
2022-06-20T10:33:47.347Z - log: [Package] node-library@1.0.1 enable
2022-06-20T10:33:47.383Z - log: [Package] package-asset@1.0.0 enable
2022-06-20T10:33:47.424Z - log: [Package] process@1.0.0 enable
2022-06-20T10:33:47.460Z - log: [Package] reference-image@1.0.0 enable
2022-06-20T10:33:47.487Z - log: [Package] alipay-mini-game@1.0.0 enable
2022-06-20T10:33:47.516Z - log: [Package] android@1.0.0 enable
2022-06-20T10:33:47.548Z - log: [Package] baidu-mini-game@1.0.0 enable
2022-06-20T10:33:47.575Z - log: [Package] bytedance-mini-game@1.0.1 enable
2022-06-20T10:33:47.601Z - log: [Package] cocos-play@1.0.0 enable
2022-06-20T10:33:47.630Z - log: [Package] huawei-agc@1.0.0 enable
2022-06-20T10:33:47.660Z - log: [Package] huawei-quick-game@1.0.0 enable
2022-06-20T10:33:49.124Z - log: [Package] ios@1.0.0 enable
2022-06-20T10:33:49.152Z - log: [Package] ios-app-clip@1.0.0 enable
2022-06-20T10:33:49.174Z - log: [Package] link-sure@1.0.0 enable
2022-06-20T10:33:49.199Z - log: [Package] linux@1.0.0 enable
2022-06-20T10:33:49.223Z - log: [Package] mac@1.0.0 enable
2022-06-20T10:33:49.369Z - log: [Package] native@1.0.0 enable
2022-06-20T10:33:49.395Z - log: [Package] ohos@1.0.0 enable
2022-06-20T10:33:49.422Z - verbose: [AssetDB] Require engine code (2886ms)
2022-06-20T10:33:49.427Z - log: [Package] open-harmonyos@1.0.0 enable
2022-06-20T10:33:49.453Z - log: [Package] oppo-mini-game@1.0.0 enable
2022-06-20T10:33:49.483Z - log: [Package] qtt@1.0.0 enable
2022-06-20T10:33:49.513Z - log: [Package] vivo-mini-game@1.0.0 enable
2022-06-20T10:33:49.563Z - log: [Package] web-desktop@1.0.0 enable
2022-06-20T10:33:49.601Z - log: [Package] web-mobile@1.0.0 enable
2022-06-20T10:33:49.652Z - log: [Package] wechatgame@1.0.1 enable
2022-06-20T10:33:49.680Z - log: [Package] windows@1.0.0 enable
2022-06-20T10:33:49.707Z - log: [Package] xiaomi-quick-game@1.0.0 enable
2022-06-20T10:33:50.235Z - log: [Package] cocos-service@3.0.3 enable
2022-06-20T10:33:50.336Z - log: [Package] importer@1.0.0 enable
2022-06-20T10:33:50.856Z - log: [Im-plugin] Check im-plugin version.
2022-06-20T10:33:50.869Z - log: [Package] im-plugin@3.0.8 enable
2022-06-20T10:33:52.338Z - log: 设置的 IP 地址不存在，将使用默认 IP
2022-06-20T10:33:52.385Z - log: [Im-plugin] No online info of im-plugin.
2022-06-20T10:33:58.884Z - verbose: [Scene] Require engine code (1ms)
2022-06-20T10:33:58.892Z - verbose: [Scene] Startup engine (6ms)
2022-06-20T10:33:58.986Z - log: [Scene] Cocos Creator v3.5.1
2022-06-20T10:33:59.412Z - verbose: [Scene] Open engine (520ms)
2022-06-20T10:33:59.412Z - verbose: [Scene] Configure engine (0ms)
2022-06-20T10:33:59.133Z - info: [Scene] Forward render pipeline initialized.
2022-06-20T10:38:39.220Z - warn: Metrics: no valid info
