debug: Mon, 20 Jun 2022 10:33:56 GMT
debug: Project: /Users/mu/work/gitee/CocosCreatorDemos/demo/3d/Creator3.5.1_3D_RainDrop
debug: Targets: editor,preview
debug: Incremental file seems great.
debug: Engine path: /Applications/CocosCreator/Creator/3.5.1/CocosCreator.app/Contents/Resources/resources/3d/engine
debug: Initializing target [Editor]
debug: Loading cache
debug: Loading cache costs 1.9997759982943535ms.
debug: Engine features shipped in editor: base,gfx-webgl,gfx-webgl2,3d,animation,skeletal-animation,2d,ui,particle,particle-2d,physics-framework,physics-2d-framework,intersection-2d,primitive,profiler,audio,video,terrain,webview,tween,tiled-map,spine,dragon-bones,marionette
debug: Initializing target [Preview]
debug: Loading cache
debug: Loading cache costs 2.0434160009026527ms.
debug: Sync engine features: 2d,3d,animation,audio,base,dragon-bones,gfx-webgl,gfx-webgl2,intersection-2d,marionette,particle,particle-2d,physics-2d-box2d,physics-ammo,primitive,profiler,skeletal-animation,spine,terrain,tiled-map,tween,ui,video,webview
debug: Pulling asset-db.
debug: Fetch asset-db cost: 10.434888001531363ms.
debug: Build iteration starts.
Number of accumulated asset changes: 4
Feature changed: false
debug: Target(editor) build started.
debug: Detected change: cce:/internal/x/cc. Last mtime: Thu Jan 01 1970 08:00:17 GMT+0800 (中国标准时间), Current mtime: Thu Jan 01 1970 08:00:17 GMT+0800 (中国标准时间)
debug: Inspect cce:/internal/x/cc
debug: Resolve cce:/internal/x/cc-fu/base from cce:/internal/x/cc as external dependency cce:/internal/x/cc-fu/base.
debug: Resolve cce:/internal/x/cc-fu/gfx-webgl from cce:/internal/x/cc as external dependency cce:/internal/x/cc-fu/gfx-webgl.
debug: Resolve cce:/internal/x/cc-fu/gfx-webgl2 from cce:/internal/x/cc as external dependency cce:/internal/x/cc-fu/gfx-webgl2.
debug: Resolve cce:/internal/x/cc-fu/3d from cce:/internal/x/cc as external dependency cce:/internal/x/cc-fu/3d.
debug: Resolve cce:/internal/x/cc-fu/animation from cce:/internal/x/cc as external dependency cce:/internal/x/cc-fu/animation.
debug: Resolve cce:/internal/x/cc-fu/skeletal-animation from cce:/internal/x/cc as external dependency cce:/internal/x/cc-fu/skeletal-animation.
debug: Resolve cce:/internal/x/cc-fu/2d from cce:/internal/x/cc as external dependency cce:/internal/x/cc-fu/2d.
debug: Resolve cce:/internal/x/cc-fu/ui from cce:/internal/x/cc as external dependency cce:/internal/x/cc-fu/ui.
debug: Resolve cce:/internal/x/cc-fu/particle from cce:/internal/x/cc as external dependency cce:/internal/x/cc-fu/particle.
debug: Resolve cce:/internal/x/cc-fu/particle-2d from cce:/internal/x/cc as external dependency cce:/internal/x/cc-fu/particle-2d.
debug: Resolve cce:/internal/x/cc-fu/physics-framework from cce:/internal/x/cc as external dependency cce:/internal/x/cc-fu/physics-framework.
debug: Resolve cce:/internal/x/cc-fu/physics-2d-framework from cce:/internal/x/cc as external dependency cce:/internal/x/cc-fu/physics-2d-framework.
debug: Resolve cce:/internal/x/cc-fu/intersection-2d from cce:/internal/x/cc as external dependency cce:/internal/x/cc-fu/intersection-2d.
debug: Resolve cce:/internal/x/cc-fu/primitive from cce:/internal/x/cc as external dependency cce:/internal/x/cc-fu/primitive.
debug: Resolve cce:/internal/x/cc-fu/profiler from cce:/internal/x/cc as external dependency cce:/internal/x/cc-fu/profiler.
debug: Resolve cce:/internal/x/cc-fu/audio from cce:/internal/x/cc as external dependency cce:/internal/x/cc-fu/audio.
debug: Resolve cce:/internal/x/cc-fu/video from cce:/internal/x/cc as external dependency cce:/internal/x/cc-fu/video.
debug: Resolve cce:/internal/x/cc-fu/terrain from cce:/internal/x/cc as external dependency cce:/internal/x/cc-fu/terrain.
debug: Resolve cce:/internal/x/cc-fu/webview from cce:/internal/x/cc as external dependency cce:/internal/x/cc-fu/webview.
debug: Resolve cce:/internal/x/cc-fu/tween from cce:/internal/x/cc as external dependency cce:/internal/x/cc-fu/tween.
debug: Resolve cce:/internal/x/cc-fu/tiled-map from cce:/internal/x/cc as external dependency cce:/internal/x/cc-fu/tiled-map.
debug: Resolve cce:/internal/x/cc-fu/spine from cce:/internal/x/cc as external dependency cce:/internal/x/cc-fu/spine.
debug: Resolve cce:/internal/x/cc-fu/dragon-bones from cce:/internal/x/cc as external dependency cce:/internal/x/cc-fu/dragon-bones.
debug: Detected change: cce:/internal/x/prerequisite-imports. Last mtime: Thu Jan 01 1970 10:07:08 GMT+0800 (中国标准时间), Current mtime: Thu Jan 01 1970 08:00:17 GMT+0800 (中国标准时间)
debug: Inspect cce:/internal/x/prerequisite-imports
debug: Resolve file:///Users/mu/work/gitee/CocosCreatorDemos/demo/3d/Creator3.5.1_3D_RainDrop/assets/script/PPBaseStage.ts from cce:/internal/x/prerequisite-imports as file:///Users/mu/work/gitee/CocosCreatorDemos/demo/3d/Creator3.5.1_3D_RainDrop/assets/script/PPBaseStage.ts.
debug: Inspect file:///Users/mu/work/gitee/CocosCreatorDemos/demo/3d/Creator3.5.1_3D_RainDrop/assets/script/PPBaseStage.ts
debug: Resolve cce:/internal/code-quality/cr.mjs from file:///Users/mu/work/gitee/CocosCreatorDemos/demo/3d/Creator3.5.1_3D_RainDrop/assets/script/PPBaseStage.ts as cce:/internal/code-quality/cr.mjs.
debug: Detected change: cce:/internal/code-quality/cr.mjs. Last mtime: Mon Jun 20 2022 16:20:55 GMT+0800 (中国标准时间), Current mtime: Mon Jun 20 2022 18:33:38 GMT+0800 (中国标准时间)
debug: Inspect cce:/internal/code-quality/cr.mjs
debug: Resolve cc from file:///Users/mu/work/gitee/CocosCreatorDemos/demo/3d/Creator3.5.1_3D_RainDrop/assets/script/PPBaseStage.ts as cce:/internal/x/cc.
debug: Resolve cc from file:///Users/mu/work/gitee/CocosCreatorDemos/demo/3d/Creator3.5.1_3D_RainDrop/assets/script/PPBaseStage.ts as cce:/internal/x/cc.
debug: Resolve file:///Users/mu/work/gitee/CocosCreatorDemos/demo/3d/Creator3.5.1_3D_RainDrop/assets/script/PPMgr.ts from cce:/internal/x/prerequisite-imports as file:///Users/mu/work/gitee/CocosCreatorDemos/demo/3d/Creator3.5.1_3D_RainDrop/assets/script/PPMgr.ts.
debug: Inspect file:///Users/mu/work/gitee/CocosCreatorDemos/demo/3d/Creator3.5.1_3D_RainDrop/assets/script/PPMgr.ts
debug: Resolve cce:/internal/code-quality/cr.mjs from file:///Users/mu/work/gitee/CocosCreatorDemos/demo/3d/Creator3.5.1_3D_RainDrop/assets/script/PPMgr.ts as cce:/internal/code-quality/cr.mjs.
debug: Resolve cc from file:///Users/mu/work/gitee/CocosCreatorDemos/demo/3d/Creator3.5.1_3D_RainDrop/assets/script/PPMgr.ts as cce:/internal/x/cc.
debug: Resolve cc from file:///Users/mu/work/gitee/CocosCreatorDemos/demo/3d/Creator3.5.1_3D_RainDrop/assets/script/PPMgr.ts as cce:/internal/x/cc.
debug: Resolve file:///Users/mu/work/gitee/CocosCreatorDemos/demo/3d/Creator3.5.1_3D_RainDrop/assets/script/PPRaindropStage.ts from cce:/internal/x/prerequisite-imports as file:///Users/mu/work/gitee/CocosCreatorDemos/demo/3d/Creator3.5.1_3D_RainDrop/assets/script/PPRaindropStage.ts.
debug: Inspect file:///Users/mu/work/gitee/CocosCreatorDemos/demo/3d/Creator3.5.1_3D_RainDrop/assets/script/PPRaindropStage.ts
debug: Resolve cce:/internal/code-quality/cr.mjs from file:///Users/mu/work/gitee/CocosCreatorDemos/demo/3d/Creator3.5.1_3D_RainDrop/assets/script/PPRaindropStage.ts as cce:/internal/code-quality/cr.mjs.
debug: Resolve cc from file:///Users/mu/work/gitee/CocosCreatorDemos/demo/3d/Creator3.5.1_3D_RainDrop/assets/script/PPRaindropStage.ts as cce:/internal/x/cc.
debug: Resolve cc from file:///Users/mu/work/gitee/CocosCreatorDemos/demo/3d/Creator3.5.1_3D_RainDrop/assets/script/PPRaindropStage.ts as cce:/internal/x/cc.
debug: Resolve ./PPBaseStage from file:///Users/mu/work/gitee/CocosCreatorDemos/demo/3d/Creator3.5.1_3D_RainDrop/assets/script/PPRaindropStage.ts as file:///Users/mu/work/gitee/CocosCreatorDemos/demo/3d/Creator3.5.1_3D_RainDrop/assets/script/PPBaseStage.ts.
debug: Resolve file:///Users/mu/work/gitee/CocosCreatorDemos/demo/3d/Creator3.5.1_3D_RainDrop/assets/script/raindrop.ts from cce:/internal/x/prerequisite-imports as file:///Users/mu/work/gitee/CocosCreatorDemos/demo/3d/Creator3.5.1_3D_RainDrop/assets/script/raindrop.ts.
debug: Inspect file:///Users/mu/work/gitee/CocosCreatorDemos/demo/3d/Creator3.5.1_3D_RainDrop/assets/script/raindrop.ts
debug: Resolve cce:/internal/code-quality/cr.mjs from file:///Users/mu/work/gitee/CocosCreatorDemos/demo/3d/Creator3.5.1_3D_RainDrop/assets/script/raindrop.ts as cce:/internal/code-quality/cr.mjs.
debug: Resolve cc from file:///Users/mu/work/gitee/CocosCreatorDemos/demo/3d/Creator3.5.1_3D_RainDrop/assets/script/raindrop.ts as cce:/internal/x/cc.
debug: Resolve cc from file:///Users/mu/work/gitee/CocosCreatorDemos/demo/3d/Creator3.5.1_3D_RainDrop/assets/script/raindrop.ts as cce:/internal/x/cc.
debug: Resolve ./PPMgr from file:///Users/mu/work/gitee/CocosCreatorDemos/demo/3d/Creator3.5.1_3D_RainDrop/assets/script/raindrop.ts as file:///Users/mu/work/gitee/CocosCreatorDemos/demo/3d/Creator3.5.1_3D_RainDrop/assets/script/PPMgr.ts.
debug: Resolve ./PPRaindropStage from file:///Users/mu/work/gitee/CocosCreatorDemos/demo/3d/Creator3.5.1_3D_RainDrop/assets/script/raindrop.ts as file:///Users/mu/work/gitee/CocosCreatorDemos/demo/3d/Creator3.5.1_3D_RainDrop/assets/script/PPRaindropStage.ts.
debug: Target(editor) ends with cost 1244.749126996845ms.
debug: Target(preview) build started.
debug: Detected change: cce:/internal/x/cc. Last mtime: Thu Jan 01 1970 08:00:17 GMT+0800 (中国标准时间), Current mtime: Thu Jan 01 1970 08:00:17 GMT+0800 (中国标准时间)
debug: Inspect cce:/internal/x/cc
debug: Resolve cce:/internal/x/cc-fu/2d from cce:/internal/x/cc as external dependency cce:/internal/x/cc-fu/2d.
debug: Resolve cce:/internal/x/cc-fu/3d from cce:/internal/x/cc as external dependency cce:/internal/x/cc-fu/3d.
debug: Resolve cce:/internal/x/cc-fu/animation from cce:/internal/x/cc as external dependency cce:/internal/x/cc-fu/animation.
debug: Resolve cce:/internal/x/cc-fu/audio from cce:/internal/x/cc as external dependency cce:/internal/x/cc-fu/audio.
debug: Resolve cce:/internal/x/cc-fu/base from cce:/internal/x/cc as external dependency cce:/internal/x/cc-fu/base.
debug: Resolve cce:/internal/x/cc-fu/dragon-bones from cce:/internal/x/cc as external dependency cce:/internal/x/cc-fu/dragon-bones.
debug: Resolve cce:/internal/x/cc-fu/gfx-webgl from cce:/internal/x/cc as external dependency cce:/internal/x/cc-fu/gfx-webgl.
debug: Resolve cce:/internal/x/cc-fu/gfx-webgl2 from cce:/internal/x/cc as external dependency cce:/internal/x/cc-fu/gfx-webgl2.
debug: Resolve cce:/internal/x/cc-fu/intersection-2d from cce:/internal/x/cc as external dependency cce:/internal/x/cc-fu/intersection-2d.
debug: Resolve cce:/internal/x/cc-fu/particle from cce:/internal/x/cc as external dependency cce:/internal/x/cc-fu/particle.
debug: Resolve cce:/internal/x/cc-fu/particle-2d from cce:/internal/x/cc as external dependency cce:/internal/x/cc-fu/particle-2d.
debug: Resolve cce:/internal/x/cc-fu/physics-2d-box2d from cce:/internal/x/cc as external dependency cce:/internal/x/cc-fu/physics-2d-box2d.
debug: Resolve cce:/internal/x/cc-fu/physics-2d-framework from cce:/internal/x/cc as external dependency cce:/internal/x/cc-fu/physics-2d-framework.
debug: Resolve cce:/internal/x/cc-fu/physics-ammo from cce:/internal/x/cc as external dependency cce:/internal/x/cc-fu/physics-ammo.
debug: Resolve cce:/internal/x/cc-fu/physics-framework from cce:/internal/x/cc as external dependency cce:/internal/x/cc-fu/physics-framework.
debug: Resolve cce:/internal/x/cc-fu/wait-for-ammo-instantiation from cce:/internal/x/cc as external dependency cce:/internal/x/cc-fu/wait-for-ammo-instantiation.
debug: Resolve cce:/internal/x/cc-fu/primitive from cce:/internal/x/cc as external dependency cce:/internal/x/cc-fu/primitive.
debug: Resolve cce:/internal/x/cc-fu/profiler from cce:/internal/x/cc as external dependency cce:/internal/x/cc-fu/profiler.
debug: Resolve cce:/internal/x/cc-fu/skeletal-animation from cce:/internal/x/cc as external dependency cce:/internal/x/cc-fu/skeletal-animation.
debug: Resolve cce:/internal/x/cc-fu/spine from cce:/internal/x/cc as external dependency cce:/internal/x/cc-fu/spine.
debug: Resolve cce:/internal/x/cc-fu/terrain from cce:/internal/x/cc as external dependency cce:/internal/x/cc-fu/terrain.
debug: Resolve cce:/internal/x/cc-fu/tiled-map from cce:/internal/x/cc as external dependency cce:/internal/x/cc-fu/tiled-map.
debug: Resolve cce:/internal/x/cc-fu/tween from cce:/internal/x/cc as external dependency cce:/internal/x/cc-fu/tween.
debug: Resolve cce:/internal/x/cc-fu/ui from cce:/internal/x/cc as external dependency cce:/internal/x/cc-fu/ui.
debug: Resolve cce:/internal/x/cc-fu/video from cce:/internal/x/cc as external dependency cce:/internal/x/cc-fu/video.
debug: Resolve cce:/internal/x/cc-fu/webview from cce:/internal/x/cc as external dependency cce:/internal/x/cc-fu/webview.
debug: Detected change: cce:/internal/x/prerequisite-imports. Last mtime: Thu Jan 01 1970 10:07:09 GMT+0800 (中国标准时间), Current mtime: Thu Jan 01 1970 08:00:18 GMT+0800 (中国标准时间)
debug: Inspect cce:/internal/x/prerequisite-imports
debug: Resolve file:///Users/mu/work/gitee/CocosCreatorDemos/demo/3d/Creator3.5.1_3D_RainDrop/assets/script/PPBaseStage.ts from cce:/internal/x/prerequisite-imports as file:///Users/mu/work/gitee/CocosCreatorDemos/demo/3d/Creator3.5.1_3D_RainDrop/assets/script/PPBaseStage.ts.
debug: Inspect file:///Users/mu/work/gitee/CocosCreatorDemos/demo/3d/Creator3.5.1_3D_RainDrop/assets/script/PPBaseStage.ts
debug: Resolve cce:/internal/code-quality/cr.mjs from file:///Users/mu/work/gitee/CocosCreatorDemos/demo/3d/Creator3.5.1_3D_RainDrop/assets/script/PPBaseStage.ts as cce:/internal/code-quality/cr.mjs.
debug: Detected change: cce:/internal/code-quality/cr.mjs. Last mtime: Mon Jun 20 2022 16:20:55 GMT+0800 (中国标准时间), Current mtime: Mon Jun 20 2022 18:33:38 GMT+0800 (中国标准时间)
debug: Inspect cce:/internal/code-quality/cr.mjs
debug: Resolve cc from file:///Users/mu/work/gitee/CocosCreatorDemos/demo/3d/Creator3.5.1_3D_RainDrop/assets/script/PPBaseStage.ts as cce:/internal/x/cc.
debug: Resolve cc from file:///Users/mu/work/gitee/CocosCreatorDemos/demo/3d/Creator3.5.1_3D_RainDrop/assets/script/PPBaseStage.ts as cce:/internal/x/cc.
debug: Resolve file:///Users/mu/work/gitee/CocosCreatorDemos/demo/3d/Creator3.5.1_3D_RainDrop/assets/script/PPMgr.ts from cce:/internal/x/prerequisite-imports as file:///Users/mu/work/gitee/CocosCreatorDemos/demo/3d/Creator3.5.1_3D_RainDrop/assets/script/PPMgr.ts.
debug: Inspect file:///Users/mu/work/gitee/CocosCreatorDemos/demo/3d/Creator3.5.1_3D_RainDrop/assets/script/PPMgr.ts
debug: Resolve cce:/internal/code-quality/cr.mjs from file:///Users/mu/work/gitee/CocosCreatorDemos/demo/3d/Creator3.5.1_3D_RainDrop/assets/script/PPMgr.ts as cce:/internal/code-quality/cr.mjs.
debug: Resolve cc from file:///Users/mu/work/gitee/CocosCreatorDemos/demo/3d/Creator3.5.1_3D_RainDrop/assets/script/PPMgr.ts as cce:/internal/x/cc.
debug: Resolve cc from file:///Users/mu/work/gitee/CocosCreatorDemos/demo/3d/Creator3.5.1_3D_RainDrop/assets/script/PPMgr.ts as cce:/internal/x/cc.
debug: Resolve file:///Users/mu/work/gitee/CocosCreatorDemos/demo/3d/Creator3.5.1_3D_RainDrop/assets/script/PPRaindropStage.ts from cce:/internal/x/prerequisite-imports as file:///Users/mu/work/gitee/CocosCreatorDemos/demo/3d/Creator3.5.1_3D_RainDrop/assets/script/PPRaindropStage.ts.
debug: Inspect file:///Users/mu/work/gitee/CocosCreatorDemos/demo/3d/Creator3.5.1_3D_RainDrop/assets/script/PPRaindropStage.ts
debug: Resolve cce:/internal/code-quality/cr.mjs from file:///Users/mu/work/gitee/CocosCreatorDemos/demo/3d/Creator3.5.1_3D_RainDrop/assets/script/PPRaindropStage.ts as cce:/internal/code-quality/cr.mjs.
debug: Resolve cc from file:///Users/mu/work/gitee/CocosCreatorDemos/demo/3d/Creator3.5.1_3D_RainDrop/assets/script/PPRaindropStage.ts as cce:/internal/x/cc.
debug: Resolve cc from file:///Users/mu/work/gitee/CocosCreatorDemos/demo/3d/Creator3.5.1_3D_RainDrop/assets/script/PPRaindropStage.ts as cce:/internal/x/cc.
debug: Resolve ./PPBaseStage from file:///Users/mu/work/gitee/CocosCreatorDemos/demo/3d/Creator3.5.1_3D_RainDrop/assets/script/PPRaindropStage.ts as file:///Users/mu/work/gitee/CocosCreatorDemos/demo/3d/Creator3.5.1_3D_RainDrop/assets/script/PPBaseStage.ts.
debug: Resolve file:///Users/mu/work/gitee/CocosCreatorDemos/demo/3d/Creator3.5.1_3D_RainDrop/assets/script/raindrop.ts from cce:/internal/x/prerequisite-imports as file:///Users/mu/work/gitee/CocosCreatorDemos/demo/3d/Creator3.5.1_3D_RainDrop/assets/script/raindrop.ts.
debug: Inspect file:///Users/mu/work/gitee/CocosCreatorDemos/demo/3d/Creator3.5.1_3D_RainDrop/assets/script/raindrop.ts
debug: Resolve cce:/internal/code-quality/cr.mjs from file:///Users/mu/work/gitee/CocosCreatorDemos/demo/3d/Creator3.5.1_3D_RainDrop/assets/script/raindrop.ts as cce:/internal/code-quality/cr.mjs.
debug: Resolve cc from file:///Users/mu/work/gitee/CocosCreatorDemos/demo/3d/Creator3.5.1_3D_RainDrop/assets/script/raindrop.ts as cce:/internal/x/cc.
debug: Resolve cc from file:///Users/mu/work/gitee/CocosCreatorDemos/demo/3d/Creator3.5.1_3D_RainDrop/assets/script/raindrop.ts as cce:/internal/x/cc.
debug: Resolve ./PPMgr from file:///Users/mu/work/gitee/CocosCreatorDemos/demo/3d/Creator3.5.1_3D_RainDrop/assets/script/raindrop.ts as file:///Users/mu/work/gitee/CocosCreatorDemos/demo/3d/Creator3.5.1_3D_RainDrop/assets/script/PPMgr.ts.
debug: Resolve ./PPRaindropStage from file:///Users/mu/work/gitee/CocosCreatorDemos/demo/3d/Creator3.5.1_3D_RainDrop/assets/script/raindrop.ts as file:///Users/mu/work/gitee/CocosCreatorDemos/demo/3d/Creator3.5.1_3D_RainDrop/assets/script/PPRaindropStage.ts.
debug: Target(preview) ends with cost 819.9813510030508ms.
debug: Dispatch build request for time accumulated 1 asset changes.
debug: Build iteration starts.
Number of accumulated asset changes: 1
Feature changed: false
debug: Target(editor) build started.
debug: Detected change: cce:/internal/x/prerequisite-imports. Last mtime: Thu Jan 01 1970 08:00:17 GMT+0800 (中国标准时间), Current mtime: Thu Jan 01 1970 08:04:33 GMT+0800 (中国标准时间)
debug: Inspect cce:/internal/x/prerequisite-imports
debug: Resolve file:///Users/mu/work/gitee/CocosCreatorDemos/demo/3d/Creator3.5.1_3D_RainDrop/assets/script/PPBaseStage.ts from cce:/internal/x/prerequisite-imports as file:///Users/mu/work/gitee/CocosCreatorDemos/demo/3d/Creator3.5.1_3D_RainDrop/assets/script/PPBaseStage.ts.
debug: Resolve file:///Users/mu/work/gitee/CocosCreatorDemos/demo/3d/Creator3.5.1_3D_RainDrop/assets/script/PPMgr.ts from cce:/internal/x/prerequisite-imports as file:///Users/mu/work/gitee/CocosCreatorDemos/demo/3d/Creator3.5.1_3D_RainDrop/assets/script/PPMgr.ts.
debug: Detected change: file:///Users/mu/work/gitee/CocosCreatorDemos/demo/3d/Creator3.5.1_3D_RainDrop/assets/script/PPMgr.ts. Last mtime: Mon Jun 20 2022 18:33:15 GMT+0800 (中国标准时间)@8a762b8e-d78f-46da-893e-b71f6d7c02cb, Current mtime: Mon Jun 20 2022 18:38:11 GMT+0800 (中国标准时间)@8a762b8e-d78f-46da-893e-b71f6d7c02cb
debug: Inspect file:///Users/mu/work/gitee/CocosCreatorDemos/demo/3d/Creator3.5.1_3D_RainDrop/assets/script/PPMgr.ts
debug: Resolve cce:/internal/code-quality/cr.mjs from file:///Users/mu/work/gitee/CocosCreatorDemos/demo/3d/Creator3.5.1_3D_RainDrop/assets/script/PPMgr.ts as cce:/internal/code-quality/cr.mjs.
debug: Resolve cc from file:///Users/mu/work/gitee/CocosCreatorDemos/demo/3d/Creator3.5.1_3D_RainDrop/assets/script/PPMgr.ts as cce:/internal/x/cc.
debug: Resolve cc from file:///Users/mu/work/gitee/CocosCreatorDemos/demo/3d/Creator3.5.1_3D_RainDrop/assets/script/PPMgr.ts as cce:/internal/x/cc.
debug: Resolve file:///Users/mu/work/gitee/CocosCreatorDemos/demo/3d/Creator3.5.1_3D_RainDrop/assets/script/PPRaindropStage.ts from cce:/internal/x/prerequisite-imports as file:///Users/mu/work/gitee/CocosCreatorDemos/demo/3d/Creator3.5.1_3D_RainDrop/assets/script/PPRaindropStage.ts.
debug: Resolve file:///Users/mu/work/gitee/CocosCreatorDemos/demo/3d/Creator3.5.1_3D_RainDrop/assets/script/raindrop.ts from cce:/internal/x/prerequisite-imports as file:///Users/mu/work/gitee/CocosCreatorDemos/demo/3d/Creator3.5.1_3D_RainDrop/assets/script/raindrop.ts.
debug: Target(editor) ends with cost 439.57506300136447ms.
debug: Target(preview) build started.
debug: Detected change: cce:/internal/x/prerequisite-imports. Last mtime: Thu Jan 01 1970 08:00:18 GMT+0800 (中国标准时间), Current mtime: Thu Jan 01 1970 08:04:34 GMT+0800 (中国标准时间)
debug: Inspect cce:/internal/x/prerequisite-imports
debug: Resolve file:///Users/mu/work/gitee/CocosCreatorDemos/demo/3d/Creator3.5.1_3D_RainDrop/assets/script/PPBaseStage.ts from cce:/internal/x/prerequisite-imports as file:///Users/mu/work/gitee/CocosCreatorDemos/demo/3d/Creator3.5.1_3D_RainDrop/assets/script/PPBaseStage.ts.
debug: Resolve file:///Users/mu/work/gitee/CocosCreatorDemos/demo/3d/Creator3.5.1_3D_RainDrop/assets/script/PPMgr.ts from cce:/internal/x/prerequisite-imports as file:///Users/mu/work/gitee/CocosCreatorDemos/demo/3d/Creator3.5.1_3D_RainDrop/assets/script/PPMgr.ts.
debug: Detected change: file:///Users/mu/work/gitee/CocosCreatorDemos/demo/3d/Creator3.5.1_3D_RainDrop/assets/script/PPMgr.ts. Last mtime: Mon Jun 20 2022 18:33:15 GMT+0800 (中国标准时间)@8a762b8e-d78f-46da-893e-b71f6d7c02cb, Current mtime: Mon Jun 20 2022 18:38:11 GMT+0800 (中国标准时间)@8a762b8e-d78f-46da-893e-b71f6d7c02cb
debug: Inspect file:///Users/mu/work/gitee/CocosCreatorDemos/demo/3d/Creator3.5.1_3D_RainDrop/assets/script/PPMgr.ts
debug: Resolve cce:/internal/code-quality/cr.mjs from file:///Users/mu/work/gitee/CocosCreatorDemos/demo/3d/Creator3.5.1_3D_RainDrop/assets/script/PPMgr.ts as cce:/internal/code-quality/cr.mjs.
debug: Resolve cc from file:///Users/mu/work/gitee/CocosCreatorDemos/demo/3d/Creator3.5.1_3D_RainDrop/assets/script/PPMgr.ts as cce:/internal/x/cc.
debug: Resolve cc from file:///Users/mu/work/gitee/CocosCreatorDemos/demo/3d/Creator3.5.1_3D_RainDrop/assets/script/PPMgr.ts as cce:/internal/x/cc.
debug: Resolve file:///Users/mu/work/gitee/CocosCreatorDemos/demo/3d/Creator3.5.1_3D_RainDrop/assets/script/PPRaindropStage.ts from cce:/internal/x/prerequisite-imports as file:///Users/mu/work/gitee/CocosCreatorDemos/demo/3d/Creator3.5.1_3D_RainDrop/assets/script/PPRaindropStage.ts.
debug: Resolve file:///Users/mu/work/gitee/CocosCreatorDemos/demo/3d/Creator3.5.1_3D_RainDrop/assets/script/raindrop.ts from cce:/internal/x/prerequisite-imports as file:///Users/mu/work/gitee/CocosCreatorDemos/demo/3d/Creator3.5.1_3D_RainDrop/assets/script/raindrop.ts.
debug: Target(preview) ends with cost 501.17710299789906ms.
