debug: Thu, 23 Jun 2022 06:18:53 GMT
debug: Project: /Users/mu/work/gitee/CocosCreatorDemos/demo/3d/Creator3.5.2_3D_WeaponGlow
debug: Targets: editor,preview
debug: Packer deriver version file lost or format incorrect: Error: ENOENT: no such file or directory, open '/Users/mu/work/gitee/CocosCreatorDemos/demo/3d/Creator3.5.2_3D_WeaponGlow/temp/programming/packer-driver/VERSION'
debug: Clearing out the targets...
debug: Engine path: /Applications/CocosCreator/Creator/3.5.2/CocosCreator.app/Contents/Resources/resources/3d/engine
debug: Initializing target [Editor]
debug: Loading cache
debug: Record file loaded failed with error: Error: ENOENT: no such file or directory, open '/Users/mu/work/gitee/CocosCreatorDemos/demo/3d/Creator3.5.2_3D_WeaponGlow/temp/programming/packer-driver/targets/editor/main-record.json'
debug: Loading cache costs 1.2062439993023872ms.
debug: Engine features shipped in editor: base,gfx-webgl,gfx-webgl2,3d,animation,skeletal-animation,2d,ui,particle,particle-2d,physics-framework,physics-2d-framework,intersection-2d,primitive,profiler,audio,video,terrain,webview,tween,tiled-map,spine,dragon-bones,marionette
debug: Initializing target [Preview]
debug: Loading cache
debug: Record file loaded failed with error: Error: ENOENT: no such file or directory, open '/Users/mu/work/gitee/CocosCreatorDemos/demo/3d/Creator3.5.2_3D_WeaponGlow/temp/programming/packer-driver/targets/preview/main-record.json'
debug: Loading cache costs 0.29828699864447117ms.
debug: Sync engine features: 2d,3d,animation,audio,base,dragon-bones,gfx-webgl,gfx-webgl2,intersection-2d,marionette,particle,particle-2d,physics-2d-box2d,physics-ammo,primitive,profiler,skeletal-animation,spine,terrain,tiled-map,tween,ui,video,webview
debug: Pulling asset-db.
debug: Fetch asset-db cost: 9.557553999125957ms.
debug: Build iteration starts.
Number of accumulated asset changes: 0
Feature changed: false
debug: Target(editor) build started.
debug: Inspect cce:/internal/x/cc
debug: Resolve cce:/internal/x/cc-fu/base from cce:/internal/x/cc as external dependency cce:/internal/x/cc-fu/base.
debug: Resolve cce:/internal/x/cc-fu/gfx-webgl from cce:/internal/x/cc as external dependency cce:/internal/x/cc-fu/gfx-webgl.
debug: Resolve cce:/internal/x/cc-fu/gfx-webgl2 from cce:/internal/x/cc as external dependency cce:/internal/x/cc-fu/gfx-webgl2.
debug: Resolve cce:/internal/x/cc-fu/3d from cce:/internal/x/cc as external dependency cce:/internal/x/cc-fu/3d.
debug: Resolve cce:/internal/x/cc-fu/animation from cce:/internal/x/cc as external dependency cce:/internal/x/cc-fu/animation.
debug: Resolve cce:/internal/x/cc-fu/skeletal-animation from cce:/internal/x/cc as external dependency cce:/internal/x/cc-fu/skeletal-animation.
debug: Resolve cce:/internal/x/cc-fu/2d from cce:/internal/x/cc as external dependency cce:/internal/x/cc-fu/2d.
debug: Resolve cce:/internal/x/cc-fu/ui from cce:/internal/x/cc as external dependency cce:/internal/x/cc-fu/ui.
debug: Resolve cce:/internal/x/cc-fu/particle from cce:/internal/x/cc as external dependency cce:/internal/x/cc-fu/particle.
debug: Resolve cce:/internal/x/cc-fu/particle-2d from cce:/internal/x/cc as external dependency cce:/internal/x/cc-fu/particle-2d.
debug: Resolve cce:/internal/x/cc-fu/physics-framework from cce:/internal/x/cc as external dependency cce:/internal/x/cc-fu/physics-framework.
debug: Resolve cce:/internal/x/cc-fu/physics-2d-framework from cce:/internal/x/cc as external dependency cce:/internal/x/cc-fu/physics-2d-framework.
debug: Resolve cce:/internal/x/cc-fu/intersection-2d from cce:/internal/x/cc as external dependency cce:/internal/x/cc-fu/intersection-2d.
debug: Resolve cce:/internal/x/cc-fu/primitive from cce:/internal/x/cc as external dependency cce:/internal/x/cc-fu/primitive.
debug: Resolve cce:/internal/x/cc-fu/profiler from cce:/internal/x/cc as external dependency cce:/internal/x/cc-fu/profiler.
debug: Resolve cce:/internal/x/cc-fu/audio from cce:/internal/x/cc as external dependency cce:/internal/x/cc-fu/audio.
debug: Resolve cce:/internal/x/cc-fu/video from cce:/internal/x/cc as external dependency cce:/internal/x/cc-fu/video.
debug: Resolve cce:/internal/x/cc-fu/terrain from cce:/internal/x/cc as external dependency cce:/internal/x/cc-fu/terrain.
debug: Resolve cce:/internal/x/cc-fu/webview from cce:/internal/x/cc as external dependency cce:/internal/x/cc-fu/webview.
debug: Resolve cce:/internal/x/cc-fu/tween from cce:/internal/x/cc as external dependency cce:/internal/x/cc-fu/tween.
debug: Resolve cce:/internal/x/cc-fu/tiled-map from cce:/internal/x/cc as external dependency cce:/internal/x/cc-fu/tiled-map.
debug: Resolve cce:/internal/x/cc-fu/spine from cce:/internal/x/cc as external dependency cce:/internal/x/cc-fu/spine.
debug: Resolve cce:/internal/x/cc-fu/dragon-bones from cce:/internal/x/cc as external dependency cce:/internal/x/cc-fu/dragon-bones.
debug: Inspect cce:/internal/x/prerequisite-imports
debug: Target(editor) ends with cost 395.9027820006013ms.
debug: Target(preview) build started.
debug: Inspect cce:/internal/x/cc
debug: Resolve cce:/internal/x/cc-fu/2d from cce:/internal/x/cc as external dependency cce:/internal/x/cc-fu/2d.
debug: Resolve cce:/internal/x/cc-fu/3d from cce:/internal/x/cc as external dependency cce:/internal/x/cc-fu/3d.
debug: Resolve cce:/internal/x/cc-fu/animation from cce:/internal/x/cc as external dependency cce:/internal/x/cc-fu/animation.
debug: Resolve cce:/internal/x/cc-fu/audio from cce:/internal/x/cc as external dependency cce:/internal/x/cc-fu/audio.
debug: Resolve cce:/internal/x/cc-fu/base from cce:/internal/x/cc as external dependency cce:/internal/x/cc-fu/base.
debug: Resolve cce:/internal/x/cc-fu/dragon-bones from cce:/internal/x/cc as external dependency cce:/internal/x/cc-fu/dragon-bones.
debug: Resolve cce:/internal/x/cc-fu/gfx-webgl from cce:/internal/x/cc as external dependency cce:/internal/x/cc-fu/gfx-webgl.
debug: Resolve cce:/internal/x/cc-fu/gfx-webgl2 from cce:/internal/x/cc as external dependency cce:/internal/x/cc-fu/gfx-webgl2.
debug: Resolve cce:/internal/x/cc-fu/intersection-2d from cce:/internal/x/cc as external dependency cce:/internal/x/cc-fu/intersection-2d.
debug: Resolve cce:/internal/x/cc-fu/particle from cce:/internal/x/cc as external dependency cce:/internal/x/cc-fu/particle.
debug: Resolve cce:/internal/x/cc-fu/particle-2d from cce:/internal/x/cc as external dependency cce:/internal/x/cc-fu/particle-2d.
debug: Resolve cce:/internal/x/cc-fu/physics-2d-box2d from cce:/internal/x/cc as external dependency cce:/internal/x/cc-fu/physics-2d-box2d.
debug: Resolve cce:/internal/x/cc-fu/physics-2d-framework from cce:/internal/x/cc as external dependency cce:/internal/x/cc-fu/physics-2d-framework.
debug: Resolve cce:/internal/x/cc-fu/physics-ammo from cce:/internal/x/cc as external dependency cce:/internal/x/cc-fu/physics-ammo.
debug: Resolve cce:/internal/x/cc-fu/physics-framework from cce:/internal/x/cc as external dependency cce:/internal/x/cc-fu/physics-framework.
debug: Resolve cce:/internal/x/cc-fu/wait-for-ammo-instantiation from cce:/internal/x/cc as external dependency cce:/internal/x/cc-fu/wait-for-ammo-instantiation.
debug: Resolve cce:/internal/x/cc-fu/primitive from cce:/internal/x/cc as external dependency cce:/internal/x/cc-fu/primitive.
debug: Resolve cce:/internal/x/cc-fu/profiler from cce:/internal/x/cc as external dependency cce:/internal/x/cc-fu/profiler.
debug: Resolve cce:/internal/x/cc-fu/skeletal-animation from cce:/internal/x/cc as external dependency cce:/internal/x/cc-fu/skeletal-animation.
debug: Resolve cce:/internal/x/cc-fu/spine from cce:/internal/x/cc as external dependency cce:/internal/x/cc-fu/spine.
debug: Resolve cce:/internal/x/cc-fu/terrain from cce:/internal/x/cc as external dependency cce:/internal/x/cc-fu/terrain.
debug: Resolve cce:/internal/x/cc-fu/tiled-map from cce:/internal/x/cc as external dependency cce:/internal/x/cc-fu/tiled-map.
debug: Resolve cce:/internal/x/cc-fu/tween from cce:/internal/x/cc as external dependency cce:/internal/x/cc-fu/tween.
debug: Resolve cce:/internal/x/cc-fu/ui from cce:/internal/x/cc as external dependency cce:/internal/x/cc-fu/ui.
debug: Resolve cce:/internal/x/cc-fu/video from cce:/internal/x/cc as external dependency cce:/internal/x/cc-fu/video.
debug: Resolve cce:/internal/x/cc-fu/webview from cce:/internal/x/cc as external dependency cce:/internal/x/cc-fu/webview.
debug: Inspect cce:/internal/x/prerequisite-imports
debug: Target(preview) ends with cost 163.37665599957108ms.
debug: Dispatch build request for time accumulated 3 asset changes.
debug: Build iteration starts.
Number of accumulated asset changes: 3
Feature changed: false
debug: Target(editor) build started.
debug: Detected change: cce:/internal/x/prerequisite-imports. Last mtime: Thu Jan 01 1970 08:00:21 GMT+0800 (中国标准时间), Current mtime: Thu Jan 01 1970 08:03:27 GMT+0800 (中国标准时间)
debug: Inspect cce:/internal/x/prerequisite-imports
debug: Resolve file:///Users/mu/work/gitee/CocosCreatorDemos/demo/3d/Creator3.5.2_3D_WeaponGlow/assets/resources/qfw/components/FollowCamera.ts from cce:/internal/x/prerequisite-imports as file:///Users/mu/work/gitee/CocosCreatorDemos/demo/3d/Creator3.5.2_3D_WeaponGlow/assets/resources/qfw/components/FollowCamera.ts.
debug: Inspect file:///Users/mu/work/gitee/CocosCreatorDemos/demo/3d/Creator3.5.2_3D_WeaponGlow/assets/resources/qfw/components/FollowCamera.ts
debug: Resolve cc from file:///Users/mu/work/gitee/CocosCreatorDemos/demo/3d/Creator3.5.2_3D_WeaponGlow/assets/resources/qfw/components/FollowCamera.ts as cce:/internal/x/cc.
debug: Resolve cc from file:///Users/mu/work/gitee/CocosCreatorDemos/demo/3d/Creator3.5.2_3D_WeaponGlow/assets/resources/qfw/components/FollowCamera.ts as cce:/internal/x/cc.
debug: Resolve file:///Users/mu/work/gitee/CocosCreatorDemos/demo/3d/Creator3.5.2_3D_WeaponGlow/assets/resources/qfw/components/PlayerCtrl.ts from cce:/internal/x/prerequisite-imports as file:///Users/mu/work/gitee/CocosCreatorDemos/demo/3d/Creator3.5.2_3D_WeaponGlow/assets/resources/qfw/components/PlayerCtrl.ts.
debug: Inspect file:///Users/mu/work/gitee/CocosCreatorDemos/demo/3d/Creator3.5.2_3D_WeaponGlow/assets/resources/qfw/components/PlayerCtrl.ts
debug: Resolve cc from file:///Users/mu/work/gitee/CocosCreatorDemos/demo/3d/Creator3.5.2_3D_WeaponGlow/assets/resources/qfw/components/PlayerCtrl.ts as cce:/internal/x/cc.
debug: Resolve cc from file:///Users/mu/work/gitee/CocosCreatorDemos/demo/3d/Creator3.5.2_3D_WeaponGlow/assets/resources/qfw/components/PlayerCtrl.ts as cce:/internal/x/cc.
debug: Resolve file:///Users/mu/work/gitee/CocosCreatorDemos/demo/3d/Creator3.5.2_3D_WeaponGlow/assets/resources/scenes/weapon_glow/AppStart_WeaponGlow.ts from cce:/internal/x/prerequisite-imports as file:///Users/mu/work/gitee/CocosCreatorDemos/demo/3d/Creator3.5.2_3D_WeaponGlow/assets/resources/scenes/weapon_glow/AppStart_WeaponGlow.ts.
debug: Inspect file:///Users/mu/work/gitee/CocosCreatorDemos/demo/3d/Creator3.5.2_3D_WeaponGlow/assets/resources/scenes/weapon_glow/AppStart_WeaponGlow.ts
debug: Resolve cc from file:///Users/mu/work/gitee/CocosCreatorDemos/demo/3d/Creator3.5.2_3D_WeaponGlow/assets/resources/scenes/weapon_glow/AppStart_WeaponGlow.ts as cce:/internal/x/cc.
debug: Resolve cc from file:///Users/mu/work/gitee/CocosCreatorDemos/demo/3d/Creator3.5.2_3D_WeaponGlow/assets/resources/scenes/weapon_glow/AppStart_WeaponGlow.ts as cce:/internal/x/cc.
debug: Target(editor) ends with cost 398.7131409998983ms.
debug: Target(preview) build started.
debug: Detected change: cce:/internal/x/prerequisite-imports. Last mtime: Thu Jan 01 1970 08:00:21 GMT+0800 (中国标准时间), Current mtime: Thu Jan 01 1970 08:03:27 GMT+0800 (中国标准时间)
debug: Inspect cce:/internal/x/prerequisite-imports
debug: Resolve file:///Users/mu/work/gitee/CocosCreatorDemos/demo/3d/Creator3.5.2_3D_WeaponGlow/assets/resources/qfw/components/FollowCamera.ts from cce:/internal/x/prerequisite-imports as file:///Users/mu/work/gitee/CocosCreatorDemos/demo/3d/Creator3.5.2_3D_WeaponGlow/assets/resources/qfw/components/FollowCamera.ts.
debug: Inspect file:///Users/mu/work/gitee/CocosCreatorDemos/demo/3d/Creator3.5.2_3D_WeaponGlow/assets/resources/qfw/components/FollowCamera.ts
debug: Resolve cc from file:///Users/mu/work/gitee/CocosCreatorDemos/demo/3d/Creator3.5.2_3D_WeaponGlow/assets/resources/qfw/components/FollowCamera.ts as cce:/internal/x/cc.
debug: Resolve cc from file:///Users/mu/work/gitee/CocosCreatorDemos/demo/3d/Creator3.5.2_3D_WeaponGlow/assets/resources/qfw/components/FollowCamera.ts as cce:/internal/x/cc.
debug: Resolve file:///Users/mu/work/gitee/CocosCreatorDemos/demo/3d/Creator3.5.2_3D_WeaponGlow/assets/resources/qfw/components/PlayerCtrl.ts from cce:/internal/x/prerequisite-imports as file:///Users/mu/work/gitee/CocosCreatorDemos/demo/3d/Creator3.5.2_3D_WeaponGlow/assets/resources/qfw/components/PlayerCtrl.ts.
debug: Inspect file:///Users/mu/work/gitee/CocosCreatorDemos/demo/3d/Creator3.5.2_3D_WeaponGlow/assets/resources/qfw/components/PlayerCtrl.ts
debug: Resolve cc from file:///Users/mu/work/gitee/CocosCreatorDemos/demo/3d/Creator3.5.2_3D_WeaponGlow/assets/resources/qfw/components/PlayerCtrl.ts as cce:/internal/x/cc.
debug: Resolve cc from file:///Users/mu/work/gitee/CocosCreatorDemos/demo/3d/Creator3.5.2_3D_WeaponGlow/assets/resources/qfw/components/PlayerCtrl.ts as cce:/internal/x/cc.
debug: Resolve file:///Users/mu/work/gitee/CocosCreatorDemos/demo/3d/Creator3.5.2_3D_WeaponGlow/assets/resources/scenes/weapon_glow/AppStart_WeaponGlow.ts from cce:/internal/x/prerequisite-imports as file:///Users/mu/work/gitee/CocosCreatorDemos/demo/3d/Creator3.5.2_3D_WeaponGlow/assets/resources/scenes/weapon_glow/AppStart_WeaponGlow.ts.
debug: Inspect file:///Users/mu/work/gitee/CocosCreatorDemos/demo/3d/Creator3.5.2_3D_WeaponGlow/assets/resources/scenes/weapon_glow/AppStart_WeaponGlow.ts
debug: Resolve cc from file:///Users/mu/work/gitee/CocosCreatorDemos/demo/3d/Creator3.5.2_3D_WeaponGlow/assets/resources/scenes/weapon_glow/AppStart_WeaponGlow.ts as cce:/internal/x/cc.
debug: Resolve cc from file:///Users/mu/work/gitee/CocosCreatorDemos/demo/3d/Creator3.5.2_3D_WeaponGlow/assets/resources/scenes/weapon_glow/AppStart_WeaponGlow.ts as cce:/internal/x/cc.
debug: Target(preview) ends with cost 411.918038001284ms.
debug: Dispatch build request for time accumulated 1 asset changes.
debug: Build iteration starts.
Number of accumulated asset changes: 1
Feature changed: false
debug: Target(editor) build started.
debug: Detected change: cce:/internal/x/prerequisite-imports. Last mtime: Thu Jan 01 1970 08:03:27 GMT+0800 (中国标准时间), Current mtime: Thu Jan 01 1970 08:03:50 GMT+0800 (中国标准时间)
debug: Inspect cce:/internal/x/prerequisite-imports
debug: Resolve file:///Users/mu/work/gitee/CocosCreatorDemos/demo/3d/Creator3.5.2_3D_WeaponGlow/assets/resources/qfw/components/FollowCamera.ts from cce:/internal/x/prerequisite-imports as file:///Users/mu/work/gitee/CocosCreatorDemos/demo/3d/Creator3.5.2_3D_WeaponGlow/assets/resources/qfw/components/FollowCamera.ts.
debug: Resolve file:///Users/mu/work/gitee/CocosCreatorDemos/demo/3d/Creator3.5.2_3D_WeaponGlow/assets/resources/qfw/components/PlayerCtrl.ts from cce:/internal/x/prerequisite-imports as file:///Users/mu/work/gitee/CocosCreatorDemos/demo/3d/Creator3.5.2_3D_WeaponGlow/assets/resources/qfw/components/PlayerCtrl.ts.
debug: Resolve file:///Users/mu/work/gitee/CocosCreatorDemos/demo/3d/Creator3.5.2_3D_WeaponGlow/assets/resources/src/weapon_glow/AppStart_WeaponGlow.ts from cce:/internal/x/prerequisite-imports as file:///Users/mu/work/gitee/CocosCreatorDemos/demo/3d/Creator3.5.2_3D_WeaponGlow/assets/resources/src/weapon_glow/AppStart_WeaponGlow.ts.
debug: Inspect file:///Users/mu/work/gitee/CocosCreatorDemos/demo/3d/Creator3.5.2_3D_WeaponGlow/assets/resources/src/weapon_glow/AppStart_WeaponGlow.ts
debug: Resolve cc from file:///Users/mu/work/gitee/CocosCreatorDemos/demo/3d/Creator3.5.2_3D_WeaponGlow/assets/resources/src/weapon_glow/AppStart_WeaponGlow.ts as cce:/internal/x/cc.
debug: Resolve cc from file:///Users/mu/work/gitee/CocosCreatorDemos/demo/3d/Creator3.5.2_3D_WeaponGlow/assets/resources/src/weapon_glow/AppStart_WeaponGlow.ts as cce:/internal/x/cc.
debug: Target(editor) ends with cost 77.42358900047839ms.
debug: Target(preview) build started.
debug: Detected change: cce:/internal/x/prerequisite-imports. Last mtime: Thu Jan 01 1970 08:03:27 GMT+0800 (中国标准时间), Current mtime: Thu Jan 01 1970 08:03:50 GMT+0800 (中国标准时间)
debug: Inspect cce:/internal/x/prerequisite-imports
debug: Resolve file:///Users/mu/work/gitee/CocosCreatorDemos/demo/3d/Creator3.5.2_3D_WeaponGlow/assets/resources/qfw/components/FollowCamera.ts from cce:/internal/x/prerequisite-imports as file:///Users/mu/work/gitee/CocosCreatorDemos/demo/3d/Creator3.5.2_3D_WeaponGlow/assets/resources/qfw/components/FollowCamera.ts.
debug: Resolve file:///Users/mu/work/gitee/CocosCreatorDemos/demo/3d/Creator3.5.2_3D_WeaponGlow/assets/resources/qfw/components/PlayerCtrl.ts from cce:/internal/x/prerequisite-imports as file:///Users/mu/work/gitee/CocosCreatorDemos/demo/3d/Creator3.5.2_3D_WeaponGlow/assets/resources/qfw/components/PlayerCtrl.ts.
debug: Resolve file:///Users/mu/work/gitee/CocosCreatorDemos/demo/3d/Creator3.5.2_3D_WeaponGlow/assets/resources/src/weapon_glow/AppStart_WeaponGlow.ts from cce:/internal/x/prerequisite-imports as file:///Users/mu/work/gitee/CocosCreatorDemos/demo/3d/Creator3.5.2_3D_WeaponGlow/assets/resources/src/weapon_glow/AppStart_WeaponGlow.ts.
debug: Inspect file:///Users/mu/work/gitee/CocosCreatorDemos/demo/3d/Creator3.5.2_3D_WeaponGlow/assets/resources/src/weapon_glow/AppStart_WeaponGlow.ts
debug: Resolve cc from file:///Users/mu/work/gitee/CocosCreatorDemos/demo/3d/Creator3.5.2_3D_WeaponGlow/assets/resources/src/weapon_glow/AppStart_WeaponGlow.ts as cce:/internal/x/cc.
debug: Resolve cc from file:///Users/mu/work/gitee/CocosCreatorDemos/demo/3d/Creator3.5.2_3D_WeaponGlow/assets/resources/src/weapon_glow/AppStart_WeaponGlow.ts as cce:/internal/x/cc.
debug: Target(preview) ends with cost 228.7693520002067ms.
debug: Dispatch build request for time accumulated 1 asset changes.
debug: Build iteration starts.
Number of accumulated asset changes: 1
Feature changed: false
debug: Target(editor) build started.
debug: Detected change: cce:/internal/x/prerequisite-imports. Last mtime: Thu Jan 01 1970 08:03:50 GMT+0800 (中国标准时间), Current mtime: Thu Jan 01 1970 08:03:52 GMT+0800 (中国标准时间)
debug: Inspect cce:/internal/x/prerequisite-imports
debug: Resolve file:///Users/mu/work/gitee/CocosCreatorDemos/demo/3d/Creator3.5.2_3D_WeaponGlow/assets/resources/qfw/components/FollowCamera.ts from cce:/internal/x/prerequisite-imports as file:///Users/mu/work/gitee/CocosCreatorDemos/demo/3d/Creator3.5.2_3D_WeaponGlow/assets/resources/qfw/components/FollowCamera.ts.
debug: Resolve file:///Users/mu/work/gitee/CocosCreatorDemos/demo/3d/Creator3.5.2_3D_WeaponGlow/assets/resources/qfw/components/PlayerCtrl.ts from cce:/internal/x/prerequisite-imports as file:///Users/mu/work/gitee/CocosCreatorDemos/demo/3d/Creator3.5.2_3D_WeaponGlow/assets/resources/qfw/components/PlayerCtrl.ts.
debug: Resolve file:///Users/mu/work/gitee/CocosCreatorDemos/demo/3d/Creator3.5.2_3D_WeaponGlow/assets/resources/src/AppStart_WeaponGlow.ts from cce:/internal/x/prerequisite-imports as file:///Users/mu/work/gitee/CocosCreatorDemos/demo/3d/Creator3.5.2_3D_WeaponGlow/assets/resources/src/AppStart_WeaponGlow.ts.
debug: Inspect file:///Users/mu/work/gitee/CocosCreatorDemos/demo/3d/Creator3.5.2_3D_WeaponGlow/assets/resources/src/AppStart_WeaponGlow.ts
debug: Resolve cc from file:///Users/mu/work/gitee/CocosCreatorDemos/demo/3d/Creator3.5.2_3D_WeaponGlow/assets/resources/src/AppStart_WeaponGlow.ts as cce:/internal/x/cc.
debug: Resolve cc from file:///Users/mu/work/gitee/CocosCreatorDemos/demo/3d/Creator3.5.2_3D_WeaponGlow/assets/resources/src/AppStart_WeaponGlow.ts as cce:/internal/x/cc.
debug: Target(editor) ends with cost 37.019869999960065ms.
debug: Target(preview) build started.
debug: Detected change: cce:/internal/x/prerequisite-imports. Last mtime: Thu Jan 01 1970 08:03:50 GMT+0800 (中国标准时间), Current mtime: Thu Jan 01 1970 08:03:52 GMT+0800 (中国标准时间)
debug: Inspect cce:/internal/x/prerequisite-imports
debug: Resolve file:///Users/mu/work/gitee/CocosCreatorDemos/demo/3d/Creator3.5.2_3D_WeaponGlow/assets/resources/qfw/components/FollowCamera.ts from cce:/internal/x/prerequisite-imports as file:///Users/mu/work/gitee/CocosCreatorDemos/demo/3d/Creator3.5.2_3D_WeaponGlow/assets/resources/qfw/components/FollowCamera.ts.
debug: Resolve file:///Users/mu/work/gitee/CocosCreatorDemos/demo/3d/Creator3.5.2_3D_WeaponGlow/assets/resources/qfw/components/PlayerCtrl.ts from cce:/internal/x/prerequisite-imports as file:///Users/mu/work/gitee/CocosCreatorDemos/demo/3d/Creator3.5.2_3D_WeaponGlow/assets/resources/qfw/components/PlayerCtrl.ts.
debug: Resolve file:///Users/mu/work/gitee/CocosCreatorDemos/demo/3d/Creator3.5.2_3D_WeaponGlow/assets/resources/src/AppStart_WeaponGlow.ts from cce:/internal/x/prerequisite-imports as file:///Users/mu/work/gitee/CocosCreatorDemos/demo/3d/Creator3.5.2_3D_WeaponGlow/assets/resources/src/AppStart_WeaponGlow.ts.
debug: Inspect file:///Users/mu/work/gitee/CocosCreatorDemos/demo/3d/Creator3.5.2_3D_WeaponGlow/assets/resources/src/AppStart_WeaponGlow.ts
debug: Resolve cc from file:///Users/mu/work/gitee/CocosCreatorDemos/demo/3d/Creator3.5.2_3D_WeaponGlow/assets/resources/src/AppStart_WeaponGlow.ts as cce:/internal/x/cc.
debug: Resolve cc from file:///Users/mu/work/gitee/CocosCreatorDemos/demo/3d/Creator3.5.2_3D_WeaponGlow/assets/resources/src/AppStart_WeaponGlow.ts as cce:/internal/x/cc.
debug: Target(preview) ends with cost 184.66654899902642ms.
debug: Dispatch build request for time accumulated 2 asset changes.
debug: Build iteration starts.
Number of accumulated asset changes: 2
Feature changed: false
debug: Target(editor) build started.
debug: Detected change: cce:/internal/x/prerequisite-imports. Last mtime: Thu Jan 01 1970 08:03:52 GMT+0800 (中国标准时间), Current mtime: Thu Jan 01 1970 08:04:02 GMT+0800 (中国标准时间)
debug: Inspect cce:/internal/x/prerequisite-imports
debug: Resolve file:///Users/mu/work/gitee/CocosCreatorDemos/demo/3d/Creator3.5.2_3D_WeaponGlow/assets/resources/src/AppStart_WeaponGlow.ts from cce:/internal/x/prerequisite-imports as file:///Users/mu/work/gitee/CocosCreatorDemos/demo/3d/Creator3.5.2_3D_WeaponGlow/assets/resources/src/AppStart_WeaponGlow.ts.
debug: Resolve file:///Users/mu/work/gitee/CocosCreatorDemos/demo/3d/Creator3.5.2_3D_WeaponGlow/assets/resources/src/FollowCamera.ts from cce:/internal/x/prerequisite-imports as file:///Users/mu/work/gitee/CocosCreatorDemos/demo/3d/Creator3.5.2_3D_WeaponGlow/assets/resources/src/FollowCamera.ts.
debug: Inspect file:///Users/mu/work/gitee/CocosCreatorDemos/demo/3d/Creator3.5.2_3D_WeaponGlow/assets/resources/src/FollowCamera.ts
debug: Resolve cc from file:///Users/mu/work/gitee/CocosCreatorDemos/demo/3d/Creator3.5.2_3D_WeaponGlow/assets/resources/src/FollowCamera.ts as cce:/internal/x/cc.
debug: Resolve cc from file:///Users/mu/work/gitee/CocosCreatorDemos/demo/3d/Creator3.5.2_3D_WeaponGlow/assets/resources/src/FollowCamera.ts as cce:/internal/x/cc.
debug: Resolve file:///Users/mu/work/gitee/CocosCreatorDemos/demo/3d/Creator3.5.2_3D_WeaponGlow/assets/resources/src/PlayerCtrl.ts from cce:/internal/x/prerequisite-imports as file:///Users/mu/work/gitee/CocosCreatorDemos/demo/3d/Creator3.5.2_3D_WeaponGlow/assets/resources/src/PlayerCtrl.ts.
debug: Inspect file:///Users/mu/work/gitee/CocosCreatorDemos/demo/3d/Creator3.5.2_3D_WeaponGlow/assets/resources/src/PlayerCtrl.ts
debug: Resolve cc from file:///Users/mu/work/gitee/CocosCreatorDemos/demo/3d/Creator3.5.2_3D_WeaponGlow/assets/resources/src/PlayerCtrl.ts as cce:/internal/x/cc.
debug: Resolve cc from file:///Users/mu/work/gitee/CocosCreatorDemos/demo/3d/Creator3.5.2_3D_WeaponGlow/assets/resources/src/PlayerCtrl.ts as cce:/internal/x/cc.
debug: Target(editor) ends with cost 178.0638919994235ms.
debug: Target(preview) build started.
debug: Detected change: cce:/internal/x/prerequisite-imports. Last mtime: Thu Jan 01 1970 08:03:52 GMT+0800 (中国标准时间), Current mtime: Thu Jan 01 1970 08:04:03 GMT+0800 (中国标准时间)
debug: Inspect cce:/internal/x/prerequisite-imports
debug: Resolve file:///Users/mu/work/gitee/CocosCreatorDemos/demo/3d/Creator3.5.2_3D_WeaponGlow/assets/resources/src/AppStart_WeaponGlow.ts from cce:/internal/x/prerequisite-imports as file:///Users/mu/work/gitee/CocosCreatorDemos/demo/3d/Creator3.5.2_3D_WeaponGlow/assets/resources/src/AppStart_WeaponGlow.ts.
debug: Resolve file:///Users/mu/work/gitee/CocosCreatorDemos/demo/3d/Creator3.5.2_3D_WeaponGlow/assets/resources/src/FollowCamera.ts from cce:/internal/x/prerequisite-imports as file:///Users/mu/work/gitee/CocosCreatorDemos/demo/3d/Creator3.5.2_3D_WeaponGlow/assets/resources/src/FollowCamera.ts.
debug: Inspect file:///Users/mu/work/gitee/CocosCreatorDemos/demo/3d/Creator3.5.2_3D_WeaponGlow/assets/resources/src/FollowCamera.ts
debug: Resolve cc from file:///Users/mu/work/gitee/CocosCreatorDemos/demo/3d/Creator3.5.2_3D_WeaponGlow/assets/resources/src/FollowCamera.ts as cce:/internal/x/cc.
debug: Resolve cc from file:///Users/mu/work/gitee/CocosCreatorDemos/demo/3d/Creator3.5.2_3D_WeaponGlow/assets/resources/src/FollowCamera.ts as cce:/internal/x/cc.
debug: Resolve file:///Users/mu/work/gitee/CocosCreatorDemos/demo/3d/Creator3.5.2_3D_WeaponGlow/assets/resources/src/PlayerCtrl.ts from cce:/internal/x/prerequisite-imports as file:///Users/mu/work/gitee/CocosCreatorDemos/demo/3d/Creator3.5.2_3D_WeaponGlow/assets/resources/src/PlayerCtrl.ts.
debug: Inspect file:///Users/mu/work/gitee/CocosCreatorDemos/demo/3d/Creator3.5.2_3D_WeaponGlow/assets/resources/src/PlayerCtrl.ts
debug: Resolve cc from file:///Users/mu/work/gitee/CocosCreatorDemos/demo/3d/Creator3.5.2_3D_WeaponGlow/assets/resources/src/PlayerCtrl.ts as cce:/internal/x/cc.
debug: Resolve cc from file:///Users/mu/work/gitee/CocosCreatorDemos/demo/3d/Creator3.5.2_3D_WeaponGlow/assets/resources/src/PlayerCtrl.ts as cce:/internal/x/cc.
debug: Target(preview) ends with cost 330.51203699968755ms.
debug: Dispatch build request for time accumulated 3 asset changes.
debug: Build iteration starts.
Number of accumulated asset changes: 3
Feature changed: false
debug: Target(editor) build started.
debug: Detected change: cce:/internal/x/prerequisite-imports. Last mtime: Thu Jan 01 1970 08:04:02 GMT+0800 (中国标准时间), Current mtime: Thu Jan 01 1970 08:09:02 GMT+0800 (中国标准时间)
debug: Inspect cce:/internal/x/prerequisite-imports
debug: Resolve file:///Users/mu/work/gitee/CocosCreatorDemos/demo/3d/Creator3.5.2_3D_WeaponGlow/assets/res/src/AppStart_WeaponGlow.ts from cce:/internal/x/prerequisite-imports as file:///Users/mu/work/gitee/CocosCreatorDemos/demo/3d/Creator3.5.2_3D_WeaponGlow/assets/res/src/AppStart_WeaponGlow.ts.
debug: Inspect file:///Users/mu/work/gitee/CocosCreatorDemos/demo/3d/Creator3.5.2_3D_WeaponGlow/assets/res/src/AppStart_WeaponGlow.ts
debug: Resolve cc from file:///Users/mu/work/gitee/CocosCreatorDemos/demo/3d/Creator3.5.2_3D_WeaponGlow/assets/res/src/AppStart_WeaponGlow.ts as cce:/internal/x/cc.
debug: Resolve cc from file:///Users/mu/work/gitee/CocosCreatorDemos/demo/3d/Creator3.5.2_3D_WeaponGlow/assets/res/src/AppStart_WeaponGlow.ts as cce:/internal/x/cc.
debug: Resolve file:///Users/mu/work/gitee/CocosCreatorDemos/demo/3d/Creator3.5.2_3D_WeaponGlow/assets/res/src/FollowCamera.ts from cce:/internal/x/prerequisite-imports as file:///Users/mu/work/gitee/CocosCreatorDemos/demo/3d/Creator3.5.2_3D_WeaponGlow/assets/res/src/FollowCamera.ts.
debug: Inspect file:///Users/mu/work/gitee/CocosCreatorDemos/demo/3d/Creator3.5.2_3D_WeaponGlow/assets/res/src/FollowCamera.ts
debug: Resolve cc from file:///Users/mu/work/gitee/CocosCreatorDemos/demo/3d/Creator3.5.2_3D_WeaponGlow/assets/res/src/FollowCamera.ts as cce:/internal/x/cc.
debug: Resolve cc from file:///Users/mu/work/gitee/CocosCreatorDemos/demo/3d/Creator3.5.2_3D_WeaponGlow/assets/res/src/FollowCamera.ts as cce:/internal/x/cc.
debug: Resolve file:///Users/mu/work/gitee/CocosCreatorDemos/demo/3d/Creator3.5.2_3D_WeaponGlow/assets/res/src/PlayerCtrl.ts from cce:/internal/x/prerequisite-imports as file:///Users/mu/work/gitee/CocosCreatorDemos/demo/3d/Creator3.5.2_3D_WeaponGlow/assets/res/src/PlayerCtrl.ts.
debug: Inspect file:///Users/mu/work/gitee/CocosCreatorDemos/demo/3d/Creator3.5.2_3D_WeaponGlow/assets/res/src/PlayerCtrl.ts
debug: Resolve cc from file:///Users/mu/work/gitee/CocosCreatorDemos/demo/3d/Creator3.5.2_3D_WeaponGlow/assets/res/src/PlayerCtrl.ts as cce:/internal/x/cc.
debug: Resolve cc from file:///Users/mu/work/gitee/CocosCreatorDemos/demo/3d/Creator3.5.2_3D_WeaponGlow/assets/res/src/PlayerCtrl.ts as cce:/internal/x/cc.
debug: Target(editor) ends with cost 429.71719699911773ms.
debug: Target(preview) build started.
debug: Detected change: cce:/internal/x/prerequisite-imports. Last mtime: Thu Jan 01 1970 08:04:03 GMT+0800 (中国标准时间), Current mtime: Thu Jan 01 1970 08:09:03 GMT+0800 (中国标准时间)
debug: Inspect cce:/internal/x/prerequisite-imports
debug: Resolve file:///Users/mu/work/gitee/CocosCreatorDemos/demo/3d/Creator3.5.2_3D_WeaponGlow/assets/res/src/AppStart_WeaponGlow.ts from cce:/internal/x/prerequisite-imports as file:///Users/mu/work/gitee/CocosCreatorDemos/demo/3d/Creator3.5.2_3D_WeaponGlow/assets/res/src/AppStart_WeaponGlow.ts.
debug: Inspect file:///Users/mu/work/gitee/CocosCreatorDemos/demo/3d/Creator3.5.2_3D_WeaponGlow/assets/res/src/AppStart_WeaponGlow.ts
debug: Resolve cc from file:///Users/mu/work/gitee/CocosCreatorDemos/demo/3d/Creator3.5.2_3D_WeaponGlow/assets/res/src/AppStart_WeaponGlow.ts as cce:/internal/x/cc.
debug: Resolve cc from file:///Users/mu/work/gitee/CocosCreatorDemos/demo/3d/Creator3.5.2_3D_WeaponGlow/assets/res/src/AppStart_WeaponGlow.ts as cce:/internal/x/cc.
debug: Resolve file:///Users/mu/work/gitee/CocosCreatorDemos/demo/3d/Creator3.5.2_3D_WeaponGlow/assets/res/src/FollowCamera.ts from cce:/internal/x/prerequisite-imports as file:///Users/mu/work/gitee/CocosCreatorDemos/demo/3d/Creator3.5.2_3D_WeaponGlow/assets/res/src/FollowCamera.ts.
debug: Inspect file:///Users/mu/work/gitee/CocosCreatorDemos/demo/3d/Creator3.5.2_3D_WeaponGlow/assets/res/src/FollowCamera.ts
debug: Resolve cc from file:///Users/mu/work/gitee/CocosCreatorDemos/demo/3d/Creator3.5.2_3D_WeaponGlow/assets/res/src/FollowCamera.ts as cce:/internal/x/cc.
debug: Resolve cc from file:///Users/mu/work/gitee/CocosCreatorDemos/demo/3d/Creator3.5.2_3D_WeaponGlow/assets/res/src/FollowCamera.ts as cce:/internal/x/cc.
debug: Resolve file:///Users/mu/work/gitee/CocosCreatorDemos/demo/3d/Creator3.5.2_3D_WeaponGlow/assets/res/src/PlayerCtrl.ts from cce:/internal/x/prerequisite-imports as file:///Users/mu/work/gitee/CocosCreatorDemos/demo/3d/Creator3.5.2_3D_WeaponGlow/assets/res/src/PlayerCtrl.ts.
debug: Inspect file:///Users/mu/work/gitee/CocosCreatorDemos/demo/3d/Creator3.5.2_3D_WeaponGlow/assets/res/src/PlayerCtrl.ts
debug: Resolve cc from file:///Users/mu/work/gitee/CocosCreatorDemos/demo/3d/Creator3.5.2_3D_WeaponGlow/assets/res/src/PlayerCtrl.ts as cce:/internal/x/cc.
debug: Resolve cc from file:///Users/mu/work/gitee/CocosCreatorDemos/demo/3d/Creator3.5.2_3D_WeaponGlow/assets/res/src/PlayerCtrl.ts as cce:/internal/x/cc.
debug: Target(preview) ends with cost 620.5249680001289ms.
debug: Dispatch build request for time accumulated 3 asset changes.
debug: Build iteration starts.
Number of accumulated asset changes: 3
Feature changed: false
debug: Target(editor) build started.
debug: Detected change: cce:/internal/x/prerequisite-imports. Last mtime: Thu Jan 01 1970 08:09:02 GMT+0800 (中国标准时间), Current mtime: Thu Jan 01 1970 08:09:10 GMT+0800 (中国标准时间)
debug: Inspect cce:/internal/x/prerequisite-imports
debug: Resolve file:///Users/mu/work/gitee/CocosCreatorDemos/demo/3d/Creator3.5.2_3D_WeaponGlow/assets/src/AppStart_WeaponGlow.ts from cce:/internal/x/prerequisite-imports as file:///Users/mu/work/gitee/CocosCreatorDemos/demo/3d/Creator3.5.2_3D_WeaponGlow/assets/src/AppStart_WeaponGlow.ts.
debug: Inspect file:///Users/mu/work/gitee/CocosCreatorDemos/demo/3d/Creator3.5.2_3D_WeaponGlow/assets/src/AppStart_WeaponGlow.ts
debug: Resolve cc from file:///Users/mu/work/gitee/CocosCreatorDemos/demo/3d/Creator3.5.2_3D_WeaponGlow/assets/src/AppStart_WeaponGlow.ts as cce:/internal/x/cc.
debug: Resolve cc from file:///Users/mu/work/gitee/CocosCreatorDemos/demo/3d/Creator3.5.2_3D_WeaponGlow/assets/src/AppStart_WeaponGlow.ts as cce:/internal/x/cc.
debug: Resolve file:///Users/mu/work/gitee/CocosCreatorDemos/demo/3d/Creator3.5.2_3D_WeaponGlow/assets/src/FollowCamera.ts from cce:/internal/x/prerequisite-imports as file:///Users/mu/work/gitee/CocosCreatorDemos/demo/3d/Creator3.5.2_3D_WeaponGlow/assets/src/FollowCamera.ts.
debug: Inspect file:///Users/mu/work/gitee/CocosCreatorDemos/demo/3d/Creator3.5.2_3D_WeaponGlow/assets/src/FollowCamera.ts
debug: Resolve cc from file:///Users/mu/work/gitee/CocosCreatorDemos/demo/3d/Creator3.5.2_3D_WeaponGlow/assets/src/FollowCamera.ts as cce:/internal/x/cc.
debug: Resolve cc from file:///Users/mu/work/gitee/CocosCreatorDemos/demo/3d/Creator3.5.2_3D_WeaponGlow/assets/src/FollowCamera.ts as cce:/internal/x/cc.
debug: Resolve file:///Users/mu/work/gitee/CocosCreatorDemos/demo/3d/Creator3.5.2_3D_WeaponGlow/assets/src/PlayerCtrl.ts from cce:/internal/x/prerequisite-imports as file:///Users/mu/work/gitee/CocosCreatorDemos/demo/3d/Creator3.5.2_3D_WeaponGlow/assets/src/PlayerCtrl.ts.
debug: Inspect file:///Users/mu/work/gitee/CocosCreatorDemos/demo/3d/Creator3.5.2_3D_WeaponGlow/assets/src/PlayerCtrl.ts
debug: Resolve cc from file:///Users/mu/work/gitee/CocosCreatorDemos/demo/3d/Creator3.5.2_3D_WeaponGlow/assets/src/PlayerCtrl.ts as cce:/internal/x/cc.
debug: Resolve cc from file:///Users/mu/work/gitee/CocosCreatorDemos/demo/3d/Creator3.5.2_3D_WeaponGlow/assets/src/PlayerCtrl.ts as cce:/internal/x/cc.
debug: Target(editor) ends with cost 209.9280009996146ms.
debug: Target(preview) build started.
debug: Detected change: cce:/internal/x/prerequisite-imports. Last mtime: Thu Jan 01 1970 08:09:03 GMT+0800 (中国标准时间), Current mtime: Thu Jan 01 1970 08:09:10 GMT+0800 (中国标准时间)
debug: Inspect cce:/internal/x/prerequisite-imports
debug: Resolve file:///Users/mu/work/gitee/CocosCreatorDemos/demo/3d/Creator3.5.2_3D_WeaponGlow/assets/src/AppStart_WeaponGlow.ts from cce:/internal/x/prerequisite-imports as file:///Users/mu/work/gitee/CocosCreatorDemos/demo/3d/Creator3.5.2_3D_WeaponGlow/assets/src/AppStart_WeaponGlow.ts.
debug: Inspect file:///Users/mu/work/gitee/CocosCreatorDemos/demo/3d/Creator3.5.2_3D_WeaponGlow/assets/src/AppStart_WeaponGlow.ts
debug: Resolve cc from file:///Users/mu/work/gitee/CocosCreatorDemos/demo/3d/Creator3.5.2_3D_WeaponGlow/assets/src/AppStart_WeaponGlow.ts as cce:/internal/x/cc.
debug: Resolve cc from file:///Users/mu/work/gitee/CocosCreatorDemos/demo/3d/Creator3.5.2_3D_WeaponGlow/assets/src/AppStart_WeaponGlow.ts as cce:/internal/x/cc.
debug: Resolve file:///Users/mu/work/gitee/CocosCreatorDemos/demo/3d/Creator3.5.2_3D_WeaponGlow/assets/src/FollowCamera.ts from cce:/internal/x/prerequisite-imports as file:///Users/mu/work/gitee/CocosCreatorDemos/demo/3d/Creator3.5.2_3D_WeaponGlow/assets/src/FollowCamera.ts.
debug: Inspect file:///Users/mu/work/gitee/CocosCreatorDemos/demo/3d/Creator3.5.2_3D_WeaponGlow/assets/src/FollowCamera.ts
debug: Resolve cc from file:///Users/mu/work/gitee/CocosCreatorDemos/demo/3d/Creator3.5.2_3D_WeaponGlow/assets/src/FollowCamera.ts as cce:/internal/x/cc.
debug: Resolve cc from file:///Users/mu/work/gitee/CocosCreatorDemos/demo/3d/Creator3.5.2_3D_WeaponGlow/assets/src/FollowCamera.ts as cce:/internal/x/cc.
debug: Resolve file:///Users/mu/work/gitee/CocosCreatorDemos/demo/3d/Creator3.5.2_3D_WeaponGlow/assets/src/PlayerCtrl.ts from cce:/internal/x/prerequisite-imports as file:///Users/mu/work/gitee/CocosCreatorDemos/demo/3d/Creator3.5.2_3D_WeaponGlow/assets/src/PlayerCtrl.ts.
debug: Inspect file:///Users/mu/work/gitee/CocosCreatorDemos/demo/3d/Creator3.5.2_3D_WeaponGlow/assets/src/PlayerCtrl.ts
debug: Resolve cc from file:///Users/mu/work/gitee/CocosCreatorDemos/demo/3d/Creator3.5.2_3D_WeaponGlow/assets/src/PlayerCtrl.ts as cce:/internal/x/cc.
debug: Resolve cc from file:///Users/mu/work/gitee/CocosCreatorDemos/demo/3d/Creator3.5.2_3D_WeaponGlow/assets/src/PlayerCtrl.ts as cce:/internal/x/cc.
debug: Target(preview) ends with cost 441.4030830003321ms.
debug: Dispatch build request for time accumulated 2 asset changes.
debug: Build iteration starts.
Number of accumulated asset changes: 2
Feature changed: false
debug: Target(editor) build started.
debug: Detected change: cce:/internal/x/prerequisite-imports. Last mtime: Thu Jan 01 1970 08:09:10 GMT+0800 (中国标准时间), Current mtime: Thu Jan 01 1970 08:19:47 GMT+0800 (中国标准时间)
debug: Inspect cce:/internal/x/prerequisite-imports
debug: Resolve file:///Users/mu/work/gitee/CocosCreatorDemos/demo/3d/Creator3.5.2_3D_WeaponGlow/assets/src/AppStart_WeaponGlow.ts from cce:/internal/x/prerequisite-imports as file:///Users/mu/work/gitee/CocosCreatorDemos/demo/3d/Creator3.5.2_3D_WeaponGlow/assets/src/AppStart_WeaponGlow.ts.
debug: Detected change: file:///Users/mu/work/gitee/CocosCreatorDemos/demo/3d/Creator3.5.2_3D_WeaponGlow/assets/src/AppStart_WeaponGlow.ts. Last mtime: Thu Jun 23 2022 14:21:42 GMT+0800 (中国标准时间)@1146e3d8-fa37-42e1-b538-55d15ee39168, Current mtime: Thu Jun 23 2022 14:34:38 GMT+0800 (中国标准时间)@1146e3d8-fa37-42e1-b538-55d15ee39168
debug: Inspect file:///Users/mu/work/gitee/CocosCreatorDemos/demo/3d/Creator3.5.2_3D_WeaponGlow/assets/src/AppStart_WeaponGlow.ts
debug: Dispatch build request for time accumulated 1 asset changes.
debug: Resolve cc from file:///Users/mu/work/gitee/CocosCreatorDemos/demo/3d/Creator3.5.2_3D_WeaponGlow/assets/src/AppStart_WeaponGlow.ts as cce:/internal/x/cc.
debug: Resolve cc from file:///Users/mu/work/gitee/CocosCreatorDemos/demo/3d/Creator3.5.2_3D_WeaponGlow/assets/src/AppStart_WeaponGlow.ts as cce:/internal/x/cc.
debug: Resolve file:///Users/mu/work/gitee/CocosCreatorDemos/demo/3d/Creator3.5.2_3D_WeaponGlow/assets/src/FollowCamera.ts from cce:/internal/x/prerequisite-imports as file:///Users/mu/work/gitee/CocosCreatorDemos/demo/3d/Creator3.5.2_3D_WeaponGlow/assets/src/FollowCamera.ts.
debug: Detected change: file:///Users/mu/work/gitee/CocosCreatorDemos/demo/3d/Creator3.5.2_3D_WeaponGlow/assets/src/FollowCamera.ts. Last mtime: Thu Jun 23 2022 14:21:42 GMT+0800 (中国标准时间)@8a6dda79-6e93-43a7-a19c-9ef44071109b, Current mtime: Thu Jun 23 2022 14:35:51 GMT+0800 (中国标准时间)@8a6dda79-6e93-43a7-a19c-9ef44071109b
debug: Inspect file:///Users/mu/work/gitee/CocosCreatorDemos/demo/3d/Creator3.5.2_3D_WeaponGlow/assets/src/FollowCamera.ts
debug: Resolve cc from file:///Users/mu/work/gitee/CocosCreatorDemos/demo/3d/Creator3.5.2_3D_WeaponGlow/assets/src/FollowCamera.ts as cce:/internal/x/cc.
debug: Resolve cc from file:///Users/mu/work/gitee/CocosCreatorDemos/demo/3d/Creator3.5.2_3D_WeaponGlow/assets/src/FollowCamera.ts as cce:/internal/x/cc.
debug: Resolve file:///Users/mu/work/gitee/CocosCreatorDemos/demo/3d/Creator3.5.2_3D_WeaponGlow/assets/src/PlayerCtrl.ts from cce:/internal/x/prerequisite-imports as file:///Users/mu/work/gitee/CocosCreatorDemos/demo/3d/Creator3.5.2_3D_WeaponGlow/assets/src/PlayerCtrl.ts.
debug: Detected change: file:///Users/mu/work/gitee/CocosCreatorDemos/demo/3d/Creator3.5.2_3D_WeaponGlow/assets/src/PlayerCtrl.ts. Last mtime: Thu Jun 23 2022 14:21:42 GMT+0800 (中国标准时间)@f67541b9-d122-4575-a923-e769f1c9bab3, Current mtime: Thu Jun 23 2022 14:36:51 GMT+0800 (中国标准时间)@f67541b9-d122-4575-a923-e769f1c9bab3
debug: Inspect file:///Users/mu/work/gitee/CocosCreatorDemos/demo/3d/Creator3.5.2_3D_WeaponGlow/assets/src/PlayerCtrl.ts
debug: Resolve cc from file:///Users/mu/work/gitee/CocosCreatorDemos/demo/3d/Creator3.5.2_3D_WeaponGlow/assets/src/PlayerCtrl.ts as cce:/internal/x/cc.
debug: Resolve cc from file:///Users/mu/work/gitee/CocosCreatorDemos/demo/3d/Creator3.5.2_3D_WeaponGlow/assets/src/PlayerCtrl.ts as cce:/internal/x/cc.
debug: Target(editor) ends with cost 223.1308990009129ms.
debug: Target(preview) build started.
debug: Detected change: cce:/internal/x/prerequisite-imports. Last mtime: Thu Jan 01 1970 08:09:10 GMT+0800 (中国标准时间), Current mtime: Thu Jan 01 1970 08:19:47 GMT+0800 (中国标准时间)
debug: Inspect cce:/internal/x/prerequisite-imports
debug: Resolve file:///Users/mu/work/gitee/CocosCreatorDemos/demo/3d/Creator3.5.2_3D_WeaponGlow/assets/src/AppStart_WeaponGlow.ts from cce:/internal/x/prerequisite-imports as file:///Users/mu/work/gitee/CocosCreatorDemos/demo/3d/Creator3.5.2_3D_WeaponGlow/assets/src/AppStart_WeaponGlow.ts.
debug: Detected change: file:///Users/mu/work/gitee/CocosCreatorDemos/demo/3d/Creator3.5.2_3D_WeaponGlow/assets/src/AppStart_WeaponGlow.ts. Last mtime: Thu Jun 23 2022 14:21:42 GMT+0800 (中国标准时间)@1146e3d8-fa37-42e1-b538-55d15ee39168, Current mtime: Thu Jun 23 2022 14:34:38 GMT+0800 (中国标准时间)@1146e3d8-fa37-42e1-b538-55d15ee39168
debug: Inspect file:///Users/mu/work/gitee/CocosCreatorDemos/demo/3d/Creator3.5.2_3D_WeaponGlow/assets/src/AppStart_WeaponGlow.ts
debug: Resolve cc from file:///Users/mu/work/gitee/CocosCreatorDemos/demo/3d/Creator3.5.2_3D_WeaponGlow/assets/src/AppStart_WeaponGlow.ts as cce:/internal/x/cc.
debug: Resolve cc from file:///Users/mu/work/gitee/CocosCreatorDemos/demo/3d/Creator3.5.2_3D_WeaponGlow/assets/src/AppStart_WeaponGlow.ts as cce:/internal/x/cc.
debug: Resolve file:///Users/mu/work/gitee/CocosCreatorDemos/demo/3d/Creator3.5.2_3D_WeaponGlow/assets/src/FollowCamera.ts from cce:/internal/x/prerequisite-imports as file:///Users/mu/work/gitee/CocosCreatorDemos/demo/3d/Creator3.5.2_3D_WeaponGlow/assets/src/FollowCamera.ts.
debug: Detected change: file:///Users/mu/work/gitee/CocosCreatorDemos/demo/3d/Creator3.5.2_3D_WeaponGlow/assets/src/FollowCamera.ts. Last mtime: Thu Jun 23 2022 14:21:42 GMT+0800 (中国标准时间)@8a6dda79-6e93-43a7-a19c-9ef44071109b, Current mtime: Thu Jun 23 2022 14:35:51 GMT+0800 (中国标准时间)@8a6dda79-6e93-43a7-a19c-9ef44071109b
debug: Inspect file:///Users/mu/work/gitee/CocosCreatorDemos/demo/3d/Creator3.5.2_3D_WeaponGlow/assets/src/FollowCamera.ts
debug: Resolve cc from file:///Users/mu/work/gitee/CocosCreatorDemos/demo/3d/Creator3.5.2_3D_WeaponGlow/assets/src/FollowCamera.ts as cce:/internal/x/cc.
debug: Resolve cc from file:///Users/mu/work/gitee/CocosCreatorDemos/demo/3d/Creator3.5.2_3D_WeaponGlow/assets/src/FollowCamera.ts as cce:/internal/x/cc.
debug: Resolve file:///Users/mu/work/gitee/CocosCreatorDemos/demo/3d/Creator3.5.2_3D_WeaponGlow/assets/src/PlayerCtrl.ts from cce:/internal/x/prerequisite-imports as file:///Users/mu/work/gitee/CocosCreatorDemos/demo/3d/Creator3.5.2_3D_WeaponGlow/assets/src/PlayerCtrl.ts.
debug: Detected change: file:///Users/mu/work/gitee/CocosCreatorDemos/demo/3d/Creator3.5.2_3D_WeaponGlow/assets/src/PlayerCtrl.ts. Last mtime: Thu Jun 23 2022 14:21:42 GMT+0800 (中国标准时间)@f67541b9-d122-4575-a923-e769f1c9bab3, Current mtime: Thu Jun 23 2022 14:36:51 GMT+0800 (中国标准时间)@f67541b9-d122-4575-a923-e769f1c9bab3
debug: Inspect file:///Users/mu/work/gitee/CocosCreatorDemos/demo/3d/Creator3.5.2_3D_WeaponGlow/assets/src/PlayerCtrl.ts
debug: Resolve cc from file:///Users/mu/work/gitee/CocosCreatorDemos/demo/3d/Creator3.5.2_3D_WeaponGlow/assets/src/PlayerCtrl.ts as cce:/internal/x/cc.
debug: Resolve cc from file:///Users/mu/work/gitee/CocosCreatorDemos/demo/3d/Creator3.5.2_3D_WeaponGlow/assets/src/PlayerCtrl.ts as cce:/internal/x/cc.
debug: Target(preview) ends with cost 446.7204190008342ms.
debug: Build iteration starts.
Number of accumulated asset changes: 1
Feature changed: false
debug: Target(editor) build started.
debug: Detected change: cce:/internal/x/prerequisite-imports. Last mtime: Thu Jan 01 1970 08:19:47 GMT+0800 (中国标准时间), Current mtime: Thu Jan 01 1970 08:19:47 GMT+0800 (中国标准时间)
debug: Inspect cce:/internal/x/prerequisite-imports
debug: Resolve file:///Users/mu/work/gitee/CocosCreatorDemos/demo/3d/Creator3.5.2_3D_WeaponGlow/assets/src/AppStart_WeaponGlow.ts from cce:/internal/x/prerequisite-imports as file:///Users/mu/work/gitee/CocosCreatorDemos/demo/3d/Creator3.5.2_3D_WeaponGlow/assets/src/AppStart_WeaponGlow.ts.
debug: Resolve file:///Users/mu/work/gitee/CocosCreatorDemos/demo/3d/Creator3.5.2_3D_WeaponGlow/assets/src/FollowCamera.ts from cce:/internal/x/prerequisite-imports as file:///Users/mu/work/gitee/CocosCreatorDemos/demo/3d/Creator3.5.2_3D_WeaponGlow/assets/src/FollowCamera.ts.
debug: Resolve file:///Users/mu/work/gitee/CocosCreatorDemos/demo/3d/Creator3.5.2_3D_WeaponGlow/assets/src/PlayerCtrl.ts from cce:/internal/x/prerequisite-imports as file:///Users/mu/work/gitee/CocosCreatorDemos/demo/3d/Creator3.5.2_3D_WeaponGlow/assets/src/PlayerCtrl.ts.
debug: Target(editor) ends with cost 146.11424200050533ms.
debug: Target(preview) build started.
debug: Detected change: cce:/internal/x/prerequisite-imports. Last mtime: Thu Jan 01 1970 08:19:47 GMT+0800 (中国标准时间), Current mtime: Thu Jan 01 1970 08:19:47 GMT+0800 (中国标准时间)
debug: Inspect cce:/internal/x/prerequisite-imports
debug: Resolve file:///Users/mu/work/gitee/CocosCreatorDemos/demo/3d/Creator3.5.2_3D_WeaponGlow/assets/src/AppStart_WeaponGlow.ts from cce:/internal/x/prerequisite-imports as file:///Users/mu/work/gitee/CocosCreatorDemos/demo/3d/Creator3.5.2_3D_WeaponGlow/assets/src/AppStart_WeaponGlow.ts.
debug: Resolve file:///Users/mu/work/gitee/CocosCreatorDemos/demo/3d/Creator3.5.2_3D_WeaponGlow/assets/src/FollowCamera.ts from cce:/internal/x/prerequisite-imports as file:///Users/mu/work/gitee/CocosCreatorDemos/demo/3d/Creator3.5.2_3D_WeaponGlow/assets/src/FollowCamera.ts.
debug: Resolve file:///Users/mu/work/gitee/CocosCreatorDemos/demo/3d/Creator3.5.2_3D_WeaponGlow/assets/src/PlayerCtrl.ts from cce:/internal/x/prerequisite-imports as file:///Users/mu/work/gitee/CocosCreatorDemos/demo/3d/Creator3.5.2_3D_WeaponGlow/assets/src/PlayerCtrl.ts.
debug: Target(preview) ends with cost 161.0426519997418ms.
