2022-06-22T16:30:06.152Z - log: [Package] menu@1.0.0 enable
2022-06-22T16:30:06.155Z - log: [Package] profile@1.0.0 enable
2022-06-22T16:30:06.167Z - log: [Package] project@1.0.2 enable
2022-06-22T16:30:06.173Z - log: [Package] messages@1.0.0 enable
2022-06-22T16:30:06.177Z - log: [Package] program@1.0.0 enable
2022-06-22T16:30:06.184Z - log: [Package] tester@1.0.0 enable
2022-06-22T16:30:06.190Z - log: [Package] preferences@1.0.0 enable
2022-06-22T16:30:06.995Z - log: Setup mods mgr.: 336.172ms
2022-06-22T16:30:07.004Z - verbose: [Engine] QuickCompile engine (742ms)
2022-06-22T16:30:07.007Z - log: [Package] engine@1.0.6 enable
2022-06-22T16:30:07.894Z - log: [Package] programming@1.0.0 enable
2022-06-22T16:30:08.201Z - log: [Package] device@1.0.1 enable
2022-06-22T16:30:08.230Z - log: [Package] ui-kit@1.0.1 enable
2022-06-22T16:30:08.271Z - log: [Package] engine-extends@1.0.0 enable
2022-06-22T16:30:08.342Z - log: [Package] asset-db@1.0.0 enable
2022-06-22T16:30:08.398Z - log: [Package] scene@1.0.0 enable
2022-06-22T16:30:08.685Z - log: [Package] server@1.0.0 enable
2022-06-22T16:30:08.685Z - warn: Server: Port 7456 is occupied
2022-06-22T16:30:08.721Z - log: [Package] utils@1.0.0 enable
2022-06-22T16:30:13.546Z - log: [Package] preview@1.0.1 enable
2022-06-22T16:30:13.580Z - log: [Package] animator@1.0.0 enable
2022-06-22T16:30:13.711Z - log: 设置的 IP 地址不存在，将使用默认 IP
2022-06-22T16:30:14.732Z - log: [Package] builder@1.3.2 enable
2022-06-22T16:30:14.770Z - log: [Package] shortcuts@1.0.1 enable
2022-06-22T16:30:14.805Z - log: [Package] animation-graph@1.0.0 enable
2022-06-22T16:30:14.828Z - log: [Package] runtime-dev-tools@1.0.0 enable
2022-06-22T16:30:14.850Z - log: [Package] channel-upload-tools@1.0.0 enable
2022-06-22T16:30:14.882Z - log: [Package] about@1.0.0 enable
2022-06-22T16:30:14.916Z - log: [Package] assets@1.0.0 enable
2022-06-22T16:30:14.948Z - log: [Package] console@1.0.0 enable
2022-06-22T16:30:15.192Z - log: [Package] extension@3.0.16 enable
2022-06-22T16:30:15.236Z - log: [Package] hierarchy@1.0.0 enable
2022-06-22T16:30:15.286Z - log: [Package] inspector@1.0.0 enable
2022-06-22T16:30:15.351Z - log: [Package] lightmap@1.0.4 enable
2022-06-22T16:30:15.401Z - log: [Package] node-library@1.0.1 enable
2022-06-22T16:30:15.441Z - log: [Package] package-asset@1.0.0 enable
2022-06-22T16:30:15.476Z - log: [Package] process@1.0.0 enable
2022-06-22T16:30:15.515Z - log: [Package] reference-image@1.0.0 enable
2022-06-22T16:30:15.537Z - log: [Package] alipay-mini-game@1.0.0 enable
2022-06-22T16:30:15.568Z - log: [Package] android@1.0.0 enable
2022-06-22T16:30:15.595Z - log: [Package] baidu-mini-game@1.0.0 enable
2022-06-22T16:30:15.622Z - log: [Package] bytedance-mini-game@1.0.1 enable
2022-06-22T16:30:15.653Z - log: [Package] cocos-play@1.0.0 enable
2022-06-22T16:30:15.682Z - log: [Package] huawei-agc@1.0.0 enable
2022-06-22T16:30:15.710Z - log: [Package] huawei-quick-game@1.0.0 enable
2022-06-22T16:30:17.163Z - log: [Package] ios@1.0.0 enable
2022-06-22T16:30:17.208Z - log: [Package] ios-app-clip@1.0.0 enable
2022-06-22T16:30:17.250Z - log: [Package] link-sure@1.0.0 enable
2022-06-22T16:30:17.287Z - log: [Package] linux@1.0.0 enable
2022-06-22T16:30:17.321Z - log: [Package] mac@1.0.0 enable
2022-06-22T16:30:17.492Z - log: [Package] native@1.0.0 enable
2022-06-22T16:30:17.511Z - verbose: [AssetDB] Require engine code (2917ms)
2022-06-22T16:30:17.567Z - log: [Package] ohos@1.0.0 enable
2022-06-22T16:30:17.605Z - log: [Package] open-harmonyos@1.0.0 enable
2022-06-22T16:30:17.643Z - log: [Package] oppo-mini-game@1.0.0 enable
2022-06-22T16:30:17.684Z - log: [Package] qtt@1.0.0 enable
2022-06-22T16:30:17.715Z - log: [Package] vivo-mini-game@1.0.0 enable
2022-06-22T16:30:17.757Z - log: [Package] web-desktop@1.0.0 enable
2022-06-22T16:30:17.799Z - log: [Package] web-mobile@1.0.0 enable
2022-06-22T16:30:17.838Z - log: [Package] wechatgame@1.0.1 enable
2022-06-22T16:30:17.863Z - log: [Package] windows@1.0.0 enable
2022-06-22T16:30:17.889Z - log: [Package] xiaomi-quick-game@1.0.0 enable
2022-06-22T16:30:18.420Z - log: [Package] cocos-service@3.0.3 enable
2022-06-22T16:30:18.592Z - log: [Package] importer@1.0.0 enable
2022-06-22T16:30:19.070Z - log: [Im-plugin] Check im-plugin version.
2022-06-22T16:30:19.095Z - log: [Package] im-plugin@3.0.8 enable
2022-06-22T16:30:20.020Z - log: [Im-plugin] No online info of im-plugin.
2022-06-22T16:30:21.357Z - log: 设置的 IP 地址不存在，将使用默认 IP
2022-06-22T16:30:57.523Z - verbose: [Scene] Require engine code (1ms)
2022-06-22T16:30:57.524Z - verbose: [Scene] Startup engine (1ms)
2022-06-22T16:30:57.561Z - log: [Scene] Cocos Creator v3.5.2
2022-06-22T16:30:57.844Z - log: [Scene] No need to specify the "type" of "FollowCamera.lookAtOffset" because cc.Vec3 is a child class of ValueType.
2022-06-22T16:30:58.106Z - verbose: [Scene] Open engine (582ms)
2022-06-22T16:30:58.106Z - verbose: [Scene] Configure engine (0ms)
2022-06-22T16:30:57.855Z - info: [Scene] Forward render pipeline initialized.
2022-06-22T16:30:59.024Z - log: [Scene] No need to specify the "type" of "FollowCamera.lookAtOffset" because cc.Vec3 is a child class of ValueType.
2022-06-22T16:34:50.953Z - log: [Scene] No need to specify the "type" of "FollowCamera.lookAtOffset" because cc.Vec3 is a child class of ValueType.
2022-06-22T16:37:47.865Z - warn: Metrics: no valid info
