debug: Thu, 23 Jun 2022 02:50:29 GMT
debug: Project: /Users/mu/work/gitee/CocosCreatorDemos/demo/2dP1/Creator3.5.2_2D_Multitex
debug: Targets: editor,preview
debug: Incremental file seems great.
debug: Engine path: /Applications/CocosCreator/Creator/3.5.2/CocosCreator.app/Contents/Resources/resources/3d/engine
debug: Initializing target [Editor]
debug: Loading cache
debug: Loading cache costs 1.9160790001042187ms.
debug: Engine features shipped in editor: base,gfx-webgl,gfx-webgl2,3d,animation,skeletal-animation,2d,ui,particle,particle-2d,physics-framework,physics-2d-framework,intersection-2d,primitive,profiler,audio,video,terrain,webview,tween,tiled-map,spine,dragon-bones,marionette
debug: Initializing target [Preview]
debug: Loading cache
debug: Loading cache costs 2.301527999807149ms.
debug: Sync engine features: 2d,3d,animation,audio,base,dragon-bones,gfx-webgl,gfx-webgl2,intersection-2d,marionette,particle,particle-2d,physics-2d-box2d,physics-ammo,primitive,profiler,skeletal-animation,spine,terrain,tiled-map,tween,ui,video,webview
debug: Pulling asset-db.
debug: Fetch asset-db cost: 14.125696999952197ms.
debug: Build iteration starts.
Number of accumulated asset changes: 3
Feature changed: false
debug: Target(editor) build started.
debug: Detected change: cce:/internal/x/cc. Last mtime: Thu Jan 01 1970 08:00:20 GMT+0800 (中国标准时间), Current mtime: Thu Jan 01 1970 08:00:20 GMT+0800 (中国标准时间)
debug: Inspect cce:/internal/x/cc
debug: Resolve cce:/internal/x/cc-fu/base from cce:/internal/x/cc as external dependency cce:/internal/x/cc-fu/base.
debug: Resolve cce:/internal/x/cc-fu/gfx-webgl from cce:/internal/x/cc as external dependency cce:/internal/x/cc-fu/gfx-webgl.
debug: Resolve cce:/internal/x/cc-fu/gfx-webgl2 from cce:/internal/x/cc as external dependency cce:/internal/x/cc-fu/gfx-webgl2.
debug: Resolve cce:/internal/x/cc-fu/3d from cce:/internal/x/cc as external dependency cce:/internal/x/cc-fu/3d.
debug: Resolve cce:/internal/x/cc-fu/animation from cce:/internal/x/cc as external dependency cce:/internal/x/cc-fu/animation.
debug: Resolve cce:/internal/x/cc-fu/skeletal-animation from cce:/internal/x/cc as external dependency cce:/internal/x/cc-fu/skeletal-animation.
debug: Resolve cce:/internal/x/cc-fu/2d from cce:/internal/x/cc as external dependency cce:/internal/x/cc-fu/2d.
debug: Resolve cce:/internal/x/cc-fu/ui from cce:/internal/x/cc as external dependency cce:/internal/x/cc-fu/ui.
debug: Resolve cce:/internal/x/cc-fu/particle from cce:/internal/x/cc as external dependency cce:/internal/x/cc-fu/particle.
debug: Resolve cce:/internal/x/cc-fu/particle-2d from cce:/internal/x/cc as external dependency cce:/internal/x/cc-fu/particle-2d.
debug: Resolve cce:/internal/x/cc-fu/physics-framework from cce:/internal/x/cc as external dependency cce:/internal/x/cc-fu/physics-framework.
debug: Resolve cce:/internal/x/cc-fu/physics-2d-framework from cce:/internal/x/cc as external dependency cce:/internal/x/cc-fu/physics-2d-framework.
debug: Resolve cce:/internal/x/cc-fu/intersection-2d from cce:/internal/x/cc as external dependency cce:/internal/x/cc-fu/intersection-2d.
debug: Resolve cce:/internal/x/cc-fu/primitive from cce:/internal/x/cc as external dependency cce:/internal/x/cc-fu/primitive.
debug: Resolve cce:/internal/x/cc-fu/profiler from cce:/internal/x/cc as external dependency cce:/internal/x/cc-fu/profiler.
debug: Resolve cce:/internal/x/cc-fu/audio from cce:/internal/x/cc as external dependency cce:/internal/x/cc-fu/audio.
debug: Resolve cce:/internal/x/cc-fu/video from cce:/internal/x/cc as external dependency cce:/internal/x/cc-fu/video.
debug: Resolve cce:/internal/x/cc-fu/terrain from cce:/internal/x/cc as external dependency cce:/internal/x/cc-fu/terrain.
debug: Resolve cce:/internal/x/cc-fu/webview from cce:/internal/x/cc as external dependency cce:/internal/x/cc-fu/webview.
debug: Resolve cce:/internal/x/cc-fu/tween from cce:/internal/x/cc as external dependency cce:/internal/x/cc-fu/tween.
debug: Resolve cce:/internal/x/cc-fu/tiled-map from cce:/internal/x/cc as external dependency cce:/internal/x/cc-fu/tiled-map.
debug: Resolve cce:/internal/x/cc-fu/spine from cce:/internal/x/cc as external dependency cce:/internal/x/cc-fu/spine.
debug: Resolve cce:/internal/x/cc-fu/dragon-bones from cce:/internal/x/cc as external dependency cce:/internal/x/cc-fu/dragon-bones.
debug: Detected change: cce:/internal/x/prerequisite-imports. Last mtime: Thu Jan 01 1970 11:43:49 GMT+0800 (中国标准时间), Current mtime: Thu Jan 01 1970 08:00:20 GMT+0800 (中国标准时间)
debug: Inspect cce:/internal/x/prerequisite-imports
debug: Resolve file:///Users/mu/work/gitee/CocosCreatorDemos/demo/2dP1/Creator3.5.2_2D_Multitex/assets/src/MTBatcher2D.ts from cce:/internal/x/prerequisite-imports as file:///Users/mu/work/gitee/CocosCreatorDemos/demo/2dP1/Creator3.5.2_2D_Multitex/assets/src/MTBatcher2D.ts.
debug: Inspect file:///Users/mu/work/gitee/CocosCreatorDemos/demo/2dP1/Creator3.5.2_2D_Multitex/assets/src/MTBatcher2D.ts
debug: Resolve cc from file:///Users/mu/work/gitee/CocosCreatorDemos/demo/2dP1/Creator3.5.2_2D_Multitex/assets/src/MTBatcher2D.ts as cce:/internal/x/cc.
debug: Resolve cc from file:///Users/mu/work/gitee/CocosCreatorDemos/demo/2dP1/Creator3.5.2_2D_Multitex/assets/src/MTBatcher2D.ts as cce:/internal/x/cc.
debug: Resolve file:///Users/mu/work/gitee/CocosCreatorDemos/demo/2dP1/Creator3.5.2_2D_Multitex/assets/src/MTSprite.ts from cce:/internal/x/prerequisite-imports as file:///Users/mu/work/gitee/CocosCreatorDemos/demo/2dP1/Creator3.5.2_2D_Multitex/assets/src/MTSprite.ts.
debug: Inspect file:///Users/mu/work/gitee/CocosCreatorDemos/demo/2dP1/Creator3.5.2_2D_Multitex/assets/src/MTSprite.ts
debug: Resolve cce:/internal/code-quality/cr.mjs from file:///Users/mu/work/gitee/CocosCreatorDemos/demo/2dP1/Creator3.5.2_2D_Multitex/assets/src/MTSprite.ts as cce:/internal/code-quality/cr.mjs.
debug: Detected change: cce:/internal/code-quality/cr.mjs. Last mtime: Wed Jun 22 2022 15:28:44 GMT+0800 (中国标准时间), Current mtime: Thu Jun 23 2022 10:50:09 GMT+0800 (中国标准时间)
debug: Inspect cce:/internal/code-quality/cr.mjs
debug: Resolve cc from file:///Users/mu/work/gitee/CocosCreatorDemos/demo/2dP1/Creator3.5.2_2D_Multitex/assets/src/MTSprite.ts as cce:/internal/x/cc.
debug: Resolve cc from file:///Users/mu/work/gitee/CocosCreatorDemos/demo/2dP1/Creator3.5.2_2D_Multitex/assets/src/MTSprite.ts as cce:/internal/x/cc.
debug: Resolve ./MTTex from file:///Users/mu/work/gitee/CocosCreatorDemos/demo/2dP1/Creator3.5.2_2D_Multitex/assets/src/MTSprite.ts as file:///Users/mu/work/gitee/CocosCreatorDemos/demo/2dP1/Creator3.5.2_2D_Multitex/assets/src/MTTex.ts.
debug: Inspect file:///Users/mu/work/gitee/CocosCreatorDemos/demo/2dP1/Creator3.5.2_2D_Multitex/assets/src/MTTex.ts
debug: Resolve cce:/internal/code-quality/cr.mjs from file:///Users/mu/work/gitee/CocosCreatorDemos/demo/2dP1/Creator3.5.2_2D_Multitex/assets/src/MTTex.ts as cce:/internal/code-quality/cr.mjs.
debug: Resolve cc from file:///Users/mu/work/gitee/CocosCreatorDemos/demo/2dP1/Creator3.5.2_2D_Multitex/assets/src/MTTex.ts as cce:/internal/x/cc.
debug: Resolve cc from file:///Users/mu/work/gitee/CocosCreatorDemos/demo/2dP1/Creator3.5.2_2D_Multitex/assets/src/MTTex.ts as cce:/internal/x/cc.
debug: Resolve ./MTBatcher2D from file:///Users/mu/work/gitee/CocosCreatorDemos/demo/2dP1/Creator3.5.2_2D_Multitex/assets/src/MTTex.ts as file:///Users/mu/work/gitee/CocosCreatorDemos/demo/2dP1/Creator3.5.2_2D_Multitex/assets/src/MTBatcher2D.ts.
debug: Resolve file:///Users/mu/work/gitee/CocosCreatorDemos/demo/2dP1/Creator3.5.2_2D_Multitex/assets/src/MTTex.ts from cce:/internal/x/prerequisite-imports as file:///Users/mu/work/gitee/CocosCreatorDemos/demo/2dP1/Creator3.5.2_2D_Multitex/assets/src/MTTex.ts.
debug: Target(editor) ends with cost 1142.1062479997054ms.
debug: Target(preview) build started.
debug: Detected change: cce:/internal/x/cc. Last mtime: Thu Jan 01 1970 08:00:20 GMT+0800 (中国标准时间), Current mtime: Thu Jan 01 1970 08:00:20 GMT+0800 (中国标准时间)
debug: Inspect cce:/internal/x/cc
debug: Resolve cce:/internal/x/cc-fu/2d from cce:/internal/x/cc as external dependency cce:/internal/x/cc-fu/2d.
debug: Resolve cce:/internal/x/cc-fu/3d from cce:/internal/x/cc as external dependency cce:/internal/x/cc-fu/3d.
debug: Resolve cce:/internal/x/cc-fu/animation from cce:/internal/x/cc as external dependency cce:/internal/x/cc-fu/animation.
debug: Resolve cce:/internal/x/cc-fu/audio from cce:/internal/x/cc as external dependency cce:/internal/x/cc-fu/audio.
debug: Resolve cce:/internal/x/cc-fu/base from cce:/internal/x/cc as external dependency cce:/internal/x/cc-fu/base.
debug: Resolve cce:/internal/x/cc-fu/dragon-bones from cce:/internal/x/cc as external dependency cce:/internal/x/cc-fu/dragon-bones.
debug: Resolve cce:/internal/x/cc-fu/gfx-webgl from cce:/internal/x/cc as external dependency cce:/internal/x/cc-fu/gfx-webgl.
debug: Resolve cce:/internal/x/cc-fu/gfx-webgl2 from cce:/internal/x/cc as external dependency cce:/internal/x/cc-fu/gfx-webgl2.
debug: Resolve cce:/internal/x/cc-fu/intersection-2d from cce:/internal/x/cc as external dependency cce:/internal/x/cc-fu/intersection-2d.
debug: Resolve cce:/internal/x/cc-fu/particle from cce:/internal/x/cc as external dependency cce:/internal/x/cc-fu/particle.
debug: Resolve cce:/internal/x/cc-fu/particle-2d from cce:/internal/x/cc as external dependency cce:/internal/x/cc-fu/particle-2d.
debug: Resolve cce:/internal/x/cc-fu/physics-2d-box2d from cce:/internal/x/cc as external dependency cce:/internal/x/cc-fu/physics-2d-box2d.
debug: Resolve cce:/internal/x/cc-fu/physics-2d-framework from cce:/internal/x/cc as external dependency cce:/internal/x/cc-fu/physics-2d-framework.
debug: Resolve cce:/internal/x/cc-fu/physics-ammo from cce:/internal/x/cc as external dependency cce:/internal/x/cc-fu/physics-ammo.
debug: Resolve cce:/internal/x/cc-fu/physics-framework from cce:/internal/x/cc as external dependency cce:/internal/x/cc-fu/physics-framework.
debug: Resolve cce:/internal/x/cc-fu/wait-for-ammo-instantiation from cce:/internal/x/cc as external dependency cce:/internal/x/cc-fu/wait-for-ammo-instantiation.
debug: Resolve cce:/internal/x/cc-fu/primitive from cce:/internal/x/cc as external dependency cce:/internal/x/cc-fu/primitive.
debug: Resolve cce:/internal/x/cc-fu/profiler from cce:/internal/x/cc as external dependency cce:/internal/x/cc-fu/profiler.
debug: Resolve cce:/internal/x/cc-fu/skeletal-animation from cce:/internal/x/cc as external dependency cce:/internal/x/cc-fu/skeletal-animation.
debug: Resolve cce:/internal/x/cc-fu/spine from cce:/internal/x/cc as external dependency cce:/internal/x/cc-fu/spine.
debug: Resolve cce:/internal/x/cc-fu/terrain from cce:/internal/x/cc as external dependency cce:/internal/x/cc-fu/terrain.
debug: Resolve cce:/internal/x/cc-fu/tiled-map from cce:/internal/x/cc as external dependency cce:/internal/x/cc-fu/tiled-map.
debug: Resolve cce:/internal/x/cc-fu/tween from cce:/internal/x/cc as external dependency cce:/internal/x/cc-fu/tween.
debug: Resolve cce:/internal/x/cc-fu/ui from cce:/internal/x/cc as external dependency cce:/internal/x/cc-fu/ui.
debug: Resolve cce:/internal/x/cc-fu/video from cce:/internal/x/cc as external dependency cce:/internal/x/cc-fu/video.
debug: Resolve cce:/internal/x/cc-fu/webview from cce:/internal/x/cc as external dependency cce:/internal/x/cc-fu/webview.
debug: Detected change: cce:/internal/x/prerequisite-imports. Last mtime: Thu Jan 01 1970 11:43:49 GMT+0800 (中国标准时间), Current mtime: Thu Jan 01 1970 08:00:21 GMT+0800 (中国标准时间)
debug: Inspect cce:/internal/x/prerequisite-imports
debug: Resolve file:///Users/mu/work/gitee/CocosCreatorDemos/demo/2dP1/Creator3.5.2_2D_Multitex/assets/src/MTBatcher2D.ts from cce:/internal/x/prerequisite-imports as file:///Users/mu/work/gitee/CocosCreatorDemos/demo/2dP1/Creator3.5.2_2D_Multitex/assets/src/MTBatcher2D.ts.
debug: Inspect file:///Users/mu/work/gitee/CocosCreatorDemos/demo/2dP1/Creator3.5.2_2D_Multitex/assets/src/MTBatcher2D.ts
debug: Resolve cc from file:///Users/mu/work/gitee/CocosCreatorDemos/demo/2dP1/Creator3.5.2_2D_Multitex/assets/src/MTBatcher2D.ts as cce:/internal/x/cc.
debug: Resolve cc from file:///Users/mu/work/gitee/CocosCreatorDemos/demo/2dP1/Creator3.5.2_2D_Multitex/assets/src/MTBatcher2D.ts as cce:/internal/x/cc.
debug: Resolve file:///Users/mu/work/gitee/CocosCreatorDemos/demo/2dP1/Creator3.5.2_2D_Multitex/assets/src/MTSprite.ts from cce:/internal/x/prerequisite-imports as file:///Users/mu/work/gitee/CocosCreatorDemos/demo/2dP1/Creator3.5.2_2D_Multitex/assets/src/MTSprite.ts.
debug: Inspect file:///Users/mu/work/gitee/CocosCreatorDemos/demo/2dP1/Creator3.5.2_2D_Multitex/assets/src/MTSprite.ts
debug: Resolve cce:/internal/code-quality/cr.mjs from file:///Users/mu/work/gitee/CocosCreatorDemos/demo/2dP1/Creator3.5.2_2D_Multitex/assets/src/MTSprite.ts as cce:/internal/code-quality/cr.mjs.
debug: Detected change: cce:/internal/code-quality/cr.mjs. Last mtime: Wed Jun 22 2022 15:28:44 GMT+0800 (中国标准时间), Current mtime: Thu Jun 23 2022 10:50:09 GMT+0800 (中国标准时间)
debug: Inspect cce:/internal/code-quality/cr.mjs
debug: Resolve cc from file:///Users/mu/work/gitee/CocosCreatorDemos/demo/2dP1/Creator3.5.2_2D_Multitex/assets/src/MTSprite.ts as cce:/internal/x/cc.
debug: Resolve cc from file:///Users/mu/work/gitee/CocosCreatorDemos/demo/2dP1/Creator3.5.2_2D_Multitex/assets/src/MTSprite.ts as cce:/internal/x/cc.
debug: Resolve ./MTTex from file:///Users/mu/work/gitee/CocosCreatorDemos/demo/2dP1/Creator3.5.2_2D_Multitex/assets/src/MTSprite.ts as file:///Users/mu/work/gitee/CocosCreatorDemos/demo/2dP1/Creator3.5.2_2D_Multitex/assets/src/MTTex.ts.
debug: Inspect file:///Users/mu/work/gitee/CocosCreatorDemos/demo/2dP1/Creator3.5.2_2D_Multitex/assets/src/MTTex.ts
debug: Resolve cce:/internal/code-quality/cr.mjs from file:///Users/mu/work/gitee/CocosCreatorDemos/demo/2dP1/Creator3.5.2_2D_Multitex/assets/src/MTTex.ts as cce:/internal/code-quality/cr.mjs.
debug: Resolve cc from file:///Users/mu/work/gitee/CocosCreatorDemos/demo/2dP1/Creator3.5.2_2D_Multitex/assets/src/MTTex.ts as cce:/internal/x/cc.
debug: Resolve cc from file:///Users/mu/work/gitee/CocosCreatorDemos/demo/2dP1/Creator3.5.2_2D_Multitex/assets/src/MTTex.ts as cce:/internal/x/cc.
debug: Resolve ./MTBatcher2D from file:///Users/mu/work/gitee/CocosCreatorDemos/demo/2dP1/Creator3.5.2_2D_Multitex/assets/src/MTTex.ts as file:///Users/mu/work/gitee/CocosCreatorDemos/demo/2dP1/Creator3.5.2_2D_Multitex/assets/src/MTBatcher2D.ts.
debug: Resolve file:///Users/mu/work/gitee/CocosCreatorDemos/demo/2dP1/Creator3.5.2_2D_Multitex/assets/src/MTTex.ts from cce:/internal/x/prerequisite-imports as file:///Users/mu/work/gitee/CocosCreatorDemos/demo/2dP1/Creator3.5.2_2D_Multitex/assets/src/MTTex.ts.
debug: Target(preview) ends with cost 949.6588099999353ms.
debug: Dispatch build request for time accumulated 1 asset changes.
debug: Build iteration starts.
Number of accumulated asset changes: 1
Feature changed: false
debug: Target(editor) build started.
debug: Detected change: cce:/internal/x/prerequisite-imports. Last mtime: Thu Jan 01 1970 08:00:20 GMT+0800 (中国标准时间), Current mtime: Thu Jan 01 1970 08:16:42 GMT+0800 (中国标准时间)
debug: Inspect cce:/internal/x/prerequisite-imports
debug: Resolve file:///Users/mu/work/gitee/CocosCreatorDemos/demo/2dP1/Creator3.5.2_2D_Multitex/assets/src/MTBatcher2D.ts from cce:/internal/x/prerequisite-imports as file:///Users/mu/work/gitee/CocosCreatorDemos/demo/2dP1/Creator3.5.2_2D_Multitex/assets/src/MTBatcher2D.ts.
debug: Detected change: file:///Users/mu/work/gitee/CocosCreatorDemos/demo/2dP1/Creator3.5.2_2D_Multitex/assets/src/MTBatcher2D.ts. Last mtime: Wed Jun 22 2022 19:25:05 GMT+0800 (中国标准时间)@ead7e31d-6ce1-4ade-804e-2fc54840c675, Current mtime: Thu Jun 23 2022 11:06:48 GMT+0800 (中国标准时间)@ead7e31d-6ce1-4ade-804e-2fc54840c675
debug: Inspect file:///Users/mu/work/gitee/CocosCreatorDemos/demo/2dP1/Creator3.5.2_2D_Multitex/assets/src/MTBatcher2D.ts
debug: Resolve cc from file:///Users/mu/work/gitee/CocosCreatorDemos/demo/2dP1/Creator3.5.2_2D_Multitex/assets/src/MTBatcher2D.ts as cce:/internal/x/cc.
debug: Resolve cc from file:///Users/mu/work/gitee/CocosCreatorDemos/demo/2dP1/Creator3.5.2_2D_Multitex/assets/src/MTBatcher2D.ts as cce:/internal/x/cc.
debug: Resolve file:///Users/mu/work/gitee/CocosCreatorDemos/demo/2dP1/Creator3.5.2_2D_Multitex/assets/src/MTSprite.ts from cce:/internal/x/prerequisite-imports as file:///Users/mu/work/gitee/CocosCreatorDemos/demo/2dP1/Creator3.5.2_2D_Multitex/assets/src/MTSprite.ts.
debug: Resolve file:///Users/mu/work/gitee/CocosCreatorDemos/demo/2dP1/Creator3.5.2_2D_Multitex/assets/src/MTTex.ts from cce:/internal/x/prerequisite-imports as file:///Users/mu/work/gitee/CocosCreatorDemos/demo/2dP1/Creator3.5.2_2D_Multitex/assets/src/MTTex.ts.
debug: Target(editor) ends with cost 282.42942900024354ms.
debug: Target(preview) build started.
debug: Detected change: cce:/internal/x/prerequisite-imports. Last mtime: Thu Jan 01 1970 08:00:21 GMT+0800 (中国标准时间), Current mtime: Thu Jan 01 1970 08:16:42 GMT+0800 (中国标准时间)
debug: Inspect cce:/internal/x/prerequisite-imports
debug: Resolve file:///Users/mu/work/gitee/CocosCreatorDemos/demo/2dP1/Creator3.5.2_2D_Multitex/assets/src/MTBatcher2D.ts from cce:/internal/x/prerequisite-imports as file:///Users/mu/work/gitee/CocosCreatorDemos/demo/2dP1/Creator3.5.2_2D_Multitex/assets/src/MTBatcher2D.ts.
debug: Detected change: file:///Users/mu/work/gitee/CocosCreatorDemos/demo/2dP1/Creator3.5.2_2D_Multitex/assets/src/MTBatcher2D.ts. Last mtime: Wed Jun 22 2022 19:25:05 GMT+0800 (中国标准时间)@ead7e31d-6ce1-4ade-804e-2fc54840c675, Current mtime: Thu Jun 23 2022 11:06:48 GMT+0800 (中国标准时间)@ead7e31d-6ce1-4ade-804e-2fc54840c675
debug: Inspect file:///Users/mu/work/gitee/CocosCreatorDemos/demo/2dP1/Creator3.5.2_2D_Multitex/assets/src/MTBatcher2D.ts
debug: Resolve cc from file:///Users/mu/work/gitee/CocosCreatorDemos/demo/2dP1/Creator3.5.2_2D_Multitex/assets/src/MTBatcher2D.ts as cce:/internal/x/cc.
debug: Resolve cc from file:///Users/mu/work/gitee/CocosCreatorDemos/demo/2dP1/Creator3.5.2_2D_Multitex/assets/src/MTBatcher2D.ts as cce:/internal/x/cc.
debug: Resolve file:///Users/mu/work/gitee/CocosCreatorDemos/demo/2dP1/Creator3.5.2_2D_Multitex/assets/src/MTSprite.ts from cce:/internal/x/prerequisite-imports as file:///Users/mu/work/gitee/CocosCreatorDemos/demo/2dP1/Creator3.5.2_2D_Multitex/assets/src/MTSprite.ts.
debug: Resolve file:///Users/mu/work/gitee/CocosCreatorDemos/demo/2dP1/Creator3.5.2_2D_Multitex/assets/src/MTTex.ts from cce:/internal/x/prerequisite-imports as file:///Users/mu/work/gitee/CocosCreatorDemos/demo/2dP1/Creator3.5.2_2D_Multitex/assets/src/MTTex.ts.
debug: Target(preview) ends with cost 580.8542889999226ms.
debug: Dispatch build request for time accumulated 1 asset changes.
debug: Build iteration starts.
Number of accumulated asset changes: 1
Feature changed: false
debug: Target(editor) build started.
debug: Detected change: cce:/internal/x/prerequisite-imports. Last mtime: Thu Jan 01 1970 08:16:42 GMT+0800 (中国标准时间), Current mtime: Thu Jan 01 1970 08:18:08 GMT+0800 (中国标准时间)
debug: Inspect cce:/internal/x/prerequisite-imports
debug: Resolve file:///Users/mu/work/gitee/CocosCreatorDemos/demo/2dP1/Creator3.5.2_2D_Multitex/assets/src/MTBatcher2D.ts from cce:/internal/x/prerequisite-imports as file:///Users/mu/work/gitee/CocosCreatorDemos/demo/2dP1/Creator3.5.2_2D_Multitex/assets/src/MTBatcher2D.ts.
debug: Detected change: file:///Users/mu/work/gitee/CocosCreatorDemos/demo/2dP1/Creator3.5.2_2D_Multitex/assets/src/MTBatcher2D.ts. Last mtime: Thu Jun 23 2022 11:06:48 GMT+0800 (中国标准时间)@ead7e31d-6ce1-4ade-804e-2fc54840c675, Current mtime: Thu Jun 23 2022 11:08:16 GMT+0800 (中国标准时间)@ead7e31d-6ce1-4ade-804e-2fc54840c675
debug: Inspect file:///Users/mu/work/gitee/CocosCreatorDemos/demo/2dP1/Creator3.5.2_2D_Multitex/assets/src/MTBatcher2D.ts
debug: Resolve cc from file:///Users/mu/work/gitee/CocosCreatorDemos/demo/2dP1/Creator3.5.2_2D_Multitex/assets/src/MTBatcher2D.ts as cce:/internal/x/cc.
debug: Resolve cc from file:///Users/mu/work/gitee/CocosCreatorDemos/demo/2dP1/Creator3.5.2_2D_Multitex/assets/src/MTBatcher2D.ts as cce:/internal/x/cc.
debug: Resolve file:///Users/mu/work/gitee/CocosCreatorDemos/demo/2dP1/Creator3.5.2_2D_Multitex/assets/src/MTSprite.ts from cce:/internal/x/prerequisite-imports as file:///Users/mu/work/gitee/CocosCreatorDemos/demo/2dP1/Creator3.5.2_2D_Multitex/assets/src/MTSprite.ts.
debug: Resolve file:///Users/mu/work/gitee/CocosCreatorDemos/demo/2dP1/Creator3.5.2_2D_Multitex/assets/src/MTTex.ts from cce:/internal/x/prerequisite-imports as file:///Users/mu/work/gitee/CocosCreatorDemos/demo/2dP1/Creator3.5.2_2D_Multitex/assets/src/MTTex.ts.
debug: Target(editor) ends with cost 151.59284200007096ms.
debug: Target(preview) build started.
debug: Detected change: cce:/internal/x/prerequisite-imports. Last mtime: Thu Jan 01 1970 08:16:42 GMT+0800 (中国标准时间), Current mtime: Thu Jan 01 1970 08:18:09 GMT+0800 (中国标准时间)
debug: Inspect cce:/internal/x/prerequisite-imports
debug: Resolve file:///Users/mu/work/gitee/CocosCreatorDemos/demo/2dP1/Creator3.5.2_2D_Multitex/assets/src/MTBatcher2D.ts from cce:/internal/x/prerequisite-imports as file:///Users/mu/work/gitee/CocosCreatorDemos/demo/2dP1/Creator3.5.2_2D_Multitex/assets/src/MTBatcher2D.ts.
debug: Detected change: file:///Users/mu/work/gitee/CocosCreatorDemos/demo/2dP1/Creator3.5.2_2D_Multitex/assets/src/MTBatcher2D.ts. Last mtime: Thu Jun 23 2022 11:06:48 GMT+0800 (中国标准时间)@ead7e31d-6ce1-4ade-804e-2fc54840c675, Current mtime: Thu Jun 23 2022 11:08:16 GMT+0800 (中国标准时间)@ead7e31d-6ce1-4ade-804e-2fc54840c675
debug: Inspect file:///Users/mu/work/gitee/CocosCreatorDemos/demo/2dP1/Creator3.5.2_2D_Multitex/assets/src/MTBatcher2D.ts
debug: Resolve cc from file:///Users/mu/work/gitee/CocosCreatorDemos/demo/2dP1/Creator3.5.2_2D_Multitex/assets/src/MTBatcher2D.ts as cce:/internal/x/cc.
debug: Resolve cc from file:///Users/mu/work/gitee/CocosCreatorDemos/demo/2dP1/Creator3.5.2_2D_Multitex/assets/src/MTBatcher2D.ts as cce:/internal/x/cc.
debug: Resolve file:///Users/mu/work/gitee/CocosCreatorDemos/demo/2dP1/Creator3.5.2_2D_Multitex/assets/src/MTSprite.ts from cce:/internal/x/prerequisite-imports as file:///Users/mu/work/gitee/CocosCreatorDemos/demo/2dP1/Creator3.5.2_2D_Multitex/assets/src/MTSprite.ts.
debug: Resolve file:///Users/mu/work/gitee/CocosCreatorDemos/demo/2dP1/Creator3.5.2_2D_Multitex/assets/src/MTTex.ts from cce:/internal/x/prerequisite-imports as file:///Users/mu/work/gitee/CocosCreatorDemos/demo/2dP1/Creator3.5.2_2D_Multitex/assets/src/MTTex.ts.
debug: Target(preview) ends with cost 250.3709740000777ms.
debug: Dispatch build request for time accumulated 1 asset changes.
debug: Build iteration starts.
Number of accumulated asset changes: 1
Feature changed: false
debug: Target(editor) build started.
debug: Detected change: cce:/internal/x/prerequisite-imports. Last mtime: Thu Jan 01 1970 08:18:08 GMT+0800 (中国标准时间), Current mtime: Thu Jan 01 1970 08:41:05 GMT+0800 (中国标准时间)
debug: Inspect cce:/internal/x/prerequisite-imports
debug: Resolve file:///Users/mu/work/gitee/CocosCreatorDemos/demo/2dP1/Creator3.5.2_2D_Multitex/assets/src/MTBatcher2D.ts from cce:/internal/x/prerequisite-imports as file:///Users/mu/work/gitee/CocosCreatorDemos/demo/2dP1/Creator3.5.2_2D_Multitex/assets/src/MTBatcher2D.ts.
debug: Detected change: file:///Users/mu/work/gitee/CocosCreatorDemos/demo/2dP1/Creator3.5.2_2D_Multitex/assets/src/MTBatcher2D.ts. Last mtime: Thu Jun 23 2022 11:08:16 GMT+0800 (中国标准时间)@ead7e31d-6ce1-4ade-804e-2fc54840c675, Current mtime: Thu Jun 23 2022 11:29:16 GMT+0800 (中国标准时间)@ead7e31d-6ce1-4ade-804e-2fc54840c675
debug: Inspect file:///Users/mu/work/gitee/CocosCreatorDemos/demo/2dP1/Creator3.5.2_2D_Multitex/assets/src/MTBatcher2D.ts
debug: Resolve cc from file:///Users/mu/work/gitee/CocosCreatorDemos/demo/2dP1/Creator3.5.2_2D_Multitex/assets/src/MTBatcher2D.ts as cce:/internal/x/cc.
debug: Resolve cc from file:///Users/mu/work/gitee/CocosCreatorDemos/demo/2dP1/Creator3.5.2_2D_Multitex/assets/src/MTBatcher2D.ts as cce:/internal/x/cc.
debug: Resolve file:///Users/mu/work/gitee/CocosCreatorDemos/demo/2dP1/Creator3.5.2_2D_Multitex/assets/src/MTSprite.ts from cce:/internal/x/prerequisite-imports as file:///Users/mu/work/gitee/CocosCreatorDemos/demo/2dP1/Creator3.5.2_2D_Multitex/assets/src/MTSprite.ts.
debug: Resolve file:///Users/mu/work/gitee/CocosCreatorDemos/demo/2dP1/Creator3.5.2_2D_Multitex/assets/src/MTTex.ts from cce:/internal/x/prerequisite-imports as file:///Users/mu/work/gitee/CocosCreatorDemos/demo/2dP1/Creator3.5.2_2D_Multitex/assets/src/MTTex.ts.
debug: Target(editor) ends with cost 171.2404169999063ms.
debug: Target(preview) build started.
debug: Detected change: cce:/internal/x/prerequisite-imports. Last mtime: Thu Jan 01 1970 08:18:09 GMT+0800 (中国标准时间), Current mtime: Thu Jan 01 1970 08:41:05 GMT+0800 (中国标准时间)
debug: Inspect cce:/internal/x/prerequisite-imports
debug: Resolve file:///Users/mu/work/gitee/CocosCreatorDemos/demo/2dP1/Creator3.5.2_2D_Multitex/assets/src/MTBatcher2D.ts from cce:/internal/x/prerequisite-imports as file:///Users/mu/work/gitee/CocosCreatorDemos/demo/2dP1/Creator3.5.2_2D_Multitex/assets/src/MTBatcher2D.ts.
debug: Detected change: file:///Users/mu/work/gitee/CocosCreatorDemos/demo/2dP1/Creator3.5.2_2D_Multitex/assets/src/MTBatcher2D.ts. Last mtime: Thu Jun 23 2022 11:08:16 GMT+0800 (中国标准时间)@ead7e31d-6ce1-4ade-804e-2fc54840c675, Current mtime: Thu Jun 23 2022 11:29:16 GMT+0800 (中国标准时间)@ead7e31d-6ce1-4ade-804e-2fc54840c675
debug: Inspect file:///Users/mu/work/gitee/CocosCreatorDemos/demo/2dP1/Creator3.5.2_2D_Multitex/assets/src/MTBatcher2D.ts
debug: Resolve cc from file:///Users/mu/work/gitee/CocosCreatorDemos/demo/2dP1/Creator3.5.2_2D_Multitex/assets/src/MTBatcher2D.ts as cce:/internal/x/cc.
debug: Resolve cc from file:///Users/mu/work/gitee/CocosCreatorDemos/demo/2dP1/Creator3.5.2_2D_Multitex/assets/src/MTBatcher2D.ts as cce:/internal/x/cc.
debug: Resolve file:///Users/mu/work/gitee/CocosCreatorDemos/demo/2dP1/Creator3.5.2_2D_Multitex/assets/src/MTSprite.ts from cce:/internal/x/prerequisite-imports as file:///Users/mu/work/gitee/CocosCreatorDemos/demo/2dP1/Creator3.5.2_2D_Multitex/assets/src/MTSprite.ts.
debug: Resolve file:///Users/mu/work/gitee/CocosCreatorDemos/demo/2dP1/Creator3.5.2_2D_Multitex/assets/src/MTTex.ts from cce:/internal/x/prerequisite-imports as file:///Users/mu/work/gitee/CocosCreatorDemos/demo/2dP1/Creator3.5.2_2D_Multitex/assets/src/MTTex.ts.
debug: Target(preview) ends with cost 832.1390479998663ms.
debug: Dispatch build request for time accumulated 1 asset changes.
debug: Build iteration starts.
Number of accumulated asset changes: 1
Feature changed: false
debug: Target(editor) build started.
debug: Detected change: cce:/internal/x/prerequisite-imports. Last mtime: Thu Jan 01 1970 08:41:05 GMT+0800 (中国标准时间), Current mtime: Thu Jan 01 1970 08:56:39 GMT+0800 (中国标准时间)
debug: Inspect cce:/internal/x/prerequisite-imports
debug: Resolve file:///Users/mu/work/gitee/CocosCreatorDemos/demo/2dP1/Creator3.5.2_2D_Multitex/assets/src/MTBatcher2D.ts from cce:/internal/x/prerequisite-imports as file:///Users/mu/work/gitee/CocosCreatorDemos/demo/2dP1/Creator3.5.2_2D_Multitex/assets/src/MTBatcher2D.ts.
debug: Detected change: file:///Users/mu/work/gitee/CocosCreatorDemos/demo/2dP1/Creator3.5.2_2D_Multitex/assets/src/MTBatcher2D.ts. Last mtime: Thu Jun 23 2022 11:29:16 GMT+0800 (中国标准时间)@ead7e31d-6ce1-4ade-804e-2fc54840c675, Current mtime: Thu Jun 23 2022 11:46:46 GMT+0800 (中国标准时间)@ead7e31d-6ce1-4ade-804e-2fc54840c675
debug: Inspect file:///Users/mu/work/gitee/CocosCreatorDemos/demo/2dP1/Creator3.5.2_2D_Multitex/assets/src/MTBatcher2D.ts
debug: Resolve cc from file:///Users/mu/work/gitee/CocosCreatorDemos/demo/2dP1/Creator3.5.2_2D_Multitex/assets/src/MTBatcher2D.ts as cce:/internal/x/cc.
debug: Resolve cc from file:///Users/mu/work/gitee/CocosCreatorDemos/demo/2dP1/Creator3.5.2_2D_Multitex/assets/src/MTBatcher2D.ts as cce:/internal/x/cc.
debug: Resolve file:///Users/mu/work/gitee/CocosCreatorDemos/demo/2dP1/Creator3.5.2_2D_Multitex/assets/src/MTSprite.ts from cce:/internal/x/prerequisite-imports as file:///Users/mu/work/gitee/CocosCreatorDemos/demo/2dP1/Creator3.5.2_2D_Multitex/assets/src/MTSprite.ts.
debug: Resolve file:///Users/mu/work/gitee/CocosCreatorDemos/demo/2dP1/Creator3.5.2_2D_Multitex/assets/src/MTTex.ts from cce:/internal/x/prerequisite-imports as file:///Users/mu/work/gitee/CocosCreatorDemos/demo/2dP1/Creator3.5.2_2D_Multitex/assets/src/MTTex.ts.
debug: Target(editor) ends with cost 365.96895499993116ms.
debug: Target(preview) build started.
debug: Detected change: cce:/internal/x/prerequisite-imports. Last mtime: Thu Jan 01 1970 08:41:05 GMT+0800 (中国标准时间), Current mtime: Thu Jan 01 1970 08:56:39 GMT+0800 (中国标准时间)
debug: Inspect cce:/internal/x/prerequisite-imports
debug: Resolve file:///Users/mu/work/gitee/CocosCreatorDemos/demo/2dP1/Creator3.5.2_2D_Multitex/assets/src/MTBatcher2D.ts from cce:/internal/x/prerequisite-imports as file:///Users/mu/work/gitee/CocosCreatorDemos/demo/2dP1/Creator3.5.2_2D_Multitex/assets/src/MTBatcher2D.ts.
debug: Detected change: file:///Users/mu/work/gitee/CocosCreatorDemos/demo/2dP1/Creator3.5.2_2D_Multitex/assets/src/MTBatcher2D.ts. Last mtime: Thu Jun 23 2022 11:29:16 GMT+0800 (中国标准时间)@ead7e31d-6ce1-4ade-804e-2fc54840c675, Current mtime: Thu Jun 23 2022 11:46:46 GMT+0800 (中国标准时间)@ead7e31d-6ce1-4ade-804e-2fc54840c675
debug: Inspect file:///Users/mu/work/gitee/CocosCreatorDemos/demo/2dP1/Creator3.5.2_2D_Multitex/assets/src/MTBatcher2D.ts
debug: Resolve cc from file:///Users/mu/work/gitee/CocosCreatorDemos/demo/2dP1/Creator3.5.2_2D_Multitex/assets/src/MTBatcher2D.ts as cce:/internal/x/cc.
debug: Resolve cc from file:///Users/mu/work/gitee/CocosCreatorDemos/demo/2dP1/Creator3.5.2_2D_Multitex/assets/src/MTBatcher2D.ts as cce:/internal/x/cc.
debug: Resolve file:///Users/mu/work/gitee/CocosCreatorDemos/demo/2dP1/Creator3.5.2_2D_Multitex/assets/src/MTSprite.ts from cce:/internal/x/prerequisite-imports as file:///Users/mu/work/gitee/CocosCreatorDemos/demo/2dP1/Creator3.5.2_2D_Multitex/assets/src/MTSprite.ts.
debug: Resolve file:///Users/mu/work/gitee/CocosCreatorDemos/demo/2dP1/Creator3.5.2_2D_Multitex/assets/src/MTTex.ts from cce:/internal/x/prerequisite-imports as file:///Users/mu/work/gitee/CocosCreatorDemos/demo/2dP1/Creator3.5.2_2D_Multitex/assets/src/MTTex.ts.
debug: Target(preview) ends with cost 717.2724029999226ms.
debug: Dispatch build request for time accumulated 1 asset changes.
debug: Build iteration starts.
Number of accumulated asset changes: 1
Feature changed: false
debug: Target(editor) build started.
debug: Detected change: cce:/internal/x/prerequisite-imports. Last mtime: Thu Jan 01 1970 08:56:39 GMT+0800 (中国标准时间), Current mtime: Thu Jan 01 1970 08:59:19 GMT+0800 (中国标准时间)
debug: Inspect cce:/internal/x/prerequisite-imports
debug: Resolve file:///Users/mu/work/gitee/CocosCreatorDemos/demo/2dP1/Creator3.5.2_2D_Multitex/assets/src/MTBatcher2D.ts from cce:/internal/x/prerequisite-imports as file:///Users/mu/work/gitee/CocosCreatorDemos/demo/2dP1/Creator3.5.2_2D_Multitex/assets/src/MTBatcher2D.ts.
debug: Detected change: file:///Users/mu/work/gitee/CocosCreatorDemos/demo/2dP1/Creator3.5.2_2D_Multitex/assets/src/MTBatcher2D.ts. Last mtime: Thu Jun 23 2022 11:46:46 GMT+0800 (中国标准时间)@ead7e31d-6ce1-4ade-804e-2fc54840c675, Current mtime: Thu Jun 23 2022 11:49:26 GMT+0800 (中国标准时间)@ead7e31d-6ce1-4ade-804e-2fc54840c675
debug: Inspect file:///Users/mu/work/gitee/CocosCreatorDemos/demo/2dP1/Creator3.5.2_2D_Multitex/assets/src/MTBatcher2D.ts
debug: Resolve cc from file:///Users/mu/work/gitee/CocosCreatorDemos/demo/2dP1/Creator3.5.2_2D_Multitex/assets/src/MTBatcher2D.ts as cce:/internal/x/cc.
debug: Resolve cc from file:///Users/mu/work/gitee/CocosCreatorDemos/demo/2dP1/Creator3.5.2_2D_Multitex/assets/src/MTBatcher2D.ts as cce:/internal/x/cc.
debug: Resolve file:///Users/mu/work/gitee/CocosCreatorDemos/demo/2dP1/Creator3.5.2_2D_Multitex/assets/src/MTSprite.ts from cce:/internal/x/prerequisite-imports as file:///Users/mu/work/gitee/CocosCreatorDemos/demo/2dP1/Creator3.5.2_2D_Multitex/assets/src/MTSprite.ts.
debug: Resolve file:///Users/mu/work/gitee/CocosCreatorDemos/demo/2dP1/Creator3.5.2_2D_Multitex/assets/src/MTTex.ts from cce:/internal/x/prerequisite-imports as file:///Users/mu/work/gitee/CocosCreatorDemos/demo/2dP1/Creator3.5.2_2D_Multitex/assets/src/MTTex.ts.
debug: Target(editor) ends with cost 130.90677300002426ms.
debug: Target(preview) build started.
debug: Detected change: cce:/internal/x/prerequisite-imports. Last mtime: Thu Jan 01 1970 08:56:39 GMT+0800 (中国标准时间), Current mtime: Thu Jan 01 1970 08:59:19 GMT+0800 (中国标准时间)
debug: Inspect cce:/internal/x/prerequisite-imports
debug: Resolve file:///Users/mu/work/gitee/CocosCreatorDemos/demo/2dP1/Creator3.5.2_2D_Multitex/assets/src/MTBatcher2D.ts from cce:/internal/x/prerequisite-imports as file:///Users/mu/work/gitee/CocosCreatorDemos/demo/2dP1/Creator3.5.2_2D_Multitex/assets/src/MTBatcher2D.ts.
debug: Detected change: file:///Users/mu/work/gitee/CocosCreatorDemos/demo/2dP1/Creator3.5.2_2D_Multitex/assets/src/MTBatcher2D.ts. Last mtime: Thu Jun 23 2022 11:46:46 GMT+0800 (中国标准时间)@ead7e31d-6ce1-4ade-804e-2fc54840c675, Current mtime: Thu Jun 23 2022 11:49:26 GMT+0800 (中国标准时间)@ead7e31d-6ce1-4ade-804e-2fc54840c675
debug: Inspect file:///Users/mu/work/gitee/CocosCreatorDemos/demo/2dP1/Creator3.5.2_2D_Multitex/assets/src/MTBatcher2D.ts
debug: Resolve cc from file:///Users/mu/work/gitee/CocosCreatorDemos/demo/2dP1/Creator3.5.2_2D_Multitex/assets/src/MTBatcher2D.ts as cce:/internal/x/cc.
debug: Resolve cc from file:///Users/mu/work/gitee/CocosCreatorDemos/demo/2dP1/Creator3.5.2_2D_Multitex/assets/src/MTBatcher2D.ts as cce:/internal/x/cc.
debug: Resolve file:///Users/mu/work/gitee/CocosCreatorDemos/demo/2dP1/Creator3.5.2_2D_Multitex/assets/src/MTSprite.ts from cce:/internal/x/prerequisite-imports as file:///Users/mu/work/gitee/CocosCreatorDemos/demo/2dP1/Creator3.5.2_2D_Multitex/assets/src/MTSprite.ts.
debug: Resolve file:///Users/mu/work/gitee/CocosCreatorDemos/demo/2dP1/Creator3.5.2_2D_Multitex/assets/src/MTTex.ts from cce:/internal/x/prerequisite-imports as file:///Users/mu/work/gitee/CocosCreatorDemos/demo/2dP1/Creator3.5.2_2D_Multitex/assets/src/MTTex.ts.
debug: Target(preview) ends with cost 439.389627000317ms.
debug: Dispatch build request for time accumulated 1 asset changes.
debug: Build iteration starts.
Number of accumulated asset changes: 1
Feature changed: false
debug: Target(editor) build started.
debug: Detected change: cce:/internal/x/prerequisite-imports. Last mtime: Thu Jan 01 1970 08:59:19 GMT+0800 (中国标准时间), Current mtime: Thu Jan 01 1970 09:03:08 GMT+0800 (中国标准时间)
debug: Inspect cce:/internal/x/prerequisite-imports
debug: Resolve file:///Users/mu/work/gitee/CocosCreatorDemos/demo/2dP1/Creator3.5.2_2D_Multitex/assets/src/MTBatcher2D.ts from cce:/internal/x/prerequisite-imports as file:///Users/mu/work/gitee/CocosCreatorDemos/demo/2dP1/Creator3.5.2_2D_Multitex/assets/src/MTBatcher2D.ts.
debug: Detected change: file:///Users/mu/work/gitee/CocosCreatorDemos/demo/2dP1/Creator3.5.2_2D_Multitex/assets/src/MTBatcher2D.ts. Last mtime: Thu Jun 23 2022 11:49:26 GMT+0800 (中国标准时间)@ead7e31d-6ce1-4ade-804e-2fc54840c675, Current mtime: Thu Jun 23 2022 11:53:13 GMT+0800 (中国标准时间)@ead7e31d-6ce1-4ade-804e-2fc54840c675
debug: Inspect file:///Users/mu/work/gitee/CocosCreatorDemos/demo/2dP1/Creator3.5.2_2D_Multitex/assets/src/MTBatcher2D.ts
debug: Resolve cc from file:///Users/mu/work/gitee/CocosCreatorDemos/demo/2dP1/Creator3.5.2_2D_Multitex/assets/src/MTBatcher2D.ts as cce:/internal/x/cc.
debug: Resolve cc from file:///Users/mu/work/gitee/CocosCreatorDemos/demo/2dP1/Creator3.5.2_2D_Multitex/assets/src/MTBatcher2D.ts as cce:/internal/x/cc.
debug: Resolve file:///Users/mu/work/gitee/CocosCreatorDemos/demo/2dP1/Creator3.5.2_2D_Multitex/assets/src/MTSprite.ts from cce:/internal/x/prerequisite-imports as file:///Users/mu/work/gitee/CocosCreatorDemos/demo/2dP1/Creator3.5.2_2D_Multitex/assets/src/MTSprite.ts.
debug: Resolve file:///Users/mu/work/gitee/CocosCreatorDemos/demo/2dP1/Creator3.5.2_2D_Multitex/assets/src/MTTex.ts from cce:/internal/x/prerequisite-imports as file:///Users/mu/work/gitee/CocosCreatorDemos/demo/2dP1/Creator3.5.2_2D_Multitex/assets/src/MTTex.ts.
debug: Target(editor) ends with cost 128.260435000062ms.
debug: Target(preview) build started.
debug: Detected change: cce:/internal/x/prerequisite-imports. Last mtime: Thu Jan 01 1970 08:59:19 GMT+0800 (中国标准时间), Current mtime: Thu Jan 01 1970 09:03:08 GMT+0800 (中国标准时间)
debug: Inspect cce:/internal/x/prerequisite-imports
debug: Resolve file:///Users/mu/work/gitee/CocosCreatorDemos/demo/2dP1/Creator3.5.2_2D_Multitex/assets/src/MTBatcher2D.ts from cce:/internal/x/prerequisite-imports as file:///Users/mu/work/gitee/CocosCreatorDemos/demo/2dP1/Creator3.5.2_2D_Multitex/assets/src/MTBatcher2D.ts.
debug: Detected change: file:///Users/mu/work/gitee/CocosCreatorDemos/demo/2dP1/Creator3.5.2_2D_Multitex/assets/src/MTBatcher2D.ts. Last mtime: Thu Jun 23 2022 11:49:26 GMT+0800 (中国标准时间)@ead7e31d-6ce1-4ade-804e-2fc54840c675, Current mtime: Thu Jun 23 2022 11:53:13 GMT+0800 (中国标准时间)@ead7e31d-6ce1-4ade-804e-2fc54840c675
debug: Inspect file:///Users/mu/work/gitee/CocosCreatorDemos/demo/2dP1/Creator3.5.2_2D_Multitex/assets/src/MTBatcher2D.ts
debug: Resolve cc from file:///Users/mu/work/gitee/CocosCreatorDemos/demo/2dP1/Creator3.5.2_2D_Multitex/assets/src/MTBatcher2D.ts as cce:/internal/x/cc.
debug: Resolve cc from file:///Users/mu/work/gitee/CocosCreatorDemos/demo/2dP1/Creator3.5.2_2D_Multitex/assets/src/MTBatcher2D.ts as cce:/internal/x/cc.
debug: Resolve file:///Users/mu/work/gitee/CocosCreatorDemos/demo/2dP1/Creator3.5.2_2D_Multitex/assets/src/MTSprite.ts from cce:/internal/x/prerequisite-imports as file:///Users/mu/work/gitee/CocosCreatorDemos/demo/2dP1/Creator3.5.2_2D_Multitex/assets/src/MTSprite.ts.
debug: Resolve file:///Users/mu/work/gitee/CocosCreatorDemos/demo/2dP1/Creator3.5.2_2D_Multitex/assets/src/MTTex.ts from cce:/internal/x/prerequisite-imports as file:///Users/mu/work/gitee/CocosCreatorDemos/demo/2dP1/Creator3.5.2_2D_Multitex/assets/src/MTTex.ts.
debug: Target(preview) ends with cost 455.19421199988574ms.
