debug: Tue, 14 Jun 2022 02:48:00 GMT
debug: Project: /Users/mu/work/gitee/CocosCreatorDemos/demo/3d/Creator3.5.1_3D_Graffiti
debug: Targets: editor,preview
debug: Packer deriver version file lost or format incorrect: Error: ENOENT: no such file or directory, open '/Users/mu/work/gitee/CocosCreatorDemos/demo/3d/Creator3.5.1_3D_Graffiti/temp/programming/packer-driver/VERSION'
debug: Clearing out the targets...
debug: Engine path: /Applications/CocosCreator/Creator/3.5.1/CocosCreator.app/Contents/Resources/resources/3d/engine
debug: Initializing target [Editor]
debug: Loading cache
debug: Record file loaded failed with error: Error: ENOENT: no such file or directory, open '/Users/mu/work/gitee/CocosCreatorDemos/demo/3d/Creator3.5.1_3D_Graffiti/temp/programming/packer-driver/targets/editor/main-record.json'
debug: Loading cache costs 0.2677819998934865ms.
debug: Engine features shipped in editor: base,gfx-webgl,gfx-webgl2,3d,animation,skeletal-animation,2d,ui,particle,particle-2d,physics-framework,physics-2d-framework,intersection-2d,primitive,profiler,audio,video,terrain,webview,tween,tiled-map,spine,dragon-bones,marionette
debug: Initializing target [Preview]
debug: Loading cache
debug: Record file loaded failed with error: Error: ENOENT: no such file or directory, open '/Users/mu/work/gitee/CocosCreatorDemos/demo/3d/Creator3.5.1_3D_Graffiti/temp/programming/packer-driver/targets/preview/main-record.json'
debug: Loading cache costs 0.29965800046920776ms.
debug: Sync engine features: 2d,3d,animation,audio,base,dragon-bones,gfx-webgl,gfx-webgl2,intersection-2d,marionette,particle,particle-2d,physics-2d-box2d,physics-ammo,primitive,profiler,skeletal-animation,spine,terrain,tiled-map,tween,ui,video,webview
debug: Pulling asset-db.
debug: Fetch asset-db cost: 10.83734400011599ms.
debug: Build iteration starts.
Number of accumulated asset changes: 3
Feature changed: false
debug: Target(editor) build started.
debug: Inspect cce:/internal/x/cc
debug: Resolve cce:/internal/x/cc-fu/base from cce:/internal/x/cc as external dependency cce:/internal/x/cc-fu/base.
debug: Resolve cce:/internal/x/cc-fu/gfx-webgl from cce:/internal/x/cc as external dependency cce:/internal/x/cc-fu/gfx-webgl.
debug: Resolve cce:/internal/x/cc-fu/gfx-webgl2 from cce:/internal/x/cc as external dependency cce:/internal/x/cc-fu/gfx-webgl2.
debug: Resolve cce:/internal/x/cc-fu/3d from cce:/internal/x/cc as external dependency cce:/internal/x/cc-fu/3d.
debug: Resolve cce:/internal/x/cc-fu/animation from cce:/internal/x/cc as external dependency cce:/internal/x/cc-fu/animation.
debug: Resolve cce:/internal/x/cc-fu/skeletal-animation from cce:/internal/x/cc as external dependency cce:/internal/x/cc-fu/skeletal-animation.
debug: Resolve cce:/internal/x/cc-fu/2d from cce:/internal/x/cc as external dependency cce:/internal/x/cc-fu/2d.
debug: Resolve cce:/internal/x/cc-fu/ui from cce:/internal/x/cc as external dependency cce:/internal/x/cc-fu/ui.
debug: Resolve cce:/internal/x/cc-fu/particle from cce:/internal/x/cc as external dependency cce:/internal/x/cc-fu/particle.
debug: Resolve cce:/internal/x/cc-fu/particle-2d from cce:/internal/x/cc as external dependency cce:/internal/x/cc-fu/particle-2d.
debug: Resolve cce:/internal/x/cc-fu/physics-framework from cce:/internal/x/cc as external dependency cce:/internal/x/cc-fu/physics-framework.
debug: Resolve cce:/internal/x/cc-fu/physics-2d-framework from cce:/internal/x/cc as external dependency cce:/internal/x/cc-fu/physics-2d-framework.
debug: Resolve cce:/internal/x/cc-fu/intersection-2d from cce:/internal/x/cc as external dependency cce:/internal/x/cc-fu/intersection-2d.
debug: Resolve cce:/internal/x/cc-fu/primitive from cce:/internal/x/cc as external dependency cce:/internal/x/cc-fu/primitive.
debug: Resolve cce:/internal/x/cc-fu/profiler from cce:/internal/x/cc as external dependency cce:/internal/x/cc-fu/profiler.
debug: Resolve cce:/internal/x/cc-fu/audio from cce:/internal/x/cc as external dependency cce:/internal/x/cc-fu/audio.
debug: Resolve cce:/internal/x/cc-fu/video from cce:/internal/x/cc as external dependency cce:/internal/x/cc-fu/video.
debug: Resolve cce:/internal/x/cc-fu/terrain from cce:/internal/x/cc as external dependency cce:/internal/x/cc-fu/terrain.
debug: Resolve cce:/internal/x/cc-fu/webview from cce:/internal/x/cc as external dependency cce:/internal/x/cc-fu/webview.
debug: Resolve cce:/internal/x/cc-fu/tween from cce:/internal/x/cc as external dependency cce:/internal/x/cc-fu/tween.
debug: Resolve cce:/internal/x/cc-fu/tiled-map from cce:/internal/x/cc as external dependency cce:/internal/x/cc-fu/tiled-map.
debug: Resolve cce:/internal/x/cc-fu/spine from cce:/internal/x/cc as external dependency cce:/internal/x/cc-fu/spine.
debug: Resolve cce:/internal/x/cc-fu/dragon-bones from cce:/internal/x/cc as external dependency cce:/internal/x/cc-fu/dragon-bones.
debug: Inspect cce:/internal/x/prerequisite-imports
debug: Resolve file:///Users/mu/work/gitee/CocosCreatorDemos/demo/3d/Creator3.5.1_3D_Graffiti/assets/scripts/DecalMeshRenderer.ts from cce:/internal/x/prerequisite-imports as file:///Users/mu/work/gitee/CocosCreatorDemos/demo/3d/Creator3.5.1_3D_Graffiti/assets/scripts/DecalMeshRenderer.ts.
debug: Inspect file:///Users/mu/work/gitee/CocosCreatorDemos/demo/3d/Creator3.5.1_3D_Graffiti/assets/scripts/DecalMeshRenderer.ts
debug: Resolve cc from file:///Users/mu/work/gitee/CocosCreatorDemos/demo/3d/Creator3.5.1_3D_Graffiti/assets/scripts/DecalMeshRenderer.ts as cce:/internal/x/cc.
debug: Resolve cc from file:///Users/mu/work/gitee/CocosCreatorDemos/demo/3d/Creator3.5.1_3D_Graffiti/assets/scripts/DecalMeshRenderer.ts as cce:/internal/x/cc.
debug: Resolve file:///Users/mu/work/gitee/CocosCreatorDemos/demo/3d/Creator3.5.1_3D_Graffiti/assets/scripts/DragAndRotate.ts from cce:/internal/x/prerequisite-imports as file:///Users/mu/work/gitee/CocosCreatorDemos/demo/3d/Creator3.5.1_3D_Graffiti/assets/scripts/DragAndRotate.ts.
debug: Inspect file:///Users/mu/work/gitee/CocosCreatorDemos/demo/3d/Creator3.5.1_3D_Graffiti/assets/scripts/DragAndRotate.ts
debug: Resolve cc from file:///Users/mu/work/gitee/CocosCreatorDemos/demo/3d/Creator3.5.1_3D_Graffiti/assets/scripts/DragAndRotate.ts as cce:/internal/x/cc.
debug: Resolve cc from file:///Users/mu/work/gitee/CocosCreatorDemos/demo/3d/Creator3.5.1_3D_Graffiti/assets/scripts/DragAndRotate.ts as cce:/internal/x/cc.
debug: Resolve file:///Users/mu/work/gitee/CocosCreatorDemos/demo/3d/Creator3.5.1_3D_Graffiti/assets/scripts/decal.ts from cce:/internal/x/prerequisite-imports as file:///Users/mu/work/gitee/CocosCreatorDemos/demo/3d/Creator3.5.1_3D_Graffiti/assets/scripts/decal.ts.
debug: Inspect file:///Users/mu/work/gitee/CocosCreatorDemos/demo/3d/Creator3.5.1_3D_Graffiti/assets/scripts/decal.ts
debug: Resolve cce:/internal/code-quality/cr.mjs from file:///Users/mu/work/gitee/CocosCreatorDemos/demo/3d/Creator3.5.1_3D_Graffiti/assets/scripts/decal.ts as cce:/internal/code-quality/cr.mjs.
debug: Inspect cce:/internal/code-quality/cr.mjs
debug: Resolve cc from file:///Users/mu/work/gitee/CocosCreatorDemos/demo/3d/Creator3.5.1_3D_Graffiti/assets/scripts/decal.ts as cce:/internal/x/cc.
debug: Resolve cc from file:///Users/mu/work/gitee/CocosCreatorDemos/demo/3d/Creator3.5.1_3D_Graffiti/assets/scripts/decal.ts as cce:/internal/x/cc.
debug: Resolve ./DecalMeshRenderer from file:///Users/mu/work/gitee/CocosCreatorDemos/demo/3d/Creator3.5.1_3D_Graffiti/assets/scripts/decal.ts as file:///Users/mu/work/gitee/CocosCreatorDemos/demo/3d/Creator3.5.1_3D_Graffiti/assets/scripts/DecalMeshRenderer.ts.
debug: Target(editor) ends with cost 1237.7305370001122ms.
debug: Target(preview) build started.
debug: Inspect cce:/internal/x/cc
debug: Resolve cce:/internal/x/cc-fu/2d from cce:/internal/x/cc as external dependency cce:/internal/x/cc-fu/2d.
debug: Resolve cce:/internal/x/cc-fu/3d from cce:/internal/x/cc as external dependency cce:/internal/x/cc-fu/3d.
debug: Resolve cce:/internal/x/cc-fu/animation from cce:/internal/x/cc as external dependency cce:/internal/x/cc-fu/animation.
debug: Resolve cce:/internal/x/cc-fu/audio from cce:/internal/x/cc as external dependency cce:/internal/x/cc-fu/audio.
debug: Resolve cce:/internal/x/cc-fu/base from cce:/internal/x/cc as external dependency cce:/internal/x/cc-fu/base.
debug: Resolve cce:/internal/x/cc-fu/dragon-bones from cce:/internal/x/cc as external dependency cce:/internal/x/cc-fu/dragon-bones.
debug: Resolve cce:/internal/x/cc-fu/gfx-webgl from cce:/internal/x/cc as external dependency cce:/internal/x/cc-fu/gfx-webgl.
debug: Resolve cce:/internal/x/cc-fu/gfx-webgl2 from cce:/internal/x/cc as external dependency cce:/internal/x/cc-fu/gfx-webgl2.
debug: Resolve cce:/internal/x/cc-fu/intersection-2d from cce:/internal/x/cc as external dependency cce:/internal/x/cc-fu/intersection-2d.
debug: Resolve cce:/internal/x/cc-fu/particle from cce:/internal/x/cc as external dependency cce:/internal/x/cc-fu/particle.
debug: Resolve cce:/internal/x/cc-fu/particle-2d from cce:/internal/x/cc as external dependency cce:/internal/x/cc-fu/particle-2d.
debug: Resolve cce:/internal/x/cc-fu/physics-2d-box2d from cce:/internal/x/cc as external dependency cce:/internal/x/cc-fu/physics-2d-box2d.
debug: Resolve cce:/internal/x/cc-fu/physics-2d-framework from cce:/internal/x/cc as external dependency cce:/internal/x/cc-fu/physics-2d-framework.
debug: Resolve cce:/internal/x/cc-fu/physics-ammo from cce:/internal/x/cc as external dependency cce:/internal/x/cc-fu/physics-ammo.
debug: Resolve cce:/internal/x/cc-fu/physics-framework from cce:/internal/x/cc as external dependency cce:/internal/x/cc-fu/physics-framework.
debug: Resolve cce:/internal/x/cc-fu/wait-for-ammo-instantiation from cce:/internal/x/cc as external dependency cce:/internal/x/cc-fu/wait-for-ammo-instantiation.
debug: Resolve cce:/internal/x/cc-fu/primitive from cce:/internal/x/cc as external dependency cce:/internal/x/cc-fu/primitive.
debug: Resolve cce:/internal/x/cc-fu/profiler from cce:/internal/x/cc as external dependency cce:/internal/x/cc-fu/profiler.
debug: Resolve cce:/internal/x/cc-fu/skeletal-animation from cce:/internal/x/cc as external dependency cce:/internal/x/cc-fu/skeletal-animation.
debug: Resolve cce:/internal/x/cc-fu/spine from cce:/internal/x/cc as external dependency cce:/internal/x/cc-fu/spine.
debug: Resolve cce:/internal/x/cc-fu/terrain from cce:/internal/x/cc as external dependency cce:/internal/x/cc-fu/terrain.
debug: Resolve cce:/internal/x/cc-fu/tiled-map from cce:/internal/x/cc as external dependency cce:/internal/x/cc-fu/tiled-map.
debug: Resolve cce:/internal/x/cc-fu/tween from cce:/internal/x/cc as external dependency cce:/internal/x/cc-fu/tween.
debug: Resolve cce:/internal/x/cc-fu/ui from cce:/internal/x/cc as external dependency cce:/internal/x/cc-fu/ui.
debug: Resolve cce:/internal/x/cc-fu/video from cce:/internal/x/cc as external dependency cce:/internal/x/cc-fu/video.
debug: Resolve cce:/internal/x/cc-fu/webview from cce:/internal/x/cc as external dependency cce:/internal/x/cc-fu/webview.
debug: Inspect cce:/internal/x/prerequisite-imports
debug: Resolve file:///Users/mu/work/gitee/CocosCreatorDemos/demo/3d/Creator3.5.1_3D_Graffiti/assets/scripts/DecalMeshRenderer.ts from cce:/internal/x/prerequisite-imports as file:///Users/mu/work/gitee/CocosCreatorDemos/demo/3d/Creator3.5.1_3D_Graffiti/assets/scripts/DecalMeshRenderer.ts.
debug: Inspect file:///Users/mu/work/gitee/CocosCreatorDemos/demo/3d/Creator3.5.1_3D_Graffiti/assets/scripts/DecalMeshRenderer.ts
debug: Resolve cc from file:///Users/mu/work/gitee/CocosCreatorDemos/demo/3d/Creator3.5.1_3D_Graffiti/assets/scripts/DecalMeshRenderer.ts as cce:/internal/x/cc.
debug: Resolve cc from file:///Users/mu/work/gitee/CocosCreatorDemos/demo/3d/Creator3.5.1_3D_Graffiti/assets/scripts/DecalMeshRenderer.ts as cce:/internal/x/cc.
debug: Resolve file:///Users/mu/work/gitee/CocosCreatorDemos/demo/3d/Creator3.5.1_3D_Graffiti/assets/scripts/DragAndRotate.ts from cce:/internal/x/prerequisite-imports as file:///Users/mu/work/gitee/CocosCreatorDemos/demo/3d/Creator3.5.1_3D_Graffiti/assets/scripts/DragAndRotate.ts.
debug: Inspect file:///Users/mu/work/gitee/CocosCreatorDemos/demo/3d/Creator3.5.1_3D_Graffiti/assets/scripts/DragAndRotate.ts
debug: Resolve cc from file:///Users/mu/work/gitee/CocosCreatorDemos/demo/3d/Creator3.5.1_3D_Graffiti/assets/scripts/DragAndRotate.ts as cce:/internal/x/cc.
debug: Resolve cc from file:///Users/mu/work/gitee/CocosCreatorDemos/demo/3d/Creator3.5.1_3D_Graffiti/assets/scripts/DragAndRotate.ts as cce:/internal/x/cc.
debug: Resolve file:///Users/mu/work/gitee/CocosCreatorDemos/demo/3d/Creator3.5.1_3D_Graffiti/assets/scripts/decal.ts from cce:/internal/x/prerequisite-imports as file:///Users/mu/work/gitee/CocosCreatorDemos/demo/3d/Creator3.5.1_3D_Graffiti/assets/scripts/decal.ts.
debug: Inspect file:///Users/mu/work/gitee/CocosCreatorDemos/demo/3d/Creator3.5.1_3D_Graffiti/assets/scripts/decal.ts
debug: Resolve cce:/internal/code-quality/cr.mjs from file:///Users/mu/work/gitee/CocosCreatorDemos/demo/3d/Creator3.5.1_3D_Graffiti/assets/scripts/decal.ts as cce:/internal/code-quality/cr.mjs.
debug: Inspect cce:/internal/code-quality/cr.mjs
debug: Resolve cc from file:///Users/mu/work/gitee/CocosCreatorDemos/demo/3d/Creator3.5.1_3D_Graffiti/assets/scripts/decal.ts as cce:/internal/x/cc.
debug: Resolve cc from file:///Users/mu/work/gitee/CocosCreatorDemos/demo/3d/Creator3.5.1_3D_Graffiti/assets/scripts/decal.ts as cce:/internal/x/cc.
debug: Resolve ./DecalMeshRenderer from file:///Users/mu/work/gitee/CocosCreatorDemos/demo/3d/Creator3.5.1_3D_Graffiti/assets/scripts/decal.ts as file:///Users/mu/work/gitee/CocosCreatorDemos/demo/3d/Creator3.5.1_3D_Graffiti/assets/scripts/DecalMeshRenderer.ts.
debug: Target(preview) ends with cost 532.5362670002505ms.
debug: Dispatch build request for time accumulated 1 asset changes.
debug: Build iteration starts.
Number of accumulated asset changes: 1
Feature changed: false
debug: Target(editor) build started.
debug: Detected change: cce:/internal/x/prerequisite-imports. Last mtime: Thu Jan 01 1970 08:00:23 GMT+0800 (中国标准时间), Current mtime: Thu Jan 01 1970 08:55:18 GMT+0800 (中国标准时间)
debug: Inspect cce:/internal/x/prerequisite-imports
debug: Resolve file:///Users/mu/work/gitee/CocosCreatorDemos/demo/3d/Creator3.5.1_3D_Graffiti/assets/scripts/DecalMeshRenderer.ts from cce:/internal/x/prerequisite-imports as file:///Users/mu/work/gitee/CocosCreatorDemos/demo/3d/Creator3.5.1_3D_Graffiti/assets/scripts/DecalMeshRenderer.ts.
debug: Resolve file:///Users/mu/work/gitee/CocosCreatorDemos/demo/3d/Creator3.5.1_3D_Graffiti/assets/scripts/DragAndRotate.ts from cce:/internal/x/prerequisite-imports as file:///Users/mu/work/gitee/CocosCreatorDemos/demo/3d/Creator3.5.1_3D_Graffiti/assets/scripts/DragAndRotate.ts.
debug: Resolve file:///Users/mu/work/gitee/CocosCreatorDemos/demo/3d/Creator3.5.1_3D_Graffiti/assets/scripts/decal.ts from cce:/internal/x/prerequisite-imports as file:///Users/mu/work/gitee/CocosCreatorDemos/demo/3d/Creator3.5.1_3D_Graffiti/assets/scripts/decal.ts.
debug: Detected change: file:///Users/mu/work/gitee/CocosCreatorDemos/demo/3d/Creator3.5.1_3D_Graffiti/assets/scripts/decal.ts. Last mtime: Tue Jun 14 2022 10:46:57 GMT+0800 (中国标准时间)@1bbb9bc8-90e6-4654-bbf1-018d23a58380, Current mtime: Tue Jun 14 2022 11:42:53 GMT+0800 (中国标准时间)@1bbb9bc8-90e6-4654-bbf1-018d23a58380
debug: Inspect file:///Users/mu/work/gitee/CocosCreatorDemos/demo/3d/Creator3.5.1_3D_Graffiti/assets/scripts/decal.ts
debug: Resolve cce:/internal/code-quality/cr.mjs from file:///Users/mu/work/gitee/CocosCreatorDemos/demo/3d/Creator3.5.1_3D_Graffiti/assets/scripts/decal.ts as cce:/internal/code-quality/cr.mjs.
debug: Resolve cc from file:///Users/mu/work/gitee/CocosCreatorDemos/demo/3d/Creator3.5.1_3D_Graffiti/assets/scripts/decal.ts as cce:/internal/x/cc.
debug: Resolve cc from file:///Users/mu/work/gitee/CocosCreatorDemos/demo/3d/Creator3.5.1_3D_Graffiti/assets/scripts/decal.ts as cce:/internal/x/cc.
debug: Resolve ./DecalMeshRenderer from file:///Users/mu/work/gitee/CocosCreatorDemos/demo/3d/Creator3.5.1_3D_Graffiti/assets/scripts/decal.ts as file:///Users/mu/work/gitee/CocosCreatorDemos/demo/3d/Creator3.5.1_3D_Graffiti/assets/scripts/DecalMeshRenderer.ts.
debug: Target(editor) ends with cost 559.0116079999134ms.
debug: Target(preview) build started.
debug: Detected change: cce:/internal/x/prerequisite-imports. Last mtime: Thu Jan 01 1970 08:00:24 GMT+0800 (中国标准时间), Current mtime: Thu Jan 01 1970 08:55:19 GMT+0800 (中国标准时间)
debug: Inspect cce:/internal/x/prerequisite-imports
debug: Resolve file:///Users/mu/work/gitee/CocosCreatorDemos/demo/3d/Creator3.5.1_3D_Graffiti/assets/scripts/DecalMeshRenderer.ts from cce:/internal/x/prerequisite-imports as file:///Users/mu/work/gitee/CocosCreatorDemos/demo/3d/Creator3.5.1_3D_Graffiti/assets/scripts/DecalMeshRenderer.ts.
debug: Resolve file:///Users/mu/work/gitee/CocosCreatorDemos/demo/3d/Creator3.5.1_3D_Graffiti/assets/scripts/DragAndRotate.ts from cce:/internal/x/prerequisite-imports as file:///Users/mu/work/gitee/CocosCreatorDemos/demo/3d/Creator3.5.1_3D_Graffiti/assets/scripts/DragAndRotate.ts.
debug: Resolve file:///Users/mu/work/gitee/CocosCreatorDemos/demo/3d/Creator3.5.1_3D_Graffiti/assets/scripts/decal.ts from cce:/internal/x/prerequisite-imports as file:///Users/mu/work/gitee/CocosCreatorDemos/demo/3d/Creator3.5.1_3D_Graffiti/assets/scripts/decal.ts.
debug: Detected change: file:///Users/mu/work/gitee/CocosCreatorDemos/demo/3d/Creator3.5.1_3D_Graffiti/assets/scripts/decal.ts. Last mtime: Tue Jun 14 2022 10:46:57 GMT+0800 (中国标准时间)@1bbb9bc8-90e6-4654-bbf1-018d23a58380, Current mtime: Tue Jun 14 2022 11:42:53 GMT+0800 (中国标准时间)@1bbb9bc8-90e6-4654-bbf1-018d23a58380
debug: Inspect file:///Users/mu/work/gitee/CocosCreatorDemos/demo/3d/Creator3.5.1_3D_Graffiti/assets/scripts/decal.ts
debug: Resolve cce:/internal/code-quality/cr.mjs from file:///Users/mu/work/gitee/CocosCreatorDemos/demo/3d/Creator3.5.1_3D_Graffiti/assets/scripts/decal.ts as cce:/internal/code-quality/cr.mjs.
debug: Resolve cc from file:///Users/mu/work/gitee/CocosCreatorDemos/demo/3d/Creator3.5.1_3D_Graffiti/assets/scripts/decal.ts as cce:/internal/x/cc.
debug: Resolve cc from file:///Users/mu/work/gitee/CocosCreatorDemos/demo/3d/Creator3.5.1_3D_Graffiti/assets/scripts/decal.ts as cce:/internal/x/cc.
debug: Resolve ./DecalMeshRenderer from file:///Users/mu/work/gitee/CocosCreatorDemos/demo/3d/Creator3.5.1_3D_Graffiti/assets/scripts/decal.ts as file:///Users/mu/work/gitee/CocosCreatorDemos/demo/3d/Creator3.5.1_3D_Graffiti/assets/scripts/DecalMeshRenderer.ts.
debug: Target(preview) ends with cost 874.7328139999881ms.
debug: Dispatch build request for time accumulated 1 asset changes.
debug: Build iteration starts.
Number of accumulated asset changes: 1
Feature changed: false
debug: Target(editor) build started.
debug: Detected change: cce:/internal/x/prerequisite-imports. Last mtime: Thu Jan 01 1970 08:55:18 GMT+0800 (中国标准时间), Current mtime: Thu Jan 01 1970 08:55:58 GMT+0800 (中国标准时间)
debug: Inspect cce:/internal/x/prerequisite-imports
debug: Resolve file:///Users/mu/work/gitee/CocosCreatorDemos/demo/3d/Creator3.5.1_3D_Graffiti/assets/scripts/DecalMeshRenderer.ts from cce:/internal/x/prerequisite-imports as file:///Users/mu/work/gitee/CocosCreatorDemos/demo/3d/Creator3.5.1_3D_Graffiti/assets/scripts/DecalMeshRenderer.ts.
debug: Resolve file:///Users/mu/work/gitee/CocosCreatorDemos/demo/3d/Creator3.5.1_3D_Graffiti/assets/scripts/DragAndRotate.ts from cce:/internal/x/prerequisite-imports as file:///Users/mu/work/gitee/CocosCreatorDemos/demo/3d/Creator3.5.1_3D_Graffiti/assets/scripts/DragAndRotate.ts.
debug: Resolve file:///Users/mu/work/gitee/CocosCreatorDemos/demo/3d/Creator3.5.1_3D_Graffiti/assets/scripts/decal.ts from cce:/internal/x/prerequisite-imports as file:///Users/mu/work/gitee/CocosCreatorDemos/demo/3d/Creator3.5.1_3D_Graffiti/assets/scripts/decal.ts.
debug: Detected change: file:///Users/mu/work/gitee/CocosCreatorDemos/demo/3d/Creator3.5.1_3D_Graffiti/assets/scripts/decal.ts. Last mtime: Tue Jun 14 2022 11:42:53 GMT+0800 (中国标准时间)@1bbb9bc8-90e6-4654-bbf1-018d23a58380, Current mtime: Tue Jun 14 2022 11:43:23 GMT+0800 (中国标准时间)@1bbb9bc8-90e6-4654-bbf1-018d23a58380
debug: Inspect file:///Users/mu/work/gitee/CocosCreatorDemos/demo/3d/Creator3.5.1_3D_Graffiti/assets/scripts/decal.ts
debug: Resolve cce:/internal/code-quality/cr.mjs from file:///Users/mu/work/gitee/CocosCreatorDemos/demo/3d/Creator3.5.1_3D_Graffiti/assets/scripts/decal.ts as cce:/internal/code-quality/cr.mjs.
debug: Resolve cc from file:///Users/mu/work/gitee/CocosCreatorDemos/demo/3d/Creator3.5.1_3D_Graffiti/assets/scripts/decal.ts as cce:/internal/x/cc.
debug: Resolve cc from file:///Users/mu/work/gitee/CocosCreatorDemos/demo/3d/Creator3.5.1_3D_Graffiti/assets/scripts/decal.ts as cce:/internal/x/cc.
debug: Resolve ./DecalMeshRenderer from file:///Users/mu/work/gitee/CocosCreatorDemos/demo/3d/Creator3.5.1_3D_Graffiti/assets/scripts/decal.ts as file:///Users/mu/work/gitee/CocosCreatorDemos/demo/3d/Creator3.5.1_3D_Graffiti/assets/scripts/DecalMeshRenderer.ts.
debug: Target(editor) ends with cost 374.5543090002611ms.
debug: Target(preview) build started.
debug: Detected change: cce:/internal/x/prerequisite-imports. Last mtime: Thu Jan 01 1970 08:55:19 GMT+0800 (中国标准时间), Current mtime: Thu Jan 01 1970 08:55:58 GMT+0800 (中国标准时间)
debug: Inspect cce:/internal/x/prerequisite-imports
debug: Resolve file:///Users/mu/work/gitee/CocosCreatorDemos/demo/3d/Creator3.5.1_3D_Graffiti/assets/scripts/DecalMeshRenderer.ts from cce:/internal/x/prerequisite-imports as file:///Users/mu/work/gitee/CocosCreatorDemos/demo/3d/Creator3.5.1_3D_Graffiti/assets/scripts/DecalMeshRenderer.ts.
debug: Resolve file:///Users/mu/work/gitee/CocosCreatorDemos/demo/3d/Creator3.5.1_3D_Graffiti/assets/scripts/DragAndRotate.ts from cce:/internal/x/prerequisite-imports as file:///Users/mu/work/gitee/CocosCreatorDemos/demo/3d/Creator3.5.1_3D_Graffiti/assets/scripts/DragAndRotate.ts.
debug: Resolve file:///Users/mu/work/gitee/CocosCreatorDemos/demo/3d/Creator3.5.1_3D_Graffiti/assets/scripts/decal.ts from cce:/internal/x/prerequisite-imports as file:///Users/mu/work/gitee/CocosCreatorDemos/demo/3d/Creator3.5.1_3D_Graffiti/assets/scripts/decal.ts.
debug: Detected change: file:///Users/mu/work/gitee/CocosCreatorDemos/demo/3d/Creator3.5.1_3D_Graffiti/assets/scripts/decal.ts. Last mtime: Tue Jun 14 2022 11:42:53 GMT+0800 (中国标准时间)@1bbb9bc8-90e6-4654-bbf1-018d23a58380, Current mtime: Tue Jun 14 2022 11:43:23 GMT+0800 (中国标准时间)@1bbb9bc8-90e6-4654-bbf1-018d23a58380
debug: Inspect file:///Users/mu/work/gitee/CocosCreatorDemos/demo/3d/Creator3.5.1_3D_Graffiti/assets/scripts/decal.ts
debug: Resolve cce:/internal/code-quality/cr.mjs from file:///Users/mu/work/gitee/CocosCreatorDemos/demo/3d/Creator3.5.1_3D_Graffiti/assets/scripts/decal.ts as cce:/internal/code-quality/cr.mjs.
debug: Resolve cc from file:///Users/mu/work/gitee/CocosCreatorDemos/demo/3d/Creator3.5.1_3D_Graffiti/assets/scripts/decal.ts as cce:/internal/x/cc.
debug: Resolve cc from file:///Users/mu/work/gitee/CocosCreatorDemos/demo/3d/Creator3.5.1_3D_Graffiti/assets/scripts/decal.ts as cce:/internal/x/cc.
debug: Resolve ./DecalMeshRenderer from file:///Users/mu/work/gitee/CocosCreatorDemos/demo/3d/Creator3.5.1_3D_Graffiti/assets/scripts/decal.ts as file:///Users/mu/work/gitee/CocosCreatorDemos/demo/3d/Creator3.5.1_3D_Graffiti/assets/scripts/DecalMeshRenderer.ts.
debug: Target(preview) ends with cost 880.5574740003794ms.
debug: Dispatch build request for time accumulated 1 asset changes.
debug: Build iteration starts.
Number of accumulated asset changes: 1
Feature changed: false
debug: Target(editor) build started.
debug: Detected change: cce:/internal/x/prerequisite-imports. Last mtime: Thu Jan 01 1970 08:55:58 GMT+0800 (中国标准时间), Current mtime: Thu Jan 01 1970 08:56:46 GMT+0800 (中国标准时间)
debug: Inspect cce:/internal/x/prerequisite-imports
debug: Resolve file:///Users/mu/work/gitee/CocosCreatorDemos/demo/3d/Creator3.5.1_3D_Graffiti/assets/scripts/DecalMeshRenderer.ts from cce:/internal/x/prerequisite-imports as file:///Users/mu/work/gitee/CocosCreatorDemos/demo/3d/Creator3.5.1_3D_Graffiti/assets/scripts/DecalMeshRenderer.ts.
debug: Resolve file:///Users/mu/work/gitee/CocosCreatorDemos/demo/3d/Creator3.5.1_3D_Graffiti/assets/scripts/DragAndRotate.ts from cce:/internal/x/prerequisite-imports as file:///Users/mu/work/gitee/CocosCreatorDemos/demo/3d/Creator3.5.1_3D_Graffiti/assets/scripts/DragAndRotate.ts.
debug: Resolve file:///Users/mu/work/gitee/CocosCreatorDemos/demo/3d/Creator3.5.1_3D_Graffiti/assets/scripts/decal.ts from cce:/internal/x/prerequisite-imports as file:///Users/mu/work/gitee/CocosCreatorDemos/demo/3d/Creator3.5.1_3D_Graffiti/assets/scripts/decal.ts.
debug: Detected change: file:///Users/mu/work/gitee/CocosCreatorDemos/demo/3d/Creator3.5.1_3D_Graffiti/assets/scripts/decal.ts. Last mtime: Tue Jun 14 2022 11:43:23 GMT+0800 (中国标准时间)@1bbb9bc8-90e6-4654-bbf1-018d23a58380, Current mtime: Tue Jun 14 2022 11:44:15 GMT+0800 (中国标准时间)@1bbb9bc8-90e6-4654-bbf1-018d23a58380
debug: Inspect file:///Users/mu/work/gitee/CocosCreatorDemos/demo/3d/Creator3.5.1_3D_Graffiti/assets/scripts/decal.ts
debug: Resolve cce:/internal/code-quality/cr.mjs from file:///Users/mu/work/gitee/CocosCreatorDemos/demo/3d/Creator3.5.1_3D_Graffiti/assets/scripts/decal.ts as cce:/internal/code-quality/cr.mjs.
debug: Resolve cc from file:///Users/mu/work/gitee/CocosCreatorDemos/demo/3d/Creator3.5.1_3D_Graffiti/assets/scripts/decal.ts as cce:/internal/x/cc.
debug: Resolve cc from file:///Users/mu/work/gitee/CocosCreatorDemos/demo/3d/Creator3.5.1_3D_Graffiti/assets/scripts/decal.ts as cce:/internal/x/cc.
debug: Resolve ./DecalMeshRenderer from file:///Users/mu/work/gitee/CocosCreatorDemos/demo/3d/Creator3.5.1_3D_Graffiti/assets/scripts/decal.ts as file:///Users/mu/work/gitee/CocosCreatorDemos/demo/3d/Creator3.5.1_3D_Graffiti/assets/scripts/DecalMeshRenderer.ts.
debug: Target(editor) ends with cost 832.4529589992017ms.
debug: Target(preview) build started.
debug: Detected change: cce:/internal/x/prerequisite-imports. Last mtime: Thu Jan 01 1970 08:55:58 GMT+0800 (中国标准时间), Current mtime: Thu Jan 01 1970 08:56:46 GMT+0800 (中国标准时间)
debug: Inspect cce:/internal/x/prerequisite-imports
debug: Resolve file:///Users/mu/work/gitee/CocosCreatorDemos/demo/3d/Creator3.5.1_3D_Graffiti/assets/scripts/DecalMeshRenderer.ts from cce:/internal/x/prerequisite-imports as file:///Users/mu/work/gitee/CocosCreatorDemos/demo/3d/Creator3.5.1_3D_Graffiti/assets/scripts/DecalMeshRenderer.ts.
debug: Resolve file:///Users/mu/work/gitee/CocosCreatorDemos/demo/3d/Creator3.5.1_3D_Graffiti/assets/scripts/DragAndRotate.ts from cce:/internal/x/prerequisite-imports as file:///Users/mu/work/gitee/CocosCreatorDemos/demo/3d/Creator3.5.1_3D_Graffiti/assets/scripts/DragAndRotate.ts.
debug: Resolve file:///Users/mu/work/gitee/CocosCreatorDemos/demo/3d/Creator3.5.1_3D_Graffiti/assets/scripts/decal.ts from cce:/internal/x/prerequisite-imports as file:///Users/mu/work/gitee/CocosCreatorDemos/demo/3d/Creator3.5.1_3D_Graffiti/assets/scripts/decal.ts.
debug: Detected change: file:///Users/mu/work/gitee/CocosCreatorDemos/demo/3d/Creator3.5.1_3D_Graffiti/assets/scripts/decal.ts. Last mtime: Tue Jun 14 2022 11:43:23 GMT+0800 (中国标准时间)@1bbb9bc8-90e6-4654-bbf1-018d23a58380, Current mtime: Tue Jun 14 2022 11:44:15 GMT+0800 (中国标准时间)@1bbb9bc8-90e6-4654-bbf1-018d23a58380
debug: Inspect file:///Users/mu/work/gitee/CocosCreatorDemos/demo/3d/Creator3.5.1_3D_Graffiti/assets/scripts/decal.ts
debug: Resolve cce:/internal/code-quality/cr.mjs from file:///Users/mu/work/gitee/CocosCreatorDemos/demo/3d/Creator3.5.1_3D_Graffiti/assets/scripts/decal.ts as cce:/internal/code-quality/cr.mjs.
debug: Resolve cc from file:///Users/mu/work/gitee/CocosCreatorDemos/demo/3d/Creator3.5.1_3D_Graffiti/assets/scripts/decal.ts as cce:/internal/x/cc.
debug: Resolve cc from file:///Users/mu/work/gitee/CocosCreatorDemos/demo/3d/Creator3.5.1_3D_Graffiti/assets/scripts/decal.ts as cce:/internal/x/cc.
debug: Resolve ./DecalMeshRenderer from file:///Users/mu/work/gitee/CocosCreatorDemos/demo/3d/Creator3.5.1_3D_Graffiti/assets/scripts/decal.ts as file:///Users/mu/work/gitee/CocosCreatorDemos/demo/3d/Creator3.5.1_3D_Graffiti/assets/scripts/DecalMeshRenderer.ts.
debug: Target(preview) ends with cost 787.0958189992234ms.
debug: Dispatch build request for time accumulated 1 asset changes.
debug: Build iteration starts.
Number of accumulated asset changes: 1
Feature changed: false
debug: Target(editor) build started.
debug: Detected change: cce:/internal/x/prerequisite-imports. Last mtime: Thu Jan 01 1970 08:56:46 GMT+0800 (中国标准时间), Current mtime: Thu Jan 01 1970 08:57:20 GMT+0800 (中国标准时间)
debug: Inspect cce:/internal/x/prerequisite-imports
debug: Resolve file:///Users/mu/work/gitee/CocosCreatorDemos/demo/3d/Creator3.5.1_3D_Graffiti/assets/scripts/DecalMeshRenderer.ts from cce:/internal/x/prerequisite-imports as file:///Users/mu/work/gitee/CocosCreatorDemos/demo/3d/Creator3.5.1_3D_Graffiti/assets/scripts/DecalMeshRenderer.ts.
debug: Resolve file:///Users/mu/work/gitee/CocosCreatorDemos/demo/3d/Creator3.5.1_3D_Graffiti/assets/scripts/DragAndRotate.ts from cce:/internal/x/prerequisite-imports as file:///Users/mu/work/gitee/CocosCreatorDemos/demo/3d/Creator3.5.1_3D_Graffiti/assets/scripts/DragAndRotate.ts.
debug: Resolve file:///Users/mu/work/gitee/CocosCreatorDemos/demo/3d/Creator3.5.1_3D_Graffiti/assets/scripts/decal.ts from cce:/internal/x/prerequisite-imports as file:///Users/mu/work/gitee/CocosCreatorDemos/demo/3d/Creator3.5.1_3D_Graffiti/assets/scripts/decal.ts.
debug: Detected change: file:///Users/mu/work/gitee/CocosCreatorDemos/demo/3d/Creator3.5.1_3D_Graffiti/assets/scripts/decal.ts. Last mtime: Tue Jun 14 2022 11:44:15 GMT+0800 (中国标准时间)@1bbb9bc8-90e6-4654-bbf1-018d23a58380, Current mtime: Tue Jun 14 2022 11:44:53 GMT+0800 (中国标准时间)@1bbb9bc8-90e6-4654-bbf1-018d23a58380
debug: Inspect file:///Users/mu/work/gitee/CocosCreatorDemos/demo/3d/Creator3.5.1_3D_Graffiti/assets/scripts/decal.ts
debug: Resolve cce:/internal/code-quality/cr.mjs from file:///Users/mu/work/gitee/CocosCreatorDemos/demo/3d/Creator3.5.1_3D_Graffiti/assets/scripts/decal.ts as cce:/internal/code-quality/cr.mjs.
debug: Resolve cc from file:///Users/mu/work/gitee/CocosCreatorDemos/demo/3d/Creator3.5.1_3D_Graffiti/assets/scripts/decal.ts as cce:/internal/x/cc.
debug: Resolve cc from file:///Users/mu/work/gitee/CocosCreatorDemos/demo/3d/Creator3.5.1_3D_Graffiti/assets/scripts/decal.ts as cce:/internal/x/cc.
debug: Resolve ./DecalMeshRenderer from file:///Users/mu/work/gitee/CocosCreatorDemos/demo/3d/Creator3.5.1_3D_Graffiti/assets/scripts/decal.ts as file:///Users/mu/work/gitee/CocosCreatorDemos/demo/3d/Creator3.5.1_3D_Graffiti/assets/scripts/DecalMeshRenderer.ts.
debug: Target(editor) ends with cost 412.27233199961483ms.
debug: Target(preview) build started.
debug: Detected change: cce:/internal/x/prerequisite-imports. Last mtime: Thu Jan 01 1970 08:56:46 GMT+0800 (中国标准时间), Current mtime: Thu Jan 01 1970 08:57:20 GMT+0800 (中国标准时间)
debug: Inspect cce:/internal/x/prerequisite-imports
debug: Resolve file:///Users/mu/work/gitee/CocosCreatorDemos/demo/3d/Creator3.5.1_3D_Graffiti/assets/scripts/DecalMeshRenderer.ts from cce:/internal/x/prerequisite-imports as file:///Users/mu/work/gitee/CocosCreatorDemos/demo/3d/Creator3.5.1_3D_Graffiti/assets/scripts/DecalMeshRenderer.ts.
debug: Resolve file:///Users/mu/work/gitee/CocosCreatorDemos/demo/3d/Creator3.5.1_3D_Graffiti/assets/scripts/DragAndRotate.ts from cce:/internal/x/prerequisite-imports as file:///Users/mu/work/gitee/CocosCreatorDemos/demo/3d/Creator3.5.1_3D_Graffiti/assets/scripts/DragAndRotate.ts.
debug: Resolve file:///Users/mu/work/gitee/CocosCreatorDemos/demo/3d/Creator3.5.1_3D_Graffiti/assets/scripts/decal.ts from cce:/internal/x/prerequisite-imports as file:///Users/mu/work/gitee/CocosCreatorDemos/demo/3d/Creator3.5.1_3D_Graffiti/assets/scripts/decal.ts.
debug: Detected change: file:///Users/mu/work/gitee/CocosCreatorDemos/demo/3d/Creator3.5.1_3D_Graffiti/assets/scripts/decal.ts. Last mtime: Tue Jun 14 2022 11:44:15 GMT+0800 (中国标准时间)@1bbb9bc8-90e6-4654-bbf1-018d23a58380, Current mtime: Tue Jun 14 2022 11:44:53 GMT+0800 (中国标准时间)@1bbb9bc8-90e6-4654-bbf1-018d23a58380
debug: Inspect file:///Users/mu/work/gitee/CocosCreatorDemos/demo/3d/Creator3.5.1_3D_Graffiti/assets/scripts/decal.ts
debug: Resolve cce:/internal/code-quality/cr.mjs from file:///Users/mu/work/gitee/CocosCreatorDemos/demo/3d/Creator3.5.1_3D_Graffiti/assets/scripts/decal.ts as cce:/internal/code-quality/cr.mjs.
debug: Resolve cc from file:///Users/mu/work/gitee/CocosCreatorDemos/demo/3d/Creator3.5.1_3D_Graffiti/assets/scripts/decal.ts as cce:/internal/x/cc.
debug: Resolve cc from file:///Users/mu/work/gitee/CocosCreatorDemos/demo/3d/Creator3.5.1_3D_Graffiti/assets/scripts/decal.ts as cce:/internal/x/cc.
debug: Resolve ./DecalMeshRenderer from file:///Users/mu/work/gitee/CocosCreatorDemos/demo/3d/Creator3.5.1_3D_Graffiti/assets/scripts/decal.ts as file:///Users/mu/work/gitee/CocosCreatorDemos/demo/3d/Creator3.5.1_3D_Graffiti/assets/scripts/DecalMeshRenderer.ts.
debug: Target(preview) ends with cost 558.7419600002468ms.
debug: Dispatch build request for time accumulated 1 asset changes.
debug: Build iteration starts.
Number of accumulated asset changes: 1
Feature changed: false
debug: Target(editor) build started.
debug: Detected change: cce:/internal/x/prerequisite-imports. Last mtime: Thu Jan 01 1970 08:57:20 GMT+0800 (中国标准时间), Current mtime: Thu Jan 01 1970 08:58:57 GMT+0800 (中国标准时间)
debug: Inspect cce:/internal/x/prerequisite-imports
debug: Resolve file:///Users/mu/work/gitee/CocosCreatorDemos/demo/3d/Creator3.5.1_3D_Graffiti/assets/scripts/DecalMeshRenderer.ts from cce:/internal/x/prerequisite-imports as file:///Users/mu/work/gitee/CocosCreatorDemos/demo/3d/Creator3.5.1_3D_Graffiti/assets/scripts/DecalMeshRenderer.ts.
debug: Resolve file:///Users/mu/work/gitee/CocosCreatorDemos/demo/3d/Creator3.5.1_3D_Graffiti/assets/scripts/DragAndRotate.ts from cce:/internal/x/prerequisite-imports as file:///Users/mu/work/gitee/CocosCreatorDemos/demo/3d/Creator3.5.1_3D_Graffiti/assets/scripts/DragAndRotate.ts.
debug: Resolve file:///Users/mu/work/gitee/CocosCreatorDemos/demo/3d/Creator3.5.1_3D_Graffiti/assets/scripts/decal.ts from cce:/internal/x/prerequisite-imports as file:///Users/mu/work/gitee/CocosCreatorDemos/demo/3d/Creator3.5.1_3D_Graffiti/assets/scripts/decal.ts.
debug: Detected change: file:///Users/mu/work/gitee/CocosCreatorDemos/demo/3d/Creator3.5.1_3D_Graffiti/assets/scripts/decal.ts. Last mtime: Tue Jun 14 2022 11:44:53 GMT+0800 (中国标准时间)@1bbb9bc8-90e6-4654-bbf1-018d23a58380, Current mtime: Tue Jun 14 2022 11:46:31 GMT+0800 (中国标准时间)@1bbb9bc8-90e6-4654-bbf1-018d23a58380
debug: Inspect file:///Users/mu/work/gitee/CocosCreatorDemos/demo/3d/Creator3.5.1_3D_Graffiti/assets/scripts/decal.ts
debug: Resolve cce:/internal/code-quality/cr.mjs from file:///Users/mu/work/gitee/CocosCreatorDemos/demo/3d/Creator3.5.1_3D_Graffiti/assets/scripts/decal.ts as cce:/internal/code-quality/cr.mjs.
debug: Resolve cc from file:///Users/mu/work/gitee/CocosCreatorDemos/demo/3d/Creator3.5.1_3D_Graffiti/assets/scripts/decal.ts as cce:/internal/x/cc.
debug: Resolve cc from file:///Users/mu/work/gitee/CocosCreatorDemos/demo/3d/Creator3.5.1_3D_Graffiti/assets/scripts/decal.ts as cce:/internal/x/cc.
debug: Resolve ./DecalMeshRenderer from file:///Users/mu/work/gitee/CocosCreatorDemos/demo/3d/Creator3.5.1_3D_Graffiti/assets/scripts/decal.ts as file:///Users/mu/work/gitee/CocosCreatorDemos/demo/3d/Creator3.5.1_3D_Graffiti/assets/scripts/DecalMeshRenderer.ts.
debug: Target(editor) ends with cost 136.00246400013566ms.
debug: Target(preview) build started.
debug: Detected change: cce:/internal/x/prerequisite-imports. Last mtime: Thu Jan 01 1970 08:57:20 GMT+0800 (中国标准时间), Current mtime: Thu Jan 01 1970 08:58:57 GMT+0800 (中国标准时间)
debug: Inspect cce:/internal/x/prerequisite-imports
debug: Resolve file:///Users/mu/work/gitee/CocosCreatorDemos/demo/3d/Creator3.5.1_3D_Graffiti/assets/scripts/DecalMeshRenderer.ts from cce:/internal/x/prerequisite-imports as file:///Users/mu/work/gitee/CocosCreatorDemos/demo/3d/Creator3.5.1_3D_Graffiti/assets/scripts/DecalMeshRenderer.ts.
debug: Resolve file:///Users/mu/work/gitee/CocosCreatorDemos/demo/3d/Creator3.5.1_3D_Graffiti/assets/scripts/DragAndRotate.ts from cce:/internal/x/prerequisite-imports as file:///Users/mu/work/gitee/CocosCreatorDemos/demo/3d/Creator3.5.1_3D_Graffiti/assets/scripts/DragAndRotate.ts.
debug: Resolve file:///Users/mu/work/gitee/CocosCreatorDemos/demo/3d/Creator3.5.1_3D_Graffiti/assets/scripts/decal.ts from cce:/internal/x/prerequisite-imports as file:///Users/mu/work/gitee/CocosCreatorDemos/demo/3d/Creator3.5.1_3D_Graffiti/assets/scripts/decal.ts.
debug: Detected change: file:///Users/mu/work/gitee/CocosCreatorDemos/demo/3d/Creator3.5.1_3D_Graffiti/assets/scripts/decal.ts. Last mtime: Tue Jun 14 2022 11:44:53 GMT+0800 (中国标准时间)@1bbb9bc8-90e6-4654-bbf1-018d23a58380, Current mtime: Tue Jun 14 2022 11:46:31 GMT+0800 (中国标准时间)@1bbb9bc8-90e6-4654-bbf1-018d23a58380
debug: Inspect file:///Users/mu/work/gitee/CocosCreatorDemos/demo/3d/Creator3.5.1_3D_Graffiti/assets/scripts/decal.ts
debug: Resolve cce:/internal/code-quality/cr.mjs from file:///Users/mu/work/gitee/CocosCreatorDemos/demo/3d/Creator3.5.1_3D_Graffiti/assets/scripts/decal.ts as cce:/internal/code-quality/cr.mjs.
debug: Resolve cc from file:///Users/mu/work/gitee/CocosCreatorDemos/demo/3d/Creator3.5.1_3D_Graffiti/assets/scripts/decal.ts as cce:/internal/x/cc.
debug: Resolve cc from file:///Users/mu/work/gitee/CocosCreatorDemos/demo/3d/Creator3.5.1_3D_Graffiti/assets/scripts/decal.ts as cce:/internal/x/cc.
debug: Resolve ./DecalMeshRenderer from file:///Users/mu/work/gitee/CocosCreatorDemos/demo/3d/Creator3.5.1_3D_Graffiti/assets/scripts/decal.ts as file:///Users/mu/work/gitee/CocosCreatorDemos/demo/3d/Creator3.5.1_3D_Graffiti/assets/scripts/DecalMeshRenderer.ts.
debug: Target(preview) ends with cost 550.3747460003942ms.
debug: Dispatch build request for time accumulated 1 asset changes.
debug: Build iteration starts.
Number of accumulated asset changes: 1
Feature changed: false
debug: Target(editor) build started.
debug: Detected change: cce:/internal/x/prerequisite-imports. Last mtime: Thu Jan 01 1970 08:58:57 GMT+0800 (中国标准时间), Current mtime: Thu Jan 01 1970 09:02:12 GMT+0800 (中国标准时间)
debug: Inspect cce:/internal/x/prerequisite-imports
debug: Resolve file:///Users/mu/work/gitee/CocosCreatorDemos/demo/3d/Creator3.5.1_3D_Graffiti/assets/scripts/DecalMeshRenderer.ts from cce:/internal/x/prerequisite-imports as file:///Users/mu/work/gitee/CocosCreatorDemos/demo/3d/Creator3.5.1_3D_Graffiti/assets/scripts/DecalMeshRenderer.ts.
debug: Resolve file:///Users/mu/work/gitee/CocosCreatorDemos/demo/3d/Creator3.5.1_3D_Graffiti/assets/scripts/DragAndRotate.ts from cce:/internal/x/prerequisite-imports as file:///Users/mu/work/gitee/CocosCreatorDemos/demo/3d/Creator3.5.1_3D_Graffiti/assets/scripts/DragAndRotate.ts.
debug: Resolve file:///Users/mu/work/gitee/CocosCreatorDemos/demo/3d/Creator3.5.1_3D_Graffiti/assets/scripts/decal.ts from cce:/internal/x/prerequisite-imports as file:///Users/mu/work/gitee/CocosCreatorDemos/demo/3d/Creator3.5.1_3D_Graffiti/assets/scripts/decal.ts.
debug: Detected change: file:///Users/mu/work/gitee/CocosCreatorDemos/demo/3d/Creator3.5.1_3D_Graffiti/assets/scripts/decal.ts. Last mtime: Tue Jun 14 2022 11:46:31 GMT+0800 (中国标准时间)@1bbb9bc8-90e6-4654-bbf1-018d23a58380, Current mtime: Tue Jun 14 2022 11:46:59 GMT+0800 (中国标准时间)@1bbb9bc8-90e6-4654-bbf1-018d23a58380
debug: Inspect file:///Users/mu/work/gitee/CocosCreatorDemos/demo/3d/Creator3.5.1_3D_Graffiti/assets/scripts/decal.ts
debug: Resolve cce:/internal/code-quality/cr.mjs from file:///Users/mu/work/gitee/CocosCreatorDemos/demo/3d/Creator3.5.1_3D_Graffiti/assets/scripts/decal.ts as cce:/internal/code-quality/cr.mjs.
debug: Resolve cc from file:///Users/mu/work/gitee/CocosCreatorDemos/demo/3d/Creator3.5.1_3D_Graffiti/assets/scripts/decal.ts as cce:/internal/x/cc.
debug: Resolve cc from file:///Users/mu/work/gitee/CocosCreatorDemos/demo/3d/Creator3.5.1_3D_Graffiti/assets/scripts/decal.ts as cce:/internal/x/cc.
debug: Resolve ./DecalMeshRenderer from file:///Users/mu/work/gitee/CocosCreatorDemos/demo/3d/Creator3.5.1_3D_Graffiti/assets/scripts/decal.ts as file:///Users/mu/work/gitee/CocosCreatorDemos/demo/3d/Creator3.5.1_3D_Graffiti/assets/scripts/DecalMeshRenderer.ts.
debug: Target(editor) ends with cost 124.76033700071275ms.
debug: Target(preview) build started.
debug: Detected change: cce:/internal/x/prerequisite-imports. Last mtime: Thu Jan 01 1970 08:58:57 GMT+0800 (中国标准时间), Current mtime: Thu Jan 01 1970 09:02:12 GMT+0800 (中国标准时间)
debug: Inspect cce:/internal/x/prerequisite-imports
debug: Resolve file:///Users/mu/work/gitee/CocosCreatorDemos/demo/3d/Creator3.5.1_3D_Graffiti/assets/scripts/DecalMeshRenderer.ts from cce:/internal/x/prerequisite-imports as file:///Users/mu/work/gitee/CocosCreatorDemos/demo/3d/Creator3.5.1_3D_Graffiti/assets/scripts/DecalMeshRenderer.ts.
debug: Resolve file:///Users/mu/work/gitee/CocosCreatorDemos/demo/3d/Creator3.5.1_3D_Graffiti/assets/scripts/DragAndRotate.ts from cce:/internal/x/prerequisite-imports as file:///Users/mu/work/gitee/CocosCreatorDemos/demo/3d/Creator3.5.1_3D_Graffiti/assets/scripts/DragAndRotate.ts.
debug: Resolve file:///Users/mu/work/gitee/CocosCreatorDemos/demo/3d/Creator3.5.1_3D_Graffiti/assets/scripts/decal.ts from cce:/internal/x/prerequisite-imports as file:///Users/mu/work/gitee/CocosCreatorDemos/demo/3d/Creator3.5.1_3D_Graffiti/assets/scripts/decal.ts.
debug: Detected change: file:///Users/mu/work/gitee/CocosCreatorDemos/demo/3d/Creator3.5.1_3D_Graffiti/assets/scripts/decal.ts. Last mtime: Tue Jun 14 2022 11:46:31 GMT+0800 (中国标准时间)@1bbb9bc8-90e6-4654-bbf1-018d23a58380, Current mtime: Tue Jun 14 2022 11:46:59 GMT+0800 (中国标准时间)@1bbb9bc8-90e6-4654-bbf1-018d23a58380
debug: Inspect file:///Users/mu/work/gitee/CocosCreatorDemos/demo/3d/Creator3.5.1_3D_Graffiti/assets/scripts/decal.ts
debug: Resolve cce:/internal/code-quality/cr.mjs from file:///Users/mu/work/gitee/CocosCreatorDemos/demo/3d/Creator3.5.1_3D_Graffiti/assets/scripts/decal.ts as cce:/internal/code-quality/cr.mjs.
debug: Resolve cc from file:///Users/mu/work/gitee/CocosCreatorDemos/demo/3d/Creator3.5.1_3D_Graffiti/assets/scripts/decal.ts as cce:/internal/x/cc.
debug: Resolve cc from file:///Users/mu/work/gitee/CocosCreatorDemos/demo/3d/Creator3.5.1_3D_Graffiti/assets/scripts/decal.ts as cce:/internal/x/cc.
debug: Resolve ./DecalMeshRenderer from file:///Users/mu/work/gitee/CocosCreatorDemos/demo/3d/Creator3.5.1_3D_Graffiti/assets/scripts/decal.ts as file:///Users/mu/work/gitee/CocosCreatorDemos/demo/3d/Creator3.5.1_3D_Graffiti/assets/scripts/DecalMeshRenderer.ts.
debug: Target(preview) ends with cost 212.93362499959767ms.
debug: Dispatch build request for time accumulated 1 asset changes.
debug: Build iteration starts.
Number of accumulated asset changes: 1
Feature changed: false
debug: Target(editor) build started.
debug: Detected change: cce:/internal/x/prerequisite-imports. Last mtime: Thu Jan 01 1970 09:02:12 GMT+0800 (中国标准时间), Current mtime: Thu Jan 01 1970 09:02:52 GMT+0800 (中国标准时间)
debug: Inspect cce:/internal/x/prerequisite-imports
debug: Resolve file:///Users/mu/work/gitee/CocosCreatorDemos/demo/3d/Creator3.5.1_3D_Graffiti/assets/scripts/DecalMeshRenderer.ts from cce:/internal/x/prerequisite-imports as file:///Users/mu/work/gitee/CocosCreatorDemos/demo/3d/Creator3.5.1_3D_Graffiti/assets/scripts/DecalMeshRenderer.ts.
debug: Resolve file:///Users/mu/work/gitee/CocosCreatorDemos/demo/3d/Creator3.5.1_3D_Graffiti/assets/scripts/DragAndRotate.ts from cce:/internal/x/prerequisite-imports as file:///Users/mu/work/gitee/CocosCreatorDemos/demo/3d/Creator3.5.1_3D_Graffiti/assets/scripts/DragAndRotate.ts.
debug: Resolve file:///Users/mu/work/gitee/CocosCreatorDemos/demo/3d/Creator3.5.1_3D_Graffiti/assets/scripts/decal.ts from cce:/internal/x/prerequisite-imports as file:///Users/mu/work/gitee/CocosCreatorDemos/demo/3d/Creator3.5.1_3D_Graffiti/assets/scripts/decal.ts.
debug: Detected change: file:///Users/mu/work/gitee/CocosCreatorDemos/demo/3d/Creator3.5.1_3D_Graffiti/assets/scripts/decal.ts. Last mtime: Tue Jun 14 2022 11:46:59 GMT+0800 (中国标准时间)@1bbb9bc8-90e6-4654-bbf1-018d23a58380, Current mtime: Tue Jun 14 2022 11:50:26 GMT+0800 (中国标准时间)@1bbb9bc8-90e6-4654-bbf1-018d23a58380
debug: Inspect file:///Users/mu/work/gitee/CocosCreatorDemos/demo/3d/Creator3.5.1_3D_Graffiti/assets/scripts/decal.ts
debug: Resolve cce:/internal/code-quality/cr.mjs from file:///Users/mu/work/gitee/CocosCreatorDemos/demo/3d/Creator3.5.1_3D_Graffiti/assets/scripts/decal.ts as cce:/internal/code-quality/cr.mjs.
debug: Resolve cc from file:///Users/mu/work/gitee/CocosCreatorDemos/demo/3d/Creator3.5.1_3D_Graffiti/assets/scripts/decal.ts as cce:/internal/x/cc.
debug: Resolve cc from file:///Users/mu/work/gitee/CocosCreatorDemos/demo/3d/Creator3.5.1_3D_Graffiti/assets/scripts/decal.ts as cce:/internal/x/cc.
debug: Resolve ./DecalMeshRenderer from file:///Users/mu/work/gitee/CocosCreatorDemos/demo/3d/Creator3.5.1_3D_Graffiti/assets/scripts/decal.ts as file:///Users/mu/work/gitee/CocosCreatorDemos/demo/3d/Creator3.5.1_3D_Graffiti/assets/scripts/DecalMeshRenderer.ts.
debug: Target(editor) ends with cost 124.9321069996804ms.
debug: Target(preview) build started.
debug: Detected change: cce:/internal/x/prerequisite-imports. Last mtime: Thu Jan 01 1970 09:02:12 GMT+0800 (中国标准时间), Current mtime: Thu Jan 01 1970 09:02:52 GMT+0800 (中国标准时间)
debug: Inspect cce:/internal/x/prerequisite-imports
debug: Resolve file:///Users/mu/work/gitee/CocosCreatorDemos/demo/3d/Creator3.5.1_3D_Graffiti/assets/scripts/DecalMeshRenderer.ts from cce:/internal/x/prerequisite-imports as file:///Users/mu/work/gitee/CocosCreatorDemos/demo/3d/Creator3.5.1_3D_Graffiti/assets/scripts/DecalMeshRenderer.ts.
debug: Resolve file:///Users/mu/work/gitee/CocosCreatorDemos/demo/3d/Creator3.5.1_3D_Graffiti/assets/scripts/DragAndRotate.ts from cce:/internal/x/prerequisite-imports as file:///Users/mu/work/gitee/CocosCreatorDemos/demo/3d/Creator3.5.1_3D_Graffiti/assets/scripts/DragAndRotate.ts.
debug: Resolve file:///Users/mu/work/gitee/CocosCreatorDemos/demo/3d/Creator3.5.1_3D_Graffiti/assets/scripts/decal.ts from cce:/internal/x/prerequisite-imports as file:///Users/mu/work/gitee/CocosCreatorDemos/demo/3d/Creator3.5.1_3D_Graffiti/assets/scripts/decal.ts.
debug: Detected change: file:///Users/mu/work/gitee/CocosCreatorDemos/demo/3d/Creator3.5.1_3D_Graffiti/assets/scripts/decal.ts. Last mtime: Tue Jun 14 2022 11:46:59 GMT+0800 (中国标准时间)@1bbb9bc8-90e6-4654-bbf1-018d23a58380, Current mtime: Tue Jun 14 2022 11:50:26 GMT+0800 (中国标准时间)@1bbb9bc8-90e6-4654-bbf1-018d23a58380
debug: Inspect file:///Users/mu/work/gitee/CocosCreatorDemos/demo/3d/Creator3.5.1_3D_Graffiti/assets/scripts/decal.ts
debug: Resolve cce:/internal/code-quality/cr.mjs from file:///Users/mu/work/gitee/CocosCreatorDemos/demo/3d/Creator3.5.1_3D_Graffiti/assets/scripts/decal.ts as cce:/internal/code-quality/cr.mjs.
debug: Resolve cc from file:///Users/mu/work/gitee/CocosCreatorDemos/demo/3d/Creator3.5.1_3D_Graffiti/assets/scripts/decal.ts as cce:/internal/x/cc.
debug: Resolve cc from file:///Users/mu/work/gitee/CocosCreatorDemos/demo/3d/Creator3.5.1_3D_Graffiti/assets/scripts/decal.ts as cce:/internal/x/cc.
debug: Resolve ./DecalMeshRenderer from file:///Users/mu/work/gitee/CocosCreatorDemos/demo/3d/Creator3.5.1_3D_Graffiti/assets/scripts/decal.ts as file:///Users/mu/work/gitee/CocosCreatorDemos/demo/3d/Creator3.5.1_3D_Graffiti/assets/scripts/DecalMeshRenderer.ts.
debug: Target(preview) ends with cost 388.6544869989157ms.
