debug: Thu, 23 Jun 2022 02:05:30 GMT
debug: Project: /Users/mu/work/gitee/CocosCreatorDemos/demo/3d/Creator3.5.2_3D_ModelRimLight
debug: Targets: editor,preview
debug: Incremental file seems great.
debug: Engine path: /Applications/CocosCreator/Creator/3.5.2/CocosCreator.app/Contents/Resources/resources/3d/engine
debug: Initializing target [Editor]
debug: Loading cache
debug: Loading cache costs 47.43350600003032ms.
debug: Engine features shipped in editor: base,gfx-webgl,gfx-webgl2,3d,animation,skeletal-animation,2d,ui,particle,particle-2d,physics-framework,physics-2d-framework,intersection-2d,primitive,profiler,audio,video,terrain,webview,tween,tiled-map,spine,dragon-bones,marionette
debug: Initializing target [Preview]
debug: Loading cache
debug: Loading cache costs 28.176146999991033ms.
debug: Sync engine features: 2d,3d,animation,audio,base,dragon-bones,gfx-webgl,gfx-webgl2,intersection-2d,marionette,particle,particle-2d,physics-2d-box2d,physics-ammo,primitive,profiler,skeletal-animation,spine,terrain,tiled-map,tween,ui,video,webview
debug: Pulling asset-db.
debug: Fetch asset-db cost: 20.0492249999661ms.
debug: Build iteration starts.
Number of accumulated asset changes: 7
Feature changed: false
debug: Target(editor) build started.
debug: Detected change: cce:/internal/x/cc. Last mtime: Thu Jan 01 1970 08:00:15 GMT+0800 (中国标准时间), Current mtime: Thu Jan 01 1970 08:00:35 GMT+0800 (中国标准时间)
debug: Inspect cce:/internal/x/cc
debug: Resolve cce:/internal/x/cc-fu/base from cce:/internal/x/cc as external dependency cce:/internal/x/cc-fu/base.
debug: Resolve cce:/internal/x/cc-fu/gfx-webgl from cce:/internal/x/cc as external dependency cce:/internal/x/cc-fu/gfx-webgl.
debug: Resolve cce:/internal/x/cc-fu/gfx-webgl2 from cce:/internal/x/cc as external dependency cce:/internal/x/cc-fu/gfx-webgl2.
debug: Resolve cce:/internal/x/cc-fu/3d from cce:/internal/x/cc as external dependency cce:/internal/x/cc-fu/3d.
debug: Resolve cce:/internal/x/cc-fu/animation from cce:/internal/x/cc as external dependency cce:/internal/x/cc-fu/animation.
debug: Resolve cce:/internal/x/cc-fu/skeletal-animation from cce:/internal/x/cc as external dependency cce:/internal/x/cc-fu/skeletal-animation.
debug: Resolve cce:/internal/x/cc-fu/2d from cce:/internal/x/cc as external dependency cce:/internal/x/cc-fu/2d.
debug: Resolve cce:/internal/x/cc-fu/ui from cce:/internal/x/cc as external dependency cce:/internal/x/cc-fu/ui.
debug: Resolve cce:/internal/x/cc-fu/particle from cce:/internal/x/cc as external dependency cce:/internal/x/cc-fu/particle.
debug: Resolve cce:/internal/x/cc-fu/particle-2d from cce:/internal/x/cc as external dependency cce:/internal/x/cc-fu/particle-2d.
debug: Resolve cce:/internal/x/cc-fu/physics-framework from cce:/internal/x/cc as external dependency cce:/internal/x/cc-fu/physics-framework.
debug: Resolve cce:/internal/x/cc-fu/physics-2d-framework from cce:/internal/x/cc as external dependency cce:/internal/x/cc-fu/physics-2d-framework.
debug: Resolve cce:/internal/x/cc-fu/intersection-2d from cce:/internal/x/cc as external dependency cce:/internal/x/cc-fu/intersection-2d.
debug: Resolve cce:/internal/x/cc-fu/primitive from cce:/internal/x/cc as external dependency cce:/internal/x/cc-fu/primitive.
debug: Resolve cce:/internal/x/cc-fu/profiler from cce:/internal/x/cc as external dependency cce:/internal/x/cc-fu/profiler.
debug: Resolve cce:/internal/x/cc-fu/audio from cce:/internal/x/cc as external dependency cce:/internal/x/cc-fu/audio.
debug: Resolve cce:/internal/x/cc-fu/video from cce:/internal/x/cc as external dependency cce:/internal/x/cc-fu/video.
debug: Resolve cce:/internal/x/cc-fu/terrain from cce:/internal/x/cc as external dependency cce:/internal/x/cc-fu/terrain.
debug: Resolve cce:/internal/x/cc-fu/webview from cce:/internal/x/cc as external dependency cce:/internal/x/cc-fu/webview.
debug: Resolve cce:/internal/x/cc-fu/tween from cce:/internal/x/cc as external dependency cce:/internal/x/cc-fu/tween.
debug: Resolve cce:/internal/x/cc-fu/tiled-map from cce:/internal/x/cc as external dependency cce:/internal/x/cc-fu/tiled-map.
debug: Resolve cce:/internal/x/cc-fu/spine from cce:/internal/x/cc as external dependency cce:/internal/x/cc-fu/spine.
debug: Resolve cce:/internal/x/cc-fu/dragon-bones from cce:/internal/x/cc as external dependency cce:/internal/x/cc-fu/dragon-bones.
debug: Detected change: cce:/internal/x/prerequisite-imports. Last mtime: Thu Jan 01 1970 08:07:08 GMT+0800 (中国标准时间), Current mtime: Thu Jan 01 1970 08:00:35 GMT+0800 (中国标准时间)
debug: Inspect cce:/internal/x/prerequisite-imports
debug: Resolve file:///Users/mu/work/gitee/CocosCreatorDemos/demo/3d/Creator3.5.2_3D_ModelRimLight/assets/src/AppStart_RimLight.ts from cce:/internal/x/prerequisite-imports as file:///Users/mu/work/gitee/CocosCreatorDemos/demo/3d/Creator3.5.2_3D_ModelRimLight/assets/src/AppStart_RimLight.ts.
debug: Inspect file:///Users/mu/work/gitee/CocosCreatorDemos/demo/3d/Creator3.5.2_3D_ModelRimLight/assets/src/AppStart_RimLight.ts
debug: Resolve cce:/internal/code-quality/cr.mjs from file:///Users/mu/work/gitee/CocosCreatorDemos/demo/3d/Creator3.5.2_3D_ModelRimLight/assets/src/AppStart_RimLight.ts as cce:/internal/code-quality/cr.mjs.
debug: Detected change: cce:/internal/code-quality/cr.mjs. Last mtime: Thu Jun 23 2022 01:06:02 GMT+0800 (中国标准时间), Current mtime: Thu Jun 23 2022 10:04:56 GMT+0800 (中国标准时间)
debug: Inspect cce:/internal/code-quality/cr.mjs
debug: Resolve cc from file:///Users/mu/work/gitee/CocosCreatorDemos/demo/3d/Creator3.5.2_3D_ModelRimLight/assets/src/AppStart_RimLight.ts as cce:/internal/x/cc.
debug: Resolve cc from file:///Users/mu/work/gitee/CocosCreatorDemos/demo/3d/Creator3.5.2_3D_ModelRimLight/assets/src/AppStart_RimLight.ts as cce:/internal/x/cc.
debug: Resolve ./UIMgr from file:///Users/mu/work/gitee/CocosCreatorDemos/demo/3d/Creator3.5.2_3D_ModelRimLight/assets/src/AppStart_RimLight.ts as file:///Users/mu/work/gitee/CocosCreatorDemos/demo/3d/Creator3.5.2_3D_ModelRimLight/assets/src/UIMgr.ts.
debug: Inspect file:///Users/mu/work/gitee/CocosCreatorDemos/demo/3d/Creator3.5.2_3D_ModelRimLight/assets/src/UIMgr.ts
debug: Resolve cce:/internal/code-quality/cr.mjs from file:///Users/mu/work/gitee/CocosCreatorDemos/demo/3d/Creator3.5.2_3D_ModelRimLight/assets/src/UIMgr.ts as cce:/internal/code-quality/cr.mjs.
debug: Resolve cc from file:///Users/mu/work/gitee/CocosCreatorDemos/demo/3d/Creator3.5.2_3D_ModelRimLight/assets/src/UIMgr.ts as cce:/internal/x/cc.
debug: Resolve cc from file:///Users/mu/work/gitee/CocosCreatorDemos/demo/3d/Creator3.5.2_3D_ModelRimLight/assets/src/UIMgr.ts as cce:/internal/x/cc.
debug: Resolve ./UI_RimLight_HUD from file:///Users/mu/work/gitee/CocosCreatorDemos/demo/3d/Creator3.5.2_3D_ModelRimLight/assets/src/AppStart_RimLight.ts as file:///Users/mu/work/gitee/CocosCreatorDemos/demo/3d/Creator3.5.2_3D_ModelRimLight/assets/src/UI_RimLight_HUD.ts.
debug: Inspect file:///Users/mu/work/gitee/CocosCreatorDemos/demo/3d/Creator3.5.2_3D_ModelRimLight/assets/src/UI_RimLight_HUD.ts
debug: Resolve cce:/internal/code-quality/cr.mjs from file:///Users/mu/work/gitee/CocosCreatorDemos/demo/3d/Creator3.5.2_3D_ModelRimLight/assets/src/UI_RimLight_HUD.ts as cce:/internal/code-quality/cr.mjs.
debug: Resolve cc from file:///Users/mu/work/gitee/CocosCreatorDemos/demo/3d/Creator3.5.2_3D_ModelRimLight/assets/src/UI_RimLight_HUD.ts as cce:/internal/x/cc.
debug: Resolve cc from file:///Users/mu/work/gitee/CocosCreatorDemos/demo/3d/Creator3.5.2_3D_ModelRimLight/assets/src/UI_RimLight_HUD.ts as cce:/internal/x/cc.
debug: Resolve ./UILayout_RimLight_HUD from file:///Users/mu/work/gitee/CocosCreatorDemos/demo/3d/Creator3.5.2_3D_ModelRimLight/assets/src/UI_RimLight_HUD.ts as file:///Users/mu/work/gitee/CocosCreatorDemos/demo/3d/Creator3.5.2_3D_ModelRimLight/assets/src/UILayout_RimLight_HUD.ts.
debug: Inspect file:///Users/mu/work/gitee/CocosCreatorDemos/demo/3d/Creator3.5.2_3D_ModelRimLight/assets/src/UILayout_RimLight_HUD.ts
debug: Resolve cc from file:///Users/mu/work/gitee/CocosCreatorDemos/demo/3d/Creator3.5.2_3D_ModelRimLight/assets/src/UILayout_RimLight_HUD.ts as cce:/internal/x/cc.
debug: Resolve cc from file:///Users/mu/work/gitee/CocosCreatorDemos/demo/3d/Creator3.5.2_3D_ModelRimLight/assets/src/UILayout_RimLight_HUD.ts as cce:/internal/x/cc.
debug: Resolve ./UIController from file:///Users/mu/work/gitee/CocosCreatorDemos/demo/3d/Creator3.5.2_3D_ModelRimLight/assets/src/UI_RimLight_HUD.ts as file:///Users/mu/work/gitee/CocosCreatorDemos/demo/3d/Creator3.5.2_3D_ModelRimLight/assets/src/UIController.ts.
debug: Inspect file:///Users/mu/work/gitee/CocosCreatorDemos/demo/3d/Creator3.5.2_3D_ModelRimLight/assets/src/UIController.ts
debug: Resolve cce:/internal/code-quality/cr.mjs from file:///Users/mu/work/gitee/CocosCreatorDemos/demo/3d/Creator3.5.2_3D_ModelRimLight/assets/src/UIController.ts as cce:/internal/code-quality/cr.mjs.
debug: Resolve cc from file:///Users/mu/work/gitee/CocosCreatorDemos/demo/3d/Creator3.5.2_3D_ModelRimLight/assets/src/UIController.ts as cce:/internal/x/cc.
debug: Resolve cc from file:///Users/mu/work/gitee/CocosCreatorDemos/demo/3d/Creator3.5.2_3D_ModelRimLight/assets/src/UIController.ts as cce:/internal/x/cc.
debug: Resolve ./UIMgr from file:///Users/mu/work/gitee/CocosCreatorDemos/demo/3d/Creator3.5.2_3D_ModelRimLight/assets/src/UIController.ts as file:///Users/mu/work/gitee/CocosCreatorDemos/demo/3d/Creator3.5.2_3D_ModelRimLight/assets/src/UIMgr.ts.
debug: Resolve ./UIMgr from file:///Users/mu/work/gitee/CocosCreatorDemos/demo/3d/Creator3.5.2_3D_ModelRimLight/assets/src/UI_RimLight_HUD.ts as file:///Users/mu/work/gitee/CocosCreatorDemos/demo/3d/Creator3.5.2_3D_ModelRimLight/assets/src/UIMgr.ts.
debug: Resolve ./PlayerCtrl from file:///Users/mu/work/gitee/CocosCreatorDemos/demo/3d/Creator3.5.2_3D_ModelRimLight/assets/src/UI_RimLight_HUD.ts as file:///Users/mu/work/gitee/CocosCreatorDemos/demo/3d/Creator3.5.2_3D_ModelRimLight/assets/src/PlayerCtrl.ts.
debug: Inspect file:///Users/mu/work/gitee/CocosCreatorDemos/demo/3d/Creator3.5.2_3D_ModelRimLight/assets/src/PlayerCtrl.ts
debug: Resolve cc from file:///Users/mu/work/gitee/CocosCreatorDemos/demo/3d/Creator3.5.2_3D_ModelRimLight/assets/src/PlayerCtrl.ts as cce:/internal/x/cc.
debug: Resolve cc from file:///Users/mu/work/gitee/CocosCreatorDemos/demo/3d/Creator3.5.2_3D_ModelRimLight/assets/src/PlayerCtrl.ts as cce:/internal/x/cc.
debug: Resolve file:///Users/mu/work/gitee/CocosCreatorDemos/demo/3d/Creator3.5.2_3D_ModelRimLight/assets/src/FollowCamera.ts from cce:/internal/x/prerequisite-imports as file:///Users/mu/work/gitee/CocosCreatorDemos/demo/3d/Creator3.5.2_3D_ModelRimLight/assets/src/FollowCamera.ts.
debug: Inspect file:///Users/mu/work/gitee/CocosCreatorDemos/demo/3d/Creator3.5.2_3D_ModelRimLight/assets/src/FollowCamera.ts
debug: Resolve cc from file:///Users/mu/work/gitee/CocosCreatorDemos/demo/3d/Creator3.5.2_3D_ModelRimLight/assets/src/FollowCamera.ts as cce:/internal/x/cc.
debug: Resolve cc from file:///Users/mu/work/gitee/CocosCreatorDemos/demo/3d/Creator3.5.2_3D_ModelRimLight/assets/src/FollowCamera.ts as cce:/internal/x/cc.
debug: Resolve file:///Users/mu/work/gitee/CocosCreatorDemos/demo/3d/Creator3.5.2_3D_ModelRimLight/assets/src/PlayerCtrl.ts from cce:/internal/x/prerequisite-imports as file:///Users/mu/work/gitee/CocosCreatorDemos/demo/3d/Creator3.5.2_3D_ModelRimLight/assets/src/PlayerCtrl.ts.
debug: Resolve file:///Users/mu/work/gitee/CocosCreatorDemos/demo/3d/Creator3.5.2_3D_ModelRimLight/assets/src/UIController.ts from cce:/internal/x/prerequisite-imports as file:///Users/mu/work/gitee/CocosCreatorDemos/demo/3d/Creator3.5.2_3D_ModelRimLight/assets/src/UIController.ts.
debug: Resolve file:///Users/mu/work/gitee/CocosCreatorDemos/demo/3d/Creator3.5.2_3D_ModelRimLight/assets/src/UILayout_RimLight_HUD.ts from cce:/internal/x/prerequisite-imports as file:///Users/mu/work/gitee/CocosCreatorDemos/demo/3d/Creator3.5.2_3D_ModelRimLight/assets/src/UILayout_RimLight_HUD.ts.
debug: Resolve file:///Users/mu/work/gitee/CocosCreatorDemos/demo/3d/Creator3.5.2_3D_ModelRimLight/assets/src/UIMgr.ts from cce:/internal/x/prerequisite-imports as file:///Users/mu/work/gitee/CocosCreatorDemos/demo/3d/Creator3.5.2_3D_ModelRimLight/assets/src/UIMgr.ts.
debug: Resolve file:///Users/mu/work/gitee/CocosCreatorDemos/demo/3d/Creator3.5.2_3D_ModelRimLight/assets/src/UI_RimLight_HUD.ts from cce:/internal/x/prerequisite-imports as file:///Users/mu/work/gitee/CocosCreatorDemos/demo/3d/Creator3.5.2_3D_ModelRimLight/assets/src/UI_RimLight_HUD.ts.
debug: Target(editor) ends with cost 1520.2980199999874ms.
debug: Target(preview) build started.
debug: Detected change: cce:/internal/x/cc. Last mtime: Thu Jan 01 1970 08:02:23 GMT+0800 (中国标准时间), Current mtime: Thu Jan 01 1970 08:00:35 GMT+0800 (中国标准时间)
debug: Inspect cce:/internal/x/cc
debug: Resolve cce:/internal/x/cc-fu/2d from cce:/internal/x/cc as external dependency cce:/internal/x/cc-fu/2d.
debug: Resolve cce:/internal/x/cc-fu/3d from cce:/internal/x/cc as external dependency cce:/internal/x/cc-fu/3d.
debug: Resolve cce:/internal/x/cc-fu/animation from cce:/internal/x/cc as external dependency cce:/internal/x/cc-fu/animation.
debug: Resolve cce:/internal/x/cc-fu/audio from cce:/internal/x/cc as external dependency cce:/internal/x/cc-fu/audio.
debug: Resolve cce:/internal/x/cc-fu/base from cce:/internal/x/cc as external dependency cce:/internal/x/cc-fu/base.
debug: Resolve cce:/internal/x/cc-fu/dragon-bones from cce:/internal/x/cc as external dependency cce:/internal/x/cc-fu/dragon-bones.
debug: Resolve cce:/internal/x/cc-fu/gfx-webgl from cce:/internal/x/cc as external dependency cce:/internal/x/cc-fu/gfx-webgl.
debug: Resolve cce:/internal/x/cc-fu/gfx-webgl2 from cce:/internal/x/cc as external dependency cce:/internal/x/cc-fu/gfx-webgl2.
debug: Resolve cce:/internal/x/cc-fu/intersection-2d from cce:/internal/x/cc as external dependency cce:/internal/x/cc-fu/intersection-2d.
debug: Resolve cce:/internal/x/cc-fu/particle from cce:/internal/x/cc as external dependency cce:/internal/x/cc-fu/particle.
debug: Resolve cce:/internal/x/cc-fu/particle-2d from cce:/internal/x/cc as external dependency cce:/internal/x/cc-fu/particle-2d.
debug: Resolve cce:/internal/x/cc-fu/physics-2d-box2d from cce:/internal/x/cc as external dependency cce:/internal/x/cc-fu/physics-2d-box2d.
debug: Resolve cce:/internal/x/cc-fu/physics-2d-framework from cce:/internal/x/cc as external dependency cce:/internal/x/cc-fu/physics-2d-framework.
debug: Resolve cce:/internal/x/cc-fu/physics-ammo from cce:/internal/x/cc as external dependency cce:/internal/x/cc-fu/physics-ammo.
debug: Resolve cce:/internal/x/cc-fu/physics-framework from cce:/internal/x/cc as external dependency cce:/internal/x/cc-fu/physics-framework.
debug: Resolve cce:/internal/x/cc-fu/wait-for-ammo-instantiation from cce:/internal/x/cc as external dependency cce:/internal/x/cc-fu/wait-for-ammo-instantiation.
debug: Resolve cce:/internal/x/cc-fu/primitive from cce:/internal/x/cc as external dependency cce:/internal/x/cc-fu/primitive.
debug: Resolve cce:/internal/x/cc-fu/profiler from cce:/internal/x/cc as external dependency cce:/internal/x/cc-fu/profiler.
debug: Resolve cce:/internal/x/cc-fu/skeletal-animation from cce:/internal/x/cc as external dependency cce:/internal/x/cc-fu/skeletal-animation.
debug: Resolve cce:/internal/x/cc-fu/spine from cce:/internal/x/cc as external dependency cce:/internal/x/cc-fu/spine.
debug: Resolve cce:/internal/x/cc-fu/terrain from cce:/internal/x/cc as external dependency cce:/internal/x/cc-fu/terrain.
debug: Resolve cce:/internal/x/cc-fu/tiled-map from cce:/internal/x/cc as external dependency cce:/internal/x/cc-fu/tiled-map.
debug: Resolve cce:/internal/x/cc-fu/tween from cce:/internal/x/cc as external dependency cce:/internal/x/cc-fu/tween.
debug: Resolve cce:/internal/x/cc-fu/ui from cce:/internal/x/cc as external dependency cce:/internal/x/cc-fu/ui.
debug: Resolve cce:/internal/x/cc-fu/video from cce:/internal/x/cc as external dependency cce:/internal/x/cc-fu/video.
debug: Resolve cce:/internal/x/cc-fu/webview from cce:/internal/x/cc as external dependency cce:/internal/x/cc-fu/webview.
debug: Detected change: cce:/internal/x/prerequisite-imports. Last mtime: Thu Jan 01 1970 08:07:08 GMT+0800 (中国标准时间), Current mtime: Thu Jan 01 1970 08:00:36 GMT+0800 (中国标准时间)
debug: Inspect cce:/internal/x/prerequisite-imports
debug: Resolve file:///Users/mu/work/gitee/CocosCreatorDemos/demo/3d/Creator3.5.2_3D_ModelRimLight/assets/src/AppStart_RimLight.ts from cce:/internal/x/prerequisite-imports as file:///Users/mu/work/gitee/CocosCreatorDemos/demo/3d/Creator3.5.2_3D_ModelRimLight/assets/src/AppStart_RimLight.ts.
debug: Inspect file:///Users/mu/work/gitee/CocosCreatorDemos/demo/3d/Creator3.5.2_3D_ModelRimLight/assets/src/AppStart_RimLight.ts
debug: Resolve cce:/internal/code-quality/cr.mjs from file:///Users/mu/work/gitee/CocosCreatorDemos/demo/3d/Creator3.5.2_3D_ModelRimLight/assets/src/AppStart_RimLight.ts as cce:/internal/code-quality/cr.mjs.
debug: Detected change: cce:/internal/code-quality/cr.mjs. Last mtime: Thu Jun 23 2022 01:06:02 GMT+0800 (中国标准时间), Current mtime: Thu Jun 23 2022 10:04:56 GMT+0800 (中国标准时间)
debug: Inspect cce:/internal/code-quality/cr.mjs
debug: Resolve cc from file:///Users/mu/work/gitee/CocosCreatorDemos/demo/3d/Creator3.5.2_3D_ModelRimLight/assets/src/AppStart_RimLight.ts as cce:/internal/x/cc.
debug: Resolve cc from file:///Users/mu/work/gitee/CocosCreatorDemos/demo/3d/Creator3.5.2_3D_ModelRimLight/assets/src/AppStart_RimLight.ts as cce:/internal/x/cc.
debug: Resolve ./UIMgr from file:///Users/mu/work/gitee/CocosCreatorDemos/demo/3d/Creator3.5.2_3D_ModelRimLight/assets/src/AppStart_RimLight.ts as file:///Users/mu/work/gitee/CocosCreatorDemos/demo/3d/Creator3.5.2_3D_ModelRimLight/assets/src/UIMgr.ts.
debug: Inspect file:///Users/mu/work/gitee/CocosCreatorDemos/demo/3d/Creator3.5.2_3D_ModelRimLight/assets/src/UIMgr.ts
debug: Resolve cce:/internal/code-quality/cr.mjs from file:///Users/mu/work/gitee/CocosCreatorDemos/demo/3d/Creator3.5.2_3D_ModelRimLight/assets/src/UIMgr.ts as cce:/internal/code-quality/cr.mjs.
debug: Resolve cc from file:///Users/mu/work/gitee/CocosCreatorDemos/demo/3d/Creator3.5.2_3D_ModelRimLight/assets/src/UIMgr.ts as cce:/internal/x/cc.
debug: Resolve cc from file:///Users/mu/work/gitee/CocosCreatorDemos/demo/3d/Creator3.5.2_3D_ModelRimLight/assets/src/UIMgr.ts as cce:/internal/x/cc.
debug: Resolve ./UI_RimLight_HUD from file:///Users/mu/work/gitee/CocosCreatorDemos/demo/3d/Creator3.5.2_3D_ModelRimLight/assets/src/AppStart_RimLight.ts as file:///Users/mu/work/gitee/CocosCreatorDemos/demo/3d/Creator3.5.2_3D_ModelRimLight/assets/src/UI_RimLight_HUD.ts.
debug: Inspect file:///Users/mu/work/gitee/CocosCreatorDemos/demo/3d/Creator3.5.2_3D_ModelRimLight/assets/src/UI_RimLight_HUD.ts
debug: Resolve cce:/internal/code-quality/cr.mjs from file:///Users/mu/work/gitee/CocosCreatorDemos/demo/3d/Creator3.5.2_3D_ModelRimLight/assets/src/UI_RimLight_HUD.ts as cce:/internal/code-quality/cr.mjs.
debug: Resolve cc from file:///Users/mu/work/gitee/CocosCreatorDemos/demo/3d/Creator3.5.2_3D_ModelRimLight/assets/src/UI_RimLight_HUD.ts as cce:/internal/x/cc.
debug: Resolve cc from file:///Users/mu/work/gitee/CocosCreatorDemos/demo/3d/Creator3.5.2_3D_ModelRimLight/assets/src/UI_RimLight_HUD.ts as cce:/internal/x/cc.
debug: Resolve ./UILayout_RimLight_HUD from file:///Users/mu/work/gitee/CocosCreatorDemos/demo/3d/Creator3.5.2_3D_ModelRimLight/assets/src/UI_RimLight_HUD.ts as file:///Users/mu/work/gitee/CocosCreatorDemos/demo/3d/Creator3.5.2_3D_ModelRimLight/assets/src/UILayout_RimLight_HUD.ts.
debug: Inspect file:///Users/mu/work/gitee/CocosCreatorDemos/demo/3d/Creator3.5.2_3D_ModelRimLight/assets/src/UILayout_RimLight_HUD.ts
debug: Resolve cc from file:///Users/mu/work/gitee/CocosCreatorDemos/demo/3d/Creator3.5.2_3D_ModelRimLight/assets/src/UILayout_RimLight_HUD.ts as cce:/internal/x/cc.
debug: Resolve cc from file:///Users/mu/work/gitee/CocosCreatorDemos/demo/3d/Creator3.5.2_3D_ModelRimLight/assets/src/UILayout_RimLight_HUD.ts as cce:/internal/x/cc.
debug: Resolve ./UIController from file:///Users/mu/work/gitee/CocosCreatorDemos/demo/3d/Creator3.5.2_3D_ModelRimLight/assets/src/UI_RimLight_HUD.ts as file:///Users/mu/work/gitee/CocosCreatorDemos/demo/3d/Creator3.5.2_3D_ModelRimLight/assets/src/UIController.ts.
debug: Inspect file:///Users/mu/work/gitee/CocosCreatorDemos/demo/3d/Creator3.5.2_3D_ModelRimLight/assets/src/UIController.ts
debug: Resolve cce:/internal/code-quality/cr.mjs from file:///Users/mu/work/gitee/CocosCreatorDemos/demo/3d/Creator3.5.2_3D_ModelRimLight/assets/src/UIController.ts as cce:/internal/code-quality/cr.mjs.
debug: Resolve cc from file:///Users/mu/work/gitee/CocosCreatorDemos/demo/3d/Creator3.5.2_3D_ModelRimLight/assets/src/UIController.ts as cce:/internal/x/cc.
debug: Resolve cc from file:///Users/mu/work/gitee/CocosCreatorDemos/demo/3d/Creator3.5.2_3D_ModelRimLight/assets/src/UIController.ts as cce:/internal/x/cc.
debug: Resolve ./UIMgr from file:///Users/mu/work/gitee/CocosCreatorDemos/demo/3d/Creator3.5.2_3D_ModelRimLight/assets/src/UIController.ts as file:///Users/mu/work/gitee/CocosCreatorDemos/demo/3d/Creator3.5.2_3D_ModelRimLight/assets/src/UIMgr.ts.
debug: Resolve ./UIMgr from file:///Users/mu/work/gitee/CocosCreatorDemos/demo/3d/Creator3.5.2_3D_ModelRimLight/assets/src/UI_RimLight_HUD.ts as file:///Users/mu/work/gitee/CocosCreatorDemos/demo/3d/Creator3.5.2_3D_ModelRimLight/assets/src/UIMgr.ts.
debug: Resolve ./PlayerCtrl from file:///Users/mu/work/gitee/CocosCreatorDemos/demo/3d/Creator3.5.2_3D_ModelRimLight/assets/src/UI_RimLight_HUD.ts as file:///Users/mu/work/gitee/CocosCreatorDemos/demo/3d/Creator3.5.2_3D_ModelRimLight/assets/src/PlayerCtrl.ts.
debug: Inspect file:///Users/mu/work/gitee/CocosCreatorDemos/demo/3d/Creator3.5.2_3D_ModelRimLight/assets/src/PlayerCtrl.ts
debug: Resolve cc from file:///Users/mu/work/gitee/CocosCreatorDemos/demo/3d/Creator3.5.2_3D_ModelRimLight/assets/src/PlayerCtrl.ts as cce:/internal/x/cc.
debug: Resolve cc from file:///Users/mu/work/gitee/CocosCreatorDemos/demo/3d/Creator3.5.2_3D_ModelRimLight/assets/src/PlayerCtrl.ts as cce:/internal/x/cc.
debug: Resolve file:///Users/mu/work/gitee/CocosCreatorDemos/demo/3d/Creator3.5.2_3D_ModelRimLight/assets/src/FollowCamera.ts from cce:/internal/x/prerequisite-imports as file:///Users/mu/work/gitee/CocosCreatorDemos/demo/3d/Creator3.5.2_3D_ModelRimLight/assets/src/FollowCamera.ts.
debug: Inspect file:///Users/mu/work/gitee/CocosCreatorDemos/demo/3d/Creator3.5.2_3D_ModelRimLight/assets/src/FollowCamera.ts
debug: Resolve cc from file:///Users/mu/work/gitee/CocosCreatorDemos/demo/3d/Creator3.5.2_3D_ModelRimLight/assets/src/FollowCamera.ts as cce:/internal/x/cc.
debug: Resolve cc from file:///Users/mu/work/gitee/CocosCreatorDemos/demo/3d/Creator3.5.2_3D_ModelRimLight/assets/src/FollowCamera.ts as cce:/internal/x/cc.
debug: Resolve file:///Users/mu/work/gitee/CocosCreatorDemos/demo/3d/Creator3.5.2_3D_ModelRimLight/assets/src/PlayerCtrl.ts from cce:/internal/x/prerequisite-imports as file:///Users/mu/work/gitee/CocosCreatorDemos/demo/3d/Creator3.5.2_3D_ModelRimLight/assets/src/PlayerCtrl.ts.
debug: Resolve file:///Users/mu/work/gitee/CocosCreatorDemos/demo/3d/Creator3.5.2_3D_ModelRimLight/assets/src/UIController.ts from cce:/internal/x/prerequisite-imports as file:///Users/mu/work/gitee/CocosCreatorDemos/demo/3d/Creator3.5.2_3D_ModelRimLight/assets/src/UIController.ts.
debug: Resolve file:///Users/mu/work/gitee/CocosCreatorDemos/demo/3d/Creator3.5.2_3D_ModelRimLight/assets/src/UILayout_RimLight_HUD.ts from cce:/internal/x/prerequisite-imports as file:///Users/mu/work/gitee/CocosCreatorDemos/demo/3d/Creator3.5.2_3D_ModelRimLight/assets/src/UILayout_RimLight_HUD.ts.
debug: Resolve file:///Users/mu/work/gitee/CocosCreatorDemos/demo/3d/Creator3.5.2_3D_ModelRimLight/assets/src/UIMgr.ts from cce:/internal/x/prerequisite-imports as file:///Users/mu/work/gitee/CocosCreatorDemos/demo/3d/Creator3.5.2_3D_ModelRimLight/assets/src/UIMgr.ts.
debug: Resolve file:///Users/mu/work/gitee/CocosCreatorDemos/demo/3d/Creator3.5.2_3D_ModelRimLight/assets/src/UI_RimLight_HUD.ts from cce:/internal/x/prerequisite-imports as file:///Users/mu/work/gitee/CocosCreatorDemos/demo/3d/Creator3.5.2_3D_ModelRimLight/assets/src/UI_RimLight_HUD.ts.
debug: Target(preview) ends with cost 1094.7092019999982ms.
debug: Dispatch build request for time accumulated 6 asset changes.
debug: Build iteration starts.
Number of accumulated asset changes: 6
Feature changed: false
debug: Target(editor) build started.
debug: Detected change: cce:/internal/x/prerequisite-imports. Last mtime: Thu Jan 01 1970 08:00:35 GMT+0800 (中国标准时间), Current mtime: Thu Jan 01 1970 08:12:30 GMT+0800 (中国标准时间)
debug: Inspect cce:/internal/x/prerequisite-imports
debug: Resolve file:///Users/mu/work/gitee/CocosCreatorDemos/demo/3d/Creator3.5.2_3D_ModelRimLight/assets/src/AppStart_RimLight.ts from cce:/internal/x/prerequisite-imports as file:///Users/mu/work/gitee/CocosCreatorDemos/demo/3d/Creator3.5.2_3D_ModelRimLight/assets/src/AppStart_RimLight.ts.
debug: Detected change: file:///Users/mu/work/gitee/CocosCreatorDemos/demo/3d/Creator3.5.2_3D_ModelRimLight/assets/src/AppStart_RimLight.ts. Last mtime: Thu Jun 23 2022 01:11:31 GMT+0800 (中国标准时间)@e857705a-c38c-4121-b53e-e4552adcf5dd, Current mtime: Thu Jun 23 2022 10:11:27 GMT+0800 (中国标准时间)@e857705a-c38c-4121-b53e-e4552adcf5dd
debug: Inspect file:///Users/mu/work/gitee/CocosCreatorDemos/demo/3d/Creator3.5.2_3D_ModelRimLight/assets/src/AppStart_RimLight.ts
debug: Resolve cce:/internal/code-quality/cr.mjs from file:///Users/mu/work/gitee/CocosCreatorDemos/demo/3d/Creator3.5.2_3D_ModelRimLight/assets/src/AppStart_RimLight.ts as cce:/internal/code-quality/cr.mjs.
debug: Resolve cc from file:///Users/mu/work/gitee/CocosCreatorDemos/demo/3d/Creator3.5.2_3D_ModelRimLight/assets/src/AppStart_RimLight.ts as cce:/internal/x/cc.
debug: Resolve cc from file:///Users/mu/work/gitee/CocosCreatorDemos/demo/3d/Creator3.5.2_3D_ModelRimLight/assets/src/AppStart_RimLight.ts as cce:/internal/x/cc.
debug: Resolve ./UIMgr from file:///Users/mu/work/gitee/CocosCreatorDemos/demo/3d/Creator3.5.2_3D_ModelRimLight/assets/src/AppStart_RimLight.ts as file:///Users/mu/work/gitee/CocosCreatorDemos/demo/3d/Creator3.5.2_3D_ModelRimLight/assets/src/UIMgr.ts.
debug: Detected change: file:///Users/mu/work/gitee/CocosCreatorDemos/demo/3d/Creator3.5.2_3D_ModelRimLight/assets/src/UIMgr.ts. Last mtime: Thu Jun 23 2022 01:13:06 GMT+0800 (中国标准时间)@82a59405-4865-4862-b064-ae0017d54dab, Current mtime: Thu Jun 23 2022 10:15:44 GMT+0800 (中国标准时间)@82a59405-4865-4862-b064-ae0017d54dab
debug: Inspect file:///Users/mu/work/gitee/CocosCreatorDemos/demo/3d/Creator3.5.2_3D_ModelRimLight/assets/src/UIMgr.ts
debug: Resolve cce:/internal/code-quality/cr.mjs from file:///Users/mu/work/gitee/CocosCreatorDemos/demo/3d/Creator3.5.2_3D_ModelRimLight/assets/src/UIMgr.ts as cce:/internal/code-quality/cr.mjs.
debug: Resolve cc from file:///Users/mu/work/gitee/CocosCreatorDemos/demo/3d/Creator3.5.2_3D_ModelRimLight/assets/src/UIMgr.ts as cce:/internal/x/cc.
debug: Resolve cc from file:///Users/mu/work/gitee/CocosCreatorDemos/demo/3d/Creator3.5.2_3D_ModelRimLight/assets/src/UIMgr.ts as cce:/internal/x/cc.
debug: Resolve ./UI_RimLight_HUD from file:///Users/mu/work/gitee/CocosCreatorDemos/demo/3d/Creator3.5.2_3D_ModelRimLight/assets/src/AppStart_RimLight.ts as file:///Users/mu/work/gitee/CocosCreatorDemos/demo/3d/Creator3.5.2_3D_ModelRimLight/assets/src/UI_RimLight_HUD.ts.
debug: Detected change: file:///Users/mu/work/gitee/CocosCreatorDemos/demo/3d/Creator3.5.2_3D_ModelRimLight/assets/src/UI_RimLight_HUD.ts. Last mtime: Thu Jun 23 2022 01:26:01 GMT+0800 (中国标准时间)@838c0141-3caf-4597-a635-914b989d33ec, Current mtime: Thu Jun 23 2022 10:13:18 GMT+0800 (中国标准时间)@838c0141-3caf-4597-a635-914b989d33ec
debug: Inspect file:///Users/mu/work/gitee/CocosCreatorDemos/demo/3d/Creator3.5.2_3D_ModelRimLight/assets/src/UI_RimLight_HUD.ts
debug: Resolve cce:/internal/code-quality/cr.mjs from file:///Users/mu/work/gitee/CocosCreatorDemos/demo/3d/Creator3.5.2_3D_ModelRimLight/assets/src/UI_RimLight_HUD.ts as cce:/internal/code-quality/cr.mjs.
debug: Resolve cc from file:///Users/mu/work/gitee/CocosCreatorDemos/demo/3d/Creator3.5.2_3D_ModelRimLight/assets/src/UI_RimLight_HUD.ts as cce:/internal/x/cc.
debug: Resolve cc from file:///Users/mu/work/gitee/CocosCreatorDemos/demo/3d/Creator3.5.2_3D_ModelRimLight/assets/src/UI_RimLight_HUD.ts as cce:/internal/x/cc.
debug: Resolve ./UILayout_RimLight_HUD from file:///Users/mu/work/gitee/CocosCreatorDemos/demo/3d/Creator3.5.2_3D_ModelRimLight/assets/src/UI_RimLight_HUD.ts as file:///Users/mu/work/gitee/CocosCreatorDemos/demo/3d/Creator3.5.2_3D_ModelRimLight/assets/src/UILayout_RimLight_HUD.ts.
debug: Resolve ./UIController from file:///Users/mu/work/gitee/CocosCreatorDemos/demo/3d/Creator3.5.2_3D_ModelRimLight/assets/src/UI_RimLight_HUD.ts as file:///Users/mu/work/gitee/CocosCreatorDemos/demo/3d/Creator3.5.2_3D_ModelRimLight/assets/src/UIController.ts.
debug: Detected change: file:///Users/mu/work/gitee/CocosCreatorDemos/demo/3d/Creator3.5.2_3D_ModelRimLight/assets/src/UIController.ts. Last mtime: Thu Jun 23 2022 01:27:50 GMT+0800 (中国标准时间)@de70297f-154d-46c8-8ce1-7cb5b678da8f, Current mtime: Thu Jun 23 2022 10:13:46 GMT+0800 (中国标准时间)@de70297f-154d-46c8-8ce1-7cb5b678da8f
debug: Inspect file:///Users/mu/work/gitee/CocosCreatorDemos/demo/3d/Creator3.5.2_3D_ModelRimLight/assets/src/UIController.ts
debug: Resolve cce:/internal/code-quality/cr.mjs from file:///Users/mu/work/gitee/CocosCreatorDemos/demo/3d/Creator3.5.2_3D_ModelRimLight/assets/src/UIController.ts as cce:/internal/code-quality/cr.mjs.
debug: Resolve cc from file:///Users/mu/work/gitee/CocosCreatorDemos/demo/3d/Creator3.5.2_3D_ModelRimLight/assets/src/UIController.ts as cce:/internal/x/cc.
debug: Resolve cc from file:///Users/mu/work/gitee/CocosCreatorDemos/demo/3d/Creator3.5.2_3D_ModelRimLight/assets/src/UIController.ts as cce:/internal/x/cc.
debug: Resolve ./UIMgr from file:///Users/mu/work/gitee/CocosCreatorDemos/demo/3d/Creator3.5.2_3D_ModelRimLight/assets/src/UIController.ts as file:///Users/mu/work/gitee/CocosCreatorDemos/demo/3d/Creator3.5.2_3D_ModelRimLight/assets/src/UIMgr.ts.
debug: Resolve ./UIMgr from file:///Users/mu/work/gitee/CocosCreatorDemos/demo/3d/Creator3.5.2_3D_ModelRimLight/assets/src/UI_RimLight_HUD.ts as file:///Users/mu/work/gitee/CocosCreatorDemos/demo/3d/Creator3.5.2_3D_ModelRimLight/assets/src/UIMgr.ts.
debug: Resolve ./PlayerCtrl from file:///Users/mu/work/gitee/CocosCreatorDemos/demo/3d/Creator3.5.2_3D_ModelRimLight/assets/src/UI_RimLight_HUD.ts as file:///Users/mu/work/gitee/CocosCreatorDemos/demo/3d/Creator3.5.2_3D_ModelRimLight/assets/src/PlayerCtrl.ts.
debug: Detected change: file:///Users/mu/work/gitee/CocosCreatorDemos/demo/3d/Creator3.5.2_3D_ModelRimLight/assets/src/PlayerCtrl.ts. Last mtime: Thu Jun 23 2022 01:27:42 GMT+0800 (中国标准时间)@f67541b9-d122-4575-a923-e769f1c9bab3, Current mtime: Thu Jun 23 2022 10:13:04 GMT+0800 (中国标准时间)@f67541b9-d122-4575-a923-e769f1c9bab3
debug: Inspect file:///Users/mu/work/gitee/CocosCreatorDemos/demo/3d/Creator3.5.2_3D_ModelRimLight/assets/src/PlayerCtrl.ts
debug: Resolve cc from file:///Users/mu/work/gitee/CocosCreatorDemos/demo/3d/Creator3.5.2_3D_ModelRimLight/assets/src/PlayerCtrl.ts as cce:/internal/x/cc.
debug: Resolve cc from file:///Users/mu/work/gitee/CocosCreatorDemos/demo/3d/Creator3.5.2_3D_ModelRimLight/assets/src/PlayerCtrl.ts as cce:/internal/x/cc.
debug: Resolve file:///Users/mu/work/gitee/CocosCreatorDemos/demo/3d/Creator3.5.2_3D_ModelRimLight/assets/src/FollowCamera.ts from cce:/internal/x/prerequisite-imports as file:///Users/mu/work/gitee/CocosCreatorDemos/demo/3d/Creator3.5.2_3D_ModelRimLight/assets/src/FollowCamera.ts.
debug: Detected change: file:///Users/mu/work/gitee/CocosCreatorDemos/demo/3d/Creator3.5.2_3D_ModelRimLight/assets/src/FollowCamera.ts. Last mtime: Thu Jun 23 2022 01:22:54 GMT+0800 (中国标准时间)@8a6dda79-6e93-43a7-a19c-9ef44071109b, Current mtime: Thu Jun 23 2022 10:11:57 GMT+0800 (中国标准时间)@8a6dda79-6e93-43a7-a19c-9ef44071109b
debug: Inspect file:///Users/mu/work/gitee/CocosCreatorDemos/demo/3d/Creator3.5.2_3D_ModelRimLight/assets/src/FollowCamera.ts
debug: Resolve cc from file:///Users/mu/work/gitee/CocosCreatorDemos/demo/3d/Creator3.5.2_3D_ModelRimLight/assets/src/FollowCamera.ts as cce:/internal/x/cc.
debug: Resolve cc from file:///Users/mu/work/gitee/CocosCreatorDemos/demo/3d/Creator3.5.2_3D_ModelRimLight/assets/src/FollowCamera.ts as cce:/internal/x/cc.
debug: Resolve file:///Users/mu/work/gitee/CocosCreatorDemos/demo/3d/Creator3.5.2_3D_ModelRimLight/assets/src/PlayerCtrl.ts from cce:/internal/x/prerequisite-imports as file:///Users/mu/work/gitee/CocosCreatorDemos/demo/3d/Creator3.5.2_3D_ModelRimLight/assets/src/PlayerCtrl.ts.
debug: Resolve file:///Users/mu/work/gitee/CocosCreatorDemos/demo/3d/Creator3.5.2_3D_ModelRimLight/assets/src/UIController.ts from cce:/internal/x/prerequisite-imports as file:///Users/mu/work/gitee/CocosCreatorDemos/demo/3d/Creator3.5.2_3D_ModelRimLight/assets/src/UIController.ts.
debug: Resolve file:///Users/mu/work/gitee/CocosCreatorDemos/demo/3d/Creator3.5.2_3D_ModelRimLight/assets/src/UILayout_RimLight_HUD.ts from cce:/internal/x/prerequisite-imports as file:///Users/mu/work/gitee/CocosCreatorDemos/demo/3d/Creator3.5.2_3D_ModelRimLight/assets/src/UILayout_RimLight_HUD.ts.
debug: Resolve file:///Users/mu/work/gitee/CocosCreatorDemos/demo/3d/Creator3.5.2_3D_ModelRimLight/assets/src/UIMgr.ts from cce:/internal/x/prerequisite-imports as file:///Users/mu/work/gitee/CocosCreatorDemos/demo/3d/Creator3.5.2_3D_ModelRimLight/assets/src/UIMgr.ts.
debug: Resolve file:///Users/mu/work/gitee/CocosCreatorDemos/demo/3d/Creator3.5.2_3D_ModelRimLight/assets/src/UI_RimLight_HUD.ts from cce:/internal/x/prerequisite-imports as file:///Users/mu/work/gitee/CocosCreatorDemos/demo/3d/Creator3.5.2_3D_ModelRimLight/assets/src/UI_RimLight_HUD.ts.
debug: Target(editor) ends with cost 1071.3907820000313ms.
debug: Target(preview) build started.
debug: Detected change: cce:/internal/x/prerequisite-imports. Last mtime: Thu Jan 01 1970 08:00:36 GMT+0800 (中国标准时间), Current mtime: Thu Jan 01 1970 08:12:31 GMT+0800 (中国标准时间)
debug: Inspect cce:/internal/x/prerequisite-imports
debug: Resolve file:///Users/mu/work/gitee/CocosCreatorDemos/demo/3d/Creator3.5.2_3D_ModelRimLight/assets/src/AppStart_RimLight.ts from cce:/internal/x/prerequisite-imports as file:///Users/mu/work/gitee/CocosCreatorDemos/demo/3d/Creator3.5.2_3D_ModelRimLight/assets/src/AppStart_RimLight.ts.
debug: Detected change: file:///Users/mu/work/gitee/CocosCreatorDemos/demo/3d/Creator3.5.2_3D_ModelRimLight/assets/src/AppStart_RimLight.ts. Last mtime: Thu Jun 23 2022 01:11:31 GMT+0800 (中国标准时间)@e857705a-c38c-4121-b53e-e4552adcf5dd, Current mtime: Thu Jun 23 2022 10:11:27 GMT+0800 (中国标准时间)@e857705a-c38c-4121-b53e-e4552adcf5dd
debug: Inspect file:///Users/mu/work/gitee/CocosCreatorDemos/demo/3d/Creator3.5.2_3D_ModelRimLight/assets/src/AppStart_RimLight.ts
debug: Resolve cce:/internal/code-quality/cr.mjs from file:///Users/mu/work/gitee/CocosCreatorDemos/demo/3d/Creator3.5.2_3D_ModelRimLight/assets/src/AppStart_RimLight.ts as cce:/internal/code-quality/cr.mjs.
debug: Resolve cc from file:///Users/mu/work/gitee/CocosCreatorDemos/demo/3d/Creator3.5.2_3D_ModelRimLight/assets/src/AppStart_RimLight.ts as cce:/internal/x/cc.
debug: Resolve cc from file:///Users/mu/work/gitee/CocosCreatorDemos/demo/3d/Creator3.5.2_3D_ModelRimLight/assets/src/AppStart_RimLight.ts as cce:/internal/x/cc.
debug: Resolve ./UIMgr from file:///Users/mu/work/gitee/CocosCreatorDemos/demo/3d/Creator3.5.2_3D_ModelRimLight/assets/src/AppStart_RimLight.ts as file:///Users/mu/work/gitee/CocosCreatorDemos/demo/3d/Creator3.5.2_3D_ModelRimLight/assets/src/UIMgr.ts.
debug: Detected change: file:///Users/mu/work/gitee/CocosCreatorDemos/demo/3d/Creator3.5.2_3D_ModelRimLight/assets/src/UIMgr.ts. Last mtime: Thu Jun 23 2022 01:13:06 GMT+0800 (中国标准时间)@82a59405-4865-4862-b064-ae0017d54dab, Current mtime: Thu Jun 23 2022 10:15:44 GMT+0800 (中国标准时间)@82a59405-4865-4862-b064-ae0017d54dab
debug: Inspect file:///Users/mu/work/gitee/CocosCreatorDemos/demo/3d/Creator3.5.2_3D_ModelRimLight/assets/src/UIMgr.ts
debug: Resolve cce:/internal/code-quality/cr.mjs from file:///Users/mu/work/gitee/CocosCreatorDemos/demo/3d/Creator3.5.2_3D_ModelRimLight/assets/src/UIMgr.ts as cce:/internal/code-quality/cr.mjs.
debug: Resolve cc from file:///Users/mu/work/gitee/CocosCreatorDemos/demo/3d/Creator3.5.2_3D_ModelRimLight/assets/src/UIMgr.ts as cce:/internal/x/cc.
debug: Resolve cc from file:///Users/mu/work/gitee/CocosCreatorDemos/demo/3d/Creator3.5.2_3D_ModelRimLight/assets/src/UIMgr.ts as cce:/internal/x/cc.
debug: Resolve ./UI_RimLight_HUD from file:///Users/mu/work/gitee/CocosCreatorDemos/demo/3d/Creator3.5.2_3D_ModelRimLight/assets/src/AppStart_RimLight.ts as file:///Users/mu/work/gitee/CocosCreatorDemos/demo/3d/Creator3.5.2_3D_ModelRimLight/assets/src/UI_RimLight_HUD.ts.
debug: Detected change: file:///Users/mu/work/gitee/CocosCreatorDemos/demo/3d/Creator3.5.2_3D_ModelRimLight/assets/src/UI_RimLight_HUD.ts. Last mtime: Thu Jun 23 2022 01:26:01 GMT+0800 (中国标准时间)@838c0141-3caf-4597-a635-914b989d33ec, Current mtime: Thu Jun 23 2022 10:13:18 GMT+0800 (中国标准时间)@838c0141-3caf-4597-a635-914b989d33ec
debug: Inspect file:///Users/mu/work/gitee/CocosCreatorDemos/demo/3d/Creator3.5.2_3D_ModelRimLight/assets/src/UI_RimLight_HUD.ts
debug: Resolve cce:/internal/code-quality/cr.mjs from file:///Users/mu/work/gitee/CocosCreatorDemos/demo/3d/Creator3.5.2_3D_ModelRimLight/assets/src/UI_RimLight_HUD.ts as cce:/internal/code-quality/cr.mjs.
debug: Resolve cc from file:///Users/mu/work/gitee/CocosCreatorDemos/demo/3d/Creator3.5.2_3D_ModelRimLight/assets/src/UI_RimLight_HUD.ts as cce:/internal/x/cc.
debug: Resolve cc from file:///Users/mu/work/gitee/CocosCreatorDemos/demo/3d/Creator3.5.2_3D_ModelRimLight/assets/src/UI_RimLight_HUD.ts as cce:/internal/x/cc.
debug: Resolve ./UILayout_RimLight_HUD from file:///Users/mu/work/gitee/CocosCreatorDemos/demo/3d/Creator3.5.2_3D_ModelRimLight/assets/src/UI_RimLight_HUD.ts as file:///Users/mu/work/gitee/CocosCreatorDemos/demo/3d/Creator3.5.2_3D_ModelRimLight/assets/src/UILayout_RimLight_HUD.ts.
debug: Resolve ./UIController from file:///Users/mu/work/gitee/CocosCreatorDemos/demo/3d/Creator3.5.2_3D_ModelRimLight/assets/src/UI_RimLight_HUD.ts as file:///Users/mu/work/gitee/CocosCreatorDemos/demo/3d/Creator3.5.2_3D_ModelRimLight/assets/src/UIController.ts.
debug: Detected change: file:///Users/mu/work/gitee/CocosCreatorDemos/demo/3d/Creator3.5.2_3D_ModelRimLight/assets/src/UIController.ts. Last mtime: Thu Jun 23 2022 01:27:50 GMT+0800 (中国标准时间)@de70297f-154d-46c8-8ce1-7cb5b678da8f, Current mtime: Thu Jun 23 2022 10:13:46 GMT+0800 (中国标准时间)@de70297f-154d-46c8-8ce1-7cb5b678da8f
debug: Inspect file:///Users/mu/work/gitee/CocosCreatorDemos/demo/3d/Creator3.5.2_3D_ModelRimLight/assets/src/UIController.ts
debug: Resolve cce:/internal/code-quality/cr.mjs from file:///Users/mu/work/gitee/CocosCreatorDemos/demo/3d/Creator3.5.2_3D_ModelRimLight/assets/src/UIController.ts as cce:/internal/code-quality/cr.mjs.
debug: Resolve cc from file:///Users/mu/work/gitee/CocosCreatorDemos/demo/3d/Creator3.5.2_3D_ModelRimLight/assets/src/UIController.ts as cce:/internal/x/cc.
debug: Resolve cc from file:///Users/mu/work/gitee/CocosCreatorDemos/demo/3d/Creator3.5.2_3D_ModelRimLight/assets/src/UIController.ts as cce:/internal/x/cc.
debug: Resolve ./UIMgr from file:///Users/mu/work/gitee/CocosCreatorDemos/demo/3d/Creator3.5.2_3D_ModelRimLight/assets/src/UIController.ts as file:///Users/mu/work/gitee/CocosCreatorDemos/demo/3d/Creator3.5.2_3D_ModelRimLight/assets/src/UIMgr.ts.
debug: Resolve ./UIMgr from file:///Users/mu/work/gitee/CocosCreatorDemos/demo/3d/Creator3.5.2_3D_ModelRimLight/assets/src/UI_RimLight_HUD.ts as file:///Users/mu/work/gitee/CocosCreatorDemos/demo/3d/Creator3.5.2_3D_ModelRimLight/assets/src/UIMgr.ts.
debug: Resolve ./PlayerCtrl from file:///Users/mu/work/gitee/CocosCreatorDemos/demo/3d/Creator3.5.2_3D_ModelRimLight/assets/src/UI_RimLight_HUD.ts as file:///Users/mu/work/gitee/CocosCreatorDemos/demo/3d/Creator3.5.2_3D_ModelRimLight/assets/src/PlayerCtrl.ts.
debug: Detected change: file:///Users/mu/work/gitee/CocosCreatorDemos/demo/3d/Creator3.5.2_3D_ModelRimLight/assets/src/PlayerCtrl.ts. Last mtime: Thu Jun 23 2022 01:27:42 GMT+0800 (中国标准时间)@f67541b9-d122-4575-a923-e769f1c9bab3, Current mtime: Thu Jun 23 2022 10:13:04 GMT+0800 (中国标准时间)@f67541b9-d122-4575-a923-e769f1c9bab3
debug: Inspect file:///Users/mu/work/gitee/CocosCreatorDemos/demo/3d/Creator3.5.2_3D_ModelRimLight/assets/src/PlayerCtrl.ts
debug: Resolve cc from file:///Users/mu/work/gitee/CocosCreatorDemos/demo/3d/Creator3.5.2_3D_ModelRimLight/assets/src/PlayerCtrl.ts as cce:/internal/x/cc.
debug: Resolve cc from file:///Users/mu/work/gitee/CocosCreatorDemos/demo/3d/Creator3.5.2_3D_ModelRimLight/assets/src/PlayerCtrl.ts as cce:/internal/x/cc.
debug: Resolve file:///Users/mu/work/gitee/CocosCreatorDemos/demo/3d/Creator3.5.2_3D_ModelRimLight/assets/src/FollowCamera.ts from cce:/internal/x/prerequisite-imports as file:///Users/mu/work/gitee/CocosCreatorDemos/demo/3d/Creator3.5.2_3D_ModelRimLight/assets/src/FollowCamera.ts.
debug: Detected change: file:///Users/mu/work/gitee/CocosCreatorDemos/demo/3d/Creator3.5.2_3D_ModelRimLight/assets/src/FollowCamera.ts. Last mtime: Thu Jun 23 2022 01:22:54 GMT+0800 (中国标准时间)@8a6dda79-6e93-43a7-a19c-9ef44071109b, Current mtime: Thu Jun 23 2022 10:11:57 GMT+0800 (中国标准时间)@8a6dda79-6e93-43a7-a19c-9ef44071109b
debug: Inspect file:///Users/mu/work/gitee/CocosCreatorDemos/demo/3d/Creator3.5.2_3D_ModelRimLight/assets/src/FollowCamera.ts
debug: Resolve cc from file:///Users/mu/work/gitee/CocosCreatorDemos/demo/3d/Creator3.5.2_3D_ModelRimLight/assets/src/FollowCamera.ts as cce:/internal/x/cc.
debug: Resolve cc from file:///Users/mu/work/gitee/CocosCreatorDemos/demo/3d/Creator3.5.2_3D_ModelRimLight/assets/src/FollowCamera.ts as cce:/internal/x/cc.
debug: Resolve file:///Users/mu/work/gitee/CocosCreatorDemos/demo/3d/Creator3.5.2_3D_ModelRimLight/assets/src/PlayerCtrl.ts from cce:/internal/x/prerequisite-imports as file:///Users/mu/work/gitee/CocosCreatorDemos/demo/3d/Creator3.5.2_3D_ModelRimLight/assets/src/PlayerCtrl.ts.
debug: Resolve file:///Users/mu/work/gitee/CocosCreatorDemos/demo/3d/Creator3.5.2_3D_ModelRimLight/assets/src/UIController.ts from cce:/internal/x/prerequisite-imports as file:///Users/mu/work/gitee/CocosCreatorDemos/demo/3d/Creator3.5.2_3D_ModelRimLight/assets/src/UIController.ts.
debug: Resolve file:///Users/mu/work/gitee/CocosCreatorDemos/demo/3d/Creator3.5.2_3D_ModelRimLight/assets/src/UILayout_RimLight_HUD.ts from cce:/internal/x/prerequisite-imports as file:///Users/mu/work/gitee/CocosCreatorDemos/demo/3d/Creator3.5.2_3D_ModelRimLight/assets/src/UILayout_RimLight_HUD.ts.
debug: Resolve file:///Users/mu/work/gitee/CocosCreatorDemos/demo/3d/Creator3.5.2_3D_ModelRimLight/assets/src/UIMgr.ts from cce:/internal/x/prerequisite-imports as file:///Users/mu/work/gitee/CocosCreatorDemos/demo/3d/Creator3.5.2_3D_ModelRimLight/assets/src/UIMgr.ts.
debug: Resolve file:///Users/mu/work/gitee/CocosCreatorDemos/demo/3d/Creator3.5.2_3D_ModelRimLight/assets/src/UI_RimLight_HUD.ts from cce:/internal/x/prerequisite-imports as file:///Users/mu/work/gitee/CocosCreatorDemos/demo/3d/Creator3.5.2_3D_ModelRimLight/assets/src/UI_RimLight_HUD.ts.
debug: Target(preview) ends with cost 1246.1164789999602ms.
