debug: Fri, 01 Jul 2022 02:22:24 GMT
debug: Project: /Users/mu/work/gitee/CocosCreatorDemos/demo/3d/Creator3.5.1_3D_DynamicMesh
debug: Targets: editor,preview
debug: Packer deriver version file lost or format incorrect: Error: ENOENT: no such file or directory, open '/Users/mu/work/gitee/CocosCreatorDemos/demo/3d/Creator3.5.1_3D_DynamicMesh/temp/programming/packer-driver/VERSION'
debug: Clearing out the targets...
debug: Engine path: /Applications/CocosCreator/Creator/3.5.2/CocosCreator.app/Contents/Resources/resources/3d/engine
debug: Initializing target [Editor]
debug: Loading cache
debug: Record file loaded failed with error: Error: ENOENT: no such file or directory, open '/Users/mu/work/gitee/CocosCreatorDemos/demo/3d/Creator3.5.1_3D_DynamicMesh/temp/programming/packer-driver/targets/editor/main-record.json'
debug: Loading cache costs 0.41561400005593896ms.
debug: Engine features shipped in editor: base,gfx-webgl,gfx-webgl2,3d,animation,skeletal-animation,2d,ui,particle,particle-2d,physics-framework,physics-2d-framework,intersection-2d,primitive,profiler,audio,video,terrain,webview,tween,tiled-map,spine,dragon-bones,marionette
debug: Initializing target [Preview]
debug: Loading cache
debug: Record file loaded failed with error: Error: ENOENT: no such file or directory, open '/Users/mu/work/gitee/CocosCreatorDemos/demo/3d/Creator3.5.1_3D_DynamicMesh/temp/programming/packer-driver/targets/preview/main-record.json'
debug: Loading cache costs 0.5018439998384565ms.
debug: Sync engine features: 2d,3d,animation,audio,base,dragon-bones,gfx-webgl,gfx-webgl2,intersection-2d,marionette,particle,particle-2d,physics-2d-box2d,physics-ammo,primitive,profiler,skeletal-animation,spine,terrain,tiled-map,tween,ui,video,webview
debug: Pulling asset-db.
debug: Fetch asset-db cost: 12.929625999880955ms.
debug: Build iteration starts.
Number of accumulated asset changes: 2
Feature changed: false
debug: Target(editor) build started.
debug: Inspect cce:/internal/x/cc
debug: Resolve cce:/internal/x/cc-fu/base from cce:/internal/x/cc as external dependency cce:/internal/x/cc-fu/base.
debug: Resolve cce:/internal/x/cc-fu/gfx-webgl from cce:/internal/x/cc as external dependency cce:/internal/x/cc-fu/gfx-webgl.
debug: Resolve cce:/internal/x/cc-fu/gfx-webgl2 from cce:/internal/x/cc as external dependency cce:/internal/x/cc-fu/gfx-webgl2.
debug: Resolve cce:/internal/x/cc-fu/3d from cce:/internal/x/cc as external dependency cce:/internal/x/cc-fu/3d.
debug: Resolve cce:/internal/x/cc-fu/animation from cce:/internal/x/cc as external dependency cce:/internal/x/cc-fu/animation.
debug: Resolve cce:/internal/x/cc-fu/skeletal-animation from cce:/internal/x/cc as external dependency cce:/internal/x/cc-fu/skeletal-animation.
debug: Resolve cce:/internal/x/cc-fu/2d from cce:/internal/x/cc as external dependency cce:/internal/x/cc-fu/2d.
debug: Resolve cce:/internal/x/cc-fu/ui from cce:/internal/x/cc as external dependency cce:/internal/x/cc-fu/ui.
debug: Resolve cce:/internal/x/cc-fu/particle from cce:/internal/x/cc as external dependency cce:/internal/x/cc-fu/particle.
debug: Resolve cce:/internal/x/cc-fu/particle-2d from cce:/internal/x/cc as external dependency cce:/internal/x/cc-fu/particle-2d.
debug: Resolve cce:/internal/x/cc-fu/physics-framework from cce:/internal/x/cc as external dependency cce:/internal/x/cc-fu/physics-framework.
debug: Resolve cce:/internal/x/cc-fu/physics-2d-framework from cce:/internal/x/cc as external dependency cce:/internal/x/cc-fu/physics-2d-framework.
debug: Resolve cce:/internal/x/cc-fu/intersection-2d from cce:/internal/x/cc as external dependency cce:/internal/x/cc-fu/intersection-2d.
debug: Resolve cce:/internal/x/cc-fu/primitive from cce:/internal/x/cc as external dependency cce:/internal/x/cc-fu/primitive.
debug: Resolve cce:/internal/x/cc-fu/profiler from cce:/internal/x/cc as external dependency cce:/internal/x/cc-fu/profiler.
debug: Resolve cce:/internal/x/cc-fu/audio from cce:/internal/x/cc as external dependency cce:/internal/x/cc-fu/audio.
debug: Resolve cce:/internal/x/cc-fu/video from cce:/internal/x/cc as external dependency cce:/internal/x/cc-fu/video.
debug: Resolve cce:/internal/x/cc-fu/terrain from cce:/internal/x/cc as external dependency cce:/internal/x/cc-fu/terrain.
debug: Resolve cce:/internal/x/cc-fu/webview from cce:/internal/x/cc as external dependency cce:/internal/x/cc-fu/webview.
debug: Resolve cce:/internal/x/cc-fu/tween from cce:/internal/x/cc as external dependency cce:/internal/x/cc-fu/tween.
debug: Resolve cce:/internal/x/cc-fu/tiled-map from cce:/internal/x/cc as external dependency cce:/internal/x/cc-fu/tiled-map.
debug: Resolve cce:/internal/x/cc-fu/spine from cce:/internal/x/cc as external dependency cce:/internal/x/cc-fu/spine.
debug: Resolve cce:/internal/x/cc-fu/dragon-bones from cce:/internal/x/cc as external dependency cce:/internal/x/cc-fu/dragon-bones.
debug: Inspect cce:/internal/x/prerequisite-imports
debug: Resolve file:///Users/mu/work/gitee/CocosCreatorDemos/demo/3d/Creator3.5.1_3D_DynamicMesh/assets/scripts/AutoRotate.ts from cce:/internal/x/prerequisite-imports as file:///Users/mu/work/gitee/CocosCreatorDemos/demo/3d/Creator3.5.1_3D_DynamicMesh/assets/scripts/AutoRotate.ts.
debug: Inspect file:///Users/mu/work/gitee/CocosCreatorDemos/demo/3d/Creator3.5.1_3D_DynamicMesh/assets/scripts/AutoRotate.ts
debug: Resolve cc from file:///Users/mu/work/gitee/CocosCreatorDemos/demo/3d/Creator3.5.1_3D_DynamicMesh/assets/scripts/AutoRotate.ts as cce:/internal/x/cc.
debug: Resolve cc from file:///Users/mu/work/gitee/CocosCreatorDemos/demo/3d/Creator3.5.1_3D_DynamicMesh/assets/scripts/AutoRotate.ts as cce:/internal/x/cc.
debug: Resolve file:///Users/mu/work/gitee/CocosCreatorDemos/demo/3d/Creator3.5.1_3D_DynamicMesh/assets/scripts/dynamicMesh.ts from cce:/internal/x/prerequisite-imports as file:///Users/mu/work/gitee/CocosCreatorDemos/demo/3d/Creator3.5.1_3D_DynamicMesh/assets/scripts/dynamicMesh.ts.
debug: Inspect file:///Users/mu/work/gitee/CocosCreatorDemos/demo/3d/Creator3.5.1_3D_DynamicMesh/assets/scripts/dynamicMesh.ts
debug: Resolve cc from file:///Users/mu/work/gitee/CocosCreatorDemos/demo/3d/Creator3.5.1_3D_DynamicMesh/assets/scripts/dynamicMesh.ts as cce:/internal/x/cc.
debug: Resolve cc from file:///Users/mu/work/gitee/CocosCreatorDemos/demo/3d/Creator3.5.1_3D_DynamicMesh/assets/scripts/dynamicMesh.ts as cce:/internal/x/cc.
debug: Target(editor) ends with cost 776.935541999992ms.
debug: Target(preview) build started.
debug: Inspect cce:/internal/x/cc
debug: Resolve cce:/internal/x/cc-fu/2d from cce:/internal/x/cc as external dependency cce:/internal/x/cc-fu/2d.
debug: Resolve cce:/internal/x/cc-fu/3d from cce:/internal/x/cc as external dependency cce:/internal/x/cc-fu/3d.
debug: Resolve cce:/internal/x/cc-fu/animation from cce:/internal/x/cc as external dependency cce:/internal/x/cc-fu/animation.
debug: Resolve cce:/internal/x/cc-fu/audio from cce:/internal/x/cc as external dependency cce:/internal/x/cc-fu/audio.
debug: Resolve cce:/internal/x/cc-fu/base from cce:/internal/x/cc as external dependency cce:/internal/x/cc-fu/base.
debug: Resolve cce:/internal/x/cc-fu/dragon-bones from cce:/internal/x/cc as external dependency cce:/internal/x/cc-fu/dragon-bones.
debug: Resolve cce:/internal/x/cc-fu/gfx-webgl from cce:/internal/x/cc as external dependency cce:/internal/x/cc-fu/gfx-webgl.
debug: Resolve cce:/internal/x/cc-fu/gfx-webgl2 from cce:/internal/x/cc as external dependency cce:/internal/x/cc-fu/gfx-webgl2.
debug: Resolve cce:/internal/x/cc-fu/intersection-2d from cce:/internal/x/cc as external dependency cce:/internal/x/cc-fu/intersection-2d.
debug: Resolve cce:/internal/x/cc-fu/particle from cce:/internal/x/cc as external dependency cce:/internal/x/cc-fu/particle.
debug: Resolve cce:/internal/x/cc-fu/particle-2d from cce:/internal/x/cc as external dependency cce:/internal/x/cc-fu/particle-2d.
debug: Resolve cce:/internal/x/cc-fu/physics-2d-box2d from cce:/internal/x/cc as external dependency cce:/internal/x/cc-fu/physics-2d-box2d.
debug: Resolve cce:/internal/x/cc-fu/physics-2d-framework from cce:/internal/x/cc as external dependency cce:/internal/x/cc-fu/physics-2d-framework.
debug: Resolve cce:/internal/x/cc-fu/physics-ammo from cce:/internal/x/cc as external dependency cce:/internal/x/cc-fu/physics-ammo.
debug: Resolve cce:/internal/x/cc-fu/physics-framework from cce:/internal/x/cc as external dependency cce:/internal/x/cc-fu/physics-framework.
debug: Resolve cce:/internal/x/cc-fu/wait-for-ammo-instantiation from cce:/internal/x/cc as external dependency cce:/internal/x/cc-fu/wait-for-ammo-instantiation.
debug: Resolve cce:/internal/x/cc-fu/primitive from cce:/internal/x/cc as external dependency cce:/internal/x/cc-fu/primitive.
debug: Resolve cce:/internal/x/cc-fu/profiler from cce:/internal/x/cc as external dependency cce:/internal/x/cc-fu/profiler.
debug: Resolve cce:/internal/x/cc-fu/skeletal-animation from cce:/internal/x/cc as external dependency cce:/internal/x/cc-fu/skeletal-animation.
debug: Resolve cce:/internal/x/cc-fu/spine from cce:/internal/x/cc as external dependency cce:/internal/x/cc-fu/spine.
debug: Resolve cce:/internal/x/cc-fu/terrain from cce:/internal/x/cc as external dependency cce:/internal/x/cc-fu/terrain.
debug: Resolve cce:/internal/x/cc-fu/tiled-map from cce:/internal/x/cc as external dependency cce:/internal/x/cc-fu/tiled-map.
debug: Resolve cce:/internal/x/cc-fu/tween from cce:/internal/x/cc as external dependency cce:/internal/x/cc-fu/tween.
debug: Resolve cce:/internal/x/cc-fu/ui from cce:/internal/x/cc as external dependency cce:/internal/x/cc-fu/ui.
debug: Resolve cce:/internal/x/cc-fu/video from cce:/internal/x/cc as external dependency cce:/internal/x/cc-fu/video.
debug: Resolve cce:/internal/x/cc-fu/webview from cce:/internal/x/cc as external dependency cce:/internal/x/cc-fu/webview.
debug: Inspect cce:/internal/x/prerequisite-imports
debug: Resolve file:///Users/mu/work/gitee/CocosCreatorDemos/demo/3d/Creator3.5.1_3D_DynamicMesh/assets/scripts/AutoRotate.ts from cce:/internal/x/prerequisite-imports as file:///Users/mu/work/gitee/CocosCreatorDemos/demo/3d/Creator3.5.1_3D_DynamicMesh/assets/scripts/AutoRotate.ts.
debug: Inspect file:///Users/mu/work/gitee/CocosCreatorDemos/demo/3d/Creator3.5.1_3D_DynamicMesh/assets/scripts/AutoRotate.ts
debug: Resolve cc from file:///Users/mu/work/gitee/CocosCreatorDemos/demo/3d/Creator3.5.1_3D_DynamicMesh/assets/scripts/AutoRotate.ts as cce:/internal/x/cc.
debug: Resolve cc from file:///Users/mu/work/gitee/CocosCreatorDemos/demo/3d/Creator3.5.1_3D_DynamicMesh/assets/scripts/AutoRotate.ts as cce:/internal/x/cc.
debug: Resolve file:///Users/mu/work/gitee/CocosCreatorDemos/demo/3d/Creator3.5.1_3D_DynamicMesh/assets/scripts/dynamicMesh.ts from cce:/internal/x/prerequisite-imports as file:///Users/mu/work/gitee/CocosCreatorDemos/demo/3d/Creator3.5.1_3D_DynamicMesh/assets/scripts/dynamicMesh.ts.
debug: Inspect file:///Users/mu/work/gitee/CocosCreatorDemos/demo/3d/Creator3.5.1_3D_DynamicMesh/assets/scripts/dynamicMesh.ts
debug: Resolve cc from file:///Users/mu/work/gitee/CocosCreatorDemos/demo/3d/Creator3.5.1_3D_DynamicMesh/assets/scripts/dynamicMesh.ts as cce:/internal/x/cc.
debug: Resolve cc from file:///Users/mu/work/gitee/CocosCreatorDemos/demo/3d/Creator3.5.1_3D_DynamicMesh/assets/scripts/dynamicMesh.ts as cce:/internal/x/cc.
debug: Target(preview) ends with cost 458.30934499995783ms.
debug: Dispatch build request for time accumulated 1 asset changes.
debug: Build iteration starts.
Number of accumulated asset changes: 1
Feature changed: false
debug: Target(editor) build started.
debug: Detected change: cce:/internal/x/prerequisite-imports. Last mtime: Thu Jan 01 1970 08:00:26 GMT+0800 (中国标准时间), Current mtime: Thu Jan 01 1970 08:06:10 GMT+0800 (中国标准时间)
debug: Inspect cce:/internal/x/prerequisite-imports
debug: Resolve file:///Users/mu/work/gitee/CocosCreatorDemos/demo/3d/Creator3.5.1_3D_DynamicMesh/assets/scripts/AutoRotate.ts from cce:/internal/x/prerequisite-imports as file:///Users/mu/work/gitee/CocosCreatorDemos/demo/3d/Creator3.5.1_3D_DynamicMesh/assets/scripts/AutoRotate.ts.
debug: Resolve file:///Users/mu/work/gitee/CocosCreatorDemos/demo/3d/Creator3.5.1_3D_DynamicMesh/assets/scripts/dynamicMesh.ts from cce:/internal/x/prerequisite-imports as file:///Users/mu/work/gitee/CocosCreatorDemos/demo/3d/Creator3.5.1_3D_DynamicMesh/assets/scripts/dynamicMesh.ts.
debug: Detected change: file:///Users/mu/work/gitee/CocosCreatorDemos/demo/3d/Creator3.5.1_3D_DynamicMesh/assets/scripts/dynamicMesh.ts. Last mtime: Wed Jun 29 2022 16:36:06 GMT+0800 (中国标准时间)@eac7d2ed-6631-4184-9bad-5186cebdca4f, Current mtime: Fri Jul 01 2022 10:28:07 GMT+0800 (中国标准时间)@eac7d2ed-6631-4184-9bad-5186cebdca4f
debug: Inspect file:///Users/mu/work/gitee/CocosCreatorDemos/demo/3d/Creator3.5.1_3D_DynamicMesh/assets/scripts/dynamicMesh.ts
debug: Resolve cc from file:///Users/mu/work/gitee/CocosCreatorDemos/demo/3d/Creator3.5.1_3D_DynamicMesh/assets/scripts/dynamicMesh.ts as cce:/internal/x/cc.
debug: Resolve cc from file:///Users/mu/work/gitee/CocosCreatorDemos/demo/3d/Creator3.5.1_3D_DynamicMesh/assets/scripts/dynamicMesh.ts as cce:/internal/x/cc.
debug: Target(editor) ends with cost 425.1204589998815ms.
debug: Target(preview) build started.
debug: Detected change: cce:/internal/x/prerequisite-imports. Last mtime: Thu Jan 01 1970 08:00:27 GMT+0800 (中国标准时间), Current mtime: Thu Jan 01 1970 08:06:10 GMT+0800 (中国标准时间)
debug: Inspect cce:/internal/x/prerequisite-imports
debug: Resolve file:///Users/mu/work/gitee/CocosCreatorDemos/demo/3d/Creator3.5.1_3D_DynamicMesh/assets/scripts/AutoRotate.ts from cce:/internal/x/prerequisite-imports as file:///Users/mu/work/gitee/CocosCreatorDemos/demo/3d/Creator3.5.1_3D_DynamicMesh/assets/scripts/AutoRotate.ts.
debug: Resolve file:///Users/mu/work/gitee/CocosCreatorDemos/demo/3d/Creator3.5.1_3D_DynamicMesh/assets/scripts/dynamicMesh.ts from cce:/internal/x/prerequisite-imports as file:///Users/mu/work/gitee/CocosCreatorDemos/demo/3d/Creator3.5.1_3D_DynamicMesh/assets/scripts/dynamicMesh.ts.
debug: Detected change: file:///Users/mu/work/gitee/CocosCreatorDemos/demo/3d/Creator3.5.1_3D_DynamicMesh/assets/scripts/dynamicMesh.ts. Last mtime: Wed Jun 29 2022 16:36:06 GMT+0800 (中国标准时间)@eac7d2ed-6631-4184-9bad-5186cebdca4f, Current mtime: Fri Jul 01 2022 10:28:07 GMT+0800 (中国标准时间)@eac7d2ed-6631-4184-9bad-5186cebdca4f
debug: Inspect file:///Users/mu/work/gitee/CocosCreatorDemos/demo/3d/Creator3.5.1_3D_DynamicMesh/assets/scripts/dynamicMesh.ts
debug: Resolve cc from file:///Users/mu/work/gitee/CocosCreatorDemos/demo/3d/Creator3.5.1_3D_DynamicMesh/assets/scripts/dynamicMesh.ts as cce:/internal/x/cc.
debug: Resolve cc from file:///Users/mu/work/gitee/CocosCreatorDemos/demo/3d/Creator3.5.1_3D_DynamicMesh/assets/scripts/dynamicMesh.ts as cce:/internal/x/cc.
debug: Target(preview) ends with cost 808.1318570000585ms.
debug: Dispatch build request for time accumulated 1 asset changes.
debug: Build iteration starts.
Number of accumulated asset changes: 1
Feature changed: false
debug: Target(editor) build started.
debug: Detected change: cce:/internal/x/prerequisite-imports. Last mtime: Thu Jan 01 1970 08:06:10 GMT+0800 (中国标准时间), Current mtime: Thu Jan 01 1970 08:20:17 GMT+0800 (中国标准时间)
debug: Inspect cce:/internal/x/prerequisite-imports
debug: Resolve file:///Users/mu/work/gitee/CocosCreatorDemos/demo/3d/Creator3.5.1_3D_DynamicMesh/assets/scripts/AutoRotate.ts from cce:/internal/x/prerequisite-imports as file:///Users/mu/work/gitee/CocosCreatorDemos/demo/3d/Creator3.5.1_3D_DynamicMesh/assets/scripts/AutoRotate.ts.
debug: Resolve file:///Users/mu/work/gitee/CocosCreatorDemos/demo/3d/Creator3.5.1_3D_DynamicMesh/assets/scripts/dynamicMesh.ts from cce:/internal/x/prerequisite-imports as file:///Users/mu/work/gitee/CocosCreatorDemos/demo/3d/Creator3.5.1_3D_DynamicMesh/assets/scripts/dynamicMesh.ts.
debug: Detected change: file:///Users/mu/work/gitee/CocosCreatorDemos/demo/3d/Creator3.5.1_3D_DynamicMesh/assets/scripts/dynamicMesh.ts. Last mtime: Fri Jul 01 2022 10:28:07 GMT+0800 (中国标准时间)@eac7d2ed-6631-4184-9bad-5186cebdca4f, Current mtime: Fri Jul 01 2022 10:42:14 GMT+0800 (中国标准时间)@eac7d2ed-6631-4184-9bad-5186cebdca4f
debug: Inspect file:///Users/mu/work/gitee/CocosCreatorDemos/demo/3d/Creator3.5.1_3D_DynamicMesh/assets/scripts/dynamicMesh.ts
debug: Resolve cc from file:///Users/mu/work/gitee/CocosCreatorDemos/demo/3d/Creator3.5.1_3D_DynamicMesh/assets/scripts/dynamicMesh.ts as cce:/internal/x/cc.
debug: Resolve cc from file:///Users/mu/work/gitee/CocosCreatorDemos/demo/3d/Creator3.5.1_3D_DynamicMesh/assets/scripts/dynamicMesh.ts as cce:/internal/x/cc.
debug: Target(editor) ends with cost 328.3091169996187ms.
debug: Target(preview) build started.
debug: Detected change: cce:/internal/x/prerequisite-imports. Last mtime: Thu Jan 01 1970 08:06:10 GMT+0800 (中国标准时间), Current mtime: Thu Jan 01 1970 08:20:17 GMT+0800 (中国标准时间)
debug: Inspect cce:/internal/x/prerequisite-imports
debug: Resolve file:///Users/mu/work/gitee/CocosCreatorDemos/demo/3d/Creator3.5.1_3D_DynamicMesh/assets/scripts/AutoRotate.ts from cce:/internal/x/prerequisite-imports as file:///Users/mu/work/gitee/CocosCreatorDemos/demo/3d/Creator3.5.1_3D_DynamicMesh/assets/scripts/AutoRotate.ts.
debug: Resolve file:///Users/mu/work/gitee/CocosCreatorDemos/demo/3d/Creator3.5.1_3D_DynamicMesh/assets/scripts/dynamicMesh.ts from cce:/internal/x/prerequisite-imports as file:///Users/mu/work/gitee/CocosCreatorDemos/demo/3d/Creator3.5.1_3D_DynamicMesh/assets/scripts/dynamicMesh.ts.
debug: Detected change: file:///Users/mu/work/gitee/CocosCreatorDemos/demo/3d/Creator3.5.1_3D_DynamicMesh/assets/scripts/dynamicMesh.ts. Last mtime: Fri Jul 01 2022 10:28:07 GMT+0800 (中国标准时间)@eac7d2ed-6631-4184-9bad-5186cebdca4f, Current mtime: Fri Jul 01 2022 10:42:14 GMT+0800 (中国标准时间)@eac7d2ed-6631-4184-9bad-5186cebdca4f
debug: Inspect file:///Users/mu/work/gitee/CocosCreatorDemos/demo/3d/Creator3.5.1_3D_DynamicMesh/assets/scripts/dynamicMesh.ts
debug: Resolve cc from file:///Users/mu/work/gitee/CocosCreatorDemos/demo/3d/Creator3.5.1_3D_DynamicMesh/assets/scripts/dynamicMesh.ts as cce:/internal/x/cc.
debug: Resolve cc from file:///Users/mu/work/gitee/CocosCreatorDemos/demo/3d/Creator3.5.1_3D_DynamicMesh/assets/scripts/dynamicMesh.ts as cce:/internal/x/cc.
debug: Target(preview) ends with cost 512.6439890000038ms.
debug: Dispatch build request for time accumulated 1 asset changes.
debug: Build iteration starts.
Number of accumulated asset changes: 1
Feature changed: false
debug: Target(editor) build started.
debug: Detected change: cce:/internal/x/prerequisite-imports. Last mtime: Thu Jan 01 1970 08:20:17 GMT+0800 (中国标准时间), Current mtime: Thu Jan 01 1970 08:26:37 GMT+0800 (中国标准时间)
debug: Inspect cce:/internal/x/prerequisite-imports
debug: Resolve file:///Users/mu/work/gitee/CocosCreatorDemos/demo/3d/Creator3.5.1_3D_DynamicMesh/assets/scripts/AutoRotate.ts from cce:/internal/x/prerequisite-imports as file:///Users/mu/work/gitee/CocosCreatorDemos/demo/3d/Creator3.5.1_3D_DynamicMesh/assets/scripts/AutoRotate.ts.
debug: Resolve file:///Users/mu/work/gitee/CocosCreatorDemos/demo/3d/Creator3.5.1_3D_DynamicMesh/assets/scripts/dynamicMesh.ts from cce:/internal/x/prerequisite-imports as file:///Users/mu/work/gitee/CocosCreatorDemos/demo/3d/Creator3.5.1_3D_DynamicMesh/assets/scripts/dynamicMesh.ts.
debug: Detected change: file:///Users/mu/work/gitee/CocosCreatorDemos/demo/3d/Creator3.5.1_3D_DynamicMesh/assets/scripts/dynamicMesh.ts. Last mtime: Fri Jul 01 2022 10:42:14 GMT+0800 (中国标准时间)@eac7d2ed-6631-4184-9bad-5186cebdca4f, Current mtime: Fri Jul 01 2022 10:48:33 GMT+0800 (中国标准时间)@eac7d2ed-6631-4184-9bad-5186cebdca4f
debug: Inspect file:///Users/mu/work/gitee/CocosCreatorDemos/demo/3d/Creator3.5.1_3D_DynamicMesh/assets/scripts/dynamicMesh.ts
debug: Resolve cc from file:///Users/mu/work/gitee/CocosCreatorDemos/demo/3d/Creator3.5.1_3D_DynamicMesh/assets/scripts/dynamicMesh.ts as cce:/internal/x/cc.
debug: Resolve cc from file:///Users/mu/work/gitee/CocosCreatorDemos/demo/3d/Creator3.5.1_3D_DynamicMesh/assets/scripts/dynamicMesh.ts as cce:/internal/x/cc.
debug: Target(editor) ends with cost 276.9679640000686ms.
debug: Target(preview) build started.
debug: Detected change: cce:/internal/x/prerequisite-imports. Last mtime: Thu Jan 01 1970 08:20:17 GMT+0800 (中国标准时间), Current mtime: Thu Jan 01 1970 08:26:37 GMT+0800 (中国标准时间)
debug: Inspect cce:/internal/x/prerequisite-imports
debug: Resolve file:///Users/mu/work/gitee/CocosCreatorDemos/demo/3d/Creator3.5.1_3D_DynamicMesh/assets/scripts/AutoRotate.ts from cce:/internal/x/prerequisite-imports as file:///Users/mu/work/gitee/CocosCreatorDemos/demo/3d/Creator3.5.1_3D_DynamicMesh/assets/scripts/AutoRotate.ts.
debug: Resolve file:///Users/mu/work/gitee/CocosCreatorDemos/demo/3d/Creator3.5.1_3D_DynamicMesh/assets/scripts/dynamicMesh.ts from cce:/internal/x/prerequisite-imports as file:///Users/mu/work/gitee/CocosCreatorDemos/demo/3d/Creator3.5.1_3D_DynamicMesh/assets/scripts/dynamicMesh.ts.
debug: Detected change: file:///Users/mu/work/gitee/CocosCreatorDemos/demo/3d/Creator3.5.1_3D_DynamicMesh/assets/scripts/dynamicMesh.ts. Last mtime: Fri Jul 01 2022 10:42:14 GMT+0800 (中国标准时间)@eac7d2ed-6631-4184-9bad-5186cebdca4f, Current mtime: Fri Jul 01 2022 10:48:33 GMT+0800 (中国标准时间)@eac7d2ed-6631-4184-9bad-5186cebdca4f
debug: Inspect file:///Users/mu/work/gitee/CocosCreatorDemos/demo/3d/Creator3.5.1_3D_DynamicMesh/assets/scripts/dynamicMesh.ts
debug: Resolve cc from file:///Users/mu/work/gitee/CocosCreatorDemos/demo/3d/Creator3.5.1_3D_DynamicMesh/assets/scripts/dynamicMesh.ts as cce:/internal/x/cc.
debug: Resolve cc from file:///Users/mu/work/gitee/CocosCreatorDemos/demo/3d/Creator3.5.1_3D_DynamicMesh/assets/scripts/dynamicMesh.ts as cce:/internal/x/cc.
debug: Target(preview) ends with cost 820.6706179999746ms.
debug: Dispatch build request for time accumulated 1 asset changes.
debug: Build iteration starts.
Number of accumulated asset changes: 1
Feature changed: false
debug: Target(editor) build started.
debug: Detected change: cce:/internal/x/prerequisite-imports. Last mtime: Thu Jan 01 1970 08:26:37 GMT+0800 (中国标准时间), Current mtime: Thu Jan 01 1970 08:32:49 GMT+0800 (中国标准时间)
debug: Inspect cce:/internal/x/prerequisite-imports
debug: Resolve file:///Users/mu/work/gitee/CocosCreatorDemos/demo/3d/Creator3.5.1_3D_DynamicMesh/assets/scripts/AutoRotate.ts from cce:/internal/x/prerequisite-imports as file:///Users/mu/work/gitee/CocosCreatorDemos/demo/3d/Creator3.5.1_3D_DynamicMesh/assets/scripts/AutoRotate.ts.
debug: Resolve file:///Users/mu/work/gitee/CocosCreatorDemos/demo/3d/Creator3.5.1_3D_DynamicMesh/assets/scripts/dynamicMesh.ts from cce:/internal/x/prerequisite-imports as file:///Users/mu/work/gitee/CocosCreatorDemos/demo/3d/Creator3.5.1_3D_DynamicMesh/assets/scripts/dynamicMesh.ts.
debug: Detected change: file:///Users/mu/work/gitee/CocosCreatorDemos/demo/3d/Creator3.5.1_3D_DynamicMesh/assets/scripts/dynamicMesh.ts. Last mtime: Fri Jul 01 2022 10:48:33 GMT+0800 (中国标准时间)@eac7d2ed-6631-4184-9bad-5186cebdca4f, Current mtime: Fri Jul 01 2022 10:54:46 GMT+0800 (中国标准时间)@eac7d2ed-6631-4184-9bad-5186cebdca4f
debug: Inspect file:///Users/mu/work/gitee/CocosCreatorDemos/demo/3d/Creator3.5.1_3D_DynamicMesh/assets/scripts/dynamicMesh.ts
debug: Resolve cc from file:///Users/mu/work/gitee/CocosCreatorDemos/demo/3d/Creator3.5.1_3D_DynamicMesh/assets/scripts/dynamicMesh.ts as cce:/internal/x/cc.
debug: Resolve cc from file:///Users/mu/work/gitee/CocosCreatorDemos/demo/3d/Creator3.5.1_3D_DynamicMesh/assets/scripts/dynamicMesh.ts as cce:/internal/x/cc.
debug: Target(editor) ends with cost 408.62421500030905ms.
debug: Target(preview) build started.
debug: Detected change: cce:/internal/x/prerequisite-imports. Last mtime: Thu Jan 01 1970 08:26:37 GMT+0800 (中国标准时间), Current mtime: Thu Jan 01 1970 08:32:49 GMT+0800 (中国标准时间)
debug: Inspect cce:/internal/x/prerequisite-imports
debug: Resolve file:///Users/mu/work/gitee/CocosCreatorDemos/demo/3d/Creator3.5.1_3D_DynamicMesh/assets/scripts/AutoRotate.ts from cce:/internal/x/prerequisite-imports as file:///Users/mu/work/gitee/CocosCreatorDemos/demo/3d/Creator3.5.1_3D_DynamicMesh/assets/scripts/AutoRotate.ts.
debug: Resolve file:///Users/mu/work/gitee/CocosCreatorDemos/demo/3d/Creator3.5.1_3D_DynamicMesh/assets/scripts/dynamicMesh.ts from cce:/internal/x/prerequisite-imports as file:///Users/mu/work/gitee/CocosCreatorDemos/demo/3d/Creator3.5.1_3D_DynamicMesh/assets/scripts/dynamicMesh.ts.
debug: Detected change: file:///Users/mu/work/gitee/CocosCreatorDemos/demo/3d/Creator3.5.1_3D_DynamicMesh/assets/scripts/dynamicMesh.ts. Last mtime: Fri Jul 01 2022 10:48:33 GMT+0800 (中国标准时间)@eac7d2ed-6631-4184-9bad-5186cebdca4f, Current mtime: Fri Jul 01 2022 10:54:46 GMT+0800 (中国标准时间)@eac7d2ed-6631-4184-9bad-5186cebdca4f
debug: Inspect file:///Users/mu/work/gitee/CocosCreatorDemos/demo/3d/Creator3.5.1_3D_DynamicMesh/assets/scripts/dynamicMesh.ts
debug: Resolve cc from file:///Users/mu/work/gitee/CocosCreatorDemos/demo/3d/Creator3.5.1_3D_DynamicMesh/assets/scripts/dynamicMesh.ts as cce:/internal/x/cc.
debug: Resolve cc from file:///Users/mu/work/gitee/CocosCreatorDemos/demo/3d/Creator3.5.1_3D_DynamicMesh/assets/scripts/dynamicMesh.ts as cce:/internal/x/cc.
debug: Target(preview) ends with cost 635.4912550002337ms.
debug: Dispatch build request for time accumulated 1 asset changes.
debug: Build iteration starts.
Number of accumulated asset changes: 1
Feature changed: false
debug: Target(editor) build started.
debug: Detected change: cce:/internal/x/prerequisite-imports. Last mtime: Thu Jan 01 1970 08:32:49 GMT+0800 (中国标准时间), Current mtime: Thu Jan 01 1970 08:33:57 GMT+0800 (中国标准时间)
debug: Inspect cce:/internal/x/prerequisite-imports
debug: Resolve file:///Users/mu/work/gitee/CocosCreatorDemos/demo/3d/Creator3.5.1_3D_DynamicMesh/assets/scripts/AutoRotate.ts from cce:/internal/x/prerequisite-imports as file:///Users/mu/work/gitee/CocosCreatorDemos/demo/3d/Creator3.5.1_3D_DynamicMesh/assets/scripts/AutoRotate.ts.
debug: Resolve file:///Users/mu/work/gitee/CocosCreatorDemos/demo/3d/Creator3.5.1_3D_DynamicMesh/assets/scripts/dynamicMesh.ts from cce:/internal/x/prerequisite-imports as file:///Users/mu/work/gitee/CocosCreatorDemos/demo/3d/Creator3.5.1_3D_DynamicMesh/assets/scripts/dynamicMesh.ts.
debug: Detected change: file:///Users/mu/work/gitee/CocosCreatorDemos/demo/3d/Creator3.5.1_3D_DynamicMesh/assets/scripts/dynamicMesh.ts. Last mtime: Fri Jul 01 2022 10:54:46 GMT+0800 (中国标准时间)@eac7d2ed-6631-4184-9bad-5186cebdca4f, Current mtime: Fri Jul 01 2022 10:55:53 GMT+0800 (中国标准时间)@eac7d2ed-6631-4184-9bad-5186cebdca4f
debug: Inspect file:///Users/mu/work/gitee/CocosCreatorDemos/demo/3d/Creator3.5.1_3D_DynamicMesh/assets/scripts/dynamicMesh.ts
debug: Resolve cc from file:///Users/mu/work/gitee/CocosCreatorDemos/demo/3d/Creator3.5.1_3D_DynamicMesh/assets/scripts/dynamicMesh.ts as cce:/internal/x/cc.
debug: Resolve cc from file:///Users/mu/work/gitee/CocosCreatorDemos/demo/3d/Creator3.5.1_3D_DynamicMesh/assets/scripts/dynamicMesh.ts as cce:/internal/x/cc.
debug: Target(editor) ends with cost 80.64040900021791ms.
debug: Target(preview) build started.
debug: Detected change: cce:/internal/x/prerequisite-imports. Last mtime: Thu Jan 01 1970 08:32:49 GMT+0800 (中国标准时间), Current mtime: Thu Jan 01 1970 08:33:57 GMT+0800 (中国标准时间)
debug: Inspect cce:/internal/x/prerequisite-imports
debug: Resolve file:///Users/mu/work/gitee/CocosCreatorDemos/demo/3d/Creator3.5.1_3D_DynamicMesh/assets/scripts/AutoRotate.ts from cce:/internal/x/prerequisite-imports as file:///Users/mu/work/gitee/CocosCreatorDemos/demo/3d/Creator3.5.1_3D_DynamicMesh/assets/scripts/AutoRotate.ts.
debug: Resolve file:///Users/mu/work/gitee/CocosCreatorDemos/demo/3d/Creator3.5.1_3D_DynamicMesh/assets/scripts/dynamicMesh.ts from cce:/internal/x/prerequisite-imports as file:///Users/mu/work/gitee/CocosCreatorDemos/demo/3d/Creator3.5.1_3D_DynamicMesh/assets/scripts/dynamicMesh.ts.
debug: Detected change: file:///Users/mu/work/gitee/CocosCreatorDemos/demo/3d/Creator3.5.1_3D_DynamicMesh/assets/scripts/dynamicMesh.ts. Last mtime: Fri Jul 01 2022 10:54:46 GMT+0800 (中国标准时间)@eac7d2ed-6631-4184-9bad-5186cebdca4f, Current mtime: Fri Jul 01 2022 10:55:53 GMT+0800 (中国标准时间)@eac7d2ed-6631-4184-9bad-5186cebdca4f
debug: Inspect file:///Users/mu/work/gitee/CocosCreatorDemos/demo/3d/Creator3.5.1_3D_DynamicMesh/assets/scripts/dynamicMesh.ts
debug: Resolve cc from file:///Users/mu/work/gitee/CocosCreatorDemos/demo/3d/Creator3.5.1_3D_DynamicMesh/assets/scripts/dynamicMesh.ts as cce:/internal/x/cc.
debug: Resolve cc from file:///Users/mu/work/gitee/CocosCreatorDemos/demo/3d/Creator3.5.1_3D_DynamicMesh/assets/scripts/dynamicMesh.ts as cce:/internal/x/cc.
debug: Target(preview) ends with cost 563.6930129998364ms.
debug: Dispatch build request for time accumulated 1 asset changes.
debug: Build iteration starts.
Number of accumulated asset changes: 1
Feature changed: false
debug: Target(editor) build started.
debug: Detected change: cce:/internal/x/prerequisite-imports. Last mtime: Thu Jan 01 1970 08:33:57 GMT+0800 (中国标准时间), Current mtime: Thu Jan 01 1970 08:45:09 GMT+0800 (中国标准时间)
debug: Inspect cce:/internal/x/prerequisite-imports
debug: Resolve file:///Users/mu/work/gitee/CocosCreatorDemos/demo/3d/Creator3.5.1_3D_DynamicMesh/assets/scripts/AutoRotate.ts from cce:/internal/x/prerequisite-imports as file:///Users/mu/work/gitee/CocosCreatorDemos/demo/3d/Creator3.5.1_3D_DynamicMesh/assets/scripts/AutoRotate.ts.
debug: Resolve file:///Users/mu/work/gitee/CocosCreatorDemos/demo/3d/Creator3.5.1_3D_DynamicMesh/assets/scripts/dynamicMesh.ts from cce:/internal/x/prerequisite-imports as file:///Users/mu/work/gitee/CocosCreatorDemos/demo/3d/Creator3.5.1_3D_DynamicMesh/assets/scripts/dynamicMesh.ts.
debug: Detected change: file:///Users/mu/work/gitee/CocosCreatorDemos/demo/3d/Creator3.5.1_3D_DynamicMesh/assets/scripts/dynamicMesh.ts. Last mtime: Fri Jul 01 2022 10:55:53 GMT+0800 (中国标准时间)@eac7d2ed-6631-4184-9bad-5186cebdca4f, Current mtime: Fri Jul 01 2022 11:06:56 GMT+0800 (中国标准时间)@eac7d2ed-6631-4184-9bad-5186cebdca4f
debug: Inspect file:///Users/mu/work/gitee/CocosCreatorDemos/demo/3d/Creator3.5.1_3D_DynamicMesh/assets/scripts/dynamicMesh.ts
debug: Resolve cc from file:///Users/mu/work/gitee/CocosCreatorDemos/demo/3d/Creator3.5.1_3D_DynamicMesh/assets/scripts/dynamicMesh.ts as cce:/internal/x/cc.
debug: Resolve cc from file:///Users/mu/work/gitee/CocosCreatorDemos/demo/3d/Creator3.5.1_3D_DynamicMesh/assets/scripts/dynamicMesh.ts as cce:/internal/x/cc.
debug: Target(editor) ends with cost 215.01838300004601ms.
debug: Target(preview) build started.
debug: Detected change: cce:/internal/x/prerequisite-imports. Last mtime: Thu Jan 01 1970 08:33:57 GMT+0800 (中国标准时间), Current mtime: Thu Jan 01 1970 08:45:10 GMT+0800 (中国标准时间)
debug: Inspect cce:/internal/x/prerequisite-imports
debug: Resolve file:///Users/mu/work/gitee/CocosCreatorDemos/demo/3d/Creator3.5.1_3D_DynamicMesh/assets/scripts/AutoRotate.ts from cce:/internal/x/prerequisite-imports as file:///Users/mu/work/gitee/CocosCreatorDemos/demo/3d/Creator3.5.1_3D_DynamicMesh/assets/scripts/AutoRotate.ts.
debug: Resolve file:///Users/mu/work/gitee/CocosCreatorDemos/demo/3d/Creator3.5.1_3D_DynamicMesh/assets/scripts/dynamicMesh.ts from cce:/internal/x/prerequisite-imports as file:///Users/mu/work/gitee/CocosCreatorDemos/demo/3d/Creator3.5.1_3D_DynamicMesh/assets/scripts/dynamicMesh.ts.
debug: Detected change: file:///Users/mu/work/gitee/CocosCreatorDemos/demo/3d/Creator3.5.1_3D_DynamicMesh/assets/scripts/dynamicMesh.ts. Last mtime: Fri Jul 01 2022 10:55:53 GMT+0800 (中国标准时间)@eac7d2ed-6631-4184-9bad-5186cebdca4f, Current mtime: Fri Jul 01 2022 11:06:56 GMT+0800 (中国标准时间)@eac7d2ed-6631-4184-9bad-5186cebdca4f
debug: Inspect file:///Users/mu/work/gitee/CocosCreatorDemos/demo/3d/Creator3.5.1_3D_DynamicMesh/assets/scripts/dynamicMesh.ts
debug: Resolve cc from file:///Users/mu/work/gitee/CocosCreatorDemos/demo/3d/Creator3.5.1_3D_DynamicMesh/assets/scripts/dynamicMesh.ts as cce:/internal/x/cc.
debug: Resolve cc from file:///Users/mu/work/gitee/CocosCreatorDemos/demo/3d/Creator3.5.1_3D_DynamicMesh/assets/scripts/dynamicMesh.ts as cce:/internal/x/cc.
debug: Target(preview) ends with cost 469.4749469999224ms.
debug: Dispatch build request for time accumulated 1 asset changes.
debug: Build iteration starts.
Number of accumulated asset changes: 1
Feature changed: false
debug: Target(editor) build started.
debug: Detected change: cce:/internal/x/prerequisite-imports. Last mtime: Thu Jan 01 1970 08:45:09 GMT+0800 (中国标准时间), Current mtime: Thu Jan 01 1970 08:51:05 GMT+0800 (中国标准时间)
debug: Inspect cce:/internal/x/prerequisite-imports
debug: Resolve file:///Users/mu/work/gitee/CocosCreatorDemos/demo/3d/Creator3.5.1_3D_DynamicMesh/assets/scripts/AutoRotate.ts from cce:/internal/x/prerequisite-imports as file:///Users/mu/work/gitee/CocosCreatorDemos/demo/3d/Creator3.5.1_3D_DynamicMesh/assets/scripts/AutoRotate.ts.
debug: Resolve file:///Users/mu/work/gitee/CocosCreatorDemos/demo/3d/Creator3.5.1_3D_DynamicMesh/assets/scripts/dynamicMesh.ts from cce:/internal/x/prerequisite-imports as file:///Users/mu/work/gitee/CocosCreatorDemos/demo/3d/Creator3.5.1_3D_DynamicMesh/assets/scripts/dynamicMesh.ts.
debug: Detected change: file:///Users/mu/work/gitee/CocosCreatorDemos/demo/3d/Creator3.5.1_3D_DynamicMesh/assets/scripts/dynamicMesh.ts. Last mtime: Fri Jul 01 2022 11:06:56 GMT+0800 (中国标准时间)@eac7d2ed-6631-4184-9bad-5186cebdca4f, Current mtime: Fri Jul 01 2022 11:13:02 GMT+0800 (中国标准时间)@eac7d2ed-6631-4184-9bad-5186cebdca4f
debug: Inspect file:///Users/mu/work/gitee/CocosCreatorDemos/demo/3d/Creator3.5.1_3D_DynamicMesh/assets/scripts/dynamicMesh.ts
debug: Resolve cc from file:///Users/mu/work/gitee/CocosCreatorDemos/demo/3d/Creator3.5.1_3D_DynamicMesh/assets/scripts/dynamicMesh.ts as cce:/internal/x/cc.
debug: Resolve cc from file:///Users/mu/work/gitee/CocosCreatorDemos/demo/3d/Creator3.5.1_3D_DynamicMesh/assets/scripts/dynamicMesh.ts as cce:/internal/x/cc.
debug: Target(editor) ends with cost 67.49462000001222ms.
debug: Target(preview) build started.
debug: Detected change: cce:/internal/x/prerequisite-imports. Last mtime: Thu Jan 01 1970 08:45:10 GMT+0800 (中国标准时间), Current mtime: Thu Jan 01 1970 08:51:05 GMT+0800 (中国标准时间)
debug: Inspect cce:/internal/x/prerequisite-imports
debug: Resolve file:///Users/mu/work/gitee/CocosCreatorDemos/demo/3d/Creator3.5.1_3D_DynamicMesh/assets/scripts/AutoRotate.ts from cce:/internal/x/prerequisite-imports as file:///Users/mu/work/gitee/CocosCreatorDemos/demo/3d/Creator3.5.1_3D_DynamicMesh/assets/scripts/AutoRotate.ts.
debug: Resolve file:///Users/mu/work/gitee/CocosCreatorDemos/demo/3d/Creator3.5.1_3D_DynamicMesh/assets/scripts/dynamicMesh.ts from cce:/internal/x/prerequisite-imports as file:///Users/mu/work/gitee/CocosCreatorDemos/demo/3d/Creator3.5.1_3D_DynamicMesh/assets/scripts/dynamicMesh.ts.
debug: Detected change: file:///Users/mu/work/gitee/CocosCreatorDemos/demo/3d/Creator3.5.1_3D_DynamicMesh/assets/scripts/dynamicMesh.ts. Last mtime: Fri Jul 01 2022 11:06:56 GMT+0800 (中国标准时间)@eac7d2ed-6631-4184-9bad-5186cebdca4f, Current mtime: Fri Jul 01 2022 11:13:02 GMT+0800 (中国标准时间)@eac7d2ed-6631-4184-9bad-5186cebdca4f
debug: Inspect file:///Users/mu/work/gitee/CocosCreatorDemos/demo/3d/Creator3.5.1_3D_DynamicMesh/assets/scripts/dynamicMesh.ts
debug: Resolve cc from file:///Users/mu/work/gitee/CocosCreatorDemos/demo/3d/Creator3.5.1_3D_DynamicMesh/assets/scripts/dynamicMesh.ts as cce:/internal/x/cc.
debug: Resolve cc from file:///Users/mu/work/gitee/CocosCreatorDemos/demo/3d/Creator3.5.1_3D_DynamicMesh/assets/scripts/dynamicMesh.ts as cce:/internal/x/cc.
debug: Target(preview) ends with cost 802.7993790004402ms.
debug: Dispatch build request for time accumulated 1 asset changes.
debug: Build iteration starts.
Number of accumulated asset changes: 1
Feature changed: false
debug: Target(editor) build started.
debug: Detected change: cce:/internal/x/prerequisite-imports. Last mtime: Thu Jan 01 1970 08:51:05 GMT+0800 (中国标准时间), Current mtime: Thu Jan 01 1970 08:51:29 GMT+0800 (中国标准时间)
debug: Inspect cce:/internal/x/prerequisite-imports
debug: Resolve file:///Users/mu/work/gitee/CocosCreatorDemos/demo/3d/Creator3.5.1_3D_DynamicMesh/assets/scripts/AutoRotate.ts from cce:/internal/x/prerequisite-imports as file:///Users/mu/work/gitee/CocosCreatorDemos/demo/3d/Creator3.5.1_3D_DynamicMesh/assets/scripts/AutoRotate.ts.
debug: Resolve file:///Users/mu/work/gitee/CocosCreatorDemos/demo/3d/Creator3.5.1_3D_DynamicMesh/assets/scripts/dynamicMesh.ts from cce:/internal/x/prerequisite-imports as file:///Users/mu/work/gitee/CocosCreatorDemos/demo/3d/Creator3.5.1_3D_DynamicMesh/assets/scripts/dynamicMesh.ts.
debug: Detected change: file:///Users/mu/work/gitee/CocosCreatorDemos/demo/3d/Creator3.5.1_3D_DynamicMesh/assets/scripts/dynamicMesh.ts. Last mtime: Fri Jul 01 2022 11:13:02 GMT+0800 (中国标准时间)@eac7d2ed-6631-4184-9bad-5186cebdca4f, Current mtime: Fri Jul 01 2022 11:13:25 GMT+0800 (中国标准时间)@eac7d2ed-6631-4184-9bad-5186cebdca4f
debug: Inspect file:///Users/mu/work/gitee/CocosCreatorDemos/demo/3d/Creator3.5.1_3D_DynamicMesh/assets/scripts/dynamicMesh.ts
debug: Resolve cc from file:///Users/mu/work/gitee/CocosCreatorDemos/demo/3d/Creator3.5.1_3D_DynamicMesh/assets/scripts/dynamicMesh.ts as cce:/internal/x/cc.
debug: Resolve cc from file:///Users/mu/work/gitee/CocosCreatorDemos/demo/3d/Creator3.5.1_3D_DynamicMesh/assets/scripts/dynamicMesh.ts as cce:/internal/x/cc.
debug: Target(editor) ends with cost 210.73521399963647ms.
debug: Target(preview) build started.
debug: Detected change: cce:/internal/x/prerequisite-imports. Last mtime: Thu Jan 01 1970 08:51:05 GMT+0800 (中国标准时间), Current mtime: Thu Jan 01 1970 08:51:29 GMT+0800 (中国标准时间)
debug: Inspect cce:/internal/x/prerequisite-imports
debug: Resolve file:///Users/mu/work/gitee/CocosCreatorDemos/demo/3d/Creator3.5.1_3D_DynamicMesh/assets/scripts/AutoRotate.ts from cce:/internal/x/prerequisite-imports as file:///Users/mu/work/gitee/CocosCreatorDemos/demo/3d/Creator3.5.1_3D_DynamicMesh/assets/scripts/AutoRotate.ts.
debug: Resolve file:///Users/mu/work/gitee/CocosCreatorDemos/demo/3d/Creator3.5.1_3D_DynamicMesh/assets/scripts/dynamicMesh.ts from cce:/internal/x/prerequisite-imports as file:///Users/mu/work/gitee/CocosCreatorDemos/demo/3d/Creator3.5.1_3D_DynamicMesh/assets/scripts/dynamicMesh.ts.
debug: Detected change: file:///Users/mu/work/gitee/CocosCreatorDemos/demo/3d/Creator3.5.1_3D_DynamicMesh/assets/scripts/dynamicMesh.ts. Last mtime: Fri Jul 01 2022 11:13:02 GMT+0800 (中国标准时间)@eac7d2ed-6631-4184-9bad-5186cebdca4f, Current mtime: Fri Jul 01 2022 11:13:25 GMT+0800 (中国标准时间)@eac7d2ed-6631-4184-9bad-5186cebdca4f
debug: Inspect file:///Users/mu/work/gitee/CocosCreatorDemos/demo/3d/Creator3.5.1_3D_DynamicMesh/assets/scripts/dynamicMesh.ts
debug: Resolve cc from file:///Users/mu/work/gitee/CocosCreatorDemos/demo/3d/Creator3.5.1_3D_DynamicMesh/assets/scripts/dynamicMesh.ts as cce:/internal/x/cc.
debug: Resolve cc from file:///Users/mu/work/gitee/CocosCreatorDemos/demo/3d/Creator3.5.1_3D_DynamicMesh/assets/scripts/dynamicMesh.ts as cce:/internal/x/cc.
debug: Target(preview) ends with cost 467.3222200004384ms.
debug: Dispatch build request for time accumulated 1 asset changes.
debug: Build iteration starts.
Number of accumulated asset changes: 1
Feature changed: false
debug: Target(editor) build started.
debug: Detected change: cce:/internal/x/prerequisite-imports. Last mtime: Thu Jan 01 1970 08:51:29 GMT+0800 (中国标准时间), Current mtime: Thu Jan 01 1970 08:53:34 GMT+0800 (中国标准时间)
debug: Inspect cce:/internal/x/prerequisite-imports
debug: Resolve file:///Users/mu/work/gitee/CocosCreatorDemos/demo/3d/Creator3.5.1_3D_DynamicMesh/assets/scripts/AutoRotate.ts from cce:/internal/x/prerequisite-imports as file:///Users/mu/work/gitee/CocosCreatorDemos/demo/3d/Creator3.5.1_3D_DynamicMesh/assets/scripts/AutoRotate.ts.
debug: Resolve file:///Users/mu/work/gitee/CocosCreatorDemos/demo/3d/Creator3.5.1_3D_DynamicMesh/assets/scripts/dynamicMesh.ts from cce:/internal/x/prerequisite-imports as file:///Users/mu/work/gitee/CocosCreatorDemos/demo/3d/Creator3.5.1_3D_DynamicMesh/assets/scripts/dynamicMesh.ts.
debug: Detected change: file:///Users/mu/work/gitee/CocosCreatorDemos/demo/3d/Creator3.5.1_3D_DynamicMesh/assets/scripts/dynamicMesh.ts. Last mtime: Fri Jul 01 2022 11:13:25 GMT+0800 (中国标准时间)@eac7d2ed-6631-4184-9bad-5186cebdca4f, Current mtime: Fri Jul 01 2022 11:15:30 GMT+0800 (中国标准时间)@eac7d2ed-6631-4184-9bad-5186cebdca4f
debug: Inspect file:///Users/mu/work/gitee/CocosCreatorDemos/demo/3d/Creator3.5.1_3D_DynamicMesh/assets/scripts/dynamicMesh.ts
debug: Resolve cc from file:///Users/mu/work/gitee/CocosCreatorDemos/demo/3d/Creator3.5.1_3D_DynamicMesh/assets/scripts/dynamicMesh.ts as cce:/internal/x/cc.
debug: Resolve cc from file:///Users/mu/work/gitee/CocosCreatorDemos/demo/3d/Creator3.5.1_3D_DynamicMesh/assets/scripts/dynamicMesh.ts as cce:/internal/x/cc.
debug: Target(editor) ends with cost 86.32239199988544ms.
debug: Target(preview) build started.
debug: Detected change: cce:/internal/x/prerequisite-imports. Last mtime: Thu Jan 01 1970 08:51:29 GMT+0800 (中国标准时间), Current mtime: Thu Jan 01 1970 08:53:34 GMT+0800 (中国标准时间)
debug: Inspect cce:/internal/x/prerequisite-imports
debug: Resolve file:///Users/mu/work/gitee/CocosCreatorDemos/demo/3d/Creator3.5.1_3D_DynamicMesh/assets/scripts/AutoRotate.ts from cce:/internal/x/prerequisite-imports as file:///Users/mu/work/gitee/CocosCreatorDemos/demo/3d/Creator3.5.1_3D_DynamicMesh/assets/scripts/AutoRotate.ts.
debug: Resolve file:///Users/mu/work/gitee/CocosCreatorDemos/demo/3d/Creator3.5.1_3D_DynamicMesh/assets/scripts/dynamicMesh.ts from cce:/internal/x/prerequisite-imports as file:///Users/mu/work/gitee/CocosCreatorDemos/demo/3d/Creator3.5.1_3D_DynamicMesh/assets/scripts/dynamicMesh.ts.
debug: Detected change: file:///Users/mu/work/gitee/CocosCreatorDemos/demo/3d/Creator3.5.1_3D_DynamicMesh/assets/scripts/dynamicMesh.ts. Last mtime: Fri Jul 01 2022 11:13:25 GMT+0800 (中国标准时间)@eac7d2ed-6631-4184-9bad-5186cebdca4f, Current mtime: Fri Jul 01 2022 11:15:30 GMT+0800 (中国标准时间)@eac7d2ed-6631-4184-9bad-5186cebdca4f
debug: Inspect file:///Users/mu/work/gitee/CocosCreatorDemos/demo/3d/Creator3.5.1_3D_DynamicMesh/assets/scripts/dynamicMesh.ts
debug: Resolve cc from file:///Users/mu/work/gitee/CocosCreatorDemos/demo/3d/Creator3.5.1_3D_DynamicMesh/assets/scripts/dynamicMesh.ts as cce:/internal/x/cc.
debug: Resolve cc from file:///Users/mu/work/gitee/CocosCreatorDemos/demo/3d/Creator3.5.1_3D_DynamicMesh/assets/scripts/dynamicMesh.ts as cce:/internal/x/cc.
debug: Target(preview) ends with cost 517.4895049994811ms.
debug: Dispatch build request for time accumulated 1 asset changes.
debug: Build iteration starts.
Number of accumulated asset changes: 1
Feature changed: false
debug: Target(editor) build started.
debug: Detected change: cce:/internal/x/prerequisite-imports. Last mtime: Thu Jan 01 1970 08:53:34 GMT+0800 (中国标准时间), Current mtime: Thu Jan 01 1970 08:54:33 GMT+0800 (中国标准时间)
debug: Inspect cce:/internal/x/prerequisite-imports
debug: Resolve file:///Users/mu/work/gitee/CocosCreatorDemos/demo/3d/Creator3.5.1_3D_DynamicMesh/assets/scripts/AutoRotate.ts from cce:/internal/x/prerequisite-imports as file:///Users/mu/work/gitee/CocosCreatorDemos/demo/3d/Creator3.5.1_3D_DynamicMesh/assets/scripts/AutoRotate.ts.
debug: Resolve file:///Users/mu/work/gitee/CocosCreatorDemos/demo/3d/Creator3.5.1_3D_DynamicMesh/assets/scripts/dynamicMesh.ts from cce:/internal/x/prerequisite-imports as file:///Users/mu/work/gitee/CocosCreatorDemos/demo/3d/Creator3.5.1_3D_DynamicMesh/assets/scripts/dynamicMesh.ts.
debug: Detected change: file:///Users/mu/work/gitee/CocosCreatorDemos/demo/3d/Creator3.5.1_3D_DynamicMesh/assets/scripts/dynamicMesh.ts. Last mtime: Fri Jul 01 2022 11:15:30 GMT+0800 (中国标准时间)@eac7d2ed-6631-4184-9bad-5186cebdca4f, Current mtime: Fri Jul 01 2022 11:16:29 GMT+0800 (中国标准时间)@eac7d2ed-6631-4184-9bad-5186cebdca4f
debug: Inspect file:///Users/mu/work/gitee/CocosCreatorDemos/demo/3d/Creator3.5.1_3D_DynamicMesh/assets/scripts/dynamicMesh.ts
debug: Resolve cc from file:///Users/mu/work/gitee/CocosCreatorDemos/demo/3d/Creator3.5.1_3D_DynamicMesh/assets/scripts/dynamicMesh.ts as cce:/internal/x/cc.
debug: Resolve cc from file:///Users/mu/work/gitee/CocosCreatorDemos/demo/3d/Creator3.5.1_3D_DynamicMesh/assets/scripts/dynamicMesh.ts as cce:/internal/x/cc.
debug: Target(editor) ends with cost 74.42976899910718ms.
debug: Target(preview) build started.
debug: Detected change: cce:/internal/x/prerequisite-imports. Last mtime: Thu Jan 01 1970 08:53:34 GMT+0800 (中国标准时间), Current mtime: Thu Jan 01 1970 08:54:34 GMT+0800 (中国标准时间)
debug: Inspect cce:/internal/x/prerequisite-imports
debug: Resolve file:///Users/mu/work/gitee/CocosCreatorDemos/demo/3d/Creator3.5.1_3D_DynamicMesh/assets/scripts/AutoRotate.ts from cce:/internal/x/prerequisite-imports as file:///Users/mu/work/gitee/CocosCreatorDemos/demo/3d/Creator3.5.1_3D_DynamicMesh/assets/scripts/AutoRotate.ts.
debug: Resolve file:///Users/mu/work/gitee/CocosCreatorDemos/demo/3d/Creator3.5.1_3D_DynamicMesh/assets/scripts/dynamicMesh.ts from cce:/internal/x/prerequisite-imports as file:///Users/mu/work/gitee/CocosCreatorDemos/demo/3d/Creator3.5.1_3D_DynamicMesh/assets/scripts/dynamicMesh.ts.
debug: Detected change: file:///Users/mu/work/gitee/CocosCreatorDemos/demo/3d/Creator3.5.1_3D_DynamicMesh/assets/scripts/dynamicMesh.ts. Last mtime: Fri Jul 01 2022 11:15:30 GMT+0800 (中国标准时间)@eac7d2ed-6631-4184-9bad-5186cebdca4f, Current mtime: Fri Jul 01 2022 11:16:29 GMT+0800 (中国标准时间)@eac7d2ed-6631-4184-9bad-5186cebdca4f
debug: Inspect file:///Users/mu/work/gitee/CocosCreatorDemos/demo/3d/Creator3.5.1_3D_DynamicMesh/assets/scripts/dynamicMesh.ts
debug: Resolve cc from file:///Users/mu/work/gitee/CocosCreatorDemos/demo/3d/Creator3.5.1_3D_DynamicMesh/assets/scripts/dynamicMesh.ts as cce:/internal/x/cc.
debug: Resolve cc from file:///Users/mu/work/gitee/CocosCreatorDemos/demo/3d/Creator3.5.1_3D_DynamicMesh/assets/scripts/dynamicMesh.ts as cce:/internal/x/cc.
debug: Target(preview) ends with cost 251.68801999930292ms.
debug: Dispatch build request for time accumulated 1 asset changes.
debug: Build iteration starts.
Number of accumulated asset changes: 1
Feature changed: false
debug: Target(editor) build started.
debug: Detected change: cce:/internal/x/prerequisite-imports. Last mtime: Thu Jan 01 1970 08:54:33 GMT+0800 (中国标准时间), Current mtime: Thu Jan 01 1970 08:55:15 GMT+0800 (中国标准时间)
debug: Inspect cce:/internal/x/prerequisite-imports
debug: Resolve file:///Users/mu/work/gitee/CocosCreatorDemos/demo/3d/Creator3.5.1_3D_DynamicMesh/assets/scripts/AutoRotate.ts from cce:/internal/x/prerequisite-imports as file:///Users/mu/work/gitee/CocosCreatorDemos/demo/3d/Creator3.5.1_3D_DynamicMesh/assets/scripts/AutoRotate.ts.
debug: Resolve file:///Users/mu/work/gitee/CocosCreatorDemos/demo/3d/Creator3.5.1_3D_DynamicMesh/assets/scripts/dynamicMesh.ts from cce:/internal/x/prerequisite-imports as file:///Users/mu/work/gitee/CocosCreatorDemos/demo/3d/Creator3.5.1_3D_DynamicMesh/assets/scripts/dynamicMesh.ts.
debug: Detected change: file:///Users/mu/work/gitee/CocosCreatorDemos/demo/3d/Creator3.5.1_3D_DynamicMesh/assets/scripts/dynamicMesh.ts. Last mtime: Fri Jul 01 2022 11:16:29 GMT+0800 (中国标准时间)@eac7d2ed-6631-4184-9bad-5186cebdca4f, Current mtime: Fri Jul 01 2022 11:17:08 GMT+0800 (中国标准时间)@eac7d2ed-6631-4184-9bad-5186cebdca4f
debug: Inspect file:///Users/mu/work/gitee/CocosCreatorDemos/demo/3d/Creator3.5.1_3D_DynamicMesh/assets/scripts/dynamicMesh.ts
debug: Resolve cc from file:///Users/mu/work/gitee/CocosCreatorDemos/demo/3d/Creator3.5.1_3D_DynamicMesh/assets/scripts/dynamicMesh.ts as cce:/internal/x/cc.
debug: Resolve cc from file:///Users/mu/work/gitee/CocosCreatorDemos/demo/3d/Creator3.5.1_3D_DynamicMesh/assets/scripts/dynamicMesh.ts as cce:/internal/x/cc.
debug: Target(editor) ends with cost 112.05745400022715ms.
debug: Target(preview) build started.
debug: Detected change: cce:/internal/x/prerequisite-imports. Last mtime: Thu Jan 01 1970 08:54:34 GMT+0800 (中国标准时间), Current mtime: Thu Jan 01 1970 08:55:15 GMT+0800 (中国标准时间)
debug: Inspect cce:/internal/x/prerequisite-imports
debug: Resolve file:///Users/mu/work/gitee/CocosCreatorDemos/demo/3d/Creator3.5.1_3D_DynamicMesh/assets/scripts/AutoRotate.ts from cce:/internal/x/prerequisite-imports as file:///Users/mu/work/gitee/CocosCreatorDemos/demo/3d/Creator3.5.1_3D_DynamicMesh/assets/scripts/AutoRotate.ts.
debug: Resolve file:///Users/mu/work/gitee/CocosCreatorDemos/demo/3d/Creator3.5.1_3D_DynamicMesh/assets/scripts/dynamicMesh.ts from cce:/internal/x/prerequisite-imports as file:///Users/mu/work/gitee/CocosCreatorDemos/demo/3d/Creator3.5.1_3D_DynamicMesh/assets/scripts/dynamicMesh.ts.
debug: Detected change: file:///Users/mu/work/gitee/CocosCreatorDemos/demo/3d/Creator3.5.1_3D_DynamicMesh/assets/scripts/dynamicMesh.ts. Last mtime: Fri Jul 01 2022 11:16:29 GMT+0800 (中国标准时间)@eac7d2ed-6631-4184-9bad-5186cebdca4f, Current mtime: Fri Jul 01 2022 11:17:08 GMT+0800 (中国标准时间)@eac7d2ed-6631-4184-9bad-5186cebdca4f
debug: Inspect file:///Users/mu/work/gitee/CocosCreatorDemos/demo/3d/Creator3.5.1_3D_DynamicMesh/assets/scripts/dynamicMesh.ts
debug: Resolve cc from file:///Users/mu/work/gitee/CocosCreatorDemos/demo/3d/Creator3.5.1_3D_DynamicMesh/assets/scripts/dynamicMesh.ts as cce:/internal/x/cc.
debug: Resolve cc from file:///Users/mu/work/gitee/CocosCreatorDemos/demo/3d/Creator3.5.1_3D_DynamicMesh/assets/scripts/dynamicMesh.ts as cce:/internal/x/cc.
debug: Target(preview) ends with cost 624.3631680002436ms.
debug: Dispatch build request for time accumulated 1 asset changes.
debug: Build iteration starts.
Number of accumulated asset changes: 1
Feature changed: false
debug: Target(editor) build started.
debug: Detected change: cce:/internal/x/prerequisite-imports. Last mtime: Thu Jan 01 1970 08:55:15 GMT+0800 (中国标准时间), Current mtime: Thu Jan 01 1970 08:56:33 GMT+0800 (中国标准时间)
debug: Inspect cce:/internal/x/prerequisite-imports
debug: Resolve file:///Users/mu/work/gitee/CocosCreatorDemos/demo/3d/Creator3.5.1_3D_DynamicMesh/assets/scripts/AutoRotate.ts from cce:/internal/x/prerequisite-imports as file:///Users/mu/work/gitee/CocosCreatorDemos/demo/3d/Creator3.5.1_3D_DynamicMesh/assets/scripts/AutoRotate.ts.
debug: Resolve file:///Users/mu/work/gitee/CocosCreatorDemos/demo/3d/Creator3.5.1_3D_DynamicMesh/assets/scripts/dynamicMesh.ts from cce:/internal/x/prerequisite-imports as file:///Users/mu/work/gitee/CocosCreatorDemos/demo/3d/Creator3.5.1_3D_DynamicMesh/assets/scripts/dynamicMesh.ts.
debug: Detected change: file:///Users/mu/work/gitee/CocosCreatorDemos/demo/3d/Creator3.5.1_3D_DynamicMesh/assets/scripts/dynamicMesh.ts. Last mtime: Fri Jul 01 2022 11:17:08 GMT+0800 (中国标准时间)@eac7d2ed-6631-4184-9bad-5186cebdca4f, Current mtime: Fri Jul 01 2022 11:18:29 GMT+0800 (中国标准时间)@eac7d2ed-6631-4184-9bad-5186cebdca4f
debug: Inspect file:///Users/mu/work/gitee/CocosCreatorDemos/demo/3d/Creator3.5.1_3D_DynamicMesh/assets/scripts/dynamicMesh.ts
debug: Resolve cc from file:///Users/mu/work/gitee/CocosCreatorDemos/demo/3d/Creator3.5.1_3D_DynamicMesh/assets/scripts/dynamicMesh.ts as cce:/internal/x/cc.
debug: Resolve cc from file:///Users/mu/work/gitee/CocosCreatorDemos/demo/3d/Creator3.5.1_3D_DynamicMesh/assets/scripts/dynamicMesh.ts as cce:/internal/x/cc.
debug: Target(editor) ends with cost 76.52980600018054ms.
debug: Target(preview) build started.
debug: Detected change: cce:/internal/x/prerequisite-imports. Last mtime: Thu Jan 01 1970 08:55:15 GMT+0800 (中国标准时间), Current mtime: Thu Jan 01 1970 08:56:33 GMT+0800 (中国标准时间)
debug: Inspect cce:/internal/x/prerequisite-imports
debug: Resolve file:///Users/mu/work/gitee/CocosCreatorDemos/demo/3d/Creator3.5.1_3D_DynamicMesh/assets/scripts/AutoRotate.ts from cce:/internal/x/prerequisite-imports as file:///Users/mu/work/gitee/CocosCreatorDemos/demo/3d/Creator3.5.1_3D_DynamicMesh/assets/scripts/AutoRotate.ts.
debug: Resolve file:///Users/mu/work/gitee/CocosCreatorDemos/demo/3d/Creator3.5.1_3D_DynamicMesh/assets/scripts/dynamicMesh.ts from cce:/internal/x/prerequisite-imports as file:///Users/mu/work/gitee/CocosCreatorDemos/demo/3d/Creator3.5.1_3D_DynamicMesh/assets/scripts/dynamicMesh.ts.
debug: Detected change: file:///Users/mu/work/gitee/CocosCreatorDemos/demo/3d/Creator3.5.1_3D_DynamicMesh/assets/scripts/dynamicMesh.ts. Last mtime: Fri Jul 01 2022 11:17:08 GMT+0800 (中国标准时间)@eac7d2ed-6631-4184-9bad-5186cebdca4f, Current mtime: Fri Jul 01 2022 11:18:29 GMT+0800 (中国标准时间)@eac7d2ed-6631-4184-9bad-5186cebdca4f
debug: Inspect file:///Users/mu/work/gitee/CocosCreatorDemos/demo/3d/Creator3.5.1_3D_DynamicMesh/assets/scripts/dynamicMesh.ts
debug: Resolve cc from file:///Users/mu/work/gitee/CocosCreatorDemos/demo/3d/Creator3.5.1_3D_DynamicMesh/assets/scripts/dynamicMesh.ts as cce:/internal/x/cc.
debug: Resolve cc from file:///Users/mu/work/gitee/CocosCreatorDemos/demo/3d/Creator3.5.1_3D_DynamicMesh/assets/scripts/dynamicMesh.ts as cce:/internal/x/cc.
debug: Target(preview) ends with cost 734.97559799999ms.
debug: Dispatch build request for time accumulated 1 asset changes.
debug: Build iteration starts.
Number of accumulated asset changes: 1
Feature changed: false
debug: Target(editor) build started.
debug: Detected change: cce:/internal/x/prerequisite-imports. Last mtime: Thu Jan 01 1970 08:56:33 GMT+0800 (中国标准时间), Current mtime: Thu Jan 01 1970 09:06:47 GMT+0800 (中国标准时间)
debug: Inspect cce:/internal/x/prerequisite-imports
debug: Resolve file:///Users/mu/work/gitee/CocosCreatorDemos/demo/3d/Creator3.5.1_3D_DynamicMesh/assets/scripts/AutoRotate.ts from cce:/internal/x/prerequisite-imports as file:///Users/mu/work/gitee/CocosCreatorDemos/demo/3d/Creator3.5.1_3D_DynamicMesh/assets/scripts/AutoRotate.ts.
debug: Resolve file:///Users/mu/work/gitee/CocosCreatorDemos/demo/3d/Creator3.5.1_3D_DynamicMesh/assets/scripts/dynamicMesh.ts from cce:/internal/x/prerequisite-imports as file:///Users/mu/work/gitee/CocosCreatorDemos/demo/3d/Creator3.5.1_3D_DynamicMesh/assets/scripts/dynamicMesh.ts.
debug: Detected change: file:///Users/mu/work/gitee/CocosCreatorDemos/demo/3d/Creator3.5.1_3D_DynamicMesh/assets/scripts/dynamicMesh.ts. Last mtime: Fri Jul 01 2022 11:18:29 GMT+0800 (中国标准时间)@eac7d2ed-6631-4184-9bad-5186cebdca4f, Current mtime: Fri Jul 01 2022 11:28:42 GMT+0800 (中国标准时间)@eac7d2ed-6631-4184-9bad-5186cebdca4f
debug: Inspect file:///Users/mu/work/gitee/CocosCreatorDemos/demo/3d/Creator3.5.1_3D_DynamicMesh/assets/scripts/dynamicMesh.ts
debug: Resolve cc from file:///Users/mu/work/gitee/CocosCreatorDemos/demo/3d/Creator3.5.1_3D_DynamicMesh/assets/scripts/dynamicMesh.ts as cce:/internal/x/cc.
debug: Resolve cc from file:///Users/mu/work/gitee/CocosCreatorDemos/demo/3d/Creator3.5.1_3D_DynamicMesh/assets/scripts/dynamicMesh.ts as cce:/internal/x/cc.
debug: Target(editor) ends with cost 62.828432000242174ms.
debug: Target(preview) build started.
debug: Detected change: cce:/internal/x/prerequisite-imports. Last mtime: Thu Jan 01 1970 08:56:33 GMT+0800 (中国标准时间), Current mtime: Thu Jan 01 1970 09:06:47 GMT+0800 (中国标准时间)
debug: Inspect cce:/internal/x/prerequisite-imports
debug: Resolve file:///Users/mu/work/gitee/CocosCreatorDemos/demo/3d/Creator3.5.1_3D_DynamicMesh/assets/scripts/AutoRotate.ts from cce:/internal/x/prerequisite-imports as file:///Users/mu/work/gitee/CocosCreatorDemos/demo/3d/Creator3.5.1_3D_DynamicMesh/assets/scripts/AutoRotate.ts.
debug: Resolve file:///Users/mu/work/gitee/CocosCreatorDemos/demo/3d/Creator3.5.1_3D_DynamicMesh/assets/scripts/dynamicMesh.ts from cce:/internal/x/prerequisite-imports as file:///Users/mu/work/gitee/CocosCreatorDemos/demo/3d/Creator3.5.1_3D_DynamicMesh/assets/scripts/dynamicMesh.ts.
debug: Detected change: file:///Users/mu/work/gitee/CocosCreatorDemos/demo/3d/Creator3.5.1_3D_DynamicMesh/assets/scripts/dynamicMesh.ts. Last mtime: Fri Jul 01 2022 11:18:29 GMT+0800 (中国标准时间)@eac7d2ed-6631-4184-9bad-5186cebdca4f, Current mtime: Fri Jul 01 2022 11:28:42 GMT+0800 (中国标准时间)@eac7d2ed-6631-4184-9bad-5186cebdca4f
debug: Inspect file:///Users/mu/work/gitee/CocosCreatorDemos/demo/3d/Creator3.5.1_3D_DynamicMesh/assets/scripts/dynamicMesh.ts
debug: Resolve cc from file:///Users/mu/work/gitee/CocosCreatorDemos/demo/3d/Creator3.5.1_3D_DynamicMesh/assets/scripts/dynamicMesh.ts as cce:/internal/x/cc.
debug: Resolve cc from file:///Users/mu/work/gitee/CocosCreatorDemos/demo/3d/Creator3.5.1_3D_DynamicMesh/assets/scripts/dynamicMesh.ts as cce:/internal/x/cc.
debug: Target(preview) ends with cost 530.350136000663ms.
debug: Dispatch build request for time accumulated 1 asset changes.
debug: Build iteration starts.
Number of accumulated asset changes: 1
Feature changed: false
debug: Target(editor) build started.
debug: Detected change: cce:/internal/x/prerequisite-imports. Last mtime: Thu Jan 01 1970 09:06:47 GMT+0800 (中国标准时间), Current mtime: Thu Jan 01 1970 09:15:29 GMT+0800 (中国标准时间)
debug: Inspect cce:/internal/x/prerequisite-imports
debug: Resolve file:///Users/mu/work/gitee/CocosCreatorDemos/demo/3d/Creator3.5.1_3D_DynamicMesh/assets/scripts/AutoRotate.ts from cce:/internal/x/prerequisite-imports as file:///Users/mu/work/gitee/CocosCreatorDemos/demo/3d/Creator3.5.1_3D_DynamicMesh/assets/scripts/AutoRotate.ts.
debug: Resolve file:///Users/mu/work/gitee/CocosCreatorDemos/demo/3d/Creator3.5.1_3D_DynamicMesh/assets/scripts/dynamicMesh.ts from cce:/internal/x/prerequisite-imports as file:///Users/mu/work/gitee/CocosCreatorDemos/demo/3d/Creator3.5.1_3D_DynamicMesh/assets/scripts/dynamicMesh.ts.
debug: Detected change: file:///Users/mu/work/gitee/CocosCreatorDemos/demo/3d/Creator3.5.1_3D_DynamicMesh/assets/scripts/dynamicMesh.ts. Last mtime: Fri Jul 01 2022 11:28:42 GMT+0800 (中国标准时间)@eac7d2ed-6631-4184-9bad-5186cebdca4f, Current mtime: Fri Jul 01 2022 11:37:25 GMT+0800 (中国标准时间)@eac7d2ed-6631-4184-9bad-5186cebdca4f
debug: Inspect file:///Users/mu/work/gitee/CocosCreatorDemos/demo/3d/Creator3.5.1_3D_DynamicMesh/assets/scripts/dynamicMesh.ts
debug: Resolve cc from file:///Users/mu/work/gitee/CocosCreatorDemos/demo/3d/Creator3.5.1_3D_DynamicMesh/assets/scripts/dynamicMesh.ts as cce:/internal/x/cc.
debug: Resolve cc from file:///Users/mu/work/gitee/CocosCreatorDemos/demo/3d/Creator3.5.1_3D_DynamicMesh/assets/scripts/dynamicMesh.ts as cce:/internal/x/cc.
debug: Target(editor) ends with cost 67.1748899994418ms.
debug: Target(preview) build started.
debug: Detected change: cce:/internal/x/prerequisite-imports. Last mtime: Thu Jan 01 1970 09:06:47 GMT+0800 (中国标准时间), Current mtime: Thu Jan 01 1970 09:15:29 GMT+0800 (中国标准时间)
debug: Inspect cce:/internal/x/prerequisite-imports
debug: Resolve file:///Users/mu/work/gitee/CocosCreatorDemos/demo/3d/Creator3.5.1_3D_DynamicMesh/assets/scripts/AutoRotate.ts from cce:/internal/x/prerequisite-imports as file:///Users/mu/work/gitee/CocosCreatorDemos/demo/3d/Creator3.5.1_3D_DynamicMesh/assets/scripts/AutoRotate.ts.
debug: Resolve file:///Users/mu/work/gitee/CocosCreatorDemos/demo/3d/Creator3.5.1_3D_DynamicMesh/assets/scripts/dynamicMesh.ts from cce:/internal/x/prerequisite-imports as file:///Users/mu/work/gitee/CocosCreatorDemos/demo/3d/Creator3.5.1_3D_DynamicMesh/assets/scripts/dynamicMesh.ts.
debug: Detected change: file:///Users/mu/work/gitee/CocosCreatorDemos/demo/3d/Creator3.5.1_3D_DynamicMesh/assets/scripts/dynamicMesh.ts. Last mtime: Fri Jul 01 2022 11:28:42 GMT+0800 (中国标准时间)@eac7d2ed-6631-4184-9bad-5186cebdca4f, Current mtime: Fri Jul 01 2022 11:37:25 GMT+0800 (中国标准时间)@eac7d2ed-6631-4184-9bad-5186cebdca4f
debug: Inspect file:///Users/mu/work/gitee/CocosCreatorDemos/demo/3d/Creator3.5.1_3D_DynamicMesh/assets/scripts/dynamicMesh.ts
debug: Resolve cc from file:///Users/mu/work/gitee/CocosCreatorDemos/demo/3d/Creator3.5.1_3D_DynamicMesh/assets/scripts/dynamicMesh.ts as cce:/internal/x/cc.
debug: Resolve cc from file:///Users/mu/work/gitee/CocosCreatorDemos/demo/3d/Creator3.5.1_3D_DynamicMesh/assets/scripts/dynamicMesh.ts as cce:/internal/x/cc.
debug: Target(preview) ends with cost 449.23924000002444ms.
debug: Dispatch build request for time accumulated 1 asset changes.
debug: Build iteration starts.
Number of accumulated asset changes: 1
Feature changed: false
debug: Target(editor) build started.
debug: Detected change: cce:/internal/x/prerequisite-imports. Last mtime: Thu Jan 01 1970 09:15:29 GMT+0800 (中国标准时间), Current mtime: Thu Jan 01 1970 09:31:25 GMT+0800 (中国标准时间)
debug: Inspect cce:/internal/x/prerequisite-imports
debug: Resolve file:///Users/mu/work/gitee/CocosCreatorDemos/demo/3d/Creator3.5.1_3D_DynamicMesh/assets/scripts/AutoRotate.ts from cce:/internal/x/prerequisite-imports as file:///Users/mu/work/gitee/CocosCreatorDemos/demo/3d/Creator3.5.1_3D_DynamicMesh/assets/scripts/AutoRotate.ts.
debug: Resolve file:///Users/mu/work/gitee/CocosCreatorDemos/demo/3d/Creator3.5.1_3D_DynamicMesh/assets/scripts/dynamicMesh.ts from cce:/internal/x/prerequisite-imports as file:///Users/mu/work/gitee/CocosCreatorDemos/demo/3d/Creator3.5.1_3D_DynamicMesh/assets/scripts/dynamicMesh.ts.
debug: Detected change: file:///Users/mu/work/gitee/CocosCreatorDemos/demo/3d/Creator3.5.1_3D_DynamicMesh/assets/scripts/dynamicMesh.ts. Last mtime: Fri Jul 01 2022 11:37:25 GMT+0800 (中国标准时间)@eac7d2ed-6631-4184-9bad-5186cebdca4f, Current mtime: Fri Jul 01 2022 11:52:35 GMT+0800 (中国标准时间)@eac7d2ed-6631-4184-9bad-5186cebdca4f
debug: Inspect file:///Users/mu/work/gitee/CocosCreatorDemos/demo/3d/Creator3.5.1_3D_DynamicMesh/assets/scripts/dynamicMesh.ts
debug: Resolve cc from file:///Users/mu/work/gitee/CocosCreatorDemos/demo/3d/Creator3.5.1_3D_DynamicMesh/assets/scripts/dynamicMesh.ts as cce:/internal/x/cc.
debug: Resolve cc from file:///Users/mu/work/gitee/CocosCreatorDemos/demo/3d/Creator3.5.1_3D_DynamicMesh/assets/scripts/dynamicMesh.ts as cce:/internal/x/cc.
debug: Target(editor) ends with cost 82.04214899986982ms.
debug: Target(preview) build started.
debug: Detected change: cce:/internal/x/prerequisite-imports. Last mtime: Thu Jan 01 1970 09:15:29 GMT+0800 (中国标准时间), Current mtime: Thu Jan 01 1970 09:31:25 GMT+0800 (中国标准时间)
debug: Inspect cce:/internal/x/prerequisite-imports
debug: Resolve file:///Users/mu/work/gitee/CocosCreatorDemos/demo/3d/Creator3.5.1_3D_DynamicMesh/assets/scripts/AutoRotate.ts from cce:/internal/x/prerequisite-imports as file:///Users/mu/work/gitee/CocosCreatorDemos/demo/3d/Creator3.5.1_3D_DynamicMesh/assets/scripts/AutoRotate.ts.
debug: Resolve file:///Users/mu/work/gitee/CocosCreatorDemos/demo/3d/Creator3.5.1_3D_DynamicMesh/assets/scripts/dynamicMesh.ts from cce:/internal/x/prerequisite-imports as file:///Users/mu/work/gitee/CocosCreatorDemos/demo/3d/Creator3.5.1_3D_DynamicMesh/assets/scripts/dynamicMesh.ts.
debug: Detected change: file:///Users/mu/work/gitee/CocosCreatorDemos/demo/3d/Creator3.5.1_3D_DynamicMesh/assets/scripts/dynamicMesh.ts. Last mtime: Fri Jul 01 2022 11:37:25 GMT+0800 (中国标准时间)@eac7d2ed-6631-4184-9bad-5186cebdca4f, Current mtime: Fri Jul 01 2022 11:52:35 GMT+0800 (中国标准时间)@eac7d2ed-6631-4184-9bad-5186cebdca4f
debug: Inspect file:///Users/mu/work/gitee/CocosCreatorDemos/demo/3d/Creator3.5.1_3D_DynamicMesh/assets/scripts/dynamicMesh.ts
debug: Resolve cc from file:///Users/mu/work/gitee/CocosCreatorDemos/demo/3d/Creator3.5.1_3D_DynamicMesh/assets/scripts/dynamicMesh.ts as cce:/internal/x/cc.
debug: Resolve cc from file:///Users/mu/work/gitee/CocosCreatorDemos/demo/3d/Creator3.5.1_3D_DynamicMesh/assets/scripts/dynamicMesh.ts as cce:/internal/x/cc.
debug: Target(preview) ends with cost 412.63736699987203ms.
