2022-06-27T03:15:12.906Z - log: [Package] menu@1.0.0 enable
2022-06-27T03:15:12.909Z - log: [Package] profile@1.0.0 enable
2022-06-27T03:15:12.920Z - log: [Package] project@1.0.2 enable
2022-06-27T03:15:12.926Z - log: [Package] messages@1.0.0 enable
2022-06-27T03:15:12.929Z - log: [Package] program@1.0.0 enable
2022-06-27T03:15:12.936Z - log: [Package] tester@1.0.0 enable
2022-06-27T03:15:12.942Z - log: [Package] preferences@1.0.0 enable
2022-06-27T03:15:13.771Z - log: Setup mods mgr.: 326.232ms
2022-06-27T03:15:13.773Z - log: Profile changed: engine (modules.includeModules: 2d,animation,audio,base,dragon-bones,gfx-webgl,intersection-2d,marionette,particle-2d,physics-2d-box2d,profiler,skeletal-animation,spine,tiled-map,tween,ui,video,webview)
2022-06-27T03:15:13.783Z - verbose: [Engine] QuickCompile engine (777ms)
2022-06-27T03:15:13.787Z - log: [Package] engine@1.0.6 enable
2022-06-27T03:15:14.616Z - log: [Package] programming@1.0.0 enable
2022-06-27T03:15:14.921Z - log: [Package] device@1.0.1 enable
2022-06-27T03:15:14.952Z - log: [Package] ui-kit@1.0.1 enable
2022-06-27T03:15:14.982Z - log: [Package] engine-extends@1.0.0 enable
2022-06-27T03:15:15.053Z - log: [Package] asset-db@1.0.0 enable
2022-06-27T03:15:15.095Z - log: [Package] scene@1.0.0 enable
2022-06-27T03:15:15.383Z - log: [Package] server@1.0.0 enable
2022-06-27T03:15:15.430Z - log: [Package] utils@1.0.0 enable
2022-06-27T03:15:20.293Z - log: [Package] preview@1.0.1 enable
2022-06-27T03:15:20.334Z - log: [Package] animator@1.0.0 enable
2022-06-27T03:15:20.488Z - log: 设置的 IP 地址不存在，将使用默认 IP
2022-06-27T03:15:21.434Z - log: [Package] builder@1.3.2 enable
2022-06-27T03:15:21.468Z - log: [Package] shortcuts@1.0.1 enable
2022-06-27T03:15:21.500Z - log: [Package] animation-graph@1.0.0 enable
2022-06-27T03:15:21.524Z - log: [Package] runtime-dev-tools@1.0.0 enable
2022-06-27T03:15:21.550Z - log: [Package] channel-upload-tools@1.0.0 enable
2022-06-27T03:15:21.586Z - log: [Package] about@1.0.0 enable
2022-06-27T03:15:21.619Z - log: [Package] assets@1.0.0 enable
2022-06-27T03:15:21.651Z - log: [Package] console@1.0.0 enable
2022-06-27T03:15:21.880Z - log: [Package] extension@3.0.16 enable
2022-06-27T03:15:21.927Z - log: [Package] hierarchy@1.0.0 enable
2022-06-27T03:15:21.967Z - log: [Package] inspector@1.0.0 enable
2022-06-27T03:15:22.024Z - log: [Package] lightmap@1.0.4 enable
2022-06-27T03:15:22.069Z - log: [Package] node-library@1.0.1 enable
2022-06-27T03:15:22.098Z - log: [Package] package-asset@1.0.0 enable
2022-06-27T03:15:22.137Z - log: [Package] process@1.0.0 enable
2022-06-27T03:15:22.172Z - log: [Package] reference-image@1.0.0 enable
2022-06-27T03:15:22.195Z - log: [Package] alipay-mini-game@1.0.0 enable
2022-06-27T03:15:22.227Z - log: [Package] android@1.0.0 enable
2022-06-27T03:15:22.253Z - log: [Package] baidu-mini-game@1.0.0 enable
2022-06-27T03:15:22.279Z - log: [Package] bytedance-mini-game@1.0.1 enable
2022-06-27T03:15:22.305Z - log: [Package] cocos-play@1.0.0 enable
2022-06-27T03:15:22.336Z - log: [Package] huawei-agc@1.0.0 enable
2022-06-27T03:15:22.362Z - log: [Package] huawei-quick-game@1.0.0 enable
2022-06-27T03:15:23.830Z - log: [Package] ios@1.0.0 enable
2022-06-27T03:15:23.858Z - log: [Package] ios-app-clip@1.0.0 enable
2022-06-27T03:15:23.883Z - log: [Package] link-sure@1.0.0 enable
2022-06-27T03:15:23.911Z - log: [Package] linux@1.0.0 enable
2022-06-27T03:15:23.938Z - log: [Package] mac@1.0.0 enable
2022-06-27T03:15:24.078Z - log: [Package] native@1.0.0 enable
2022-06-27T03:15:24.105Z - log: [Package] ohos@1.0.0 enable
2022-06-27T03:15:24.110Z - verbose: [AssetDB] Require engine code (2867ms)
2022-06-27T03:15:24.131Z - log: [Package] open-harmonyos@1.0.0 enable
2022-06-27T03:15:24.160Z - log: [Package] oppo-mini-game@1.0.0 enable
2022-06-27T03:15:24.189Z - log: [Package] qtt@1.0.0 enable
2022-06-27T03:15:24.217Z - log: [Package] vivo-mini-game@1.0.0 enable
2022-06-27T03:15:24.257Z - log: [Package] web-desktop@1.0.0 enable
2022-06-27T03:15:24.298Z - log: [Package] web-mobile@1.0.0 enable
2022-06-27T03:15:24.352Z - log: [Package] wechatgame@1.0.1 enable
2022-06-27T03:15:24.379Z - log: [Package] windows@1.0.0 enable
2022-06-27T03:15:24.409Z - log: [Package] xiaomi-quick-game@1.0.0 enable
2022-06-27T03:15:24.872Z - log: [Package] cocos-service@3.0.3 enable
2022-06-27T03:15:24.910Z - log: [Package] importer@1.0.0 enable
2022-06-27T03:15:25.384Z - log: [Im-plugin] Check im-plugin version.
2022-06-27T03:15:25.396Z - log: [Package] im-plugin@3.0.8 enable
2022-06-27T03:15:26.128Z - log: [Im-plugin] No online info of im-plugin.
2022-06-27T03:15:26.777Z - log: 设置的 IP 地址不存在，将使用默认 IP
2022-06-27T03:15:39.923Z - verbose: [Scene] Require engine code (1ms)
2022-06-27T03:15:39.929Z - verbose: [Scene] Startup engine (3ms)
2022-06-27T03:15:39.975Z - log: [Scene] Cocos Creator v3.5.2
2022-06-27T03:15:40.322Z - verbose: [Scene] Open engine (393ms)
2022-06-27T03:15:40.322Z - verbose: [Scene] Configure engine (0ms)
2022-06-27T03:15:40.102Z - info: [Scene] Forward render pipeline initialized.
2022-06-27T03:16:24.110Z - log: [Scene] 00 -1 0
2022-06-27T03:16:24.110Z - log: [Scene] 00 -1 0
2022-06-27T03:16:24.110Z - log: [Scene] 00 -1 0
2022-06-27T03:16:24.110Z - log: [Scene] 00 -1 0
2022-06-27T03:16:24.110Z - log: [Scene] 00 -1 0
2022-06-27T03:16:24.110Z - log: [Scene] 00 -1 0
2022-06-27T03:16:24.110Z - log: [Scene] 00 -1 0
2022-06-27T03:16:24.110Z - log: [Scene] 00 -1 0
2022-06-27T03:16:24.179Z - log: [Scene] 033554432 -1 4016397123
2022-06-27T03:16:24.198Z - log: [Scene] 033554432 -1 1951648838
2022-06-27T03:16:24.206Z - log: [Scene] 033554432 66 3557210150
2022-06-27T03:16:24.207Z - log: [Scene] 033554432 66 1445668359
2022-06-27T03:17:06.923Z - log: [Scene] 033554432 -1 1951648838
2022-06-27T03:17:06.923Z - log: [Scene] 033554432 -1 4016397123
2022-06-27T03:17:06.924Z - log: [Scene] 00 -1 0
2022-06-27T03:17:06.924Z - log: [Scene] 00 -1 0
2022-06-27T03:17:06.924Z - log: [Scene] 00 -1 0
2022-06-27T03:17:06.924Z - log: [Scene] 00 -1 0
2022-06-27T03:17:06.924Z - log: [Scene] 033554432 66 3557210150
2022-06-27T03:17:06.924Z - log: [Scene] 033554432 66 1445668359
2022-06-27T03:17:06.925Z - log: [Scene] 00 -1 0
2022-06-27T03:17:06.925Z - log: [Scene] 00 -1 0
2022-06-27T03:17:06.925Z - log: [Scene] 00 -1 0
2022-06-27T03:17:06.925Z - log: [Scene] 00 -1 0
2022-06-27T03:17:06.925Z - log: [Scene] 00 -1 0
2022-06-27T03:17:06.925Z - log: [Scene] 00 -1 0
2022-06-27T03:17:06.925Z - log: [Scene] 00 -1 0
2022-06-27T03:17:06.925Z - log: [Scene] 00 -1 0
2022-06-27T03:17:06.941Z - log: [Scene] 033554432 -1 1022986731
2022-06-27T03:17:06.942Z - log: [Scene] 033554432 -1 1501960509
2022-06-27T03:17:06.943Z - log: [Scene] 033554432 66 1465969592
2022-06-27T03:17:06.943Z - log: [Scene] 033554432 66 2259709949
2022-06-27T03:17:43.730Z - log: [Scene] 033554432 -1 1501960509
2022-06-27T03:17:43.730Z - log: [Scene] 033554432 -1 1022986731
2022-06-27T03:17:43.730Z - log: [Scene] 00 -1 0
2022-06-27T03:17:43.730Z - log: [Scene] 00 -1 0
2022-06-27T03:17:43.731Z - log: [Scene] 00 -1 0
2022-06-27T03:17:43.731Z - log: [Scene] 00 -1 0
2022-06-27T03:17:43.731Z - log: [Scene] 033554432 66 1465969592
2022-06-27T03:17:43.731Z - log: [Scene] 033554432 66 2259709949
2022-06-27T03:17:43.732Z - log: [Scene] 00 -1 0
2022-06-27T03:17:43.733Z - log: [Scene] 00 -1 0
2022-06-27T03:17:43.733Z - log: [Scene] 00 -1 0
2022-06-27T03:17:43.733Z - log: [Scene] 00 -1 0
2022-06-27T03:17:43.733Z - log: [Scene] 00 -1 0
2022-06-27T03:17:43.733Z - log: [Scene] 00 -1 0
2022-06-27T03:17:43.733Z - log: [Scene] 00 -1 0
2022-06-27T03:17:43.733Z - log: [Scene] 00 -1 0
2022-06-27T03:17:43.747Z - log: [Scene] 033554432 -1 1200137607
2022-06-27T03:17:43.748Z - log: [Scene] 033554432 -1 1755846702
2022-06-27T03:17:43.750Z - log: [Scene] 033554432 66 1075268968
2022-06-27T03:17:43.750Z - log: [Scene] 033554432 66 258989552
2022-06-27T03:20:58.299Z - warn: Metrics: no valid info
