2022-06-23T06:18:31.549Z - log: [Package] menu@1.0.0 enable
2022-06-23T06:18:31.551Z - log: [Package] profile@1.0.0 enable
2022-06-23T06:18:31.565Z - log: [Package] project@1.0.2 enable
2022-06-23T06:18:31.572Z - log: [Package] messages@1.0.0 enable
2022-06-23T06:18:31.577Z - log: [Package] program@1.0.0 enable
2022-06-23T06:18:31.587Z - log: [Package] tester@1.0.0 enable
2022-06-23T06:18:31.594Z - log: [Package] preferences@1.0.0 enable
2022-06-23T06:18:32.503Z - log: Setup mods mgr.: 445.331ms
2022-06-23T06:18:32.519Z - verbose: [Engine] QuickCompile engine (840ms)
2022-06-23T06:18:32.522Z - log: [Package] engine@1.0.6 enable
2022-06-23T06:18:33.614Z - log: [Package] programming@1.0.0 enable
2022-06-23T06:18:33.903Z - log: [Package] device@1.0.1 enable
2022-06-23T06:18:33.934Z - log: [Package] ui-kit@1.0.1 enable
2022-06-23T06:18:33.963Z - log: [Package] engine-extends@1.0.0 enable
2022-06-23T06:18:34.053Z - log: [Package] asset-db@1.0.0 enable
2022-06-23T06:18:34.154Z - log: [Package] scene@1.0.0 enable
2022-06-23T06:18:34.427Z - log: [Package] server@1.0.0 enable
2022-06-23T06:18:34.427Z - warn: Server: Port 7456 is occupied
2022-06-23T06:18:34.508Z - log: [Package] utils@1.0.0 enable
2022-06-23T06:18:40.077Z - log: [Package] preview@1.0.1 enable
2022-06-23T06:18:40.110Z - log: [Package] animator@1.0.0 enable
2022-06-23T06:18:40.315Z - log: 设置的 IP 地址不存在，将使用默认 IP
2022-06-23T06:18:41.659Z - log: Profile changed: builder (log.level: 4)
2022-06-23T06:18:41.673Z - log: [Package] builder@1.3.2 enable
2022-06-23T06:18:41.711Z - log: [Package] shortcuts@1.0.1 enable
2022-06-23T06:18:41.748Z - log: [Package] animation-graph@1.0.0 enable
2022-06-23T06:18:41.776Z - log: [Package] runtime-dev-tools@1.0.0 enable
2022-06-23T06:18:41.808Z - log: [Package] channel-upload-tools@1.0.0 enable
2022-06-23T06:18:41.858Z - log: [Package] about@1.0.0 enable
2022-06-23T06:18:41.903Z - log: [Package] assets@1.0.0 enable
2022-06-23T06:18:41.942Z - log: [Package] console@1.0.0 enable
2022-06-23T06:18:42.316Z - log: [Package] extension@3.0.16 enable
2022-06-23T06:18:42.419Z - log: [Package] hierarchy@1.0.0 enable
2022-06-23T06:18:42.517Z - log: [Package] inspector@1.0.0 enable
2022-06-23T06:18:42.556Z - log: [Package] lightmap@1.0.4 enable
2022-06-23T06:18:42.599Z - log: [Package] node-library@1.0.1 enable
2022-06-23T06:18:42.629Z - log: [Package] package-asset@1.0.0 enable
2022-06-23T06:18:42.666Z - log: [Package] process@1.0.0 enable
2022-06-23T06:18:42.711Z - log: [Package] reference-image@1.0.0 enable
2022-06-23T06:18:42.779Z - log: [Package] alipay-mini-game@1.0.0 enable
2022-06-23T06:18:42.844Z - log: [Package] android@1.0.0 enable
2022-06-23T06:18:42.879Z - log: [Package] baidu-mini-game@1.0.0 enable
2022-06-23T06:18:42.908Z - log: [Package] bytedance-mini-game@1.0.1 enable
2022-06-23T06:18:42.936Z - log: [Package] cocos-play@1.0.0 enable
2022-06-23T06:18:42.968Z - log: [Package] huawei-agc@1.0.0 enable
2022-06-23T06:18:42.997Z - log: [Package] huawei-quick-game@1.0.0 enable
2022-06-23T06:18:45.016Z - log: [Package] ios@1.0.0 enable
2022-06-23T06:18:45.102Z - log: [Package] ios-app-clip@1.0.0 enable
2022-06-23T06:18:45.132Z - log: [Package] link-sure@1.0.0 enable
2022-06-23T06:18:45.160Z - log: [Package] linux@1.0.0 enable
2022-06-23T06:18:45.187Z - log: [Package] mac@1.0.0 enable
2022-06-23T06:18:45.438Z - log: [Package] native@1.0.0 enable
2022-06-23T06:18:45.464Z - log: [Package] ohos@1.0.0 enable
2022-06-23T06:18:45.490Z - log: [Package] open-harmonyos@1.0.0 enable
2022-06-23T06:18:45.524Z - log: [Package] oppo-mini-game@1.0.0 enable
2022-06-23T06:18:45.557Z - log: [Package] qtt@1.0.0 enable
2022-06-23T06:18:45.593Z - log: [Package] vivo-mini-game@1.0.0 enable
2022-06-23T06:18:45.646Z - log: [Package] web-desktop@1.0.0 enable
2022-06-23T06:18:45.734Z - log: [Package] web-mobile@1.0.0 enable
2022-06-23T06:18:45.783Z - verbose: [AssetDB] Require engine code (4316ms)
2022-06-23T06:18:45.840Z - log: [Package] wechatgame@1.0.1 enable
2022-06-23T06:18:45.909Z - log: [Package] windows@1.0.0 enable
2022-06-23T06:18:45.943Z - log: [Package] xiaomi-quick-game@1.0.0 enable
2022-06-23T06:18:46.372Z - log: [Package] cocos-service@3.0.3 enable
2022-06-23T06:18:46.450Z - log: [Package] importer@1.0.0 enable
2022-06-23T06:18:47.082Z - log: [Im-plugin] Check im-plugin version.
2022-06-23T06:18:47.182Z - log: [Package] im-plugin@3.0.8 enable
2022-06-23T06:18:48.805Z - log: 设置的 IP 地址不存在，将使用默认 IP
2022-06-23T06:18:49.131Z - log: [Im-plugin] No online info of im-plugin.
2022-06-23T06:19:02.823Z - verbose: [Scene] Require engine code (1ms)
2022-06-23T06:19:02.824Z - verbose: [Scene] Startup engine (1ms)
2022-06-23T06:19:02.892Z - log: [Scene] Cocos Creator v3.5.2
2022-06-23T06:19:03.545Z - verbose: [Scene] Open engine (720ms)
2022-06-23T06:19:03.545Z - verbose: [Scene] Configure engine (0ms)
2022-06-23T06:19:03.105Z - info: [Scene] Forward render pipeline initialized.
2022-06-23T06:22:00.625Z - log: [Scene] No need to specify the "type" of "FollowCamera.lookAtOffset" because cc.Vec3 is a child class of ValueType.
2022-06-23T06:22:23.173Z - log: [Scene] No need to specify the "type" of "FollowCamera.lookAtOffset" because cc.Vec3 is a child class of ValueType.
2022-06-23T06:22:25.279Z - log: [Scene] No need to specify the "type" of "FollowCamera.lookAtOffset" because cc.Vec3 is a child class of ValueType.
2022-06-23T06:22:35.818Z - log: [Scene] No need to specify the "type" of "FollowCamera.lookAtOffset" because cc.Vec3 is a child class of ValueType.
2022-06-23T06:27:36.039Z - log: [Scene] No need to specify the "type" of "FollowCamera.lookAtOffset" because cc.Vec3 is a child class of ValueType.
2022-06-23T06:27:43.026Z - log: [Scene] No need to specify the "type" of "FollowCamera.lookAtOffset" because cc.Vec3 is a child class of ValueType.
2022-06-23T06:29:27.145Z - log: 设置的 IP 地址不存在，将使用默认 IP
2022-06-23T06:29:30.531Z - verbose: [Scene] Require engine code (1ms)
2022-06-23T06:29:30.536Z - verbose: [Scene] Startup engine (1ms)
2022-06-23T06:29:30.574Z - log: [Scene] Cocos Creator v3.5.2
2022-06-23T06:29:30.681Z - log: [Scene] No need to specify the "type" of "FollowCamera.lookAtOffset" because cc.Vec3 is a child class of ValueType.
2022-06-23T06:29:30.950Z - verbose: [Scene] Open engine (413ms)
2022-06-23T06:29:30.950Z - verbose: [Scene] Configure engine (1ms)
2022-06-23T06:29:30.694Z - info: [Scene] Forward render pipeline initialized.
2022-06-23T06:38:19.871Z - log: [Scene] No need to specify the "type" of "FollowCamera.lookAtOffset" because cc.Vec3 is a child class of ValueType.
2022-06-23T06:38:21.606Z - log: [Scene] No need to specify the "type" of "FollowCamera.lookAtOffset" because cc.Vec3 is a child class of ValueType.
2022-06-23T06:38:23.787Z - warn: Metrics: no valid info
